Shoreburn Starryhill Ostwynne Southpine Orfort Bluedale Bluewyn Bluelake Esterash Violetfay Silverlea Esterfall Wellmage Flowermill Redwell Erilyn Blackbush Clearnesse Courtcastle Roseacre Courtedge Icecoast Icenesse Bluedell Lightmere Snowsage Wellbank Fairsage Woodice Westmill Freymere Northwynne Ironriver Westvale Iceelf Lochmage Irondeer Corhill Stoneglass Brightrock Highmont Brightmere Wildemarsh Orbarrow Wellwick Oldmoor Wooddell Courtwall Flowerfield Wolflea Mistshore Janholt Springfox Foxhaven Shoreburn
49
Shoreburn Shoreburn
Starryhill Starryhill
Ostwynne Ostwynne
Southpine Southpine
Orfort Oakmere Orfort
Bluedale Bluedale
Bluewyn Morwald Westerlight Bluewyn
Bluelake Morwall Southwheat Redlake Bluelake
Esterash Esterash Butterway
Violetfay Violetfay Applecastle
Silverlea Silverlea
Esterfall Esterfall Foxvale Rosegate
Wellmage Wellmage
Flowermill Flowermill
Redwell Newley Redwell
Erilyn Erilyn
Blackbush Blackbush Fieldedge
Clearnesse Clearnesse
Courtcastle Courtcastle Silverbarrow
Courtedge Coldville Courtedge
Icenesse Icenesse
Bluedell Corbank Greenshore Bluedell
Lightmere Lightmere Goldcrest
Snowsage Goldwyvern Greyice Summermage Snowsage
Wellbank Valhaven Snowshore Wellbank
Fairsage Fairsage Strongfall
Woodice Woodice Eastcastle Mallowness Mallowway Northriver
Westmill Westmill Silverwitch
Freymere Buttermead Freymere Fairice
Northwynne Northwynne
Ironriver Ironriver Ironshore Mallowbridge
Westvale Westvale
Lochmage Lochmage Butterhill
Irondeer Newby Freyview Irondeer Deephedge
Stoneglass Stoneglass Newmill Seamoor
Brightrock Stonefair Brightrock
Highmont Greensummer Highmont
Brightmere Brightmere
Wildemarsh Wildemarsh Fogland
Orbarrow Butterbush Orbarrow
Oldmoor Oldmoor Verthedge Windbridge
Wooddell Wooddell
Courtwall Courtwall Clearland
Flowerfield Bushgate Rosemill Flowerfield
Wolflea Eriwall Wolflea
Mistshore Dellwyn Mistshore
Janholt Marbleiron Janholt
Springfox Violetley Springfox
Foxhaven Foxhaven
