Brightmere Westmill Snowshore Woodice Irondeer Clearland Erilyn Westerlight Corbank Courtwall Violetley Wolflea Clearnesse Wildemarsh Newley Freyview Southwheat Westvale Ironshore Lightmere Courtcastle Brightmere
21
Brightmere Brightmere
Westmill Butterbush Westmill
Snowshore Snowshore
Woodice Morwald Woodice Eriwall
Irondeer Irondeer
Clearland Morwall Clearland Fairsage
Erilyn Newby Stoneglass Erilyn
Westerlight Valhaven Westerlight
Corbank Goldwyvern Corbank Wellmage Greenshore
Courtwall Courtwall Oldmoor Rosemill Greyice
Violetley Violetley Shoreburn
Wolflea Bushgate Wolflea
Clearnesse Clearnesse Dellwyn Stonefair
Wildemarsh Marbleiron Wildemarsh
Newley Buttermead Esterash Newley
Freyview Foxvale Foxhaven Freyview Bluedell
Southwheat Oakmere Southwheat
Westvale Ironriver Westvale Lochmage
Ironshore Ironshore
Lightmere Esterfall Lightmere
Courtcastle Courtcastle Eastcastle
