Clearnesse Freyview Marbleiron Foxvale Woodice Corbank Ironriver Goldwyvern Esterfall Courtwall Valhaven Courtcastle Westvale Violetley Eriwall Oldmoor Newby Butterbush Morwald Foxhaven Snowshore Clearnesse
20
Clearnesse Clearnesse Ironshore
Freyview Freyview
Marbleiron Marbleiron
Foxvale Foxvale
Woodice Woodice
Corbank Corbank
Ironriver Ironriver
Goldwyvern Goldwyvern
Esterfall Esterfall
Courtwall Courtwall
Valhaven Valhaven
Courtcastle Courtcastle
Westvale Westvale
Violetley Violetley
Eriwall Eriwall
Oldmoor Oldmoor
Newby Buttermead Newby
Butterbush Morwall Oakmere Butterbush
Morwald Morwald
Foxhaven Foxhaven Dellwyn
