129 99 145 32 181 32 145 99 31 88 31 109 167 69 167 58 170 101 170 121 192 72 43 25 4 157 110 154 110 10 118 96 11 95 183 80 183 182 21 72 79 163 119 64 173 108 160 200 170 99 129
30
145 49 82 145
32 187
181 106 142 169 178 181
31 31
88 1 88 115 127
109 34 85 109 184
167 130
69 61 91
58 58
170 73 136
101 52 97 148
121 121
192 103 175
43 19 43
25 16 25 46
4 4 55
157 157
154 37 154 193 196
10 10 22 28 100
118 13 76 118 124 133 139 166
96 7 70
95 172
182 190
21 67 151
79 79 112
163 163
119 94
64 64
173 40
160 160
