FacultyClub IRLE BerkeleyLawLibrary MartinezCommons UniversityHouse OptometryLibrary AndersenAuditorium Stephens Underhill MelvinLaboratory Koshland OBrien StowPlaza Birge AnthropologyLibrary Bowles Hilgard MediaCenter BancroftDance McCone Unit3 Pimentel Etcheverry MLK CITRIS DonnerLaboratory SutardjaDai TAAP Warren FacultyClub
24
FacultyClub FacultyClub EarthquakeLibrary Durham
IRLE Wheeler Cheit IRLE
MartinezCommons Investigative MartinezCommons
UniversityHouse SproulPlaza UniversityHouse
OptometryLibrary Library OptometryLibrary
AndersenAuditorium AndersenAuditorium
Stephens Morrison Stephens
MelvinLaboratory MelvinLaboratory
Koshland Koshland
OBrien OBrien Spieker EarthLibrary
StowPlaza CareerCenter StowPlaza
Birge FPF Birge
AnthropologyLibrary AnthropologyLibrary Sproul
Hilgard BioscienceLibrary Hilgard
MediaCenter MediaCenter
BancroftDance LawrenceofScience BancroftDance ArtHistoryLibrary NewspapersLibrary
McCone Mulford EnergyBuilding InternationalHouse
Unit3 HearstGym Manville Unit3
Pimentel Pimentel Jacobs
Etcheverry Etcheverry BrainImagingCenter
CITRIS CITRIS
DonnerLaboratory SpringerGateway DonnerLaboratory
SutardjaDai SutardjaDai StudentUnion
Warren PacificFilmArchive Warren
