FacultyClub EarthquakeLibrary Morrison Zellerbach BanwayBuilding BerkeleyLawLibrary ClarkKerrCampus Mulford Spieker Koshland MLK Moses BrainImagingCenter Bechtel AquaticCenter HearstFieldAnnex ArtHistoryLibrary Unit3 BerkeleyWayWest SEAsianLibrary FoundersRock SharedServices Wellman LiKaShingCenter Wheeler CareerCenter EnergyBuilding Stephens LeConte IRLE BioscienceLibrary Jacobs HearstFountain UniversityHouse Cheit VisualCenter SimpsonCenter FoxCottage Davis InternationalHouse StudentUnion LawrenceofScience EthnicLibrary Senior MusicLibrary MelvinLaboratory Investigative Hesse InnovationStudio MediaCenter DonnerLaboratory Hilgard HaasPavilion Underhill NorthGate Pimentel EastAsianLibrary HealthServices Manville SutardjaDai BancroftLibrary Library FacultyClub
53
FacultyClub FacultyClub
EarthquakeLibrary EarthquakeLibrary
Morrison Morrison
BanwayBuilding Sproul BanwayBuilding
BerkeleyLawLibrary CITRIS BerkeleyLawLibrary
Mulford Mulford BancroftDance Giauque Hildebrand
Spieker Spieker
Koshland Koshland MathLibrary
MLK MLK
BrainImagingCenter BrainImagingCenter WooHonFai SocialLibrary
Bechtel Bechtel
AquaticCenter MSRI AquaticCenter Bowles
HearstFieldAnnex NewspapersLibrary HearstFieldAnnex McCone
ArtHistoryLibrary Durham ArtHistoryLibrary AlumniHouse LawSchool Boalt
Unit3 Unit3
BerkeleyWayWest BerkeleyWayWest LatinAmerican
SEAsianLibrary SEAsianLibrary
FoundersRock Warren EngineeringLibrary Durant FoundersRock
Wellman Wellman
Wheeler Wheeler
CareerCenter CareerCenter Soda
EnergyBuilding EnergyBuilding IdaHouse
Stephens OBrien Stephens Birge
LeConte LeConte
IRLE IRLE SpringerGateway Campbell
BioscienceLibrary BioscienceLibrary
Jacobs Jacobs OptometryLibrary
HearstFountain HearstFountain VLSB Stanley
UniversityHouse UniversityHouse CesarChavez
Cheit PacificFilmArchive Cheit StowPlaza MartinezCommons
VisualCenter AndersenAuditorium VisualCenter
SimpsonCenter SimpsonCenter MaxwellField Latimer
FoxCottage FoxCottage
Davis Davis
InternationalHouse InternationalHouse HearstGreekTheatre
StudentUnion StudentUnion AnthropologyLibrary
LawrenceofScience SproulPlaza LawrenceofScience
EthnicLibrary EthnicLibrary
Senior Senior
MelvinLaboratory MelvinLaboratory
Investigative Investigative
MediaCenter MediaCenter UpperHearstParking
DonnerLaboratory DonnerLaboratory
Hilgard Hilgard
Underhill Etcheverry Underhill
NorthGate EarthLibrary NorthGate
Pimentel Pimentel HearstGym
EastAsianLibrary PhysicsLibrary Evans EastAsianLibrary
HealthServices HealthServices
Manville Manville TAAP
SutardjaDai SutardjaDai
BancroftLibrary BancroftLibrary
Library Library FPF
