0 20 9 20 164 60 148 88 47 135 44 36 8 33 170 171 180 165 114 72 48 174 119 77 162 2 181 42 90 6 35 49 172 145 141 197 123 154 96 134 188 161 76 46 108 133 131 15 65 104 173 99 112 120 61 38 82 67 18 73 149 98 97 199 0
55
0 169
9 17 52 56
60 60 155 168
148 148
88 88
47 47
135 135
44 44 80
8 8 83 132
33 33
170 170
171 171
180 180
114 58 114 140
48 48
174 136 174
119 119 143 195
77 77
162 64 113 162 167
181 181
42 32 42 105
90 90
35 35 74 153
49 49 93 103 106 175 178
172 158 172
145 51 145
141 25 141
197 197
123 123
154 92 154
96 91 96
134 117 134
188 188
161 161
76 76
46 46
133 3 13 26 133
131 131
15 15 55 177
65 65 102
104 94
173 173
99 87 99
112 112
120 120
61 19
38 38 85
82 75 82 124 191
67 67
18 18 139
73 71 73
149 149
98 69
97 97
199 199
