1 65 35 121 89 48 61 188 61 131 56 131 61 2 164 94 52 166 45 166 105 136 68 69 13 66 90 63 22 87 27 36 150 31 66 13 23 107 128 53 95 42 95 53 128 47 187 198 114 18 92 100 92 97 24 37 60 161 58 79 141 12 34 88 44 59 33 59 149 78 3 105 15 177 4 25 77 49 67 135 39 179 177 15 1
58
1 7
65 54 65 75
35 35 57
89 14 89
48 48
61 38 61 93
56 56
2 2
164 50 86
94 11 94
52 52 82
166 16 46 98
45 20 45
68 68
69 30 69
13 5 8 13
66 43 66 70
90 90 91
63 63
22 22
87 32 87
27 27
36 36
31 31
23 23 73
53 6 21 53 55
95 95
42 42 64
47 47
114 26
18 18 96
92 28 62 84 92
100 100
97 97
24 24
37 37
60 60
161 17 19
58 58
79 76 79
12 12 51
34 34
88 88
44 40 44
59 59
33 29 33 85
149 10 74 99
78 78
3 3
15 15
177 9
4 4 81
25 25
77 77
49 49
67 41 67 72 80 83
39 39 71
179 101
