159 77 190 77 140 14 56 93 65 165 184 76 149 23 181 100 199 100 33 5 102 158 74 129 41 20 24 193 53 137 101 137 127 146 127 109 180 193 8 167 15 71 136 49 46 142 141 36 17 133 173 152 172 119 86 129 55 42 170 79 32 189 107 134 107 44 83 108 38 108 75 33 5 177 111 177 64 156 81 156 31 114 197 106 13 63 121 166 27 173 133 171 69 155 69 138 81 164 159
65
159 22
77 77
190 190
140 140
14 14 97
56 96
93 2 93 154
65 26 51 65 98
165 165
76 76
149 4
23 21
181 181
100 100 139
199 199
102 82 102 123
158 99 116 158
74 74 185
41 41 47 148
20 87
24 24
193 193
53 53
137 85 137
101 40 45 72 101 132
127 61
146 146
109 109
180 122 180
8 178
167 167
15 15
71 71 157
46 46 192 200
141 48
36 36
17 17
133 133
172 126 172
119 191
86 86
79 3 79
32 32
189 7 59
107 107
134 120 134
44 60 88
38 38
75 37
177 174
111 34 111 128
64 64
156 52 156
81 11 28
31 31
114 35 114
106 106
13 13
63 63
121 121
27 145 169
171 10
155 155
138 138
164 6 43
