Home141 Home109 Home20 Home149 Home88 Home11 Home49 Home11 Home88 Home154 Home29 Home48 Home100 Home170 Home101 Home87 Home101 Home170 Home79 Home170 Home101 Home66 Home91 Home115 Home120 Home25 Home174 Home53 Home174 Home34 Home174 Home86 Home5 Home86 Home174 Home53 Home164 Home130 Home134 Home62 Home134 Home2 Home26 Home82 Home145 Home171 Home145 Home82 Home24 Home127 Home7 Home36 Home150 Home28 Home73 Home28 Home1 Home28 Home35 Home6 Home35 Home28 Home3 Home30 Home51 Home30 Home96 Home29 Home154 Home32 Home42 Home46 Home85 Home14 Home93 Home157 Home109 Home141
47
Home141 Home15
Home20 Home20 Home31 Home126 Home172
Home149 Home149
Home88 Home88
Home11 Home11
Home49 Home47 Home136
Home154 Home154
Home29 Home13 Home37
Home48 Home48
Home100 Home43 Home45 Home67 Home100
Home170 Home165 Home170
Home101 Home4
Home87 Home87 Home135
Home79 Home110
Home66 Home66 Home105
Home91 Home91
Home115 Home112
Home120 Home69 Home120
Home25 Home16 Home25 Home74 Home81
Home53 Home53
Home34 Home34 Home111 Home173 Home176
Home86 Home86
Home5 Home5 Home63 Home124 Home144 Home167
Home164 Home164
Home134 Home27 Home134
Home62 Home62 Home152
Home2 Home97 Home131 Home132
Home26 Home26 Home75
Home82 Home82 Home122 Home143 Home177
Home145 Home83
Home171 Home171
Home127 Home127
Home7 Home7
Home36 Home36 Home103
Home150 Home76
Home28 Home64
Home73 Home55 Home106 Home114 Home161
Home1 Home1
Home35 Home35
Home6 Home128 Home156
Home3 Home3 Home89
Home51 Home51 Home147
Home96 Home44 Home96
Home32 Home32 Home125
Home42 Home60
Home14 Home50
Home157 Home92 Home157
