K AL CK AN CK AG BV BB T H AA BG DK C FE CA Z BI AC BK BN BE G BT CI AO CB Y BH L AM AF AK D BO CN AY CQ BA AQ BP F AJ CC DK R CU GE U CT AV CS CE CP B BM BX K
54
K K CG
AL AL AX
CK CK CV
AN AN
AG AG CO
BV A BV
BB I W AH BB
T T
H H AZ BL
AA AA
BG BG
DK BY
C C AI
CA AE BC CA
Z Z CL
BI BI
AC O AC BS
BK S AR BK CD
BN Q BD BN
BE V AT AW BE
G G
BT M BT
CI CI
AO AO CJ
CB CB
Y P Y
BH BH
L L
AM AM
AF J AF CR
AK AK
D D
BO BO
CN X CF CN
AY E AY
CQ CQ
BA AB BA BJ
AQ AQ
BP BP
F F AS AU
AJ AJ
CC BF BU CC
R R
CU N AP CM CU
GE BR CH
U U
CT CT
AV AV
CS BQ CS
CE CE
CP BW BZ CP
B B
BM BM
BX AD BX
