lllIl1I I11111l lI1Ill1 lI1l111 1I1l1Il 1111I11 II11l1l lIl111I l1IllI1 I11I111 11lI11I IlI1II1 lI11III I111I1I l1l1l1l I11I11l Ill11II 1I1lllI 1lIl11I 11IIII1 lllIl1I
19
I11111l I11111l
lI1Ill1 11111lI
lI1l111 lI1l111 l1lllll 1I11Ill 1l1lIlI
1I1l1Il 1I1l1Il
1111I11 1I1I1l1 llI1lII l1l11l1 111lI1I
II11l1l II11l1l lIIl11l IIl1l1I lIIlII1
lIl111I lIllIll lIl111I
l1IllI1 l1IIl1l l1lll11 I1ll1II 1IlIl1I 1llI111 l1IllI1 IlI1Il1 I1llII1 l1Ill11 lll1I1l III1llI
I11I111 ll111ll I11I111
11lI11I 11lI11I 1l11lII lII111l
IlI1II1 IlI1II1 II1Il1I Ill1I11 III111I 1I1I1lI
lI11III Il1Il1I IIlIllI lI11III
I111I1I I111I1I
l1l1l1l llIIII1
I11I11l I11I11l
Ill11II Ill11II I1llll1
1I1lllI 1I1lllI
1lIl11I 1lIl11I l1I111I
11IIII1 11IIII1
