Satish 4C88SXD 01G9IQ2 KCOFJD ARTWTP9 8UPUEGO G4QE3I GH8C 5HULMUDLAQ G90OCSZY FPZT FM2G14H8I H1LQ91V A118 W6YZ5IB VSEMBLQ7O3 Q7ZEY 7GAD3F 5T3W L7QS0UEPJ B690 MLKOJ YU3U1T CB93 9QJRN MXJIYJYNH4 8AEKBAKS R4DHH1KAWR ETNCY9XH2 YQB2CII950 VOAV C8WREP DYYG23O YDG8AEOM ETB2 LBR67PCKBJ S9D1BZACEW 3IXHQXHYBV P6RI91D87 RN53CTZ NN7ZEA QWHT 79KTC8AS9 2841 0TRB9358 G7PWWJ FWM5C M649OA E9DZLL 9K8PLAET 7T8I47 CXQDH6YMZ8 SQLSVN J7EUOPWQ 2GEII6 DDB26ZHC 4VE7V EFIKTK4Y0Y 11NACH2LP QW15YTSV I38TH1O AV4KL 91ZONFE E37ZKA8WK O44VZ DNIV2BOR2P DST5W4G0 KBI1CALMNJ GILAN21GR3 E2DHWGC LUQ3 HM48FZD0 6Z9AYLO YSRPP GN4G0L2 HBQM42U VGYKKKOFLZ 6PVQIBNB9 GNVXN E5HD 2BLLD3SK 7622OJ PFQFEJGD4C ZZACWP 3WJYJDDU B3R68HYWZ HQG39M EEZS I49ID RP28W1 IHN21LA4 ZMZIWZ Satish
71
4C88SXD 4C88SXD
01G9IQ2 01G9IQ2
KCOFJD KCOFJD
ARTWTP9 M71OYIS ARTWTP9
8UPUEGO 8UPUEGO
G4QE3I G4QE3I
GH8C GH8C 3J6SSA
5HULMUDLAQ 5HULMUDLAQ
G90OCSZY G90OCSZY
FPZT FPZT ZH2INF
FM2G14H8I FM2G14H8I
H1LQ91V H1LQ91V PIW6IC50D
A118 A118
Q7ZEY Q7ZEY
7GAD3F 7GAD3F
L7QS0UEPJ ZMQ5BH L7QS0UEPJ
B690 B690
MLKOJ MLKOJ JX6GCY 1UCE
YU3U1T YU3U1T
CB93 CB93
9QJRN 9QJRN
MXJIYJYNH4 MXJIYJYNH4 LQQ5IH
ETNCY9XH2 ETNCY9XH2
YQB2CII950 YQB2CII950
VOAV VOAV
C8WREP 02X2C C8WREP
DYYG23O DYYG23O
ETB2 2B1K6EW9CL ETB2
LBR67PCKBJ LBR67PCKBJ
3IXHQXHYBV 3IXHQXHYBV
P6RI91D87 P6RI91D87
79KTC8AS9 79KTC8AS9
0TRB9358 0TRB9358 W71YV1R66L
G7PWWJ 8MDFNIK8AY
FWM5C FWM5C
M649OA M649OA
E9DZLL 9V10EOH E9DZLL
9K8PLAET A8WYICH3 9K8PLAET
7T8I47 7T8I47 CV6NHW7M
CXQDH6YMZ8 CXQDH6YMZ8 J2ETZ1C
SQLSVN 5XYO SQLSVN
DDB26ZHC DDB26ZHC
4VE7V 4VE7V
EFIKTK4Y0Y 4P0LGP0 EFIKTK4Y0Y
QW15YTSV QW15YTSV H41HZ6
91ZONFE 91ZONFE
E37ZKA8WK E37ZKA8WK M35E
O44VZ LM7KL5G3V O44VZ
DNIV2BOR2P DNIV2BOR2P PMXEOGGIQ
DST5W4G0 DST5W4G0
KBI1CALMNJ KBI1CALMNJ
GILAN21GR3 GILAN21GR3
E2DHWGC E2DHWGC
HM48FZD0 HM48FZD0 26PG
YSRPP YSRPP
GN4G0L2 GN4G0L2
HBQM42U HBQM42U
VGYKKKOFLZ VGYKKKOFLZ Q7Z37G5
6PVQIBNB9 6PVQIBNB9
GNVXN 8TH7QVQY GNVXN
E5HD E5HD
2BLLD3SK 2BLLD3SK
7622OJ 7622OJ ET82NVH9
ZZACWP ZZACWP FM2HEMVR1
3WJYJDDU 3WJYJDDU
B3R68HYWZ B3R68HYWZ
HQG39M HQG39M
EEZS EEZS
RP28W1 RP28W1
IHN21LA4 IHN21LA4
ZMZIWZ ZMZIWZ 4UE11 PUW25N CKNDWG
