Satish KRM4B 92R432 YXBMACC 9XFF FS1RWBVR7 WZ1MC3189 ICTGXV VFRT26 PTL1QU OXWYDF BBFYA9B UVP4WIKK 399VM5PU6 NSBI Z6H98 R6VBAVZ0B PTWCQ ZY9VPYMXA PZMGYZL Satish
20
Satish PYD9SISJI
KRM4B KRM4B
92R432 92R432
YXBMACC 1BZLEM YXBMACC ZRYV5F
9XFF 9XFF
FS1RWBVR7 FS1RWBVR7
WZ1MC3189 KSHB2KG WZ1MC3189
ICTGXV ICTGXV
VFRT26 VFRT26
PTL1QU PTL1QU
OXWYDF OXWYDF
BBFYA9B BBFYA9B
UVP4WIKK UVP4WIKK
399VM5PU6 399VM5PU6
NSBI NSBI
Z6H98 Z6H98 ER2YSPML1C
R6VBAVZ0B R6VBAVZ0B
PTWCQ 4INC2D8SDN PTWCQ
ZY9VPYMXA ZY9VPYMXA
PZMGYZL PZMGYZL
