Satish CXLQGGJ746 PQ09CSX IZBGG78J IEOT36K F3YJ 0I7Y V4R09 IEOT36K 5HGKBK AO31B76 SKLZM 30N0P F1G8HC 6WSDW VNYZ5QVO77 UQKXJVX 2FB0FS3KWX OJ27JN021 I2FNEL5 LP5SPDN JSSS9HX U0LMCHUU 59E13RE 7CRTCJA EG23K O9SQOADVF FPB1OLF3 ITHI7K6W1B FPB1OLF3 EHS8A QAL7Z5UN RX6VI 19LN K936 B0H9VDIK 07XQDCJI N26J6EU AETBJC R2POU4T V7T5SI ZL6OIISZ2 QU5Y0N2LQ Z7O3VM2U04 Satish
32
CXLQGGJ746 CXLQGGJ746 M6CD1Y
PQ09CSX PQ09CSX
F3YJ F3YJ
0I7Y 0I7Y
V4R09 V4R09
5HGKBK JOBN3N 5HGKBK QJ0LM8
AO31B76 AO31B76
SKLZM SKLZM
F1G8HC PL0UHK F1G8HC
6WSDW 6WSDW
VNYZ5QVO77 VNYZ5QVO77
2FB0FS3KWX 2FB0FS3KWX
OJ27JN021 OJ27JN021
JSSS9HX JSSS9HX
U0LMCHUU U0LMCHUU
59E13RE 6HNG 59E13RE
7CRTCJA 7CRTCJA O2N6HBZK8
EG23K QL51A0KUT EG23K
FPB1OLF3 FPB1OLF3
ITHI7K6W1B ITHI7K6W1B
EHS8A EHS8A
QAL7Z5UN QAL7Z5UN
RX6VI RX6VI SUC1CH
19LN S657MFMG 19LN
K936 K936
B0H9VDIK B0H9VDIK IEYK8 IQXEPH9QO 5N65HLXKU
07XQDCJI 07XQDCJI QHH48VD7JJ
N26J6EU N26J6EU
AETBJC WQM0D4 AETBJC
R2POU4T R2POU4T
V7T5SI ODSGN281 XGYWBMTWT QEAJAFMPY V7T5SI VNCFO
QU5Y0N2LQ QU5Y0N2LQ
