129 83 9 161 80 84 3 4 141 103 12 108 114 94 140 196 25 59 95 185 175 71 194 71 99 157 105 100 85 56 163 26 178 43 21 64 190 177 65 0 82 121 8 49 97 96 87 40 5 149 159 49 152 14 10 111 30 4 89 153 129 44 116 47 183 131 129
50
83 36 92 130 137
9 9
161 161
84 84 101
4 4 11 81 197
141 50 158
103 103
108 108 125
114 114
140 151
196 196
25 25 180
59 59
95 95
175 175
71 156
194 194
99 99
157 29 157 195
105 98 105 109 192
100 100 107
85 6 23 51 85
56 56
163 163
26 26 61 126 128
178 39 178
21 21
64 64
190 190
177 177
65 65
0 0 15 16 145 160
82 82
121 121 150 171 189
8 8 17 48 57
49 49 53 123 155
97 91 97 188
96 2 63 76 96 191
87 33 87
40 40 88
5 5 174
152 152
14 14
10 55 110
111 13 142
30 66 122 184
89 89
44 44
47 58 62
183 183
