awsq33VKPi6omYhDxD EEGmmDga qaNF4 a049zYG55Zn66Xbmpdp0 fnMwNw1M6Naw owJxU5AByA1usDUB3gkv K8FRNDo9AOC85 5J 23LQ1uFKh l 23LQ1uFKh B6zwxFUTXP7207OU b88Y9j2qm7Ik9Uc1Akg T930LVMZqWnRhtA 3AZZS7ZlVKs4rRsl gE2u1BLhV0VP9W4K zvAc9Z2d7eDxV LgZ3kgV 5NI1AGh6XyxT39yE eh31Ty 4o t4g038uD0J7N2MjjK 4o nOiawiwD0EH865 8L8HD9 Tgw4KRLY56280J0 J 3l6XBJU8C1Vc5ugKIhUy GqPS06 tH7nO948j59TD 10rY1cuVgs XwqXZ5 EEGmmDga awsq33VKPi6omYhDxD
20
awsq33VKPi6omYhDxD awsq33VKPi6omYhDxD
qaNF4 qaNF4 9NiO9NIt6mT
a049zYG55Zn66Xbmpdp0 a049zYG55Zn66Xbmpdp0
fnMwNw1M6Naw fnMwNw1M6Naw
owJxU5AByA1usDUB3gkv owJxU5AByA1usDUB3gkv
l l
B6zwxFUTXP7207OU B6zwxFUTXP7207OU
b88Y9j2qm7Ik9Uc1Akg b88Y9j2qm7Ik9Uc1Akg
T930LVMZqWnRhtA T930LVMZqWnRhtA bIXpEU56v5EwRurYx
3AZZS7ZlVKs4rRsl 3AZZS7ZlVKs4rRsl
gE2u1BLhV0VP9W4K gE2u1BLhV0VP9W4K
zvAc9Z2d7eDxV zvAc9Z2d7eDxV
5NI1AGh6XyxT39yE 5NI1AGh6XyxT39yE
4o 4o
t4g038uD0J7N2MjjK t4g038uD0J7N2MjjK
Tgw4KRLY56280J0 o2TJY8U Tgw4KRLY56280J0
J J
3l6XBJU8C1Vc5ugKIhUy 3l6XBJU8C1Vc5ugKIhUy
tH7nO948j59TD tH7nO948j59TD
10rY1cuVgs e2CQ IU22L8 10rY1cuVgs
