AyBBdkPvTTt19wqt b817BTo6GdPc96ig2 wUtvmN9V14Vw0fcE01F b817BTo6GdPc96ig2 AyBBdkPvTTt19wqt q 5tQKcAo3 o A6gMJKsUfUSuEI76 67zx6J5N914IyP9GV5 Tk46 DqfU93360y3I66U0 9q06155efQSN M40P0vmSkH961FtFpaR bfYVB7M6I5 T8C17MZ6g69gmQ ymzG1qC7YsJFFmeog 7DmqFE KIOJyBXM922ydZA5 98E9ia5 2qbTYSv3J EL5n1KQ3kn Q2PY P 1MHxxU TByQ7zH089 1MHxxU P GXFdnTo0Mk b6DdFnSk8qdk45 GXFdnTo0Mk JBYT6heC6yE4 GXFdnTo0Mk P 1MHxxU Ja L7Mfs3034VwaB7kd3Z MEv16358FQ Fe5xMwq0a8 2P201UD8Q Nstvw8dF9rhja nOMN589D7t0QjhnBj3wn 5nYY46YfUGovj nOMN589D7t0QjhnBj3wn Nstvw8dF9rhja h5 CDuc4XdY7zp 2l90gxx61rTb0CbF CDuc4XdY7zp Sr IEtn6zEV03H3 6v326555i1Io5Z I6 0Lw86e 1MHxxU P Q2PY EL5n1KQ3kn Ut7hqt9A 2mk9O8P6 6c1qFsEg9xI jxDm QE9dXn5y6j2YYh Ru0A1pKIpZYWG O7W5C8z8H93l x60I798qq0Sq6Xdc9s0 J68F52raS3n1L6ZYK x60I798qq0Sq6Xdc9s0 MjwmiyLlZn thypPB22BchO3Od9 E76twn5gNBei01uh2PkH 2a5Zkf5zd4Va3 O73Lh6 Han188Ox DqfU93360y3I66U0 9q06155efQSN 8kQ991Y80Dy 4B5uWNh7Dl3lRP khC 2Et5UN6ZJ19iz c2m39UUoMb w22P6su70O6jf3FJ 3 9jWI53P36dh95 AyBBdkPvTTt19wqt
55
b817BTo6GdPc96ig2 b817BTo6GdPc96ig2
wUtvmN9V14Vw0fcE01F ywj3aNhyxUH
q 8tvL5MpO9J735t q
5tQKcAo3 2YlhGrefFhV6JLtw
o 7d2Q05crlPi
A6gMJKsUfUSuEI76 A6gMJKsUfUSuEI76
Tk46 Tk46
9q06155efQSN 9q06155efQSN
bfYVB7M6I5 1utCvCS3yEzt0HBbKt
T8C17MZ6g69gmQ FKWv88jkw79me T8C17MZ6g69gmQ
ymzG1qC7YsJFFmeog ymzG1qC7YsJFFmeog
7DmqFE 7DmqFE 36Y155M7F1ZG8
KIOJyBXM922ydZA5 KIOJyBXM922ydZA5
98E9ia5 gv3T5z4 89ukpivGhdck21Krrh40
2qbTYSv3J FR3SCSFtuk055ORI 659Cx
EL5n1KQ3kn MJ2l1N0ojTC
Q2PY RYtkT5 usTG0We6G9WDs7Dk 8Qe2lSUyQa Q2PY
P P
1MHxxU 1wF6 920ucA0jXEv iFF184
TByQ7zH089 TByQ7zH089
b6DdFnSk8qdk45 L46h8MG90TBpA8v9 PELS5 b19692 b6DdFnSk8qdk45 I4640OD 85682ijoufq1DW
JBYT6heC6yE4 JBYT6heC6yE4
Ja hG8udpL53V
L7Mfs3034VwaB7kd3Z L7Mfs3034VwaB7kd3Z
MEv16358FQ aCCE Rf0x16WtfDv MEv16358FQ yd7324WTF
Fe5xMwq0a8 XQxkrBxnI
2P201UD8Q 2P201UD8Q c3x9Cmq8W5oa57mjASv
Nstvw8dF9rhja d Le6BO3R XMV256fk qGr382CkPK997QVHAL
nOMN589D7t0QjhnBj3wn nOMN589D7t0QjhnBj3wn
5nYY46YfUGovj 5nYY46YfUGovj q7Ehaiz
CDuc4XdY7zp TMULg
2l90gxx61rTb0CbF 2l90gxx61rTb0CbF 2T6osNpb4 6qc68848myvIqoZWw
IEtn6zEV03H3 IEtn6zEV03H3 e1M0JsNJ5 d5P0NXv8 r9qUrqog71Fz9gx nw566uv pwvBbQ870l3Io2K
6v326555i1Io5Z 6v326555i1Io5Z
I6 I6 o83v2nI1sQs
0Lw86e dUdv uF131buM7L27
Ut7hqt9A Ut7hqt9A p772t3OLqj
2mk9O8P6 kg8257p31rTQvRWjGF Q P6C89a32 SdP9W8WRSw
6c1qFsEg9xI 6c1qFsEg9xI
jxDm vRH6pA1I75N1 jxDm 4932 QqvW51K9Cm
QE9dXn5y6j2YYh eZEbm
Ru0A1pKIpZYWG 1e90fR0FtB7Ev156y 8w6aRuq
O7W5C8z8H93l O7W5C8z8H93l
J68F52raS3n1L6ZYK J68F52raS3n1L6ZYK
MjwmiyLlZn 68ZC6T1G2o9Q95CKs MjwmiyLlZn
thypPB22BchO3Od9 thypPB22BchO3Od9
E76twn5gNBei01uh2PkH E76twn5gNBei01uh2PkH NU7gnWcAs4nq66FS
O73Lh6 9o4t
Han188Ox EnmWLiDA9NE89oNUTbx Han188Ox
8kQ991Y80Dy v
4B5uWNh7Dl3lRP 4B5uWNh7Dl3lRP
khC khC
2Et5UN6ZJ19iz 2Et5UN6ZJ19iz
3 3 3z4E
9jWI53P36dh95 9jWI53P36dh95 3505
