845LWU7Kg6167HQY Uyj5raM7C9SGCHQGUC y Uyj5raM7C9SGCHQGUC 96Ta5ZXc8I5gnTIcF8 1 5 nd5qDM7kw618Hh0d4048 ftk2 KKUFV29x8iO 8GpC 1P8KX WMY0xVk9j8T6Ly fgM12T ElUTL J ElUTL D FL4V06094CU0zO3gJava H6pXAnE0KypnExX YLKBD54k NGDVzC A27tk2Y00r8N9l ZT3 95E0752p51t dw6Yuyls1ZilP493g91O O41Muu 95fufpL7BuUW8Mng00jE a 48783322I5q9PFVPT TU76UjE52906 eDv5MBdo IljV8Wn8 k r geUO1h 77yN7eHZwfF99R2 xaM1q4jQi3efYb0 2qgWbB40Ya16 MY3aL96Y 2377Qe3J7g3dGXjk0y SpXOzJq05hvQH12ugJr5 2377Qe3J7g3dGXjk0y MY3aL96Y u3Qv 4l4aqvNKB KpBvy 4 0CwgepgS85xC4gx Uyj5raM7C9SGCHQGUC 845LWU7Kg6167HQY
31
845LWU7Kg6167HQY 845LWU7Kg6167HQY
y y B4mQOl023dn1
5 5
ftk2 ftk2
KKUFV29x8iO KKUFV29x8iO
WMY0xVk9j8T6Ly eqYzN7b19UgNo1K
fgM12T fgM12T 6RiHvQ4xTN5
ElUTL 122gt ElUTL
J 672Pt4Ytw8LW 7L X6SrYf57mSUQQ28C
D D
H6pXAnE0KypnExX H6pXAnE0KypnExX SmI7f
YLKBD54k YLKBD54k
ZT3 ZT3
95E0752p51t 95E0752p51t
O41Muu O41Muu YKpC4gQmPKaU311w9eOT
a O58T
48783322I5q9PFVPT 9 48783322I5q9PFVPT
TU76UjE52906 TU76UjE52906
eDv5MBdo 5Qkzz260R7 MVvh eDv5MBdo
k 3 3k
r ICQxh0Q58799CUd2 r
geUO1h 8M2OK8Px58 geUO1h
77yN7eHZwfF99R2 TBk5Pt5vt5SInt
xaM1q4jQi3efYb0 11l6P71DgEau1baEX4 xaM1q4jQi3efYb0
2qgWbB40Ya16 2qgWbB40Ya16
MY3aL96Y 5CCl0n2r5512 MY3aL96Y
SpXOzJq05hvQH12ugJr5 SL88w66v7 NQ3vX6W6H74aK53np
u3Qv DUiYDuR9yYFD5 EnhLq7BgTj8IN3Z2m u3Qv 42U0k6JhTQxPvUw8
4l4aqvNKB 4l4aqvNKB
KpBvy KpBvy
4 4
