0 59 0 192 0 140 53 57 1 57 16 197 23 89 138 79 138 160 94 148 71 191 112 96 73 99 32 99 110 47 51 30 51 6 58 68 85 185 61 14 29 174 93 38 93 124 92 17 33 2 158 40 184 69 184 35 100 134 44 134 100 40 158 46 22 107 9 64 141 105 51 42 145 95 147 97 84 24 54 98 54 108 112 0
53
0 0 15 37 43 52 62 86 90
59 59
140 60
53 8 20 45 53
57 18 39 57
1 1
16 12 16 77
23 23
89 26 89
79 4 79
94 94
71 67 71
112 50
96 96
73 66 73
99 82 99
32 25 32
110 34 91
47 47
51 51
30 30
6 6 88
58 58
68 68 76
85 11 75 85 87
61 3 61 65 70
14 14
29 29
174 56 81
93 93
38 38
92 92
17 5 13 17 21
33 7 28 33 72 74 83
2 2 27 36 78
40 40 49
69 69
35 35
44 44
46 41 46
22 22
107 55
9 9 80
64 64
141 31
105 19
42 10 42 48
95 95
97 97
84 84
24 24 63
54 54
98 98
