loc0 loc23 loc84 loc91 loc93 loc71 loc13 loc67 loc4 loc81 loc74 loc24 loc39 loc5 loc6 loc62 loc90 loc33 loc54 loc7 loc10 loc98 loc70 loc29 loc68 loc86 loc17 loc52 loc68 loc86 loc21 loc89 loc0
23
loc23 loc23 loc99
loc84 loc40 loc84
loc91 loc31 loc91
loc93 loc26 loc72 loc93
loc13 loc28 loc79
loc67 loc65
loc4 loc42
loc81 loc25 loc81
loc74 loc20
loc24 loc24
loc39 loc39
loc5 loc8 loc88
loc6 loc6 loc35 loc61
loc62 loc16 loc45 loc62
loc90 loc90
loc33 loc33 loc48 loc49
loc54 loc54
loc7 loc7
loc98 loc51 loc75
loc29 loc29 loc34
loc86 loc69 loc86
loc52 loc52
loc21 loc21
