loc0 loc25 loc138 loc32 loc138 loc25 loc183 loc188 loc120 loc8 loc120 loc146 loc94 loc197 loc94 loc60 loc37 loc46 loc37 loc89 loc122 loc53 loc160 loc77 loc198 loc157 loc62 loc76 loc62 loc66 loc168 loc11 loc67 loc65 loc164 loc165 loc155 loc126 loc159 loc109 loc101 loc80 loc58 loc0
36
loc0 loc167
loc25 loc25 loc85
loc138 loc42 loc118 loc138
loc32 loc10 loc14 loc32 loc41
loc183 loc179 loc183
loc188 loc36 loc188
loc120 loc120
loc8 loc8
loc146 loc191
loc94 loc116
loc197 loc28 loc83 loc150 loc186 loc197
loc60 loc105 loc192
loc37 loc37 loc75
loc46 loc46 loc49 loc144
loc89 loc89
loc122 loc96 loc122 loc196
loc53 loc54 loc78
loc160 loc45 loc52 loc106 loc160
loc77 loc129 loc162
loc198 loc100 loc131 loc172 loc198
loc157 loc112 loc157
loc62 loc39 loc82 loc84
loc76 loc97 loc182
loc66 loc17 loc31 loc57 loc66 loc113
loc168 loc27 loc93 loc168
loc11 loc11 loc134
loc67 loc67
loc65 loc92
loc164 loc164 loc184
loc165 loc20 loc165
loc155 loc15 loc187
loc126 loc147 loc156
loc159 loc47
loc109 loc109 loc177
loc80 loc119
loc58 loc69 loc130 loc185
