a0 a1 b2 a1 a0 b6 b7 a2 b9 a0 d9 a0 f0 a0 h9 j0 i9 j0 h9 a0 k2 a0 k8 a0 l0 l1 l2 l3 l4 l5 l6 l7 l8 l9 l8 l7 l6 l5 l4 l3 l2 l1 l0 a0 q6 a0 q9 a0 s4 a0 t0 a0 d3 c8 d3 a0 h1 i2 h1 a0 d1 c6 d2 c5 c4 c3 a0 d8 e9 g0 e9 d8 a0 f4 f5 g8 g4 g5 g4 g8 f5 f4 a0 h7 i7 h8 i8 h8 i7 h7 a0 p1 p2 p3 p4 p5 p6 p7 p8 h0 e8 g9 a0 a3 c0 c1 c0 a3 a0 n4 n5 n6 n7 n8 n9 o0 o1 o2 o3 o4 o5 o6 o7 o8 o9 a0
64
a0 b4 b5 e0 e1 e2 e3 e4 e5 e6 e7 i1 i3 i4 i5 i6 k0 k1 k3 k4 k5 k6 k7 k9 n0 n1 n2 n3 p0 p9
a1 b0 b1 b3
b2 b2
b6 b6
b7 b7
a2 b8
b9 b9
i9 i9
k2 k2
k8 k8
l0 l0
l1 l1
l2 l2
l3 l3
l4 l4
l5 l5
l6 l6
l7 l7
l8 l8
l9 l9
d3 c7
c8 c8 c9
i2 i2
c6 c6
c5 c5
c4 c4
c3 c3
e9 e9
g0 g0
f5 g1
g8 g7 g8 i0
g4 g2 g3 g4 g6
g5 g5
i7 i7
i8 i8
p1 p1
p2 p2
p3 p3
p4 p4
p5 p5
p6 p6
p7 p7
p8 p8
e8 e8
g9 g9
a3 c2
c0 c0
c1 c1
n4 n4
n5 n5
n6 n6
n7 n7
n8 n8
n9 n9
o0 o0
o1 o1
o2 o2
o3 o3
o4 o4
o5 o5
o6 o6
o7 o7
o8 o8
o9 o9
