74 123 109 161 11 99 11 140 16 152 37 53 131 166 14 28 58 43 187 75 4 29 83 33 76 112 114 112 134 100 63 57 86 31 86 128 86 146 8 65 170 172 12 172 95 172 144 9 63 66 25 44 25 183 108 33 83 78 136 78 83 125 98 102 199 133 199 111 121 13 192 13 45 146 73 125 157 125 73 100 198 143 122 26 193 61 116 138 34 151 34 52 34 94 34 52 155 190 155 28 142 176 30 167 81 123 74
64
123 123
109 109
161 20 96 139 161
11 11
99 99
140 140
16 16
152 47 152
37 178
53 53
131 91 200
14 14 39 59 60 118
28 88 113 130
58 58
43 158
187 17
4 4 179
83 83
76 56 76 80 89 154
112 112
114 114
134 134
100 72 97 100 173
63 63 115 174
86 86
31 31
128 128
146 54 146
8 42 129
172 5
12 12
95 95
66 50 66
25 23
44 44 107
108 108
136 136 171 184
125 27 103 125
98 98
199 51 77 199
133 133
111 111
13 105
192 192
45 45
73 73
157 157
198 120 198
143 143
193 127 193
61 61
116 116
138 138
34 18
151 135
52 32 52
94 94 163
155 90 155
190 190
142 142
176 165
30 132
167 167
81 81
