112 35 28 117 166 0 69 29 127 53 50 23 81 52 83 168 172 4 120 169 31 111 149 36 175 192 85 162 64 33 197 130 152 49 158 70 72 171 180 160 131 163 68 41 187 42 54 9 170 62 17 105 157 44 124 75 114 39 119 165 138 22 132 59 181 194 177 63 155 147 20 11 40 94 143 73 118 112
62
112 123
35 35 102
28 28 95
117 117
166 151 166
0 0 104
69 69
29 29
127 84 126 127 146
53 27 53
23 23
81 81
52 52 71
83 83
168 168
172 97 121 129 172
120 66 120
169 136 169
149 149
36 36 190
85 85
162 14 80 162
64 64
33 33
130 130
152 107 152 174
49 49
158 158
70 70 183
72 72
171 171
160 154 160
131 24 131
163 163
68 68
41 41
187 6 99 187
42 42 56
54 54
9 9
170 170
17 17
105 105
157 157 188
44 21 44 182
124 124
75 75
114 114
119 119
165 144 165
138 138
59 58 59
181 34 78 181 184
194 194
147 147
20 20
11 11
40 40
94 94
143 13 60 143
73 8 73 109
118 96 118
