Soda loc62 loc94 loc27 loc2 loc42 loc21 loc50 loc33 loc71 loc33 loc67 loc26 loc67 loc90 loc45 loc32 loc48 loc45 loc66 loc45 loc90 loc67 loc26 loc43 loc22 loc64 loc8 loc83 loc91 loc68 loc91 loc83 loc64 loc63 loc10 loc86 loc96 loc53 loc29 loc53 loc92 loc12 loc61 loc23 loc63 loc47 loc82 loc57 loc74 loc85 loc84 loc85 loc40 loc44 loc6 loc72 loc79 Soda
30
loc21 loc21
loc50 loc18
loc33 loc33
loc71 loc19 loc71
loc67 loc67
loc26 loc26
loc90 loc90
loc45 loc20 loc45 loc49 loc73 loc81 loc93
loc32 loc32
loc48 loc48
loc66 loc36 loc66 loc97
loc43 loc43
loc8 loc8 loc17 loc31 loc41
loc83 loc83
loc91 loc91
loc68 loc38 loc68
loc10 loc10
loc86 loc86 loc99
loc96 loc96
loc53 loc13 loc53 loc55
loc29 loc28 loc29 loc95
loc92 loc92
loc12 loc12
loc61 loc61
loc23 loc23 loc30
loc57 loc57
loc40 loc39 loc40
loc44 loc44 loc89
loc72 loc72
loc79 loc79
