Soda loc106 loc36 loc145 loc156 loc145 loc36 loc106 loc25 loc53 loc179 loc70 loc139 loc105 loc44 loc162 loc161 loc132 loc63 loc117 loc91 loc65 loc195 loc129 loc82 loc43 loc27 loc180 loc79 loc8 loc101 loc148 loc22 loc149 loc165 loc197 loc164 loc47 loc87 loc192 loc170 loc196 loc51 loc155 loc51 loc196 loc142 loc196 loc170 loc192 loc87 loc47 loc164 loc114 loc193 loc38 loc147 loc131 loc194 loc111 loc30 loc39 loc198 loc28 loc166 loc109 loc119 loc109 loc166 loc198 loc24 loc31 loc128 loc112 loc128 loc111 loc86 loc141 loc77 loc173 loc107 loc173 loc174 loc56 loc159 loc110 loc159 loc56 loc77 loc41 loc26 loc188 loc37 loc127 loc183 loc152 loc60 loc68 loc126 loc68 loc60 loc27 loc43 loc50 loc74 loc23 loc74 loc13 loc34 loc14 loc34 loc84 loc97 loc84 loc34 loc13 loc74 loc23 loc17 loc129 loc90 loc184 loc82 loc4 loc92 loc57 loc75 loc137 loc40 loc137 loc75 loc92 loc45 loc143 loc151 loc104 loc163 loc42 loc163 loc154 loc163 loc42 loc177 loc190 loc78 loc73 loc179 loc64 loc179 loc53 loc140 loc53 loc179 loc3 Soda
66
Soda Soda
loc106 loc106 loc172
loc36 loc36
loc145 loc145
loc156 loc6 loc156
loc25 loc25
loc53 loc53 loc58
loc65 loc65
loc82 loc82
loc180 loc10 loc180
loc79 loc15 loc79
loc8 loc8
loc101 loc101
loc22 loc22
loc165 loc9 loc95 loc100 loc165
loc192 loc192
loc170 loc170
loc196 loc61 loc185
loc51 loc51 loc103
loc155 loc155
loc142 loc7 loc142
loc114 loc114
loc193 loc193
loc38 loc38 loc122
loc147 loc147
loc131 loc131
loc194 loc35 loc55 loc194
loc111 loc111
loc30 loc11 loc30 loc136
loc39 loc39
loc28 loc28
loc109 loc109
loc24 loc24
loc128 loc128
loc141 loc141
loc77 loc77
loc173 loc173
loc107 loc107 loc146
loc41 loc41
loc26 loc26
loc188 loc188
loc37 loc37 loc181
loc183 loc183
loc126 loc126
loc50 loc50 loc83
loc74 loc74
loc23 loc23 loc94
loc13 loc13
loc34 loc32 loc34 loc118 loc138 loc189
loc14 loc14 loc88 loc121
loc84 loc84 loc167
loc97 loc97
loc17 loc17
loc90 loc90
loc57 loc57 loc59 loc72 loc157
loc75 loc75
loc137 loc137
loc40 loc20 loc40
loc45 loc45
loc151 loc151
loc163 loc163
loc42 loc42 loc171
loc154 loc154
loc64 loc64 loc80 loc199
loc140 loc140
loc3 loc3
