0 144 157 16 113 30 9 98 8 131 80 173 77 32 18 196 82 52 88 90 87 188 121 188 167 89 167 110 26 110 155 111 174 124 140 62 140 124 174 53 151 55 151 53 199 123 72 177 92 100 92 3 49 46 102 106 86 106 13 0
44
0 2
144 27
157 6 21 69
16 16 24 93 94
113 1 15 99
30 30 42
9 9
98 98
8 8 34 38 97
80 19 31 41 71 80 84
173 11 35
77 77
32 32
18 18
196 4
82 82
52 52
88 57 63 88
90 23 90
87 79 87
188 10 74 95
121 14 67 91
89 89
26 26
155 48 68
111 70 75
174 7 17 25 28 51 59
124 40 47 64 96
140 78 81
62 12 22 62 83
53 43 53 54
151 66
55 55
123 5 20 45 56 65 85
72 72
177 33
92 60 76 92
100 29 58 61 73 100
3 3
49 49
46 36 44 46
106 50
86 37 39 86
13 13
