48 73 171 84 135 147 38 98 193 194 129 136 129 194 157 146 53 154 61 34 165 28 170 122 176 138 199 138 78 113 69 77 33 79 33 77 124 2 23 39 85 39 185 168 109 139 167 143 0 156 0 32 64 83 55 36 163 173 61 197 130 9 180 51 5 99 102 110 154 115 10 159 120 121 133 107 66 74 66 191 96 80 118 15 99 37 153 48
63
48 48
73 73 186
171 25 171
84 60 84
135 135 181
147 147
38 38 117
98 16 67 98 101 103
193 52 193
194 194
129 129 141
136 136
157 123 157
53 53
154 154
34 34
165 165 175
170 3 170
176 176
138 138
199 199
78 7 78 119
113 113 182
69 69
77 19 164
79 11 21 79
124 56
2 2
23 23
39 39
85 85
185 185 190
168 20 46
109 109
167 167
143 125 143 155
156 156
64 64
55 55
36 36
163 108 163
173 35 58 88
197 197
130 126
9 9 42
180 180
5 5
99 152
102 179
110 110
115 115
10 10
120 120
121 40 151 196
133 93 133
107 87 90 107 177
66 66
74 74 149
191 191
96 29 158
80 148
118 118 145
15 137
