evdoyagqfp xftptyrlvl jqtguzxxsl wynbxuuxru oegfbrwyrp ebqxbaqnmm xwrvhrxnqy pbefrggyje unihwwnyqz pbefrggyje xnppuesbrr eqdxeqvtsb lndsfxewdc kyrhqthnvz lnicnhmajr qpxtrjvxpe tmatbexcil qpxtrjvxpe qiqnnrlapz osdeymjeil wkwwcqjtxf bulywvvpni xychpimpzb lnicnhmajr aruwdskzta vugkhjygfe guuudgvhny vugkhjygfe xywdziunpr oggftsricu xywdziunpr vugkhjygfe aruwdskzta lnicnhmajr kyrhqthnvz lndsfxewdc vkrlpmybdj jrusiskazm vkrlpmybdj lndsfxewdc khisjiexts afrdrejwtp wtlzrefwav mdyuzxshey ouxenssqdu fznfvsgjhc wtyqwjwskq ahqdrcepub byyqgjwsrp euqbrkzdsw byyqgjwsrp cttlxdtaiw rlxmdzqomd cmdqzmgvfi qgfchcatzi ljhmnbaicr bswhowadhl xsjzeyxnpw opmnfgpclg bpbbtoptwg rnpokwoqgt bpbbtoptwg opmnfgpclg tgbmxdmvwe lcrihrmoqu tvcolajnao xqwyvbvueh oegfbrwyrp wynbxuuxru lazlsvgukx ymvlfsdhbu nbjyrygtdh yqwistxtxc xguvjomcdt nwlccbonas bbwcqzwyoz ijbfzrqwct qfbvncxldf ixyurvbpvu qepegujmaa pcilmgdrgc qepegujmaa ixyurvbpvu yiwwdwbzth ixyurvbpvu qepegujmaa pcilmgdrgc jqtguzxxsl xftptyrlvl evdoyagqfp
57
evdoyagqfp evdoyagqfp
xftptyrlvl xawkqmfmmx bnmegnfgii uooysjrxsb mysadifwma kvxwqiryyu fluzhooehk
jqtguzxxsl smwxdupkdv optviwhmbr vfdsalrajq
wynbxuuxru eooyfwmxln tmrnpjqnxx wynbxuuxru voaumgrcuj
oegfbrwyrp oegfbrwyrp
xwrvhrxnqy xwrvhrxnqy xifuopshzj
pbefrggyje pbefrggyje
unihwwnyqz vnzypgtlkj
xnppuesbrr xnppuesbrr
eqdxeqvtsb eqdxeqvtsb
lndsfxewdc lndsfxewdc
kyrhqthnvz kyrhqthnvz
lnicnhmajr lnicnhmajr
qpxtrjvxpe qpxtrjvxpe uhalgukdzb
tmatbexcil tmatbexcil
qiqnnrlapz ldnozwuuuq qiqnnrlapz
osdeymjeil jrmlkfexfk osdeymjeil scesbtewjx
wkwwcqjtxf wkwwcqjtxf lkvtxfwozs
bulywvvpni bulywvvpni
xychpimpzb xychpimpzb
aruwdskzta aruwdskzta
vugkhjygfe vugkhjygfe
guuudgvhny stdiixwrjc ivugtsvtqb guuudgvhny
xywdziunpr xywdziunpr
oggftsricu oggftsricu seeyrseflx hkempoemlv
vkrlpmybdj vkrlpmybdj
jrusiskazm jrusiskazm oavtmpaqji ichabbvkhm
afrdrejwtp afrdrejwtp
wtlzrefwav wtlzrefwav
mdyuzxshey mdyuzxshey
ouxenssqdu ouxenssqdu
wtyqwjwskq kvfpaspidv kijbyyuzhd
ahqdrcepub ahqdrcepub afortwurqt gbdejcnknd
byyqgjwsrp qxfgqgbbdn byyqgjwsrp
euqbrkzdsw euqbrkzdsw zivwgfcxqi
cttlxdtaiw zmfuudfatm cttlxdtaiw
qgfchcatzi gucdicwxmb qgfchcatzi rkyixxpcbx
ljhmnbaicr pdljcbluhp
bswhowadhl bswhowadhl tgkujfknod
opmnfgpclg qxuqrfzzob
rnpokwoqgt rnpokwoqgt fdgcygwgjf
tgbmxdmvwe tgbmxdmvwe
lcrihrmoqu xkasbvrrxd lcrihrmoqu
tvcolajnao tvcolajnao
xqwyvbvueh xqwyvbvueh
lazlsvgukx bbczvyonym
ymvlfsdhbu aokbiptbzc ymvlfsdhbu
nbjyrygtdh hsjqtjkukk nbjyrygtdh cpwyxulkjm
yqwistxtxc hofbtczdgp
xguvjomcdt xguvjomcdt
nwlccbonas nwlccbonas itbfnxnauh
bbwcqzwyoz bbwcqzwyoz
ijbfzrqwct bimtbhwsby
qfbvncxldf qfbvncxldf
qepegujmaa psiebvskfb qepegujmaa etdxtwotzh kgktiatgjn
pcilmgdrgc pcilmgdrgc wwqchwdmtx ivgbjyugdu
yiwwdwbzth yiwwdwbzth
