mdyuzxshey mysadifwma mdyuzxshey vkrlpmybdj jatkaoyfxb zumetrybth ebqxbaqnmm ljhmnbaicr owusjcmdkp oewptytlja knfzsnhzvx xftptyrlvl yiwwdwbzth jqtguzxxsl hadchvmijq phknwbtipl kdujdjjwot zjbarjhmau bulywvvpni lndsfxewdc zpybghfdbe cmdqzmgvfi zpybghfdbe bswhowadhl oegfbrwyrp tgbmxdmvwe oegfbrwyrp bswhowadhl zpybghfdbe cmdqzmgvfi tmrnpjqnxx wtlzrefwav hsjqtjkukk smwxdupkdv koawdpgqdx unihwwnyqz qepegujmaa xtvbrolacp qepegujmaa unihwwnyqz koawdpgqdx smwxdupkdv hsjqtjkukk wtlzrefwav jrmlkfexfk gllungmori rkyixxpcbx optviwhmbr ixyurvbpvu siatqqydwf ahqdrcepub siatqqydwf ixyurvbpvu siatqqydwf bulywvvpni zjbarjhmau wkwwcqjtxf qcktwemqbm tvcolajnao vkrlpmybdj mdyuzxshey
34
mdyuzxshey mdyuzxshey
mysadifwma mysadifwma
vkrlpmybdj zmfuudfatm vkrlpmybdj
jatkaoyfxb bnmegnfgii jatkaoyfxb
zumetrybth zumetrybth
ebqxbaqnmm ebqxbaqnmm
ljhmnbaicr ljhmnbaicr
owusjcmdkp lnicnhmajr owusjcmdkp
oewptytlja nwlccbonas oewptytlja
knfzsnhzvx knfzsnhzvx
xftptyrlvl jedsthbmzo xftptyrlvl
yiwwdwbzth wtyqwjwskq
jqtguzxxsl jqtguzxxsl
hadchvmijq lkvobxyfca hadchvmijq wynbxuuxru
phknwbtipl euqbrkzdsw
kdujdjjwot kdujdjjwot
zjbarjhmau zjbarjhmau
bulywvvpni bulywvvpni
lndsfxewdc mswyvpdrsy lndsfxewdc
zpybghfdbe psiebvskfb
cmdqzmgvfi qfbvncxldf cmdqzmgvfi qydclznxrd
oegfbrwyrp lbuiysostx
tgbmxdmvwe tgbmxdmvwe
wtlzrefwav wtlzrefwav
smwxdupkdv aokbiptbzc
koawdpgqdx koawdpgqdx
qepegujmaa qepegujmaa
xtvbrolacp xtvbrolacp
gllungmori gllungmori
rkyixxpcbx eooyfwmxln rkyixxpcbx
optviwhmbr optviwhmbr
ixyurvbpvu vugkhjygfe seeyrseflx gwnccktgki fznfvsgjhc
ahqdrcepub ahqdrcepub lazlsvgukx
qcktwemqbm qcktwemqbm
