0 10 44 87 38 146 38 26 160 26 69 110 111 69 21 140 21 142 21 72 47 60 108 60 129 60 78 185 78 42 53 31 118 31 49 196 49 56 84 34 121 34 18 103 18 40 134 40 25 124 25 12 138 12 1 155 1 83 167 83 169 83 45 175 45 41 112 41 122 41 0
35
0 100 101 116 117 130 131 170 171 172 179 180 181 191 192 193
10 114 115 197 198 199
44 104 105 106 107
87 126 127 149 150 151
38 148
146 146 147
26 158
160 159 160
110 110
111 111
140 140 141
142 142
47 136 137 152 153 154 164 165 166 188 189 190
108 108 109
129 128 129
78 187
185 185 186
53 176 177 178
118 118 119
49 194
196 195 196
84 132 133 143 144 145 161 162 163
121 120 121
103 102 103
134 134 135
124 124 125
138 138 139
1 157
155 155 156
167 167 168
169 169
45 173 182 183 184
175 174 175
112 112 113
122 122 123
