0 75 110 10 55 65 67 66 67 80 115 118 115 140 127 126 127 125 95 98 95 90 92 90 95 97 95 155 157 156 157 155 120 135 160 154 189 104 195 197 195 105 108 105 107 105 150 2 101 77 186 132 186 42 41 42 40 0
36
0 3 133
75 78
110 44 56 57 94 110 113 180
10 11 12 13 100
55 25 55 58
65 27 30 32 65 68 168
67 67 123
66 66
80 54 82
115 35 36 37 38 192
118 118
140 69 72 129 142 144
125 15 39 74 125 128
95 87 95 145 148
90 172
92 91 92
97 97
120 47 102 120 122 183
135 52 79 134 135 138
160 136 160 161 166
154 124 154 184
189 139 181 182 189
104 16 17 64 99 104 149 159 179
195 195
197 197
105 105
108 108
150 20 114 152
2 2 28
101 101
77 116
186 186 187
132 131 132 141
42 42
41 41
40 43
