loc0 loc76 loc22 loc77 loc86 loc23 loc95 loc41 loc89 loc71 loc53 loc26 loc77 loc86 loc50 loc59 loc47 loc92 loc65 loc28 loc82 loc1 loc73 loc29 loc65 loc2 loc67 loc0 loc58 loc49 loc66 loc75 loc27 loc63 loc45 loc90 loc36 loc54 loc18 loc99 loc30 loc93 loc33 loc60 loc51 loc42 loc87 loc7 loc52 loc97 loc76 loc0
39
loc76 loc13
loc22 loc22
loc86 loc5 loc32
loc23 loc23
loc41 loc41
loc89 loc8 loc44
loc71 loc17
loc53 loc16 loc25 loc35
loc26 loc26
loc50 loc50
loc47 loc47
loc92 loc11
loc65 loc20 loc38
loc28 loc28
loc82 loc10 loc37 loc46
loc1 loc1
loc73 loc19
loc29 loc29
loc2 loc2
loc67 loc14
loc58 loc4 loc31 loc40
loc49 loc49
loc66 loc39 loc48
loc75 loc3
loc27 loc27
loc45 loc45
loc36 loc36
loc54 loc9
loc18 loc18
loc30 loc30
loc93 loc12
loc33 loc33
loc60 loc6 loc21
loc51 loc15
loc42 loc42
loc87 loc24
loc7 loc7
loc52 loc34
loc97 loc43
