loc0 loc148 loc112 loc38 loc137 loc65 loc164 loc2 loc128 loc74 loc110 loc74 loc128 loc173 loc113 loc77 loc185 loc83 loc185 loc14 loc176 loc95 loc176 loc68 loc158 loc62 loc188 loc23 loc188 loc86 loc188 loc161 loc17 loc179 loc89 loc179 loc107 loc26 loc169 loc7 loc187 loc97 loc133 loc150 loc195 loc24 loc114 loc123 loc30 loc183 loc3 loc157 loc13 loc166 loc151 loc115 loc25 loc115 loc166 loc13 loc157 loc120 loc39 loc180 loc99 loc189 loc48 loc102 loc84 loc189 loc57 loc189 loc54 loc153 loc1 loc127 loc55 loc172 loc100 loc136 loc100 loc172 loc162 loc81 loc162 loc9 loc126 loc117 loc135 loc99 loc174 loc3 loc157 loc49 loc193 loc0
61
loc148 loc31 loc40 loc58 loc76 loc94
loc38 loc38
loc137 loc20
loc65 loc65
loc2 loc2
loc74 loc74
loc110 loc11 loc47 loc92
loc113 loc5 loc29 loc41
loc77 loc77
loc185 loc32 loc56
loc83 loc83
loc14 loc14
loc95 loc50 loc95
loc68 loc68
loc158 loc59
loc62 loc62
loc23 loc23
loc86 loc86
loc161 loc44 loc80 loc98
loc17 loc17
loc89 loc89
loc107 loc8 loc35 loc53 loc71
loc26 loc26
loc7 loc7
loc187 loc16 loc61 loc70 loc88
loc97 loc97
loc133 loc52 loc78
loc150 loc42 loc69
loc195 loc15 loc51 loc60 loc96
loc24 loc24
loc123 loc33 loc87 loc93
loc30 loc30
loc183 loc6
loc3 loc3
loc157 loc4 loc21 loc67 loc85
loc13 loc13
loc151 loc34 loc79
loc115 loc43
loc25 loc25
loc120 loc12 loc22 loc75
loc39 loc39
loc180 loc72
loc99 loc99
loc48 loc48
loc84 loc84
loc57 loc57
loc54 loc54
loc153 loc45 loc90
loc1 loc1
loc127 loc10 loc19 loc46 loc64 loc91
loc55 loc55
loc172 loc82
loc100 loc100
loc136 loc28 loc37 loc73
loc81 loc81
loc9 loc9
loc126 loc63
loc117 loc27
loc135 loc18 loc36
loc174 loc66
loc49 loc49
