99 176 103 52 28 129 54 61 135 8 60 101 88 85 137 150 137 185 182 23 37 53 162 104 130 138 133 113 148 121 18 43 157 134 44 159 12 19 2 47 108 154 122 154 199 198 160 84 166 118 142 193 57 10 49 125 81 158 93 69 163 116 27 199 188 79 178 14 145 115 98 36 155 110 139 99
57
99 99
176 102
103 103
52 22 92 161 167
28 28
61 61
8 8
101 111
88 88
85 127 174 186
150 150
185 41 185
182 5 68 78
23 17 165
37 180 190
53 53 171
162 0
104 55 82 169
130 130
138 20 170
133 59 124
113 30 51 114
148 148
18 18
43 56 66 97
157 119 132 172
159 24 131 164 183
12 12
19 1 80 184
2 40 63 112 146 168 181 192
47 47
108 73 106
154 149
122 122
199 26 39 42
160 160
166 166
118 4
142 70 142
10 10
49 123
125 125
81 9 100 126
158 158
93 94
69 25 83 173
163 163
116 117
27 27
188 15 188
79 34 75
178 178
14 35
98 98
155 155
110 90 151
139 33
