loc189 loc17 loc47 loc139 loc16 loc142 loc125 loc62 loc112 loc164 loc36 loc11 loc39 loc55 loc69 loc34 loc161 loc18 loc111 loc53 loc158 loc65 loc145 loc184 loc183 loc37 loc22 loc40 loc74 loc153 loc25 loc73 loc185 loc15 loc162 loc50 loc146 loc131 loc85 loc172 loc168 loc165 loc76 loc154 loc96 loc180 loc127 loc108 loc188 loc0 loc189
49
loc17 loc17 loc27 loc95
loc47 loc47 loc163
loc139 loc31 loc139 loc156
loc16 loc16 loc78
loc142 loc142
loc125 loc125
loc62 loc54 loc61 loc62 loc136
loc112 loc112
loc164 loc164
loc36 loc36 loc70 loc79
loc11 loc11
loc39 loc23 loc39
loc55 loc55 loc194
loc69 loc4 loc69 loc129 loc159 loc190
loc34 loc34 loc77 loc191
loc161 loc98 loc161 loc177
loc18 loc18 loc152
loc111 loc111
loc53 loc53 loc148
loc158 loc41 loc133 loc158
loc65 loc65
loc145 loc145
loc184 loc184
loc183 loc83 loc150 loc183
loc37 loc37 loc94
loc22 loc22 loc109
loc40 loc40
loc74 loc74 loc101 loc143
loc153 loc100 loc153
loc25 loc25
loc73 loc38 loc73 loc88
loc185 loc185
loc15 loc15 loc32 loc104
loc162 loc162
loc50 loc50 loc113 loc195
loc146 loc146
loc131 loc26 loc131
loc85 loc85 loc147
loc172 loc172
loc168 loc168
loc165 loc165
loc76 loc76
loc154 loc154
loc96 loc58 loc59 loc66 loc96 loc114 loc119 loc135
loc180 loc20 loc86 loc128 loc180
loc127 loc127
loc108 loc108
loc188 loc117 loc169 loc188
loc0 loc0
