loc59 loc70 loc43 loc50 loc83 loc17 loc25 loc52 loc31 loc34 loc42 loc90 loc14 loc88 loc46 loc40 loc6 loc98 loc47 loc74 loc81 loc71 loc4 loc28 loc20 loc59
23
loc70 loc70 loc89
loc43 loc37 loc43 loc54 loc65
loc50 loc11 loc50
loc83 loc83
loc17 loc16 loc17 loc51
loc25 loc25
loc52 loc45 loc52
loc31 loc5 loc31
loc34 loc34
loc42 loc42 loc95
loc90 loc1 loc33 loc35 loc90
loc14 loc14
loc88 loc2 loc41 loc88
loc46 loc13 loc23 loc46
loc6 loc6
loc98 loc84 loc92 loc98
loc47 loc47
loc74 loc62 loc74
loc81 loc29 loc32 loc36 loc81
loc71 loc30 loc71 loc72
loc4 loc4 loc97
loc28 loc28
loc20 loc20 loc68
