10 50 185 187 182 183 178 174 173 172 171 170 169 168 167 163 161 160 154 153 152 148 145 142 141 140 134 133 130 126 124 119 117 116 112 108 104 103 102 101 98 97 96 93 92 88 86 85 84 81 77 73 72 71 69 68 66 64 62 61 60 198 194 59 57 55 191 50 10 16 24 25 1 2 3 27 5 44 46 8 34 32 38 37 36 11 12 13 29 48 10 50 51 50 10
50
50 184 186
185 185
187 187
112 111 112
108 106 107 108 109
104 104
103 103
102 102
101 101
98 98 99
97 97
96 96
93 93 94
92 91 92
88 88 89
86 86 87
84 83 84
81 81 82
77 76 77 78 79
73 73 74
72 72
71 71
69 69
68 67 68
66 66
64 64
62 62 63
61 61
60 196 197 199
198 198
59 58 59
57 57
55 53 54 56 190 192 193
191 191
24 21 22 23
25 25
1 1
2 2
3 3
5 5
8 7 8
34 34 35 42
32 6 32 43
38 38 39
37 37 41
36 36
11 11
12 12
29 15 29
51 51 52
