0 127 35 20 99 4 95 93 37 195 57 170 3 75 10 46 17 36 109 88 61 65 23 168 16 165 79 117 76 33 31 176 136 14 167 59 69 26 50 67 183 127 0
36
0 91
35 35 56
20 20 63 81 84
99 9 18 27 39 78 86 99
4 4 32 66 80 92
95 95
93 13 21 71 93 94
37 37 47 74
195 49 53 68
57 57
170 15
3 3 48 58 100
75 75
10 2 10 30 43 83
46 7 38 46 54 72 87
17 5 6 17 45 62 70 82 89 96
36 36 41 77
88 8 88 98
61 61
65 65
23 23 60
168 12 90
16 16 85
79 79
76 28 42 51 76
33 33
31 31 55 97
176 44
136 52
14 14 29 73
59 1 11 24 34 40 59
69 69
26 26
50 50
67 19 25 64 67
183 22
