0 30 28 27 28 26 25 23 32 20 19 18 17 90 82 80 79 78 77 76 75 63 62 58 54 56 57 52 50 49 44 42 41 40 39 37 36 34 33 117 116 112 115 114 115 112 ViksNode 128 129 130 129 128 ViksNode 107 106 102 101 104 101 100 122 100 99 96 93 94 92 14 11 9 8 6 5 2 1 0
35
30 30
27 27
25 25
20 20 21
19 19
18 18
90 86
80 80
78 78
75 74
63 63
62 70 71 73
58 59 60
54 55
56 56
49 53
44 47 48
42 42 43
37 37
36 36
34 35
117 117
115 113
114 114
130 130
106 106 108
104 104
122 121 123
99 99
94 94
14 13 15
9 10
8 7 8
5 4
2 3
