destitute Loomis Darwin septillion Hewlett MN combine intangible deletion bobble Dominican Bleeker Dominican embassy Halstead Andersen stanza Curtis trill yogurt Vega funny midget Loomis destitute
22
destitute jewel
Loomis Hindi Loomis Rio
Darwin Darwin ripe
septillion Isfahan creekside papal septillion transpiration
Hewlett Hewlett decor swordfish
MN MN
combine Elizabethan Modesto extractor
intangible choice shroud
deletion connubial illusion schedule
bobble McCall bobble mediate
Dominican Dominican
Bleeker Bleeker minion
embassy embassy tate
Halstead Halstead
Andersen Andersen Fisk amateur diligent
stanza Injun stanza
Curtis anvil slowdown
trill fatten trill
yogurt yogurt
Vega Auberge Vega
funny Gilmore funny
midget balustrade midget swingy
