woebegone encumbrance midstream encumbrance woebegone felony Isfahan felony conceptual embassy cytolysis Durango monotonous Durango involuntary lexicon diligent numerology viscous numerology diligent embroil septillion PDP Stephen simulate funny switchmen felony icon Winchester bat trimester archive barnacle archive secondary inform creekside Dominican Irvin mack Irvin anvil connubial Simon Goodrich Simon Rodney Auberge Palo trill administer trill woebegone
39
woebegone explosion
encumbrance relaxation transonic
midstream midstream
felony babysat casserole equipping felony renaissance tate thoroughfare
Isfahan Isfahan
embassy funky
Durango Durango Hewlett Reilly bifurcate sinh
monotonous dreadnought exothermic monotonous
involuntary backplate involuntary mitre slowdown spill thirteen
lexicon December Modesto Vega choice
diligent diligent
numerology numerology stanza
viscous viscous
embroil embroil
septillion septillion
PDP PDP Sunday bunch limitate mediate oriole silage whatsoever
Stephen Stephen
simulate simulate
funny McCall funny wingspread yearn
switchmen Gilmore imperishable
icon coarse icon update
Winchester Winchester
bat bat directory
trimester Curtis Zorn car catenate deduce griddle illusion postscript transfuse trimester yogurt
archive Andersen archive dull extrovert papal softball sphalerite swingy
barnacle barnacle broil
secondary Fisk secondary
inform inform millennium noon
creekside Tucson Wheller
Irvin Irvin
mack mack
anvil anvil
connubial connubial
Simon Darwin Simon
Goodrich Goodrich
Rodney Rodney swordfish
Auberge Auberge
trill fulsome shovel
administer administer
