Loc151 Loc130 Loc48 Loc135 Loc177 Loc101 Loc172 Loc134 Loc77 Loc13 Loc6 Loc14 Loc68 Loc62 Loc66 Loc47 Loc102 Loc59 Loc141 Loc97 Loc85 Loc54 Loc64 Loc166 Loc158 Loc160 Loc92 Loc138 Loc49 Loc33 Loc148 Loc36 Loc140 Loc20 Loc180 Loc34 Loc55 Loc195 Loc10 Loc2 Loc11 Loc63 Loc110 Loc39 Loc161 Loc21 Loc187 Loc58 Loc117 Loc52 Loc126 Loc70 Loc111 Loc123 Loc190 Loc94 Loc50 Loc183 Loc25 Loc194 Loc15 Loc109 Loc43 Loc121 Loc151
55
Loc151 Loc151
Loc130 Loc130 Loc171
Loc48 Loc4 Loc48 Loc131
Loc135 Loc135
Loc177 Loc41 Loc177
Loc101 Loc57 Loc101
Loc172 Loc3 Loc98 Loc165 Loc172 Loc184
Loc134 Loc134
Loc77 Loc16 Loc61 Loc77
Loc13 Loc13
Loc6 Loc6 Loc127
Loc68 Loc68
Loc62 Loc46 Loc62 Loc72
Loc66 Loc66
Loc47 Loc47
Loc102 Loc102 Loc124
Loc59 Loc59
Loc141 Loc141
Loc85 Loc7 Loc85 Loc96 Loc118 Loc147
Loc54 Loc54
Loc166 Loc166
Loc158 Loc142 Loc158 Loc182
Loc160 Loc160
Loc92 Loc92
Loc138 Loc65 Loc138
Loc49 Loc49
Loc33 Loc33
Loc148 Loc148
Loc36 Loc36 Loc104 Loc115 Loc128 Loc156 Loc170
Loc20 Loc20
Loc180 Loc180
Loc34 Loc32 Loc34
Loc55 Loc55
Loc195 Loc24 Loc195
Loc10 Loc27
Loc2 Loc2 Loc163
Loc110 Loc28 Loc110
Loc161 Loc161
Loc21 Loc21 Loc89 Loc99
Loc187 Loc173 Loc187
Loc58 Loc58
Loc117 Loc117
Loc52 Loc52
Loc126 Loc93 Loc126
Loc70 Loc70
Loc111 Loc111
Loc123 Loc123 Loc185
Loc190 Loc17 Loc38 Loc125 Loc190
Loc94 Loc94 Loc122 Loc157
Loc50 Loc50 Loc181
Loc183 Loc167 Loc183
Loc194 Loc194
Loc15 Loc15
Loc109 Loc109
Loc43 Loc43 Loc120 Loc154
