Loc35 Loc95 Loc37 Loc58 Loc34 Loc35 Loc67 Loc13 Loc67 Loc97 Loc23 Loc44 Loc31 Loc46 Loc84 Loc78 Loc4 Loc62 Loc80 Loc22 Loc0 Loc90 Loc94 Loc53 Loc79 Loc43 Loc93 Loc56 Loc10 Loc61 Loc41 Loc64 Loc65 Loc48 Loc71 Loc66 Loc20 Loc15 Loc39 Loc82 Loc28 Loc19 Loc33 Loc77 Loc35
34
Loc95 Loc54 Loc95
Loc37 Loc37
Loc58 Loc51 Loc58
Loc34 Loc34 Loc81
Loc67 Loc67
Loc13 Loc13
Loc97 Loc97
Loc23 Loc23
Loc44 Loc1 Loc44 Loc70
Loc31 Loc31
Loc46 Loc7 Loc46
Loc84 Loc84
Loc78 Loc78
Loc4 Loc4 Loc89 Loc92
Loc62 Loc62
Loc80 Loc80
Loc22 Loc22
Loc0 Loc0 Loc24 Loc73 Loc74 Loc86
Loc90 Loc90
Loc79 Loc79
Loc93 Loc93
Loc10 Loc10 Loc25
Loc41 Loc41
Loc64 Loc64
Loc65 Loc65
Loc48 Loc48
Loc71 Loc52 Loc71
Loc66 Loc14 Loc66
Loc20 Loc63
Loc15 Loc15 Loc47
Loc39 Loc39
Loc28 Loc28
Loc33 Loc33
Loc77 Loc77
