1 40 87 40 117 40 12 11 25 14 105 14 13 109 13 34 41 3 97 3 5 29 129 29 2 81 2 42 89 42 104 42 10 76 10 35 4 51 4 26 100 26 24 88 24 134 24 32 39 57 39 21 138 21 47 113 47 141 47 46 33 127 33 7 6 30 95 30 101 30 27 17 60 17 66 17 37 99 37 125 37 36 110 36 44 102 44 31 70 31 143 31 38 61 38 111 38 20 124 20 9 72 9 73 9 22 71 22 94 22 16 133 16 1
66
1 49 56 123 128
87 87
117 117
12 59 85 103 116
11 55 65 108 142
25 80 86
14 75
105 105
13 79
109 109
34 50 77
41 106 137
3 112
97 97
5 58 68 90 93
29 96
129 129
2 62
81 81
89 89
104 104
10 132
76 76
35 74 84 92 122
4 118
51 51
26 121
100 100
88 88
134 134
32 135 139
39 52
57 57
21 82
138 138
113 113
141 141
46 54 144
33 67
127 127
7 63 69 83 107 120 131
6 119 126
95 95
101 101
27 64 78 136 140
60 60
66 66
37 53 98
99 99
125 125
36 130
110 110
44 114
102 102
70 70
143 143
61 61
111 111
20 115
124 124
72 72
73 73
71 71
94 94
16 91
133 133
