g3ylJsdLuC idQHxtSnxr BUMLJo6sc3 TSSOUimHPg IGpxjveim7 x7iq98BiN3 IGpxjveim7 TSSOUimHPg oCk2Yieytb dC48GQHGzO oCk2Yieytb bWDewy6WbV oCk2Yieytb O4Rh9n5Clo WcyuqGYOzU XOxGPscMMG CYkwKg8CjQ 4TTtdOaCTp MXIvZpEPtW ZqWjuL44qr jBYJ7v19BQ ZqWjuL44qr vUu8ijgxxf euuICgBLD4 r8njDwxc2t euuICgBLD4 vUu8ijgxxf ZqWjuL44qr MXIvZpEPtW g2I4si69gU MXIvZpEPtW pWVnBerIra gTAImjNH8G M2hatQPY96 tubjzjzUpV M2hatQPY96 gTAImjNH8G 7ZWqK2F5XG 2O61j91J3T K05xB79KZo 2O61j91J3T dqqG7Zio8x CSjLrGbUz3 QTNhZIciNJ h5Si5BAPN0 oIVQ2qkgnR WAi18jd2vJ Tk8ERvdKxF FvzkpZRSj8 Oiowits7js nKHFs5cKTX 03xK87sjTf 7g0Idy1nzK BNkM7qaRNw yky49wE4YG BNkM7qaRNw IA0Uf143OT uvoepIQg9n fWIjO8yhE3 x066w6eh4W Pijq8aHqIR AL20k9yp9D z9nRKYQ1ub AL20k9yp9D pKK7T4agKn TyL7NE2puV GQ4F0g3Mdj XW1Wn7EqpN GQ4F0g3Mdj fXy828RCG4 Pijq8aHqIR qnkfLCmfDn dMOAUqH7Z3 CUEWGmB7Gt oEdovEhrWM Q2bVxDrpEx xjSWG1YKh9 Q2bVxDrpEx oEdovEhrWM wiMdNn30Xd q3brjZkhs5 WvFZJEkTrw 5SSy593K31 QOx0Q2p9eD yvMowGbkvn u4LnQNaaiz 1N2P3Sa7im srT70dfQEr Pz3egMzKU8 0SQlBVJ1YY oWmQcQwHPo 2eMl9AO5o8 QrJxLpX875 2eMl9AO5o8 emYRLTiyj9 LeZK9UvMT9 vnZBjkVngj idQHxtSnxr g3ylJsdLuC
59
idQHxtSnxr onlLq65Azx idQHxtSnxr
BUMLJo6sc3 BUMLJo6sc3 jPXsbXPNMq fecMfiAuGC
TSSOUimHPg 97ZNlakBoq LCKLTNE1vp Q1N77BLmyb
x7iq98BiN3 x7iq98BiN3
oCk2Yieytb oCk2Yieytb
dC48GQHGzO 1TfvXd6dPZ mbSdju1TJK pk0Vh75DnH RN0bCAV6rQ
bWDewy6WbV bWDewy6WbV
WcyuqGYOzU WcyuqGYOzU
XOxGPscMMG yU6iUY8YgO
4TTtdOaCTp YpRs8m6oyX
MXIvZpEPtW 4znnlMjVra biWuM2iRnz
jBYJ7v19BQ qjDSEKmZMW jBYJ7v19BQ
vUu8ijgxxf vUu8ijgxxf bsEkAY2K41
r8njDwxc2t r8njDwxc2t
g2I4si69gU u4FAx2sHZm g2I4si69gU oVMPVsMWrZ 2OsmeZV9xh 0wTk0mYkLH
pWVnBerIra IT4pKw3giW
M2hatQPY96 CxfzSa2YOV M2hatQPY96
tubjzjzUpV t25XjDwQhD tubjzjzUpV
2O61j91J3T 2O61j91J3T
K05xB79KZo K05xB79KZo
CSjLrGbUz3 CSjLrGbUz3 xtp1B5q0W1
QTNhZIciNJ 1QXjsHNYao QTNhZIciNJ 2S929yZddP
h5Si5BAPN0 h5Si5BAPN0
oIVQ2qkgnR s3eMpsYH00 oIVQ2qkgnR bhojeHeddF
WAi18jd2vJ WAi18jd2vJ S8BtTu4yH9
Tk8ERvdKxF Tk8ERvdKxF uIf3wnJUdn
FvzkpZRSj8 FvzkpZRSj8
Oiowits7js Oiowits7js 12ECENJIev
nKHFs5cKTX nKHFs5cKTX
03xK87sjTf 03xK87sjTf
7g0Idy1nzK KUJdxKVZFO 7g0Idy1nzK
BNkM7qaRNw XlU2fx0ZPn BNkM7qaRNw
yky49wE4YG 723MhcLxt0 YAqGe4tKAP yky49wE4YG Pv5LMSkQii WRd4lScvm6
IA0Uf143OT mwzQG3SxnO IA0Uf143OT JD3uem81Lg
uvoepIQg9n uvoepIQg9n
fWIjO8yhE3 8KtuAXHUy3 KHDeTTvJC1
x066w6eh4W 0hs3CNDF4L
Pijq8aHqIR Pijq8aHqIR lfdanPGo3c
z9nRKYQ1ub z9nRKYQ1ub
TyL7NE2puV TyL7NE2puV
GQ4F0g3Mdj GQ4F0g3Mdj TP2TNyk7wl
XW1Wn7EqpN XW1Wn7EqpN
fXy828RCG4 fXy828RCG4
qnkfLCmfDn qnkfLCmfDn
dMOAUqH7Z3 dMOAUqH7Z3
CUEWGmB7Gt CUEWGmB7Gt
oEdovEhrWM KpxiCfRqh3 oEdovEhrWM
xjSWG1YKh9 wRn7Oi1bcW TBzLS0OAYU
WvFZJEkTrw WvFZJEkTrw aEo62SfMqH
5SSy593K31 5SSy593K31
yvMowGbkvn yvMowGbkvn
u4LnQNaaiz u4LnQNaaiz
srT70dfQEr srT70dfQEr
Pz3egMzKU8 Pz3egMzKU8 gZXiityEnU
0SQlBVJ1YY 0mnwiU4XrT
oWmQcQwHPo oWmQcQwHPo
QrJxLpX875 QrJxLpX875 dj8JMfo3hX
emYRLTiyj9 emYRLTiyj9
LeZK9UvMT9 LeZK9UvMT9
