6Zg7j6t8kt wXTrLT9dUx 8pgnfE3xKu oRs9wR3IGE OR78sPVsV9 4RZs4XFvF9 G05S6XZiBa 1koyFI8rlU J6nn6V6pVr VlwfpLcOHZ vD4d0BZ03p zH4Z0p0Ftj HpRVhY9Btb GSDEYlNcCM 1iUrZ2N0MA s8EkvbOYAX 79JJ9GZF8c fbxiHLAsv4 KpPj50fAfy dyS1o5lQHD UgxUR9jKcJ Ma7DUhMrCQ pm1Yq2dCLL xKltif8n2P 0sg7h6elOW I1RTFIGWhc eQGeDFyUBy 97dvK2Az7S Dkc5CxJ6RV 97dvK2Az7S eQGeDFyUBy OND9LnuOus cqCbnI2bkr b3jUAAPOlA R0OKpbbX8l Iroa6leixY YrPP1U1r20 ckEVpwA8CD YQKcyMibnc ckEVpwA8CD YrPP1U1r20 Iroa6leixY oQb2PqTM8x H0NdoJawvz oQb2PqTM8x tvKOOMQ7Sv oQb2PqTM8x bc4pLp9tiD MpRNDD0glq lrFRnKniRv 6Zg7j6t8kt
35
wXTrLT9dUx wXTrLT9dUx dojrtYXceT 1aPtXDhYtV
8pgnfE3xKu 8pgnfE3xKu OGWcs2X8pk
oRs9wR3IGE oRs9wR3IGE
OR78sPVsV9 EZQ9HUGjRN
4RZs4XFvF9 4RZs4XFvF9
G05S6XZiBa G05S6XZiBa
1koyFI8rlU 1koyFI8rlU Octagmmhko
J6nn6V6pVr 4lUeyqYb0U
vD4d0BZ03p vD4d0BZ03p
zH4Z0p0Ftj zH4Z0p0Ftj VWD9Yy5Xrg
HpRVhY9Btb ka4cgDWgq7 YZKJeBb8Pe
GSDEYlNcCM GSDEYlNcCM
1iUrZ2N0MA ESDdDChkYw
s8EkvbOYAX s8EkvbOYAX
79JJ9GZF8c M9d0z6OccV 79JJ9GZF8c fhmE7A9rVl
fbxiHLAsv4 fbxiHLAsv4
KpPj50fAfy KpPj50fAfy vCSWEyz4PC
dyS1o5lQHD OpwMnuSGmp
UgxUR9jKcJ UgxUR9jKcJ
Ma7DUhMrCQ 0gqiqztWgj
pm1Yq2dCLL iyQiEnpG35 uXkvSfF7Kv
I1RTFIGWhc TH1GgoG5GU NgxnYo41LY I1RTFIGWhc
97dvK2Az7S 97dvK2Az7S
Dkc5CxJ6RV Dkc5CxJ6RV
cqCbnI2bkr cqCbnI2bkr
b3jUAAPOlA b3jUAAPOlA
Iroa6leixY Iroa6leixY
YrPP1U1r20 7cteJXIZM1 YrPP1U1r20
ckEVpwA8CD ckEVpwA8CD
YQKcyMibnc YQKcyMibnc
oQb2PqTM8x N08DpqDewo
H0NdoJawvz H0NdoJawvz 4JtfcKJvHu
tvKOOMQ7Sv tvKOOMQ7Sv
MpRNDD0glq 4ViGHxfdlc MpRNDD0glq
lrFRnKniRv lrFRnKniRv
