153 114 89 74 97 31 89 49 44 168 150 168 11 26 194 146 75 16 126 59 152 64 128 50 156 192 83 92 171 175 27 53 77 60 139 43 139 138 131 25 195 132 73 197 180 70 39 80 140 80 73 161 21 184 21 47 30 183 54 129 12 129 99 145 178 68 118 169 35 90 23 102 98 100 56 100 160 127 100 2 187 65 57 42 103 48 3 98 2 179 2 78 189 147 40 81 108 41 136 76 20 153
69
153 153 170
89 89
74 74
31 4
49 167 49
168 168
150 134 150
11 11
26 172 26
194 194 135
146 146
75 182
16 16
126 126 86
59 28
152 152
128 96 128
50 50
156 156 113
192 29 192 5
83 83 52
171 171
53 53
77 95 77
60 112 60 0
43 43
138 138 61
131 131
195 195
197 197
180 180
70 70
140 140
161 161
21 21
184 184
47 120 36 47 58
30 34
183 188 15
129 129
12 93 12
99 99
145 145
178 178
68 68
118 118
169 169
35 35 177
90 90
23 23
98 122 98 88
56 56
160 160 37
127 127
2 2
187 187
42 42
3 3
179 179
78 163
189 8
147 147
40 40
81 81 119
108 79 108
41 41 19 137
136 136
76 7 13 196 124
20 20
