Jennifer0 Dorian5 Wilma9 Gladys10 Wilma9 Charles12 Etha14 Fred19 James24 Norma25 Christina26 Norma25 James24 Jason28 Lonnie29 Jason28 Derick31 Willie33 Ruby34 Drew35 Ruby34 Willie33 Annie38 Tyrone43 Emma47 Ruth50 Wilma52 Miriam57 Richard62 Laura66 James69 Deena71 William72 David73 Richard74 David73 Steve75 David73 William72 Deena71 James69 Laura66 Richard62 Miriam57 Wilma52 David53 Ida54 James55 Ida54 David53 Wilma52 Ruth50 Emma47 Tyrone43 Annie38 Willie33 Derick31 Jason28 James24 Fred19 Etha14 Doris15 Liza16 Nannie17 Liza16 Doris15 Etha14 Charles12 Wilma9 Dorian5 Jennifer0
25
Jennifer0 Lorraine1 Janet2 Mark3 Patricia4
Dorian5 Robert6 Manuel7 Kathleen8
Gladys10 Gladys10 Gregory11
Charles12 John13
Fred19 Daniel20 Jennifer21 Doris22 William23
Norma25 Norma25
Christina26 Christina26 Nadine27
Lonnie29 Lonnie29 William30
Derick31 Mona32
Drew35 Charles36 Louis37
Annie38 Robert39 Tony40 Gina41 Michael42
Tyrone43 Cindy44 John45 Mabel46
Emma47 Edna48 Dana49
Ruth50 Virginia51
Miriam57 Hector58 Robert59 Natalie60 Michael61
Richard62 Douglas63 Sonya64 Angela65
Laura66 September67 Armando68
James69 Jesus70
Deena71 David77 Robbie78
Richard74 Richard74
Steve75 Steve75
Ida54 Tony56
James55 James55
Liza16 Wesley18
Nannie17 Nannie17
