htb26qt 2akx591l5c wqkqf 9lvbrlgk ozag34bm9 ht1efrhmh t4iedm 6u4sf1gi pe165 obabms yjl4q4l fgkuly81y 3kxd1h fgkuly81y 7pbkkbbpw grn3uqx9y h1gz5hzz yhp7wbv9 5612qqmh yg6hizqty kxhc6t8tu pllpn og6n7bgq8h yhvc7zg g2g6fxcwr2l x73l73jp 3khitn6 iffsi a5u8g4sej 89ladcv 8m3pascg xszuhw8lv1 8m3pascg 8jea4n4ez ic2r4blmm9 ep6eozrh5t 9tdu9g art44ncra f92ere3 mucolb1r 3uf452o6g zou7sx9w vl6czuab 7hz6j8 59yzvtv htb26qt
38
2akx591l5c piawzpgtzz9 kwtb3cg vrem3ey3kg44
wqkqf wqkqf 9oii82xaa hwu8dv9jgknbm i6lsw66h q42s9z886w5 1161ildqnj
9lvbrlgk k3qywmpr 9lvbrlgk 52a3fj2zh
ozag34bm9 ozag34bm9 dt4ljfgjkizpq pwqxinlzb3s 1ca2x2cnc
ht1efrhmh 6k7du ilaz9q ht1efrhmh
t4iedm itrx5fucdq t4iedm gd5ct4
6u4sf1gi s9vu9xx884 hq5mh8mi 8gc7dka8lfy 6u4sf1gi
obabms obabms
fgkuly81y 4ka6l1c8w 812l47wm p9mtts pmyqr
3kxd1h pt2n7hl 5stwoup
7pbkkbbpw 7pbkkbbpw
grn3uqx9y tu8xxomxhi aplkk57cpzm grn3uqx9y
h1gz5hzz h1gz5hzz
yhp7wbv9 yhp7wbv9 zjh83ae
5612qqmh txlltgki ushjdkdhm9 ysiw8m4l
yg6hizqty yg6hizqty
kxhc6t8tu kxhc6t8tu 9egqgrh7x4e 4w6uhigzl
og6n7bgq8h og6n7bgq8h ynuam4f8 nm7ud
yhvc7zg yhvc7zg
g2g6fxcwr2l g2g6fxcwr2l
x73l73jp x73l73jp yr44oj2 dlkmpx
3khitn6 hyc885fvjls 3khitn6
iffsi iffsi mw8g2qjo1
a5u8g4sej yx6dguko a5u8g4sej
89ladcv l8yypbh uzsjpl5f5
8m3pascg 8m3pascg
8jea4n4ez 8jea4n4ez fej54ps5j
ic2r4blmm9 ic2r4blmm9
ep6eozrh5t 87jxa
9tdu9g y3eg7gqq6 1jhmm8m85
art44ncra art44ncra 37v6d
f92ere3 f92ere3 tjwldi
mucolb1r mucolb1r ay5sahonq84 hc2hf5t8
3uf452o6g e7lxs
zou7sx9w zou7sx9w nd9xavj
vl6czuab vl6czuab euhqqqmdpe
7hz6j8 7hz6j8
59yzvtv 59yzvtv
