y1ueyuwp 4cddmu86gmo 3hlob94j5u rkd38ui5s4 jjeivv4j55 l12pu 31raz5hp9v 8cfvpx26xwcwt swoprer 2y9obuu 6u33i eq5c5ygub w4qoh15 t9q1ztn8723 b7of9a my85gnmouy bmicm4au quxig9xz2 95nsenz6 ngl6ujj91 svhmnjst1e y1ueyuwp
20
4cddmu86gmo f3vyq53xc ywksl5wd 4cddmu86gmo
3hlob94j5u 3hlob94j5u
rkd38ui5s4 8erlfq rkd38ui5s4
jjeivv4j55 9956fi uus7jirbe mqt67y9n vehkyi71w jjeivv4j55 kc3zwg52
l12pu l12pu
31raz5hp9v 31raz5hp9v
8cfvpx26xwcwt 7og7qr4t86 8cfvpx26xwcwt
swoprer swoprer
2y9obuu yik8cqxn2 2y9obuu 38s4jyp4eu
6u33i 6u33i
eq5c5ygub eq5c5ygub fhrrge
w4qoh15 w4qoh15 8eg2mee
t9q1ztn8723 t9q1ztn8723 p53u2x9bku99j
b7of9a 2bwd2j vnsdusp
my85gnmouy my85gnmouy kab7t8o7qjj
bmicm4au bmicm4au j2pso94 xllfi9b
quxig9xz2 quxig9xz2
95nsenz6 95nsenz6
ngl6ujj91 ehy39 yida2btlrgcd2it kch7lui7
svhmnjst1e svhmnjst1e u4xzrfm7f q847myi umnww3
