index97 index1 index63 index51 index63 index74 index96 index60 index96 index30 index31 index48 index92 index12 index26 index66 index26 index12 index55 index15 index3 index84 index49 index79 index84 index23 index27 index32 index62 index98 index42 index16 index59 index70 index29 index43 index52 index6 index41 index0 index53 index13 index72 index69 index75 index22 index9 index10 index71 index76 index2 index44 index68 index7 index73 index97
38
index97 index97
index1 index1
index63 index63
index51 index39 index51
index60 index60
index31 index31
index48 index48 index78
index26 index26 index57
index15 index15
index3 index3
index84 index11
index49 index49
index79 index79
index23 index23
index27 index27
index32 index32 index35
index98 index38
index42 index42
index59 index59
index70 index70
index29 index29
index43 index43
index52 index52
index6 index6 index85
index41 index41
index0 index0 index14
index13 index13
index72 index72
index75 index24 index58
index22 index22 index91
index9 index8 index9
index10 index10
index76 index25 index76 index94
index2 index2
index44 index44
index68 index68
index7 index7 index33
index73 index73
