index155 index124 index14 index67 index17 index61 index150 index65 index126 index125 index22 index86 index107 index38 index59 index27 index141 index105 index141 index128 index59 index70 index113 index110 index119 index103 index30 index184 index47 index166 index54 index165 index24 index174 index37 index196 index138 index143 index81 index170 index26 index130 index58 index132 index158 index167 index23 index172 index173 index108 index109 index2 index118 index11 index88 index68 index148 index60 index83 index40 index75 index134 index10 index117 index89 index117 index31 index169 index121 index114 index94 index85 index131 index160 index106 index56 index156 index129 index7 index116 index39 index52 index136 index66 index181 index32 index144 index180 index155
62
index155 index155
index124 index124 index198
index14 index14 index44 index142
index67 index67 index164
index17 index17
index150 index150
index126 index4 index126
index125 index125
index22 index22
index86 index86
index107 index107
index27 index27 index97
index141 index87 index141
index128 index128
index113 index113
index110 index3 index110
index30 index30
index47 index47
index165 index165
index24 index24 index69
index174 index174
index37 index25 index37
index196 index62 index196
index143 index143
index81 index81 index137
index170 index170
index26 index26
index130 index96 index115 index130
index58 index58 index92
index158 index158 index159
index167 index21 index49 index167
index23 index23
index172 index63 index172
index173 index6
index108 index108
index109 index109
index118 index118
index11 index11 index90
index88 index88 index152
index60 index60
index83 index83
index40 index40
index75 index50
index134 index134 index186
index10 index10 index95
index89 index89
index31 index31
index169 index19 index42 index169
index121 index18 index57 index121
index114 index114
index85 index9 index15 index190
index131 index20 index99 index112 index131
index106 index106
index56 index55 index56
index156 index100 index156
index129 index129
index116 index116
index39 index39 index133 index157
index52 index52
index66 index66
index32 index5 index32 index199
index144 index144
