hC71hIuyRaST3AiaSZqg YygsiZkXDS9oQ07w4psX UE66Ok3YtceUJCwuX3xr oq1GulTWdKtwAlNIQxnY 2dfprAgHp3T6RrgooKgP nnG2z19YXqYOoAxMQkFV NXZByMrsstrrXRLxVcyg nOsoIFzZBhdd6bjP45Ba xTqag3TRSmD8TI7ozU6T ivvO5yUvAxjOjLiwMPV4 qyWH5Ui5kFJGpXM7i2RZ qzhMj5jvroYQ0sxm9D9f ymIUUgCvgB7r5le0Mh11 P6PcaiimLTne6w5m7SJi LI8fhHKJlh7mQx1nNK0m 2TderjwrXrNV2UBZ77eD yMXdJdorJpzOHHt9uIfg oq1GulTWdKtwAlNIQxnY 468JV90VoJDfHRf7bwGC NqvNOj5h3GSbJm5NawjL ObIUeV1Y9WxgQVINEZzj RDnAjQbgrCahBSBieO1p NjrNYv2s9TjuFmdhy6vq eULKHiriYHElwEbrQo2X fm9EBymrV0VSOljfjrTQ rW1b1NT9NaRlIIxoT8XF W5rNQea9NsCafaUbLgWC 61VEe5QpRdEG1AHTZmSn jGNThQH3U9Qqi91Eop7X aGWdv30UuUFiszMErlJF nP45x6vSjSYCI8DDOBiZ bw0K7NVh1sgqlnescYkX rW1b1NT9NaRlIIxoT8XF C5aQkckiWq5qVUhbiI57 oakCd1HozhO35GtImcF2 RSJQdRAK7H6zYHVeXyPj CgUyoeVDFzkf0g6EiF8w NWAZrSnr0i1Dj5TA6dLc 24YcTAlCtPoNC11H3BAQ jLS4UljOCe6h8LwAOGRX CMQ0OeWc1jOFVxmSr3hH kuIwHVHn49UEM4TprHKr MCc3yEIO8tXzzu5ZknlT 1wSeohNTb1oCspxe2x4j 4MuL6AbQo2ozZ4x7psrd EfhuR5UGBxqkoqdQBn2E fzCA3w8Mu664WC0yRZb5 EfhuR5UGBxqkoqdQBn2E 6jnt0RQvUBeXBhrLOwzh EnQuMk7pVZUnmn2BboBv g6Fit1BcwBIbAAJnBKGn 5E8wNso5HkheqEVi0Uhr 7DZfG4yobV0xCcSaxf27 vXrEXAmThLoQVXFImZcg b9q1t3OMZ6dXE5R6ca5w F5wAHGfxfHDlSYlCHBkp PFAHK1LPbENiUm01N8B0 D3gODzQIzHZRe5A487BX Tgouk8HApNFShyYjQedR t9sTQNaMU9o2HF5pm7xT qmJjxb5ffqkJdxtR9mHb iuuWW5781KuHBsKkyWMa lVjpvSHc5hBrS7dzTmI1 1uTE034Q24DWmybWBbX4 8w6JkwNghwwfzVWZlMG6 JuSdCG8HSUzwufkmRvTN PqB0lgs9Brze4wJGQzAM JuSdCG8HSUzwufkmRvTN 8IUV6HBSYn47shRwVW5F 1ae7bJScGomdGEdgag5b 8IUV6HBSYn47shRwVW5F EqrhH8oFQmMRN10foGjV PUX0RecerGn3NX5t2hBc KqTw626stjcdChciHrJ6 m2kNeowjoX6iaPduqLLc TrUW9m3qjkTMvqHNRot0 zbsjvfwSdNExCnTFLo8x Wf6tYlitgmZKoXfughsS UQEmoPmHSH2FlTDuXOEx btiXecpJBKmrIHtQ7jPA hC71hIuyRaST3AiaSZqg
63
hC71hIuyRaST3AiaSZqg cXmjc3Wu4kjM1IHGgfA5
YygsiZkXDS9oQ07w4psX 5doygtE58PVlrfBbaaxD YygsiZkXDS9oQ07w4psX OAcbYkMyAi1Iu0vWaaFc v0QCMKnmfkXllH4nQHen
UE66Ok3YtceUJCwuX3xr EEWjQ3rZ3GM9oucA2vc5 COVfDobG5VcfcSxLDUch
oq1GulTWdKtwAlNIQxnY oq1GulTWdKtwAlNIQxnY
2dfprAgHp3T6RrgooKgP 2dfprAgHp3T6RrgooKgP
nnG2z19YXqYOoAxMQkFV 72cxNTZ1Tw5teVGiR2xj nnG2z19YXqYOoAxMQkFV
NXZByMrsstrrXRLxVcyg 3MmCPAjYheu6g9TkIxDm gZiMcGUkLd8qaWleLH1T Mi1upMhcgP7iV16OWKN5 NXZByMrsstrrXRLxVcyg qsbRHSDlSHG3Ep5gugbq
nOsoIFzZBhdd6bjP45Ba nOsoIFzZBhdd6bjP45Ba
xTqag3TRSmD8TI7ozU6T VkEnPX1CQCoh4CxlXSlf
qyWH5Ui5kFJGpXM7i2RZ qyWH5Ui5kFJGpXM7i2RZ
ymIUUgCvgB7r5le0Mh11 ymIUUgCvgB7r5le0Mh11
P6PcaiimLTne6w5m7SJi P6PcaiimLTne6w5m7SJi
LI8fhHKJlh7mQx1nNK0m LI8fhHKJlh7mQx1nNK0m IWOalMs6IXX5Ln6F9Eov 2QgUKFj4HV0dn5Ia55tj
2TderjwrXrNV2UBZ77eD Z2YJKymsE6JEohxl2CgC 2TderjwrXrNV2UBZ77eD
yMXdJdorJpzOHHt9uIfg yMXdJdorJpzOHHt9uIfg
468JV90VoJDfHRf7bwGC 468JV90VoJDfHRf7bwGC l5OFQGDhW1xJJ8ERuglz x81SdeDfzbsk8wgCHcJT
NqvNOj5h3GSbJm5NawjL NqvNOj5h3GSbJm5NawjL
ObIUeV1Y9WxgQVINEZzj 63EFNMvLteBrV7Lj9nA4
RDnAjQbgrCahBSBieO1p 6KcltWtleWJ6izN3XL0F dsEyS8WvuzfBZPrbbzZx RDnAjQbgrCahBSBieO1p
eULKHiriYHElwEbrQo2X eULKHiriYHElwEbrQo2X
fm9EBymrV0VSOljfjrTQ 2YL9dYowMkTTxjU0fVal laRDyozSdXcFtmdQ5VqD
rW1b1NT9NaRlIIxoT8XF rW1b1NT9NaRlIIxoT8XF
W5rNQea9NsCafaUbLgWC W5rNQea9NsCafaUbLgWC
61VEe5QpRdEG1AHTZmSn 61VEe5QpRdEG1AHTZmSn
jGNThQH3U9Qqi91Eop7X ddzqPXECnHQT4a4RIpSF
aGWdv30UuUFiszMErlJF aGWdv30UuUFiszMErlJF
bw0K7NVh1sgqlnescYkX bw0K7NVh1sgqlnescYkX
C5aQkckiWq5qVUhbiI57 C5aQkckiWq5qVUhbiI57 nmwnnNlPCMIjajSEo2R3 R22TNV5lr1tmI44FcHvv
oakCd1HozhO35GtImcF2 oakCd1HozhO35GtImcF2 yXrak2UUHdgFCsCWvgfp
RSJQdRAK7H6zYHVeXyPj RSJQdRAK7H6zYHVeXyPj
CgUyoeVDFzkf0g6EiF8w CgUyoeVDFzkf0g6EiF8w
NWAZrSnr0i1Dj5TA6dLc fuNQ8Sfy86k6zaBQjwEz WgneGAZv4qtDq8Q5DYZf NWAZrSnr0i1Dj5TA6dLc
24YcTAlCtPoNC11H3BAQ 24YcTAlCtPoNC11H3BAQ
jLS4UljOCe6h8LwAOGRX jLS4UljOCe6h8LwAOGRX
kuIwHVHn49UEM4TprHKr kuIwHVHn49UEM4TprHKr
1wSeohNTb1oCspxe2x4j 1wSeohNTb1oCspxe2x4j
4MuL6AbQo2ozZ4x7psrd 4MuL6AbQo2ozZ4x7psrd
fzCA3w8Mu664WC0yRZb5 fzCA3w8Mu664WC0yRZb5
6jnt0RQvUBeXBhrLOwzh 6jnt0RQvUBeXBhrLOwzh
EnQuMk7pVZUnmn2BboBv QHOT9LWV0s6xVVreglDh
g6Fit1BcwBIbAAJnBKGn z0rRwRZbA1TaaAgS8PYu 1Oc2bGjHzXrMLiYLik5Z OBEPyJuvhH0Z9VoT2UNC g6Fit1BcwBIbAAJnBKGn
7DZfG4yobV0xCcSaxf27 7DZfG4yobV0xCcSaxf27
vXrEXAmThLoQVXFImZcg vXrEXAmThLoQVXFImZcg
b9q1t3OMZ6dXE5R6ca5w b9q1t3OMZ6dXE5R6ca5w
F5wAHGfxfHDlSYlCHBkp IC3wlDskAWyf0o1M61kl
PFAHK1LPbENiUm01N8B0 PFAHK1LPbENiUm01N8B0 xtgYSd34f56WAH3CCBpW
D3gODzQIzHZRe5A487BX g5fwwkfUKem4JdibLkXM
Tgouk8HApNFShyYjQedR Tgouk8HApNFShyYjQedR Dv6lwBgjbbZceuQXFzFf QYsTJmc2IUi36H1YK47s sCcEFmBkhTop4sycKzuM
t9sTQNaMU9o2HF5pm7xT t9sTQNaMU9o2HF5pm7xT
lVjpvSHc5hBrS7dzTmI1 Mufarp9xGx29xj0P1ijS lVjpvSHc5hBrS7dzTmI1
1uTE034Q24DWmybWBbX4 1uTE034Q24DWmybWBbX4
8w6JkwNghwwfzVWZlMG6 OLGSBuAPLZmdhTN6ApoS 8w6JkwNghwwfzVWZlMG6
JuSdCG8HSUzwufkmRvTN RNtZ6m1O9hQj2ovJiJE3 JuSdCG8HSUzwufkmRvTN
PqB0lgs9Brze4wJGQzAM FE29I03FH1qEyEvIQNGT mkGdh9qd7uj9x5W3Koxj
8IUV6HBSYn47shRwVW5F 8IUV6HBSYn47shRwVW5F DmIjX4adnoqSEDmx2f39
1ae7bJScGomdGEdgag5b 1ae7bJScGomdGEdgag5b
EqrhH8oFQmMRN10foGjV wqyhoOJuJuNfuZ1c9ZhU EqrhH8oFQmMRN10foGjV
KqTw626stjcdChciHrJ6 KqTw626stjcdChciHrJ6
TrUW9m3qjkTMvqHNRot0 TrUW9m3qjkTMvqHNRot0
zbsjvfwSdNExCnTFLo8x zbsjvfwSdNExCnTFLo8x
Wf6tYlitgmZKoXfughsS Wf6tYlitgmZKoXfughsS Ca5sYccbD9TUz7JLHrcf
UQEmoPmHSH2FlTDuXOEx UQEmoPmHSH2FlTDuXOEx
btiXecpJBKmrIHtQ7jPA btiXecpJBKmrIHtQ7jPA 4wWd3kvalFkda9M583i7
