M2S9flVUcYP2sJdh8LXf 93aDiM8K0XhtiVcCVKi2 tuE7UekaxGUib4idWtYa PZrpdQAa8H8tkrajh08J m1IYiQsUBuvvpTv7yWXO ZBeXR80522AAM5P7qeaG Dc1wEVV3kuOZotG6pNlL Jjat3uJ5XboI9kZe0522 Dc1wEVV3kuOZotG6pNlL uy6RcQAYd3ATM1Icq3my 5gumrx48u1yPpF6ivPOI vxiwkV1b5fV2sGCBFsRQ 5gumrx48u1yPpF6ivPOI yHMPX8vHctuUweyLluyz oWxP87H6AXwFzF0dpB9d 4bQwji0D4wyEDLd54MWv 8KfYYXeMqM0D4nShLOzi zbFdxZAJcbci5gs01pnM Kfu1pc3YPMGebW7Iu8ex dKH5OdpmJKCU83bbXVxZ T05cb1iVZnpGK4zO8JN8 Pqf0Sn4UvsBLaxz7WO4n MtQDjkLToWj4d53MMhKG 9GrchmlNCDIapQ9OnEYh yCGd2pn2AE5LZ3OxzJbL XmlH4l2BXG35TF70bZqZ ag5vZ07KPwCr1Lpz8zM0 Dc1wEVV3kuOZotG6pNlL LNMZej67uy0Whvqp5OR1 cdaizmjQrCe5Vnwy3JQF wpBgd82GxlO3hr1i0lHL Z8MZ2JfftjeVVnGFSOQe 5jhNGHh0Et1Lidy4vCpq Z0DuoZMcx6oyDPWFznMK wpBgd82GxlO3hr1i0lHL tVhIJJgs0kEFaQx1hdWm pNXWB5geApaSjbsCCT4J MtQDjkLToWj4d53MMhKG M2S9flVUcYP2sJdh8LXf
28
M2S9flVUcYP2sJdh8LXf H59EihDjhfpS7ToXFM3L M2S9flVUcYP2sJdh8LXf
93aDiM8K0XhtiVcCVKi2 Bc6dudheE3WGLxP0iDdK 93aDiM8K0XhtiVcCVKi2
tuE7UekaxGUib4idWtYa sH3pvLOfMUrEGUrmsHCu
PZrpdQAa8H8tkrajh08J PZrpdQAa8H8tkrajh08J
m1IYiQsUBuvvpTv7yWXO m1IYiQsUBuvvpTv7yWXO
Dc1wEVV3kuOZotG6pNlL k7k4sHxeh1pR4sOjcVuj Dt5YfbjQq6VoKnyw6Zav
Jjat3uJ5XboI9kZe0522 W4IxjYZtRN88GGSV9Uoc L8bxdxuDa5issn2PiN3u yZPIHwySFuIdRJCMzjnz Jjat3uJ5XboI9kZe0522
uy6RcQAYd3ATM1Icq3my LxEzX08MG9T8knIYbul0 uy6RcQAYd3ATM1Icq3my dOKaHsIcDX32wPXAX2Gt ECCnzlgsMEvTYjNwAlfM
5gumrx48u1yPpF6ivPOI 5gumrx48u1yPpF6ivPOI
vxiwkV1b5fV2sGCBFsRQ zdtRVpQ9lVyEhNj9Evpp gZVNRDm5p6aX5QEEX8UG vxiwkV1b5fV2sGCBFsRQ
yHMPX8vHctuUweyLluyz yHMPX8vHctuUweyLluyz
oWxP87H6AXwFzF0dpB9d jgcWqrcniA4q9WNs9xkc oWxP87H6AXwFzF0dpB9d
4bQwji0D4wyEDLd54MWv 4bQwji0D4wyEDLd54MWv
8KfYYXeMqM0D4nShLOzi v0QJIKD4q7sFXrzFSb6J 8KfYYXeMqM0D4nShLOzi tUowOUG1V7iCXBCMR0AT
zbFdxZAJcbci5gs01pnM zD7ErBenXxsG4D9b5TEV 9Jr76N4fnNot7SNYqBKG
Kfu1pc3YPMGebW7Iu8ex Kfu1pc3YPMGebW7Iu8ex
dKH5OdpmJKCU83bbXVxZ S8uMGvUglWyhnfV5Wzdp 0uvEfLgT4s8ImTk9VWBt dKH5OdpmJKCU83bbXVxZ
Pqf0Sn4UvsBLaxz7WO4n Pqf0Sn4UvsBLaxz7WO4n 48nWZMVqWDxfH9uMf2U3 EtrZREkmL456viQQJ9Rb
MtQDjkLToWj4d53MMhKG nbZglhhmYQAPQz4eETaj
9GrchmlNCDIapQ9OnEYh 9GrchmlNCDIapQ9OnEYh
XmlH4l2BXG35TF70bZqZ XmlH4l2BXG35TF70bZqZ NMTjl1jsvrb7y2ggdCSc
ag5vZ07KPwCr1Lpz8zM0 fmFrd4vggNac5TkiFJAd
LNMZej67uy0Whvqp5OR1 Eu0wGcDBBrgvePzHfqrS LNMZej67uy0Whvqp5OR1
cdaizmjQrCe5Vnwy3JQF cdaizmjQrCe5Vnwy3JQF vodEvdIApqt0N3TZsbxN
Z8MZ2JfftjeVVnGFSOQe Z8MZ2JfftjeVVnGFSOQe
Z0DuoZMcx6oyDPWFznMK Z0DuoZMcx6oyDPWFznMK
tVhIJJgs0kEFaQx1hdWm tVhIJJgs0kEFaQx1hdWm
pNXWB5geApaSjbsCCT4J pNXWB5geApaSjbsCCT4J
