Chattanooga MorenoValley Anaheim Springfield Spokane Fresno Plano Lubbock Corona FortWorth Fayetteville Aurora Glendale Portland Honolulu Huntsville Tacoma Huntsville Fremont LittleRock Lincoln Madison Joliet RanchoCucamonga Akron Hayward Norfolk SaintPaul Washington NewOrleans FortLauderdale Savannah FortLauderdale Indianapolis Riverside Scottsdale OverlandPark BatonRouge Bakersfield Salinas Murfreesboro Omaha NewportNews Minneapolis WinstonSalem Cincinnati Albuquerque Cincinnati WinstonSalem JerseyCity Buffalo Pomona Garland Fullerton ElkGrove Savannah FortLauderdale SanDiego Sunnyvale StPetersburg Toledo Atlanta Chicago Atlanta NewOrleans Cleveland Chattanooga
50
MorenoValley Memphis Henderson Durham Tallahassee
Anaheim NewYork Anaheim ChulaVista
Springfield Springfield Berkeley
Spokane Spokane
Fresno Boston GrandRapids Worcester
Plano ElPaso Plano Yonkers Salem Midland
Lubbock Louisville Lubbock
Corona Brownsville Corona Olathe
FortWorth FortWorth
Fayetteville Wichita Richmond Fayetteville
Aurora Baltimore KansasCity Aurora Lexington Frisco Orange
Glendale Glendale
Honolulu SanFrancisco Honolulu PortStLucie
Tacoma Tacoma Oxnard
Fremont Fremont SanBernardino
LittleRock SanJose LittleRock CapeCoral Shreveport
Lincoln SantaAna Lincoln Fontana
Madison Madison Denton
Joliet Joliet
RanchoCucamonga Newark Ontario
Akron Akron
Hayward SantaClarita Hayward
Norfolk Raleigh Irvine Syracuse
SaintPaul SaintPaul
Washington Washington
FortLauderdale FortLauderdale
Savannah Savannah
Indianapolis Phoenix Indianapolis
Riverside Riverside
Scottsdale Austin Scottsdale Tempe
OverlandPark Anchorage Surprise
BatonRouge BatonRouge Vancouver
Bakersfield Bakersfield Oceanside
Salinas GardenGrove
Murfreesboro Charlotte Murfreesboro
NewportNews DesMoines NewportNews Alexandria
Minneapolis Jackson
WinstonSalem Knoxville
Cincinnati Cincinnati GrandPrairie Paterson
Albuquerque LosAngeles Waco
Buffalo Buffalo
Pomona Pomona
Garland Orlando
ElkGrove McAllen
SanDiego SanDiego
Sunnyvale Boise
StPetersburg Jacksonville
Toledo Toledo
Chicago Chicago Naperville
Cleveland SanAntonio Cleveland
