SaintPaul Garland Newark Scottsdale Boise Scottsdale Honolulu Memphis Louisville Irving Anaheim Arlington Wichita Boston Wichita Arlington SanAntonio Arlington Wichita VirginiaBeach StPetersburg Lubbock Chesapeake Fresno KansasCity Miami Omaha Aurora Austin ElPaso Houston Stockton Milwaukee Columbus Glendale Hialeah OklahomaCity Cincinnati Phoenix Durham SantaAna Durham WinstonSalem Durham Phoenix Cincinnati ChulaVista Baltimore LongBeach Greensboro Dallas Tucson Detroit Denver JerseyCity Toledo Atlanta LasVegas Indianapolis Mesa Baltimore Albuquerque BatonRouge FortWorth NewYork ColoradoSprings SanJose SanDiego Minneapolis SanDiego SanJose SaintPaul
42
Newark Newark
Scottsdale Scottsdale
Honolulu Honolulu
Memphis Memphis
Louisville Madison
SanAntonio SanAntonio
StPetersburg Henderson StPetersburg
Lubbock Lubbock
Chesapeake Chesapeake
Fresno Lexington Plano Spokane
KansasCity NewOrleans
Aurora Aurora
Austin Austin
ElPaso ElPaso
Houston Houston
Stockton Stockton
Milwaukee Milwaukee
Columbus Columbus
Glendale Glendale
Hialeah Hialeah
OklahomaCity OklahomaCity
Cincinnati Cincinnati
Phoenix Phoenix
Durham Durham
SantaAna SantaAna Pittsburgh
WinstonSalem WinstonSalem
ChulaVista Charlotte
Baltimore Baltimore
LongBeach LongBeach
Greensboro Chandler
Dallas Dallas
Tucson Tucson Raleigh
Denver Denver
JerseyCity JerseyCity Laredo
Toledo Tampa
Atlanta Atlanta
Indianapolis Indianapolis
Albuquerque Anchorage FortWayne
FortWorth FortWorth
SanJose SanJose
SanDiego SanDiego
Minneapolis Bakersfield Lincoln
