Hernandezville Beckyshire Derekton Thomaschester Mcfarlandville Belindamouth Mcfarlandville Thomaschester Derekton Wagnerton Williamsfort Wagnerton Derekton Wallaceville Morenoside Amberfurt Morenoside Wallaceville Derekton Beckyshire Hernandezville Joelview Mitchellchester Sheabury Charlottetown Sheabury Maysfort Huynhton Maysfort Sheabury Mitchellchester Lopezmouth Heathermouth Emilymouth Heathermouth Lopezview Heathermouth Lopezmouth Dixonton Keithton Andrewland Keithton Dixonton Francesmouth Dixonton Lopezmouth Mitchellchester Joelview Farmerside Gabriellabury Courtneyfurt Gabriellabury Farmerside Ryanton Williamsmouth Mcdonaldmouth Williamsmouth Ryanton Farmerside Ralphtown Garciaport Charlesburgh Garciaport Ralphtown Stricklandbury Tylermouth Deanstad Tylermouth Stricklandbury Ralphtown Farmerside Joelview Downsville Williammouth Haasville Williammouth Downsville Richardhaven Tammychester Rebeccaton Tammychester Richardhaven Downsville Joelview Hernandezville Beckyshire Ponceville Bridgesville Dennisstad Wilsonburgh Dennisstad Bridgesville Esparzaberg Thomasburgh Esparzaberg Kristinbury Allenberg Kristinbury Esparzaberg Bridgesville Riveramouth Martinton Riveramouth Bridgesville Ponceville Garymouth Camposstad Donaldstad Camposstad Garymouth Christophertown Crystaltown Johnsontown Crystaltown Christophertown Garymouth Ponceville Mcculloughchester Jonestown Barbarachester Jonestown Kellyfort Tinatown Kellyfort Jonestown Mcculloughchester Crystalchester Smithmouth Robertborough Smithmouth Crystalchester Mcculloughchester Ponceville Beckyshire Hernandezville
34
Belindamouth Belindamouth
Morenoside Johnport
Amberfurt Amberfurt
Huynhton Huynhton
Emilymouth Emilymouth
Lopezview Lopezview Robertsfort
Keithton Aprilstad Keithton
Andrewland Andrewland
Francesmouth Richardville Francesmouth
Gabriellabury Hendersonchester
Courtneyfurt Contrerasland Morrisbury
Williamsmouth Johnstonmouth
Mcdonaldmouth Adkinsfurt Mcdonaldmouth
Charlesburgh Charlesburgh Angelaview
Tylermouth Tylermouth
Deanstad Deanstad
Haasville Haasville
Tammychester Tammychester
Rebeccaton Rebeccaton
Wilsonburgh Josephton Wilsonburgh Harristown
Thomasburgh Johnsonmouth Thomasburgh Sanchezland
Kristinbury Kristinbury
Allenberg Allenberg
Riveramouth Bradshawside Wandaside
Martinton Martinton Brianland Deborahfort
Camposstad Williamsville
Donaldstad Donaldstad Thomastown
Crystaltown Crystaltown
Johnsontown Johnsontown
Barbarachester Barbarachester Jonesberg
Kellyfort Kellyfort Pittsland
Tinatown Tinatown
Smithmouth Smithmouth
Robertborough Robertborough
