Porterton Wallton Davisstad Newmanburgh Gallowaymouth Rioshaven Josephstad Rioshaven Gallowaymouth Newmanburgh Davisstad Leechester Pettyton Bondmouth Pettyton Leechester Davisstad Jacksonton Singletonton Clarkbury Singletonton Jacksonton Davisstad Wallton Danielleport Cooperton Lopezborough Waltersmouth Adamport Waltersmouth Adkinsberg Waltersmouth Lopezborough Cooperton Danielleport Melissaview Campbellhaven Annberg Campbellhaven Melissaview Cheyennefurt Watsonville Cheyennefurt Melissaview Danielleport Scottburgh Laurenbury Haleview Laurenbury Scottburgh Danielleport Wallton Derekmouth Charlesberg Weberbury Charlesberg Kevinberg Patriciabury Kevinberg Adamside Bradberg Adamside Kevinberg Charlesberg Sethland Ellisstad Osbornemouth Ellisstad Sethland Charlesberg Derekmouth Geraldside Michellehaven Cranemouth Michellehaven Ramosborough Fordhaven Ramosborough Michellehaven Geraldside Joseport Hallborough Joseport Geraldside Derekmouth Jeffreyfort Garytown Audreyfort Garytown Jeffreyfort Derekmouth Wallton Porterton Dianashire Burgessview Williamfort Thomasville Webbview Thomasville Lopezburgh Leahmouth Lopezburgh Byrdfurt Garciamouth Byrdfurt Loweryborough Byrdfurt Lopezburgh Thomasville Williamfort Moodyburgh Heatherberg Thomasborough Heatherberg Moodyburgh Williamfort Williamport Ashleystad Codyton Ashleystad Williamport Williamfort Burgessview Marcusburgh Matthewburgh Bondfort Matthewburgh Virginiastad Johnsonberg Virginiastad Robinsonmouth Horneside Robinsonmouth Virginiastad Matthewburgh Marcusburgh Fletcherland Kingview Williamschester Kingview Fletcherland Marcusburgh Burgessview Dianashire Ashleyborough Clarkberg Burtonview Phamhaven Burtonview Murphyside Bakertown Murphyside Burtonview Clarkberg Reevestown Judithview Michaelview Judithview Reevestown Clarkberg Ashleyborough Osborneville Christophermouth Shawnhaven Christophermouth Osborneville Payneview Teresafort Smithtown Teresafort Calvinton Teresafort Payneview Barnesmouth Harrisport Barnesmouth Payneview Jacksonville Jennifertown Jacksonville Payneview Osborneville Ashleyborough Dianashire Burgessview Billton Gabrielfort Jamesshire Gabrielfort Billton Banksburgh Simmonsburgh Michaelville Simmonsburgh Banksburgh Yvonneborough Parkermouth Yvonneborough Banksburgh Billton Burgessview Dianashire Ashleyborough Paulburgh Walltown Scotttown Jacksonview Danielville Jacksonview Scotttown Walltown Callahantown Maryport Callahantown Walltown Johnberg Williamshire Johnberg Walltown Paulburgh Robertsstad Toddtown Swansonshire Abigailhaven Swansonshire Toddtown Robertsstad Paulburgh Ashleyborough Dianashire Porterton
58
Rioshaven Rioshaven
Josephstad Josephstad
Leechester Suttonville
Pettyton Jonesfurt
Bondmouth Bondmouth Mercedesmouth Taylorton
Clarkbury Jermaineton Clarkbury
Adamport Adamport
Adkinsberg Adkinsberg
Annberg Annberg Dyerport Houstonchester
Cheyennefurt Thompsonshire
Watsonville Christyland Watsonville Robertomouth
Haleview Hallstad Haleview
Weberbury Kimberlyburgh Clarkport Candiceland
Patriciabury Patriciabury Troyfort Thomasmouth
Adamside Andrewschester Adamside
Bradberg Bradberg
Sethland Tannerhaven
Ellisstad Ellisstad
Osbornemouth Osbornemouth
Cranemouth Joneschester Cranemouth
Ramosborough Ramosborough
Fordhaven Fordhaven
Joseport Gabrielburgh Hodgesstad
Hallborough Kylieview Hallborough
Jeffreyfort Nealfurt Susanfort
Audreyfort Audreyfort Patriciaside
Leahmouth Leahmouth
Byrdfurt Byrdfurt
Garciamouth Garciamouth
Loweryborough Loweryborough
Moodyburgh Smithfort Millerborough
Thomasborough Masseyside Thomasborough Ortegaberg
Ashleystad Vickiville Holthaven
Codyton Mindyview Codyton Ryanside
Marcusburgh Wilsonstad Hansonbury
Bondfort Shawnmouth Harrisborough Adamview Priceville Buckleyside
Johnsonberg Johnsonberg
Robinsonmouth Robinsonmouth
Horneside Horneside
Fletcherland Ortizberg
Williamschester Williamschester Mirandaview
Bakertown Derekville Jameston Bakertown
Michaelview Michaelview Clarenceview
Shawnhaven Candaceborough Dannyside
Smithtown Smithtown Abigailville Jacksonland
Calvinton Calvinton
Barnesmouth Clarkborough
Harrisport Brendaview Harrisport
Jacksonville Christopherhaven
Jennifertown Feliciaville Jennifertown
Michaelville Michaelville Williamland
Parkermouth Parkermouth Shawnfort
Jacksonview Jacksonview
Danielville Danielville
Maryport Combsville Reynoldsview Maryport
Williamshire Williamshire
Swansonshire Swansonshire
Abigailhaven Abigailhaven
