0 176 85 182 5 12 53 20 81 10 32 10 160 10 70 155 16 33 61 28 185 21 125 3 43 77 98 65 91 144 159 56 8 87 64 126 57 4 78 34 132 90 25 165 51 142 148 49 54 179 9 46 73 0
43
0 0 23
176 19 35 37 44
85 1 58 84 85
5 5 41 59 74 75 97
12 12 31 62 86
53 53
20 20
81 81
10 10 71
32 32
70 70
16 16
33 15 29 33 76 89
61 61 72
28 28
185 38 42
21 21 93
125 66 80
3 3
43 43 69
77 68 77
98 98
65 26 45 65
91 91
56 11 56 67 79
8 8 17 30
87 18 87 95
64 7 48 50 63 64 88
126 39 94
57 57
4 4 60
78 14 36 78
34 34
90 55 90
25 25
51 13 51
142 22 47
49 49
54 54
179 27 82 92 99
9 2 6 9 40 52 83 96
46 24 46
73 73
