K BH FS BH K B CA GD ET S GB BJ DV BX DP EU AH EO GR CM DN EH CH C DR C EP AG EG FN AF ED AE X CV L CV CW AT CW BZ BQ BZ CK FH CJ GK FR GM FG BI DB GJ FJ FA FJ BO DX EM BP BN I AB DZ A CL FP DS DH DC U DK DM F M GN EL AZ CE EQ GF AC V BY FL BA G DF CB FZ GH DA EK FO T EK GE FI GO BW DQ BW Z AX W FV FE EQ R EJ AM CD BH K
76
FS FS
B B
CA EN
GD GD
BJ BJ FD
DV BF DV
BX BX
DP DP GL
EU EU
AH AH AW
EO EO EV
GR GR
CM CM
EH EH
CH EZ FU
DR DR FX
AG AG GG
EG EG
FN CY
AF AF
ED ED GC
X X
L L
CW BB CW
BQ BQ
CK CK
FH FH
CJ BR CJ
GK GK
FR CQ FR
FG FG
BI BI
DB DB
GJ GJ
FJ P EC FJ GI
BO BO
DX DX
EM EA EM
BP BP
I I
AB AB
DZ DZ FM
A BG
CL AS
FP FP
DS DS
DH DH
DC AN DC
U U
DK AJ DI DK
DM DG
M M
GN BL
EL EL
CE CE
EQ Y EQ
GF CT GF
V V
BY BE BY
BA BA
G G
CB CB
FZ FZ
EK EK
FO FO
T T
GE GE
FI FI
GO GO
Z Z
AX AX
FV FV
FE FE
R R
EJ EJ
AM AM CF
