89 12 127 27 156 67 24 12 150 12 68 100 87 61 143 70 17 179 161 118 189 139 33 145 39 167 53 168 37 151 195 33 121 20 82 13 146 11 183 109 103 79 194 49 140 31 155 48 95 193 22 35 178 170 5 104 142 197 86 29 86 36 95 97 69 89
51
12 12 187
127 4 80 88 127
27 27 78 101 169
156 51 156
24 23
100 100 199
61 61 122
143 102 114 125
70 3 70 135 136 192
179 179
161 16 58
118 1 118
189 189
33 25 33
145 149 190
39 39 85
167 38 41 75 81 94
53 32 96
168 44 99 124
37 37
151 151
195 132 195
121 18 121
20 160
82 65 82 147 191
13 13 148
146 146
11 11
183 183
109 109 112
103 73
79 79
194 133 141 194
49 49 111 128 144
140 140
31 6 31 64 107
155 155
48 9 48
95 98
193 193
178 178
170 83
5 5 172
104 59 130
142 21 188
197 197
86 56 86 173
29 29
36 36
97 97
69 69
