fmdhlepsteinstdnkill lkilltndepsteindsmfh tmsdnfdlkillhepstein lhepsteinkilldtnmfsd tmsdnfdlkillhepstein nltdmsfepsteinkilldh fkillepsteindlhdnsmt epsteinkillmsftnddlh fkillepsteindlhdnsmt nltdmsfepsteinkilldh hnfdtmlepsteinkillds nhslfmepsteindtkilld hsdfepsteintlnkilldm fshtdepsteinmldnkill dmdepsteinnhkilllsft hnsdkilllftdmepstein ntlepsteindmfdshkill dfdkillepsteinslmhnt dlnsthfmepsteinkilld epsteindfhlmdnskillt fmsepsteindntldhkill tlmsdhdnkillfepstein lsdepsteinfmkillndth fkillepsteindlhdnsmt epsteinkillmsftnddlh fhndskillepsteintldm ddlmnftepsteinhskill dnkillepsteinlshdtfm killepsteinlhtfdsmdn dhkilllsepsteinmntdf killepsteinlhtfdsmdn epsteinlshkilldnfdmt flepsteindndhmtkills killdmnsfhldepsteint epsteintdkilllnfdhms killdmnsfhldepsteint ndkillftdsmepsteinlh lmhdtfdepsteinnkills dnkillepsteinlshdtfm killnfsdhltmepsteind fdshnmkillepsteinltd killnsfmhdepsteindtl nfdhkilllsmtepsteind killnsfmhdepsteindtl epsteinskilldlndhmtf lthfkilldnsmepsteind hepsteinsddnfkillmlt lthfkilldnsmepsteind epsteinskilldlndhmtf killnsfmhdepsteindtl snfdlkillmtdhepstein fkillepsteindlhdnsmt epsteinkillmsftnddlh dnkillepsteinlshdtfm epsteindlsfdntmkillh fmdhlepsteinstdnkill
35
fmdhlepsteinstdnkill nhmkilllsftepsteindd
tmsdnfdlkillhepstein mftkillepsteinndlhsd
lhepsteinkilldtnmfsd lhepsteinkilldtnmfsd
nltdmsfepsteinkilldh nltdmsfepsteinkilldh
fkillepsteindlhdnsmt stepsteinhkillfmnldd
epsteinkillmsftnddlh dmepsteinfnhltkillsd epsteinkillmsftnddlh
hnfdtmlepsteinkillds msfltdkillnepsteinhd hdepsteinskillldtnfm hnfdtmlepsteinkillds
hsdfepsteintlnkilldm hsdfepsteintlnkilldm
fshtdepsteinmldnkill lndsdkilltmepsteinhf fshtdepsteinmldnkill
dmdepsteinnhkilllsft dhepsteindsnlkillfmt tlsfdmdepsteinnhkill
hnsdkilllftdmepstein hnsdkilllftdmepstein depsteinnlsfmhtkilld
ntlepsteindmfdshkill nepsteinlmdkilldhfts killmlepsteindthnfsd ntlepsteindmfdshkill
dfdkillepsteinslmhnt lnsmkilltfdepsteindh
dlnsthfmepsteinkilld dlnsthfmepsteinkilld
epsteindfhlmdnskillt epsteindfhlmdnskillt
fmsepsteindntldhkill fmsepsteindntldhkill
tlmsdhdnkillfepstein tmlepsteinsdnfkillhd epsteinmhndfkilltdls tlmsdhdnkillfepstein hsndepsteindlmtkillf
lsdepsteinfmkillndth lsdepsteinfmkillndth
fhndskillepsteintldm fhndskillepsteintldm
ddlmnftepsteinhskill fepsteinhsntddkilllm ddlmnftepsteinhskill
dnkillepsteinlshdtfm dnkillepsteinlshdtfm
killepsteinlhtfdsmdn killepsteinlhtfdsmdn
dhkilllsepsteinmntdf dhkilllsepsteinmntdf
epsteinlshkilldnfdmt epsteinlshkilldnfdmt
flepsteindndhmtkills flepsteindndhmtkills
killdmnsfhldepsteint killdmnsfhldepsteint
epsteintdkilllnfdhms epsteintdkilllnfdhms
ndkillftdsmepsteinlh ndkillftdsmepsteinlh
lmhdtfdepsteinnkills lmhdtfdepsteinnkills
fdshnmkillepsteinltd fdshnmkillepsteinltd
killnsfmhdepsteindtl killnsfmhdepsteindtl
nfdhkilllsmtepsteind dfkilllmtepsteinhdsn nfdhkilllsmtepsteind
epsteinskilldlndhmtf epsteinskilldlndhmtf
hepsteinsddnfkillmlt hepsteinsddnfkillmlt ddtmkillepsteinflsnh nkilltdhlmdepsteinsf
epsteindlsfdntmkillh epsteindlsfdntmkillh
