dldkilltnmhfepsteins msddkilllthepsteinfn tldkillhsfnmepsteind depsteinlfnmkilldsht tldkillhsfnmepsteind depsteinftndhmkillsl fthlkillnepsteindsdm depsteinftndhmkillsl hepsteinnfdmlsdtkill depsteinftndhmkillsl dhkillldsepsteintnmf fsepsteindkillhmtdln dkillnmhldstfepstein epsteinshlkilldmnfdt dfdepsteintlnskillhm epsteinshlkilldmnfdt epsteintfhndkilllmsd tdnfmdhepsteinslkill smfhndepsteinkillltd hsepsteinfkillnmddtl killfsdndhtmepsteinl hnsepsteinmkillfddtl killthsepsteindmlfdn depsteinslkillhdftmn killthsepsteindmlfdn nepsteindhkillltmsfd sndldftmkillepsteinh killhtdmdlnsfepstein sepsteindhmnltkillfd smtepsteinkilldfnhdl mfndlsdepsteinhkillt fdmtdepsteinkilllsnh lntkillepsteinfsddhm mhdskillldftnepstein nmkilldepsteinhtldsf ltfnsdhepsteinkilldm nmkilldepsteinhtldsf ldhtdkillepsteinfsmn fddsmepsteintnkillhl lnepsteintdfmdshkill mfndlsdepsteinhkillt dsftepsteindhkillmnl sdlhfnmdepsteintkill dsftepsteindhkillmnl mfndlsdepsteinhkillt dmldfhskillntepstein mdkillntepsteindfhsl tndskilldfepsteinmhl mdkillntepsteindfhsl tepsteinhsdkillmldfn sldhnfmtdkillepstein tepsteinhsdkillmldfn mshkillltdepsteinfdn dftkillhmldnepsteins mndtkillepsteindlfhs dftkillhmldnepsteins mltdhfdepsteinkillsn killmdepsteinftshldn mltdhfdepsteinkillsn lkilldtnmsepsteindfh tsmdepsteinkillhfdln depsteinlfnmkilldsht slepsteinkillfmddhtn depsteinlfnmkilldsht dkillfepsteinnhdmtls lmkillepsteintsndfhd dldkilltnmhfepsteins
41
msddkilllthepsteinfn msddkilllthepsteinfn dlfdkilltepsteinhnms
tldkillhsfnmepsteind hnskillepsteintfdmld tldkillhsfnmepsteind
depsteinlfnmkilldsht lhepsteintndkilldsmf depsteinlfnmkilldsht
depsteinftndhmkillsl depsteinftndhmkillsl epsteindkilltlmnhsfd fhnmkillepsteinsdltd
fthlkillnepsteindsdm epsteinhnkillsldfdmt fdskillndtmepsteinlh nftmskilldldepsteinh lepsteindnhstfdmkill thnkillmddsepsteinfl mdkillnlsdtepsteinhf
hepsteinnfdmlsdtkill hepsteinnfdmlsdtkill
dhkillldsepsteintnmf fmltddhnepsteinskill killtdmsdfhnepsteinl
fsepsteindkillhmtdln skillthlfndepsteindm fsepsteindkillhmtdln killhdfnsepsteinmltd epsteinlmkillfshnddt
dkillnmhldstfepstein dkillnmhldstfepstein mhkillepsteinddlfsnt
dfdepsteintlnskillhm ldepsteindhkilltsmfn dfdepsteintlnskillhm
epsteintfhndkilllmsd tdkillepsteinsmhdfnl epsteintfhndkilllmsd epsteinsnmflhtdkilld
tdnfmdhepsteinslkill dlshdtepsteinnkillfm fmtnkilldepsteindhsl
hsepsteinfkillnmddtl nmdhepsteinkilltfsld epsteindmshtfldnkill hsepsteinfkillnmddtl ldfsmnepsteinkilltdh
hnsepsteinmkillfddtl hnsepsteinmkillfddtl dhtepsteinkillsdflmn
killthsepsteindmlfdn killthsepsteindmlfdn
depsteinslkillhdftmn depsteinslkillhdftmn
nepsteindhkillltmsfd nepsteindhkillltmsfd
sndldftmkillepsteinh sndldftmkillepsteinh
killhtdmdlnsfepstein nfltdmkillsdepsteinh lsmftnepsteinkillhdd killhtdmdlnsfepstein mkilldlshdtfepsteinn hmdkilllnepsteinfsdt
sepsteindhmnltkillfd killdepsteinmfltdshn thdlskillnfdmepstein killtepsteinddhlmnsf tsdnhkilllmepsteindf dmtlsfhnkilldepstein lepsteinkilldhfmstnd
smtepsteinkilldfnhdl killdldepsteinmfsthn epsteinfthkilldnslmd
mfndlsdepsteinhkillt killmfndshdtepsteinl
fdmtdepsteinkilllsnh epsteinldtnfmshdkill lkillepsteintdshmfnd fdmtdepsteinkilllsnh mdkilllfdnstepsteinh
lntkillepsteinfsddhm mkillthfdlnepsteinds dtsmdnlhfepsteinkill dflstmkillepsteindhn
mhdskillldftnepstein killtdslhfdepsteinnm shfnmltepsteindkilld mhdskillldftnepstein
ltfnsdhepsteinkilldm tepsteinmdfldhnskill ltfnsdhepsteinkilldm
fddsmepsteintnkillhl fddsmepsteintnkillhl ntmdhepsteinsdkillfl dhsepsteintlkillmfnd
lnepsteintdfmdshkill dnldkillhmfstepstein skillmfepsteinthddnl
sdlhfnmdepsteintkill sdlhfnmdepsteintkill
dmldfhskillntepstein dmldfhskillntepstein
mdkillntepsteindfhsl mdkillntepsteindfhsl epsteinhdkillltsmfdn
tndskilldfepsteinmhl dkillnmsfhtlepsteind tndskilldfepsteinmhl
tepsteinhsdkillmldfn tepsteinhsdkillmldfn
sldhnfmtdkillepstein tdfkillslepsteinhdmn msepsteintlhnfkilldd fhdmnepsteindkillslt sldhnfmtdkillepstein
dftkillhmldnepsteins ndkillthdepsteinlsmf dtnkillsepsteinmdfhl hmndfkillslepsteintd
mndtkillepsteindlfhs mndtkillepsteindlfhs
lkilldtnmsepsteindfh lkilldtnmsepsteindfh dhmkillfdltnsepstein mkillldnhepsteinstfd
tsmdepsteinkillhfdln tsmdepsteinkillhfdln killfthnmsdlepsteind
slepsteinkillfmddhtn slepsteinkillfmddhtn
dkillfepsteinnhdmtls sdndhepsteinltkillfm dfkilllepsteinsnmhtd
lmkillepsteintsndfhd lmkillepsteintsndfhd ndshkilldmlepsteinft lhsntdepsteindkillmf depsteintkilllnmsfdh hepsteinntdkillsdmfl
