FortCollins Akron Leominster Arvada Hickory Lubbock Erie FortSmith Kissimmee Alexandria Davenport Albuquerque Burlington Independence Bellevue LasVegas Bloomington DesMoines Chandler Fairfield FortWayne Evansville Irvine Harrisburg KansasCity FortWorth Gilbert Houston DalyCity Greensboro Asheville Augusta Lafayette Carrollton CapeCoral KansasCity CollegeStation Bremerton BoiseCity Bridgeport Bradenton Jefferson Lacey FortCollins
40
FortCollins AnnArbor Bakersfield Champaign Elkhart FortCollins Harlingen Hemet Hollywood Knoxville
Akron Akron Elizabeth
Leominster Atlanta Leominster Manchester
Arvada Arvada Baltimore BonitaSprings Fargo
Hickory Hickory Inglewood
Lubbock Louisville Lubbock
Erie Erie
FortSmith FortWaltonBeach
Kissimmee Amarillo AppleValley
Alexandria Alexandria
Albuquerque Albuquerque
Burlington Burbank Garland Indianapolis
Independence Independence
Bellevue Bellevue Lakeland
LasVegas Anaheim Austin Cleveland Kennewick Lorain
Bloomington ColoradoSprings Denver Layton
DesMoines DesMoines
Chandler Chandler
Fairfield Anchorage Fairfield Joliet Lancaster LasCruces
FortWayne Brownsville
Evansville Danbury Evansville
Irvine Irvine
Harrisburg Fontana Harrisburg
KansasCity DavidsonCounty
FortWorth Berkeley ElMonte
Gilbert Barnstable Gilbert Jacksonville
Houston Beaumont Bethlehem Fresno GrandRapids Houston Kalamazoo
DalyCity DalyCity Fayetteville
Greensboro Abilene LittleRock
Augusta Augusta
Lafayette Lafayette Lakewood
Carrollton Carrollton Frederick Hampton
CapeCoral CapeCoral
CollegeStation Boise CollegeStation ElPaso
Bremerton Allentown Bremerton CedarRapids Grayslake Henderson
BoiseCity BoiseCity Eugene
Bridgeport Chicago
Bradenton Bradenton
Jefferson Aberdeen Appleton Dallas Jefferson
Lacey Brighton Cary Detroit Fremont Irving Lacey
