BatonRouge Bellevue Bradenton Burlington Boston Albuquerque Arvada Allentown Boulder Birmingham Augusta Bethlehem Akron Aurora Aberdeen BoiseCity Amarillo Barnstable Baltimore AppleValley Atlanta Berkeley Atlanta Allentown Albany Augusta BatonRouge
18
BatonRouge BatonRouge
Bellevue Anchorage AtlanticCity Buffalo Burbank
Bradenton Bradenton Cambridge
Boston Boston
Albuquerque Albuquerque
Arvada Arvada
Allentown Abilene Beaumont
Boulder Boulder
Birmingham AnnArbor Birmingham Bryan
Bethlehem Bethlehem
Aurora Aurora
Aberdeen Aberdeen
BoiseCity BoiseCity
Amarillo Amarillo
Barnstable Barnstable
Atlanta Atlanta
Berkeley Berkeley
Albany Albany
