152 75 50 183 51 154 0 155 58 45 61 85 160 157 106 178 53 4 113 5 182 12 104 121 65 139 101 119 179 64 166 64 0 88 130 94 173 41 73 165 116 147 13 42 123 170 123 78 154 103 108 136 93 179 9 168 111 31 112 22 129 62 152 109 152 27 152
45
75 75
50 50 153
183 183
51 51 172
154 2
0 0 35 95
58 58
45 45
61 79
85 85 96
160 175
157 157
53 53
113 113
5 5
182 182
12 12
121 121
65 65 144
139 28 87 134 139 142
101 37 101
179 184
166 81 166
130 130 180
94 94 105
173 143 151
41 41 90 126 149 163
73 73 92
165 165
116 116
147 56 66 171 181
13 13 38
42 42
170 170
78 78
108 8 60 89
136 136
9 9
168 168
111 111
31 31
112 112
129 54
62 145 169
27 27 97
