location12 location84 location19 location23 location17 location79 location65 location72 location32 location86 location32 location72 location36 location53 location89 location63 location55 location27 location56 location35 location15 location49 location91 location13 location51 location4 location39 location22 location84 location12
18
location12 location12
location19 location1 location19 location24 location60
location17 location11
location79 location16 location79
location65 location28 location74
location72 location0 location72 location77 location94
location86 location86 location87
location36 location36
location53 location14 location26
location89 location89
location63 location5 location63
location27 location27
location35 location35
location15 location54 location71
location49 location49
location91 location31 location57
location13 location13
location51 location51 location67
