location34 location59 location32 location149 location165 location151 location181 location151 location71 location184 location100 location103 location116 location161 location166 location32 location104 location76 location111 location52 location168 location79 location19 location126 location117 location177 location24 location188 location24 location175 location99 location123 location95 location131 location95 location92 location134 location63 location44 location60 location108 location55 location174 location163 location192 location34
36
location34 location34 location39
location59 location59 location89 location167
location32 location3 location109 location144
location149 location91 location149 location159
location165 location17 location37 location107 location125 location155 location164 location176
location151 location120 location151
location181 location181
location71 location71 location132
location184 location46 location157
location103 location103
location116 location86
location161 location122 location161
location104 location130
location76 location76
location111 location111
location52 location52 location136 location162
location79 location0 location6 location9 location27 location38 location47 location64 location79 location96 location119 location180 location194
location19 location98 location197
location126 location21 location88 location139
location117 location117
location177 location2 location28 location45 location68 location72 location158 location177 location187
location24 location24
location188 location12 location188
location175 location105 location175
location99 location99
location123 location15 location115 location121 location140
location131 location131
location92 location90 location92 location170
location134 location134
location63 location11 location54 location172 location189 location199
location60 location60 location114
location108 location143
location55 location55 location135
location174 location137 location174
location163 location142 location163
location192 location23 location192
