location2 location43 location8 location11 location34 location49 location35 location33 location24 location44 location24 location33 location41 location14 location28 location6 location12 location20 location43 location0 location45 location13 location45 location0 location23 location18 location27 location32 location16 location10 location8 location43 location2
18
location2 location2
location43 location42 location43
location8 location8
location11 location11
location49 location49
location35 location22 location35
location44 location17 location44
location41 location15 location26 location41
location28 location28
location12 location12 location21
location20 location20
location0 location0
location45 location45
location13 location4 location13
location18 location18
location32 location32
location16 location16
location10 location10
