WNYCV UUOP5 18R1B FS0ES GAXPM QTZLJ 7CXN0 XPFOM WH9QK 65TK9 1ACIU 5I6U4 1BUOS P3DJ7 X2AM4 KB443 BC3W4 KRLTG 77EY5 KRLTG TNA9G 4ZK1T EQWAL 94GUW URMBF XBRKQ H212X WJHGG 2FT0Z CHXFM GXYLV HR8IA OE5TB CUG55 EYREL PQ40E 91RFG RFDQ4 BO3AW 1XUNX 1NBGE K1ZSD WNYCV
32
UUOP5 QSI1X UGOIO UUOP5 XTUSM 1UWW5 F07YB
18R1B 18R1B
GAXPM GAXPM
QTZLJ QTZLJ 42QVU
7CXN0 ULCTZ 7CXN0
XPFOM XPFOM
WH9QK HHCET
65TK9 65TK9
1ACIU 1ACIU B8UZ8 XD7IR
5I6U4 XRQ65 5I6U4 V11OW 2KYXC
1BUOS 1BUOS ZA57Z
X2AM4 X2AM4
KB443 KB443 YMTTJ
BC3W4 H8ZPW
KRLTG KRLTG
77EY5 77EY5
EQWAL EQWAL
URMBF URMBF
XBRKQ XBRKQ HZ80H
H212X H212X
2FT0Z 2FT0Z
CHXFM 9HVLF
GXYLV GXYLV
HR8IA HR8IA
OE5TB OE5TB
CUG55 CUG55 BMC9X
EYREL EYREL
PQ40E F5YBY
91RFG 91RFG TG5ZG
BO3AW BO3AW
1NBGE 1NBGE XDKMD
K1ZSD K1ZSD
