4HOMU DL8LT X180A YJ67U ELH5L W2M5C FMCVK 2BUI5 7GA8O FMCVK 53Y1R DTPF4 TORQI RAAD4 H0BTZ AT3CI SHOOM AT3CI 768ZF LEBVZ 945CN Q02X6 Q5DAA 3AIXW Z22CS DOLRQ UDYJK C8O6I H1LTE UX00P V22SY B7A2L PTADN 45JXE H3R1V WZB33 H3R1V 0U9HU W2H22 Y61KP TBPBM M1HJR TBPBM WOEUE DCHO3 PYPSO DCHO3 RU85S P419D XEEQB SYV5N WI88U FC0PR BJ8X0 C7WKJ 4HOMU
45
4HOMU JXLE1 61QWU
DL8LT CFGE5 DDXG0 ZRPB5 TCC7B
X180A LIRLU X180A
YJ67U YJ67U
ELH5L ZN2EP UW44H BE5V8 IF7TL 4WDJE 69BJO ELH5L 52MNN
W2M5C Q7FCL W2M5C
FMCVK 9WSXC PXCIN V8GEC PMFJ2
2BUI5 SA6G0 2BUI5 6WOBI A1QRL
7GA8O 7GA8O
53Y1R 7U3JG 53Y1R K50JQ CM5WA 6OA3K
DTPF4 DTPF4
TORQI L2GJ5 1F0YL TORQI
RAAD4 TY0L7 RAAD4 TI35I FCYPJ
AT3CI AT3CI VHCFR
SHOOM SHOOM
768ZF 768ZF
LEBVZ L2PQE LEBVZ
945CN 945CN 1RS2N
Q02X6 0D2BR
Q5DAA 0VPRW 6ACGE ZZH8Z Q5DAA SKPO7
3AIXW IZESQ 3AIXW
Z22CS KOYRV 8CLEZ
DOLRQ DOLRQ
C8O6I C8O6I
H1LTE H1LTE C45HH OLLV9 BVMDZ
UX00P HWKGJ MC71K LLTLN LKP22
V22SY V22SY
PTADN PTADN
45JXE 45JXE
WZB33 WZB33
0U9HU KC9RF 0U9HU
W2H22 W2H22
Y61KP Y61KP WXZHF
TBPBM TBPBM
M1HJR M1HJR ZHSBU NPDI9
WOEUE FRZVP
DCHO3 DCHO3
PYPSO 8EXDQ PYPSO T9O11
RU85S RU85S 50J5H HZHRA
P419D P419D
XEEQB 2C63O XEEQB WP2MA
SYV5N SYV5N
WI88U WI88U EDSMH
FC0PR FC0PR
C7WKJ C7WKJ OIPRN
