cy4fm C565q uT5W0 di7h7 8RNd8 wdXpe C14Q6 7XIxZ di7h7 Ss744 OoKEI mQvLs tao9t O9k9o EWhpw tao9t 8aYYW 7Lw2B rUUVt yFKGt X6hJp Iks3D 8yfOn w4BF1 cy4fm
20
cy4fm 7l0Vw
C565q C565q yMPWG 6ceXl nogr2 OFvld uWr4y LNh60 Vjg5l
uT5W0 1H2uK P3lE7 qt5AA 3iQ53 uT5W0 vSPJ5
di7h7 di7h7 KYsbm BoNoJ GHZOS 5rdYI
8RNd8 8RNd8 DCl5F P8Fbf
wdXpe NvAYI wdXpe F2nEN
C14Q6 IjjWK lA2MC
7XIxZ 7XIxZ kbRYl C0eRL
Ss744 G6G4p zQjQm
OoKEI OoKEI
tao9t tao9t 19YKC hOy4D
EWhpw EWhpw FnVf8
8aYYW 8aYYW jse5F
7Lw2B gk2cW
rUUVt rUUVt
yFKGt Xhpv3 yFKGt Cfmbw
X6hJp X6hJp
Iks3D Iks3D
8yfOn dU1Ub
w4BF1 w4BF1
