0 92 93 14 116 25 117 25 35 113 35 114 12 43 100 43 101 164 2 196 23 109 110 109 23 196 149 148 88 2 123 94 50 120 50 118 23 93 156 30 166 165 103 104 30 189 139 96 85 136 187 188 137 85 136 30 65 1 65 92 158 29 125 180 179 33 185 133 185 7 146 194 27 197 198 152 198 197 45 127 77 33 185 133 91 78 31 107 31 78 95 41 160 0
59
0 162
92 157 159
93 154 155
116 116 174
25 115 173
117 117
35 112 171
113 113 172
114 114
12 178
43 102
100 100 163
101 101
164 144 164
2 176 191 192
196 196
109 109 169
110 110 111 170
149 149
148 148 195
88 150
123 123
94 121 122 177
50 119
120 120
118 118 175
156 156
166 166
165 165
103 103 105
104 104
189 189
139 139
96 140 141 190
85 138
136 136
187 187
188 188
137 137
65 142 143
158 158
125 125 126
180 180
179 124 179
33 186
185 185
133 133
146 145 146 147
194 193 194
197 151 197
198 198
152 152 153
127 127 181 182
77 128 129
91 134 135
31 106 108
107 107 167 168
95 130 131 132 183 184
160 160 161
