0 1 4 10 22 46 93 187 93 46 22 45 91 183 91 45 92 45 22 10 4 1 3 7 15 31 63 31 15 32 65 32 66 32 15 31 64 129 64 31 15 7 16 34 69 140 69 139 69 34 70 142 70 141 70 34 16 33 68 138 68 137 68 33 67 135 67 33 16 7 3 8 17 35 72 35 17 36 17 8 18 38 18 37 75 37 76 154 76 37 18 8 17 35 71 143 71 35 17 8 3 1 4 9 19 40 81 164 81 163 81 40 82 165 82 166 82 40 19 39 80 39 79 159 79 39 19 9 4 10 22 46 94 46 22 10 4 9 20 41 20 42 86 173 86 174 86 42 85 42 20 9 4 10 21 43 88 43 87 175 87 43 21 44 89 179 89 44 21 43 87 176 87 43 21 44 90 181 90 44 21 10 4 1 0 2 5 12 25 52 106 52 105 52 25 51 104 51 103 51 25 12 26 53 107 53 26 54 109 54 110 54 26 12 5 11 24 50 24 11 23 48 97 48 23 11 24 49 99 199 99 49 100 49 24 11 23 47 96 193 96 194 96 47 23 11 5 2 6 14 30 14 29 59 119 59 29 14 6 13 27 55 112 55 27 13 28 57 116 57 28 58 28 13 27 56 113 56 114 56 27 13 6 2 0
72
93 188
187 187
91 184
183 183
92 185 186
63 127 128
65 131 132
66 133 134
64 130
129 129
140 140
139 139
142 142
141 141
138 138
137 137
67 136
135 135
72 145 146
36 147 148 149 150
38 155 156 157 158
75 151 152
76 153
154 154
71 144
143 143
164 164
163 163
165 165
166 166
80 161 162
79 160
159 159
94 189 190
41 167 168 169 170
173 173
174 174
85 171 172
88 177 178
175 175
89 180
179 179
176 176
90 182
181 181
106 106
105 105
104 104
103 103
53 108
107 107
109 109
110 110
50 101 102
48 197 198
97 195 196
199 199
100 100
47 191 192
193 193
194 194
30 123 124 125 126
29 121 122
59 120
119 119
55 111
112 112
57 115
116 116
58 117 118
113 113
114 114
