0 1 3 8 17 35 17 8 18 37 76 37 18 8 3 7 16 33 16 7 15 32 15 31 64 31 15 7 3 8 18 38 18 8 3 1 0 2 6 2 5 12 26 12 25 12 5 2 6 14 30 14 29 59 29 60 29 14 6 13 28 58 28 57 28 13 27 55 27 56 27 13 6 2 5 11 23 48 97 48 23 47 23 11 24 49 99 49 24 11 5 2 0 1 4 10 21 43 88 43 21 44 89 44 21 10 4 9 19 39 79 39 19 9 20 41 83 41 84 41 20 9 4 10 22 45 91 45 92 45 22 46 93 46 22 10 4 1 0
38
17 73 74
35 71 72
37 75
76 76
16 69 70
33 67 68
32 65 66
31 63
64 64
38 77 78
26 53 54
25 51 52
30 61 62
59 59
60 60
58 58
57 57
55 55
56 56
48 98
97 97
47 95 96
24 50
99 99
43 87
88 88
44 90
89 89
19 81 82
39 80
79 79
20 85 86
83 83
84 84
91 91
92 92
46 94
93 93
