5 94 39 75 109 192 96 192 109 152 109 82 112 82 27 0 53 0 27 141 101 174 27 0 53 199 166 199 171 12 195 68 133 34 138 69 153 69 138 116 35 138 34 76 81 76 156 76 34 121 52 121 34 138 69 183 69 138 34 62 36 11 36 91 150 191 74 170 136 117 83 104 114 178 91 36 62 34 133 120 158 2 60 72 149 90 159 90 149 28 180 28 149 72 43 72 60 79 105 17 66 75 109 192 100 78 29 164 140 186 189 103 189 77 196 184 137 42 165 63 165 42 44 86 135 35 188 48 188 35 5
68
94 20
39 39 92
75 75
109 168
192 18 41 67 177 192
96 22 96
152 58 152
82 146
112 10
0 37
53 53
101 1 101
174 174
199 199
166 32 122
171 171
195 56
68 68
133 133
34 9 34
138 55 61 138
69 69
153 153
116 50 71 99 116
35 26 110
76 76
81 47 81 151
156 156
121 157
52 52 162
183 51 183
62 123
11 11
91 91
150 64
191 194
74 16 31 187
170 170
83 83
104 104
178 178
158 14 80 102 158
2 2
149 149
159 159
28 28
180 180
43 43
105 105
17 17
100 100
78 78 179
164 164
140 140
189 189
103 103
77 77 143
196 196
184 184
137 33 137
42 42
165 154 173 193
63 63
44 44
86 85
135 135
188 25 188
48 46 48
