A29 A67 A52 A74 A73 A19 A72 A5 A55 A61 A7 A65 A0 A71 A45 A28 A81 A34 A81 A8 A60 A1 A88 A6 A30 A49 A31 A4 A39 A21 A23 A78 A24 A81 A18 A97 A18 A97 A13 A85 A12 A93 A99 A66 A47 A57 A5 A29
31
A29 A29
A67 A67
A52 A36 A52
A73 A69 A73
A19 A95
A72 A72
A5 A27
A55 A55
A61 A14
A7 A2 A68 A77 A90
A65 A32 A54 A65 A79
A0 A92
A71 A10
A45 A91
A28 A28
A34 A34
A60 A60
A88 A88
A6 A6 A15 A35 A96
A30 A26 A30
A31 A31 A51
A39 A39
A21 A38
A18 A18 A82
A97 A97
A13 A13
A85 A3 A85 A89
A12 A12 A16 A53 A59
A99 A99
A66 A66
A47 A47
