A42 A100 A183 A43 A183 A93 A183 A43 A163 A13 A197 A98 A144 A106 A149 A33 A149 A106 A101 A95 A195 A39 A47 A128 A146 A118 A146 A31 A159 A130 A2 A154 A2 A141 A135 A141 A2 A35 A58 A176 A57 A176 A53 A73 A40 A193 A108 A45 A66 A126 A66 A170 A134 A74 A109 A196 A30 A196 A127 A32 A137 A16 A0 A98 A50 A117 A187 A198 A197 A13 A67 A136 A160 A122 A11 A51 A11 A158 A17 A151 A96 A151 A95 A101 A107 A186 A121 A179 A115 A77 A167 A72 A165 A82 A165 A72 A125 A182 A125 A168 A7 A168 A15 A23 A184 A60 A156 A165 A72 A114 A83 A142 A83 A103 A173 A0 A98 A132 A147 A42
66
A42 A42 A71
A100 A100
A183 A183
A43 A43 A84
A93 A93
A163 A124 A145
A13 A13 A70 A75 A88 A113
A98 A98 A120 A148 A192
A144 A144
A106 A106
A33 A33
A95 A28 A95
A39 A39
A128 A128
A118 A118
A159 A159
A130 A130
A2 A2
A154 A154
A135 A135
A35 A35
A58 A58
A176 A176
A57 A38 A57
A73 A123 A172
A40 A40
A193 A20 A185 A193
A108 A9
A45 A45
A126 A126
A196 A196
A30 A3 A30 A46 A90 A189 A191
A127 A127
A32 A32
A137 A137
A16 A16 A105
A0 A0
A117 A117
A187 A76 A187
A198 A198
A67 A67
A136 A5 A136
A122 A122
A51 A51
A17 A17
A96 A96
A107 A78 A107
A186 A34 A64 A94 A111 A143
A121 A21 A177
A179 A179
A115 A4
A77 A77
A167 A167
A72 A37 A72
A82 A65 A82 A194
A125 A181
A182 A102 A182
A168 A54
A7 A7
A23 A23
A184 A184
A60 A92
A114 A114
A142 A139 A142
A103 A103
A132 A132
