COM REU COM SGS SHN CHN COD COG POL MNE MDV MAC MHL CPV MEX POL MYT POL PNG PRY BIH AZE BDI BHR BLM BLZ RUS IDN LBN JPN CHL HTI HRV GUF HRV LCA LKA BVT CAF CRI KNA CRI SAU DOM DZA MYS IRN NIU PRK SGS SLB NFK NGA FSM ESP GIB EGY ETH ESH EST NCL NIC COM QAT ALB QAT COM
44
COM NER MTQ
REU SDN REU AFG
SGS SGS PAK NZL LBR KHM DMA DJI
SHN SHN
CHN CHN
COD GNQ COD
COG COG
POL POL ARE
MAC MAC
CPV RWA MLI LTU LIE HND CPV COK
MEX MEX
MYT MYT ARM
PNG PNG
PRY PRY NPL MOZ MDA
BIH BHS
AZE AZE
BDI BDI
BHR BMU BHR
BLM BLM
BLZ BEN
RUS RUS
IDN MMR KOR IDN COL
LBN LBN
JPN JPN
CHL HUN
HTI KAZ HTI HKG GUM CAN
HRV HRV HMD
LKA LKA
CAF NRU CIV CAF
CRI PSE LUX LAO KWT ATG
KNA KNA
SAU MAR
DZA DZA
IRN IRN IOT
NIU NIU DEU CYP
NFK NFK JEY CXR ALA
NGA PAN GRC GMB
FSM GIN GAB FSM FIN
ESP GEO ESP
GIB GIB GHA
EGY EGY
ESH GBR FRA ESH ECU
NIC NIC ITA IRL AUS ABW
ALB ALB
