DZA GBR FRA FSM ERI FIN FLK EST GIB CAF COG GTM GRD GUM GUY GRC BRA BLM BES BLM BFA BHS DOM CUW DNK DJI DMA ATA ATF ASM CYP CYM GRD GUM GUY AUT COK HMD HRV GUF GMB CAN COD BRN BEL BDI BGR GLP GNB HND GNB GRL HKG CMR COL GMB ALB ARG ALB DZA
33
GBR GBR
FRA FRO FRA
FSM GHA FSM ECU
ERI ERI
FIN FIN AND ABW
FLK FLK
CAF CAF BVT
COG COG
GRD GRD GNQ
GUY CUB
GRC GRC
BLM BLM
BES BLR BES
BFA BGD BFA
BHS BHS
DOM DOM AUS
CUW CUW
DNK DNK ARE
DJI DJI
ATA ATA
ATF ATF
CYM CZE CYM CXR
HMD HMD
CAN CHE CAN BRB
COD COD
BRN BRN
BDI BEN BDI
GLP GLP
HND HND GEO
HKG HKG
CMR CCK
ALB ALB
ARG ARG
