9b0f0f4ded15491691bd 8234739fe11c4c58939e c65ed76062154b0ab868 44b317edac764442b4cd cc612a917319427a804f bab9aa2939444af1b896 3404f2452daa4f839b9b c0e69339ecae4efdb4d8 26bbebd3e4264edd8081 0823afbd07bf45febe21 28b1f9c8d4d24d81bc6d 2343f68f1ed74a6f8567 b645cb0bc92b4d92bdf9 97b46a2d8ead45d98077 8a3bd04ca9844f3486da b989f75f3cac48bfbf34 04458e8445524b268db2 0e0d299e29ff4259b447 c5365df821314eeb9891 bcb1ec18982a4bb0815b 76c1c57d82ff45aebedc d3ae567eea5a44939b43 f69f6451080d4570851d ddfff2b50dff43868057 f69f6451080d4570851d b5e22237f3c14773b553 edbe0486385943b583ca be5b9781cabc47a78aac 6c2d42b6b644452fbba1 7a033f26eda14b709d28 e2caa88e503f4129b613 885e825ee7fa47d0bf37 3f0f5ffb79ce42f4a325 e3f0a7bd5aa342ac9fe9 6546adf352d74e64b1d9 9b0f0f4ded15491691bd
30
9b0f0f4ded15491691bd 9b0f0f4ded15491691bd
8234739fe11c4c58939e 1bcf747e9b5643a184fc 2bc5c3c02de447469b45 bef459c8a1f84af3a3a9 8234739fe11c4c58939e
c65ed76062154b0ab868 c65ed76062154b0ab868 e70b11887ef14bce9075
44b317edac764442b4cd 465a9fdfbe7e43bf9d6e
cc612a917319427a804f cc612a917319427a804f
bab9aa2939444af1b896 bab9aa2939444af1b896 c88b4673ce3d49c6908f c0fd362b334d43189c08
3404f2452daa4f839b9b 3404f2452daa4f839b9b
c0e69339ecae4efdb4d8 c0e69339ecae4efdb4d8
26bbebd3e4264edd8081 26bbebd3e4264edd8081 cbdeaac599ea4917bf3b 18bb444e17894062aa31 d41ce53800e74a0f849b
0823afbd07bf45febe21 0823afbd07bf45febe21
28b1f9c8d4d24d81bc6d 28b1f9c8d4d24d81bc6d
2343f68f1ed74a6f8567 2343f68f1ed74a6f8567 0921b2d036264a09b57e
b645cb0bc92b4d92bdf9 b645cb0bc92b4d92bdf9 7b57359ca242406bb373
97b46a2d8ead45d98077 85d65d4df3204859a6e4 97b46a2d8ead45d98077
8a3bd04ca9844f3486da 8a3bd04ca9844f3486da 4083eeebbfb942a38987 339edeefe40f47f4abbe
b989f75f3cac48bfbf34 b989f75f3cac48bfbf34
c5365df821314eeb9891 c5365df821314eeb9891
bcb1ec18982a4bb0815b bcb1ec18982a4bb0815b
d3ae567eea5a44939b43 d3ae567eea5a44939b43
f69f6451080d4570851d f69f6451080d4570851d 9ff40c0a1bef41898f25
ddfff2b50dff43868057 f4d7e89ec3164c95942e ddfff2b50dff43868057
b5e22237f3c14773b553 b5e22237f3c14773b553
edbe0486385943b583ca bcedb61dc02748cd9d61 d6b027921ae340ac8c4c 8b72f079974a49c7aa40
be5b9781cabc47a78aac be5b9781cabc47a78aac
6c2d42b6b644452fbba1 6c2d42b6b644452fbba1
7a033f26eda14b709d28 2e7ecbbb3b3e47dc8d96 7a033f26eda14b709d28
e2caa88e503f4129b613 e2caa88e503f4129b613 eb960e815dd14fd6bd07
885e825ee7fa47d0bf37 885e825ee7fa47d0bf37
3f0f5ffb79ce42f4a325 3f0f5ffb79ce42f4a325
e3f0a7bd5aa342ac9fe9 e3f0a7bd5aa342ac9fe9
