Soda a b c c1 c d e d d0 d e f g h h1 h i j k j i h g f e d c b a Soda 50 51 58 51 52 53 64 53 52 51 50 Soda 66 67 85 86 85 67 68 69 68 95 96 97 96 95 68 90 91 92 91 90 68 67 85 86 87 88 87 86 85 67 80 81 82 81 80 67 66 70 71 72 71 70 66 Soda o p r s u w y w u s r p o Soda 66 75 76 77 76 75 66 Soda
29
a a0 a1
b b0 b1
c c0
c1 c1
d d1
e e0 e1
d0 d0
f f0 f1
g g0 g1
h h0
h1 h1
i i0 i1
j j0 j1
k k0 k1 l0 l1
50 54 55 56
51 57
58 58 59
52 60 61 62
53 63
64 64 65
69 69
97 97 99
92 92 94
87 87
88 89
82 82 84
72 72 74
y y
77 77 79
