Soda 111 146 150 186 149 117 99 155 133 137 143 106 143 193 179 104 176 103 140 119 175 189 29 6 2 135 131 29 163 99 136 190 122 162 160 116 144 127 191 23 110 142 109 126 152 Soda
43
Soda 124 164 167
111 108 111 139
146 102 146
150 123 150
186 186
149 148 149 159 170 195
117 115 117 120
99 99
155 121 129 155
133 107 133 147 181
137 137 151
143 113 143 157
106 106 184
193 158 193 197
179 141 168 178 179 183
104 104 132 182
176 176
103 103
140 105 140 171
119 112 119 188
175 175
189 125 189
29 118 130 161
6 156 165 180
2 134 154 169
135 135
131 131
163 163
136 136 166 177 196
190 114 128 190
122 122
162 153 162
160 160 192
116 116 174
144 144 187
127 127
191 101 173 185 191
23 145
110 110
142 100 142 172 194 198
109 109
126 126
152 138 152
