Soda 177 190 12 94 101 5 57 16 60 83 40 51 66 70 32 27 11 93 71 87 108 133 79 29 75 65 91 31 61 10 41 24 68 54 53 155 86 64 117 159 39 18 90 49 20 73 46 15 36 56 35 50 Soda
46
12 12 47
94 59 94
101 22 101
5 5 69 80 100
57 45 57
16 16
60 43 60
83 83 88 98
40 40 74
51 51 78
66 55 66
70 70 82
32 32 34 97
27 27
11 6 11 19 38
93 93
71 44 71 72 84
87 87
108 3
79 21 79
29 13 29 67 95
75 75
65 65
91 48 62 91
31 30 31
61 23 61
10 10 25 37
41 17 41 52
24 7 24 33
68 58 68
54 9 54 89
53 53
86 86
64 64
39 8 39 63
18 18 92 99
90 28 90
49 49 77 96
20 4 14 20 26
73 42 73 76 81
46 46
15 15
36 2 36 85
56 56
35 35
50 50
