Wurster Class Tennessee Florida Sutardja Pitzer Silver Gilman Nevada Maxwell Juneau Raleigh Oregon Anthony Simpson Barrows Simon Barker Moses Hesse Kleeberger Dwinelle Brain Wurster
21
Wurster Wurster
Class Class Hilgard Moffitt Blackwell Indianapolis Massachusetts Honolulu Optometry Pennsylvania Hazardous
Tennessee Alabama Montgomery Tennessee Boston Vermont Stanley Chan
Florida Florida
Sutardja Frank Sutardja Cory Sather
Pitzer McLaughlin Pitzer
Silver Silver
Gilman Gilman
Nevada North Nevada
Maxwell Maxwell
Juneau Juneau Parking Idaho
Raleigh Raleigh Observatory
Oregon Oregon
Anthony Anthony
Simpson Simpson
Barrows Barrows Spieker
Simon Simon Visitor Recreational
Moses Moses
Hesse Hesse California Salem
Kleeberger Kleeberger Goldman
Brain Brain
