Rhode Life University Koshland Michigan Campanile Baton Annapolis Grinnell Cory Madison Fox Montpelier Nevada Bowles Tang Columbia Utah Energy West Illinois Richmond Providence Memorial Maxwell Boalt International Moffitt Morrison Haste Hearst Cyclotron Concord Durant Little Foothill Jacobs Barrows CNMAT Jefferson Columbus Unit Florida Mathematical Gayley Lewis Warren Phoenix Berkeley Oregon LeConte Brain Chou Silver Harrisburg Cheyenne East Olympia McEnerney Senior Simpson Krutch Santa Rhode
54
Rhode Rhode
Life Life
University University Valley Donner
Michigan Michigan
Campanile Campanile Heating Birge
Baton Baton
Annapolis Kentucky Austin Annapolis Mulford
Grinnell Grinnell
Cory Moses Cory
Madison Madison
Nevada Nevada
Bowles Bowles Chvez
Tang Tang Lansing
Columbia Cleary Columbia BART Blackwell Simon Durham Hawaii Edwards Jones Trenton
Utah Utah Lower
Energy Energy Pennsylvania Wisconsin Springer Police Hargrove
West West Montgomery McLaughlin
Illinois Illinois Topeka
Richmond Salt Clark Richmond Minnesota
Providence Providence
Memorial Hertz
Maxwell Class Maryland Etcheverry Maxwell
Boalt Tennessee Montana Sproul Boalt
International International
Moffitt Bancroft Moffitt Stadium
Morrison Hartford Insectary Morrison
Haste Mississippi Haste
Hearst Hearst
Concord Concord
Durant Durant
Little Little
Foothill Foothill
Jacobs Jacobs
Barrows Barrows Nashville
CNMAT CNMAT
Jefferson Jefferson
Columbus Columbus
Florida Florida
Mathematical Mathematical Observatory
Warren Warren
Berkeley Berkeley
Oregon Oregon
LeConte LeConte
Brain Brain
Chou Chou
Silver Silver
Harrisburg Harrisburg Hellman Martin
Cheyenne Cheyenne
East East
Olympia Olympia
McEnerney McEnerney
Simpson Simpson
Krutch Krutch
Santa Santa
