100 58 100 31 15 30 16 61 14 34 7 39 151 150 151 39 7 34 14 61 26 45 44 2 46 142 131 130 129 144 42 3 42 144 129 130 131 142 46 2 44 45 43 72 40 8 9 8 40 72 43 45 26 61 16 59 25 22 25 59 16 61 54 1 48 47 19 50 133 141 20 136 188 21 56 21 188 136 20 141 133 50 131 142 46 2 44 45 26 61 16 59 90 170 168 162 154 162 168 170 90 59 16 30 15 27 70 36 33 12 33 36 70 27 15 31 100 88 32 88 100 86 85 164 165 104 156 153 156 104 165 164 85 87 172 87 85 86 100
41
58 18 23 24 52 53 55 58
31 31
15 15
30 30
16 16
61 60
14 14
34 13 34
7 7
39 37 39
26 26
45 45
44 4 5 44
2 2 17
46 46
42 42
3 3 41
43 29 43
40 40
8 8
9 6 9
59 59
25 25
22 22
54 54
1 1
48 48 49 51
47 47
19 19
50 50
20 20
188 182 192
21 21
56 56 57
27 27
36 28 36
33 33
12 10 11 12 121
32 32
165 165
153 111 153
