LeonieHill ChangiPoint SungeiKadut KampongUbi Shipyard NeeSoon OrangeGrove DefuIndustrialPark OrangeGrove Outram InstitutionHill WaterwayEast PasirRisCentralTown KampongGlam Semakau Novena TampinesWest AnchorvaleBuangkok YioChuKang MandaiWest NorthCoast Victoria YishunCentral SembawangSprings PasirRisPark Sentosa Guilin PasirPanjang2 TanjongRhu GeylangBahru AirportRoad PasirRisCentralTown BishanEast Phillip NorthEasternIslands PeoplesPark TuasBay LeonieHill
28
SungeiKadut SungeiKadut
KampongUbi ConeyIsland
Shipyard Shipyard
NeeSoon NeeSoon JurongWestCentral
OrangeGrove OrangeGrove
DefuIndustrialPark DefuIndustrialPark Tyersall
Outram Sennett MonksHill Kranji Outram
WaterwayEast GreenwoodPark
KampongGlam KampongGlam
Semakau SungeiRoad FarrerPark Semakau
Novena Townsville Novena SingaporePolytechnic
TampinesWest ChoaChuKangCentral TampinesWest YuhuaWestBoonLay
AnchorvaleBuangkok KallangWay AnchorvaleBuangkok
YioChuKang YioChuKang Boulevard
MandaiWest MandaiWest BukitBatokCentral
NorthCoast NorthCoast
Victoria Victoria SerangoonGarden
YishunCentral PunggolTownCentre ChangiWest Woodgrove ClementiCentral
SembawangSprings SembawangSprings
Sentosa Trafalgar Sentosa
Guilin Guilin LoyangEast
PasirPanjang2 PasirPanjang2
GeylangBahru Springleaf
AirportRoad AirportRoad
BishanEast Ridout BishanEast
Phillip Yishun Phillip
PeoplesPark TanglinHalt
TuasBay TuasBay
