YuhuaEast TelokBlangahDrive CityHall Simpang Mandai PasirRis SembawangStraits OneTreeHill HongKah UpperThomson Katong BoonTeck ClementiNorth SenokoSouth LoyangEast Kembangan Clementi ClementiNorth EvertonPark Katong OneTreeHill SembawangStraits Shipyard ClarkeQuay BedokSouth ClarkeQuay Shipyard SembawangStraits SouthernIslands HongKahNorth SouthernIslands WestCoast TuasNorthPioneer WestCoast Commonwealth SungeiRoad WaterwayEast SungeiRoad Kranji PangSua Kranji MandaiWest NatureReserve ChangiWest YioChuKang Aljunied TanjongIrau Saujana BoatQuay Saujana HougangCentral Saujana JurongRiver Northshore Hillcrest ChoaChuKang PulauPunggolTimor Khatib SimpangNorth Khatib SerangoonCentral PasirPanjang2 JurongPort SembawangSprings MandaiEast Northland TampinesNorth Chatsworth InstitutionHill TohGuan Museum GeylangEast MountEmily SeletarHills MountEmily KebunBahru Tampines PengSiang BukitBatokWest Bishan TiongBahruStation TuasBay SembawangEast TuasPromenade Tanglin PunggolField PulauPunggolBarat RochorCanal Moulmein Redhill Dunearn Gombak Dunearn SembawangHills ChoaChuKangCentral ChangiPoint JurongWestCentral ClementiWest Anson KianTeck LittleIndia DhobyGhaut Port WoodlandsSouth Cairnhill LowerSeletar PearlsHill BedokNorth IstanaNegara KallangWay TelokBlangahRise KampongUbi TelokBlangahRise SungeiKadut Punggol SerangoonNorth TagoreSindo Sembawang EastCoast SingaporeRiver SerangoonGarden Sennett ChinaSquare Sennett YuhuaEast
74
CityHall CityHall
Mandai Geylang BoonLayPlace Serangoon Mandai
PasirRis PasirRis
SembawangStraits SembawangStraits
OneTreeHill OneTreeHill Trafalgar
HongKah HongKah
UpperThomson UpperThomson
ClementiNorth ClementiNorth
Kembangan Kembangan
EvertonPark ReservoirView EvertonPark
Shipyard Shipyard PasirRisPark OrangeGrove
ClarkeQuay Matilda
BedokSouth BedokSouth
SouthernIslands SouthernIslands BenoiSector
HongKahNorth HongKahNorth
TuasNorthPioneer TuasNorthPioneer
Commonwealth KentRidge Commonwealth
SungeiRoad SungeiRoad
WaterwayEast WaterwayEast
PangSua PangSua
ChangiWest ChangiWest
YioChuKang YioChuKang
Aljunied PeoplesPark Aljunied
Saujana Saujana
BoatQuay BoatQuay
HougangCentral DefuIndustrialPark HougangCentral
ChoaChuKang ChoaChuKang
PulauPunggolTimor PulauPunggolTimor
Khatib Khatib
SimpangNorth SimpangNorth Paterson AlexandraNorth
SerangoonCentral SerangoonCentral
PasirPanjang2 BukitBatokSouth
JurongPort JooSengPayaLebar JurongPort DairyFarm PeiChun
MandaiEast MandaiEast
Northland Mountbatten WoodlandsWest Northland
TampinesNorth TampinesNorth
Chatsworth Chatsworth
InstitutionHill InstitutionHill
TohGuan PasirRisDrive PayaLebarEast TohGuan
Museum Museum
GeylangEast GeylangEast
KebunBahru KebunBahru
Tampines Tampines
BukitBatokWest BukitBatokWest
TuasBay TuasBay TiongBahru
TuasPromenade TuasPromenade
Tanglin Tanglin
PunggolField PunggolField
RochorCanal RochorCanal
Moulmein Moulmein
Dunearn KeatHong UluPandan YioChuKangEast
SembawangHills SembawangHills
ChangiPoint ChangiPoint
JurongWestCentral JurongWestCentral
Anson OneNorth AngMoKioTownCentre
DhobyGhaut DhobyGhaut
Port Port
Cairnhill Cairnhill
LowerSeletar LowerSeletar
PearlsHill PearlsHill
BedokNorth BedokNorth
IstanaNegara IstanaNegara
TelokBlangahRise TelokBlangahRise
KampongUbi Sentosa Brickworks
SungeiKadut SungeiKadut
Punggol BayfrontSubzone Punggol
SerangoonNorth SerangoonNorth
TagoreSindo TagoreSindo
Sembawang Sembawang
EastCoast EastCoast
SingaporeRiver SingaporeRiver
SerangoonGarden SerangoonGarden
Sennett Sennett
ChinaSquare ChinaSquare
