139 176 157 2 149 64 17 69 82 53 181 53 103 8 103 23 118 75 91 62 32 47 96 49 106 11 127 22 127 134 25 111 120 26 116 171 34 66 15 128 67 33 67 82 5 158 13 43 12 60 45 144 37 130 57 28 78 9 66 32 183 189 113 21 79 114 88 51 138 38 39 156 58 20 179 20 187 115 139
56
139 18 77 85 141 173 198
176 105 125 176
157 101 157 165
2 2 72 98 147 153 161 172
149 7 74 81 152 178
64 64 184
17 142 191
69 69
82 82
53 16
181 27 119
103 108 131 182
8 8
23 14 23 146
118 118
75 75 104 148
91 91 112 122
62 188
32 32
47 1 47
96 96 145
49 65 84
106 106
11 11
127 127
22 22 41
134 134 186
25 25 31
111 30 111
26 26 48 71
15 15
128 128
67 67
33 33
5 5 35 95
158 158
13 13 89
43 43
60 60
144 144
37 37 109
130 123 130
57 57
78 78
9 9
189 189
113 113
21 21
79 79
114 114
51 44
138 138
39 39
156 156
58 58
187 187
