F8 O3 K8 N8 G4 E5 H3 S8 D0 N7 N5 P2 C8 L4 D4 R6 I4 S9 E2 F1 P9 G1 R5 Q7 T6 C4 H7 M1 H6 P5 H6 T8 T5 G9 D8 S0 Q5 J1 R7 N4 A3 D5 A8 D5 K5 N9 B4 N6 J4 L3 L9 L0 I0 F8
46
F8 M5
O3 O3
N8 N8
G4 G4
E5 E5 G6 T9
H3 H3 T0
S8 R0 S8
D0 A1 S5 T1
N7 N7 S7
N5 E3 J0
P2 I9 P2
C8 A9 C3 C8 M6
D4 C1 D4
R6 R6
I4 A2 F2 F9 I4 L6
S9 S9
E2 E2
F1 D7 F1 I8 Q0
P9 P9
G1 G1 K1
Q7 B3 D9 F6 H5 Q7
T6 B0 M0 N2
C4 C4
M1 E4 I3
H6 H6 N1
P5 P5 S2
T8 H0 T8
T5 P6 T5
G9 G0 G9 H2 N0
D8 D8 O2 Q3
S0 O1 S0
Q5 P7 Q5
J1 J1 K3
R7 D3 H4
N4 N4
A3 A3 E7 O5
D5 D5
A8 A8 Q8
K5 K5
N9 A0 E8 R9
B4 B4 I6
N6 N6
L3 B2 H1 R4
L9 C2 L9 R8
L0 I2 K6
I0 C0 I0 J2
