Qwilfish Drampa Sandile Drampa Gengar Tornadus Kakuna Honedge Weepinbell Magnemite Amoonguss Crawdaunt Metang Terrakion Noibat Skiddo Phanpy Magmar Volcarona Magmar Inkay Meloetta Scatterbug Taillow Scatterbug Crawdaunt Woobat Stufful Whismur Bastiodon Whismur Stufful Conkeldurr Zekrom Wartortle Xerneas Wailord Plusle Jumpluff Vullaby Drapion Tropius Qwilfish
36
Qwilfish Qwilfish
Drampa Drampa Shellos Froakie
Sandile Simisear Sandile Dewpider Metapod
Gengar Lotad Gengar Munna Bounsweet Tauros
Tornadus Politoed Tornadus
Kakuna Kakuna Treecko Lumineon
Honedge Skorupi Honedge Weezing Seaking
Weepinbell Tsareena Weepinbell Escavalier
Magnemite Magnemite Comfey Swadloon Yungoos
Amoonguss Amoonguss
Crawdaunt Porygon2 Crawdaunt
Metang Slurpuff Metang Steenee
Terrakion Terrakion
Noibat Noibat Nincada
Skiddo Skiddo
Phanpy Phanpy
Magmar Magmar
Volcarona Volcarona
Inkay Inkay Vespiquen
Meloetta Meloetta
Scatterbug Scatterbug
Taillow Taillow Paras
Woobat Woobat
Stufful Stufful
Whismur Whismur
Bastiodon Shellder Bastiodon
Conkeldurr Conkeldurr
Zekrom Zekrom
Wartortle Wartortle
Xerneas Xerneas
Wailord Wailord
Plusle Plusle
Jumpluff Jumpluff
Vullaby Vullaby
Drapion Drapion
Tropius Tropius Slowbro
