Qwilfish Drampa Phanpy Skiddo Skorupi Magnemite Comfey Nincada Seaking Treecko Kakuna Tornadus Noibat Magmar Inkay Meloetta Porygon2 Vullaby Jumpluff Stufful Whismur Stufful Conkeldurr Zekrom Amoonguss Crawdaunt Weezing Vespiquen Shellder Xerneas Gengar Tauros Weezing Escavalier Weezing Crawdaunt Scatterbug Taillow Drapion Lotad Drapion Tropius Qwilfish
33
Qwilfish Qwilfish
Drampa Sandile Drampa Shellos Froakie
Skiddo Skiddo
Skorupi Skorupi Honedge Munna
Magnemite Magnemite Weepinbell Swadloon
Comfey Comfey
Nincada Nincada
Seaking Seaking Bastiodon
Treecko Treecko
Kakuna Kakuna
Noibat Simisear Noibat Metapod
Magmar Volcarona Magmar
Inkay Slurpuff Inkay
Meloetta Meloetta
Porygon2 Porygon2
Vullaby Vullaby
Jumpluff Steenee Jumpluff Plusle
Stufful Woobat Stufful
Whismur Whismur Bounsweet
Conkeldurr Conkeldurr
Zekrom Wailord
Amoonguss Amoonguss
Crawdaunt Metang Crawdaunt
Weezing Weezing
Vespiquen Vespiquen
Shellder Shellder
Gengar Gengar
Tauros Tauros
Escavalier Escavalier
Scatterbug Scatterbug
Taillow Taillow
Drapion Drapion
Lotad Lotad
