Monroe Clarksville Lancaster Baton Burlington Montgomery Hartford Lafayette Hickory Apple Aberdeen Albany Boise Boulder Lacey Cleveland Erie Manchester Johnson Mobile Bremerton Asheville Vista Allentown Miami Chandler Denton Canton Escondido Gilbert Modesto Antioch Muskegon Bloomington Monterey Corona Naperville Arlington Rapids Davidson Monroe
37
Monroe Seven Monroe
Clarksville Clarksville
Lancaster Lancaster Kailua
Baton Baton
Burlington Lakeland Dayton Daytona Burlington Mesquite
Montgomery Detroit Montgomery Merced
Hartford Glendale Hartford
Lafayette Lafayette
Hickory Ten Huntington Bethlehem Hickory
Apple Apple Amarillo Fayetteville Anchorage
Aberdeen Lowell Austin Jacksonville Aberdeen
Albany Albany Cambridge Mesa
Boise Birmingham Viejo Boise Irving
Boulder Boulder Three Bradenton
Lacey Laredo Anaheim Melbourne Lacey Huntsville
Cleveland Cleveland
Erie Athens Elkhart Erie
Manchester Manchester
Johnson Johnson Charleston
Mobile Mobile
Bremerton Kenosha Cary Baltimore Bedford
Asheville Asheville Carrollton Kennewick Chesapeake Akron Fairfield
Vista Gainesville Greensboro Vista
Allentown Lewisville Allentown
Miami Corpus Miami
Denton Prairie Denton Hayward Hesperia
Canton Clarke Kissimmee Leominster Four Canton Layton
Gilbert Gilbert
Modesto Modesto Dallas Hampton
Antioch Hagerstown Antioch
Muskegon Muskegon
Bloomington Hialeah Elizabeth Brownsville
Monterey Monterey Denver
Naperville Havre Killeen Julian
Arlington Bridgeport Abilene Arlington
Rapids Naples Rapids
Davidson Davidson
