Myrtle Joliet Deltona Bradenton Corpus Charles Brownsville Cedar Appleton Hemet Dallas Aribel Grays Chicago Minneapolis Lexington Muskegon Harlingen Lorain Cathedral Medford Kansas Champaign Barnstable Myrtle
23
Joliet Joliet
Deltona Deltona
Bradenton Bradenton Huntsville Merced Albuquerque
Corpus Corpus GreenBay
Charles Cary Davidson
Brownsville Brownsville Baltimore Albany Plen Mobile
Cedar Hartford Hollywood Cedar
Appleton Nashua Leominster Appleton
Hemet Hemet
Dallas Chandler Dallas
Aribel Aribel Abilene Moreno
Grays Grays
Chicago Chicago Miramar
Minneapolis Erie Minneapolis Alexandria
Lexington Lexington
Muskegon Huntington Muskegon
Harlingen Houma Harlingen Kissimmee
Lorain Lansing Lorain
Cathedral Cathedral Montgomery Bridgeport
Medford Medford Bloomington
Kansas Kansas
Champaign Champaign
Barnstable Barnstable Macon
