Burlington Independence Greensboro Cambridge Buffalo Hayward Amarillo Chicago Apple Prairie Davenport Honolulu ElMonte Denver Rapids Cedar Chattanooga Frederick Clarke Bridgeport Hampton Myrtle Hampton McAllen Burlington
18
Independence Independence Naperville
Cambridge Cambridge
Buffalo Buffalo
Hayward Hayward
Amarillo Greenville Amarillo
Chicago Chicago Louisville
Prairie Killeen Prairie
Davenport Merced Davenport
Honolulu Honolulu
Denver Denver
Rapids Rapids
Cedar Cedar
Chattanooga Chattanooga
Clarke Columbus Clarke
Bridgeport Bridgeport Miramar
Hampton Hampton
Myrtle Myrtle
McAllen McAllen
