DK CP AZ CR DD EO GX EB FX CE HJ EY CU DE DL AV AN DZ FD GR AT BA AG ES GQ CM CD AY CC GY DB EV BW ED GN EM HC DI BI FG BZ DT DO EQ FH BR BA EF CX HI DK AB EW DQ HB DK
49
DK BL
CP CP
AZ AZ CT
CR CR GT
DD DD
EO AK EO FN HD
GX GX
EB EB
CE CE
HJ EN FW HJ
EY BF EY
CU AA BM CU
DE DE EP ET GV
DL CS DL
AV AV
AN AN GZ
DZ DZ HE
FD BC DF DU FD FP GB
GR GR
AT AT CK EL GG
AG AG AO
ES ES HF
GQ BV
CM CM FB
CD CD FA
AY AY
CC AM CC
GY BE GY
DB AU DB
BW BW
ED ED
GN GN
EM EM
HC CA HC
DI DI
BI BI CW DX
FG BH FG
BZ BZ
DT BP DM DT
DO DO
EQ DP EQ
FH EA FH FT
BR BR
EF CG CY EF
CX CI CX
HI HI
AB AB
EW EW
HB DN FZ HB
