Soda AnthonyHall ClarkKerrCampus CheitHall BirgeHall BARTStation BarrowLane Cory CareerCenter Dwinelle BrainImagingCenter BerkeleyWayWest EdwardsStadium BanwayBldg McLaughlinHall EtcheverryHall BancroftLibrary CampbellHall EshlemanHall GayleyRd DoeMemorialLibrary DurantHall Soda
19
AnthonyHall AnthonyHall BerkeleyArtMuseum BotanicalGarden Campanile ChouHall DavisHall
ClarkKerrCampus CalvinLaboratory ClarkKerrCampus
CheitHall AlumniHouse CheitHall DonnerLab
BirgeHall BirgeHall BlumHall CyclotronRd
BARTStation BarrowsHall BARTStation
BarrowLane BarrowLane EvansDiamond
Cory Cory
CareerCenter CareerCenter VLSB
Dwinelle Dwinelle
BrainImagingCenter BrainImagingCenter
BerkeleyWayWest BerkeleyWayWest
EdwardsStadium CaliforniaHall EdwardsStadium
BanwayBldg BanwayBldg BarkerHall
EtcheverryHall ChanShunAuditorium CNMAT EtcheverryHall
BancroftLibrary BancroftLibrary BoaltHall EastGate
CampbellHall EastAsianLibrary CampbellHall
EshlemanHall BlackwellHall EshlemanHall
DoeMemorialLibrary DoeMemorialLibrary
DurantHall DurantHall
