Soda EtcheverryHall WicksonNaturalArea Piedmont FoundersRock StHelena SatherTower Pittsburg Alameda GiauqueHall Insectary ClearyHall Pinole Albany SatherRd WursterHall Fairfield Pacifica Hillsborough ChouHall BancroftLibrary PimentelHall CampbellHall HearstMiningCircle ZellerbachPlayhouse DonnerLab LewisHall WestGate HertzHall SproulPlaza AnthonyHall HavilandHall FrankSchlessingerWay HargroveMusicLibrary WheelerHall GoldmanField HearstGreekTheatre MLK Brisbane ClarkKerrCampus WellmanHall Cory BlumHall WestCircle Soda
40
EtcheverryHall EtcheverryHall
WicksonNaturalArea ZellerbachHall WicksonNaturalArea
Piedmont Piedmont NorthGateHall
FoundersRock MinorHallAddition FoundersRock IshiCourt EvansHall
StHelena KleebergerFieldHouse StHelena
SatherTower SatherTower
Pittsburg Pittsburg
Alameda Alameda
GiauqueHall Orinda Campanile GiauqueHall
Insectary Insectary
ClearyHall ClearyHall
Pinole Pinole
Albany SanRafael Albany Unit3
WursterHall WursterHall
Fairfield Fairfield
Pacifica Pacifica LowerSproulPlaza
Hillsborough Hillsborough SanRamon
ChouHall StadiumRimWay EastGate ChouHall Belmont
BancroftLibrary Benicia BancroftLibrary Unit1
PimentelHall PimentelHall BarkerHall
HearstMiningCircle HearstMiningCircle
ZellerbachPlayhouse ZellerbachPlayhouse MulfordHall
DonnerLab Hayward DonnerLab
LewisHall LewisHall
WestGate WestGate
HertzHall HertzHall
SproulPlaza Emeryville SproulPlaza
AnthonyHall AnthonyHall
FrankSchlessingerWay FrankSchlessingerWay
HargroveMusicLibrary HargroveMusicLibrary
WheelerHall KroeberHall WheelerHall
GoldmanField GoldmanField
HearstGreekTheatre CalvinLaboratory SanPablo GilmanHall HearstGreekTheatre
MLK MartinezCommons SternHall WomenFacultyClub Healdsburg
Brisbane Oakley Brisbane
ClarkKerrCampus ClarkKerrCampus
WellmanHall WellmanHall
Cory Saratoga Cory
BlumHall BlumHall
WestCircle WestCircle
