Pantheon MasterYi Nunu TrollWarlord MasterYi SpiritBreaker Rumble XinZhao NightStalker Magnus ChaosKnight Xerath Malphite Slark Draven Bristleback Maokai Bard Skarner Morgana CentaurWarrunner Galio Heimerdinger Akali Tiny Anivia Lux Jax ArcWarden Lucian Jayce Shyvana Ashe Pantheon
31
Pantheon Ahri Spectre LoneDruid
MasterYi MasterYi
Nunu Ezreal Nunu
TrollWarlord TrollWarlord
SpiritBreaker SpiritBreaker
Rumble Rumble
NightStalker Talon NightStalker
Magnus Magnus
ChaosKnight Lich ChaosKnight
Xerath Xerath
Malphite Malphite
Slark Slark Kled
Draven Jinx Draven
Bristleback Tailyah KogMaw Bristleback
Maokai Maokai
Bard Bard CrystalMaiden BountyHunter
Skarner Skarner Jhin
Morgana Morgana
CentaurWarrunner CentaurWarrunner Ziggs
Galio Galio Phoenix
Heimerdinger Heimerdinger
Akali Akali
Tiny Tiny
Anivia Anivia Disruptor
Lux Lux
Jax Jax WraithKing
ArcWarden ArcWarden
Lucian Lucian
Jayce Jayce
Shyvana Shyvana
Ashe Oracle Ashe
