Fizz Annie Sniper Zilean Huskar Warlock VelKoz Visage Ryze Irelia Kayn TrollWarlord Xayah Heimerdinger Janna Yorick Nasus Rumble Phoenix Zed Ziggs Rubick Kennen Trundle CentaurWarrunner Orianna Nunu Syndra Tiny Talon Medusa ShadowShaman Lucian Cassiopeia Ekko Chen Kassadin Quinn LeBlanc Orianna Beastmaster Karma Pantheon Sven Sona Puck Fizz
45
Fizz Fizz
Annie Annie
Sniper Oracle Sniper
Zilean Techies StormSpirit Zilean
Huskar Omniknight Brewmaster Huskar
Warlock Warlock Viktor Timbersaw Undying
VelKoz VelKoz Fiddlesticks
Visage Visage
Ryze Weaver Ryze
Irelia Irelia
Kayn Vi Kayn
TrollWarlord TrollWarlord
Xayah Xayah
Heimerdinger Heimerdinger Azir
Janna JarvanIV Janna
Yorick Yorick
Nasus Nasus
Rumble Rumble
Phoenix WinterWyvern Venomancer Tristana
Zed Zed
Ziggs Ziggs Morphling
Rubick Rengar Rubick
Kennen Kennen Nidalee Vladimir
Trundle Leona Slark Gragas Trundle
CentaurWarrunner ShadowDemon CentaurWarrunner Magnus
Orianna Orianna Kled Bane
Nunu Nunu Jinx
Syndra Syndra
Tiny Tiny
Talon Talon Terrorblade
Medusa BountyHunter Medusa Mirana Singed LoneDruid
ShadowShaman Amumu ShadowShaman
Lucian Lucian Katarina
Cassiopeia SpiritBreaker Cassiopeia TahmKench
Ekko Ekko Thresh
Chen Chen
Kassadin Kassadin KhaZix
Quinn NightStalker Quinn
LeBlanc ShadowFiend LeBlanc
Beastmaster Beastmaster FacelessVoid
Karma Jayce Karma
Pantheon Pantheon DeathProphet
Sven Slardar Sven
Sona Sona
Puck Puck
