6 1 2 7 0 6 11 15 13 10 19 17 11 24 20 29 28 26 23 20 24 30 31 30 38 30 42 40 41 46 42 55 51 55 67 62 60 67 73 77 73 80 88 87 84 80 96 90 97 92 96 103 101 103 111 112 110 119 110 111 124 128 125 124 133 139 132 133 143 145 147 146 143 158 150 153 154 152 159 158 168 166 167 165 168 172 170 172 189 184 189 199 190 191 190 199 6
53
1 1 4
7 7
0 0 8
15 15
13 14
10 10 18
19 19
20 20 21
26 26
23 23
31 31
38 36 38 39
40 40 48
41 41
46 46
55 57
51 50 51 59
67 69
62 62 63
60 60 65
73 74 78
77 75 77 79
80 81 85
88 88
87 87
90 90 95
97 97 98
103 105 106
101 101 107 109
111 113 114
112 112 115 118
124 126
128 120 128 129
125 125
139 130 134 139
132 132 137
143 148
145 145
147 144 149
146 146
150 150 157
153 153
152 152
168 164
166 166
167 163 167
172 177
170 170 176 178 179
189 185
184 181 182 186 187
199 194 196 198
190 190
191 191
