L16 L73 L63 L103 L120 L114 L66 L79 L12 L67 L101 L116 L150 L104 L118 L13 L89 L11 L125 L11 L106 L119 L90 L75 L69 L5 L130 L70 L82 L117 L153 L22 L94 L78 L148 L91 L94 L22 L110 L4 L143 L16
34
L16 L16 L29
L73 L99 L138
L63 L27 L61 L63
L103 L47 L68 L103 L133 L144 L146
L120 L20 L128 L129 L145
L114 L84 L114 L140
L79 L52 L79 L100
L12 L12 L28 L83
L67 L67
L101 L93 L101
L116 L2 L8
L150 L87 L150
L104 L9 L104 L126 L142 L151
L118 L107
L13 L21 L38 L76 L109 L134 L139
L89 L89
L11 L11 L74
L125 L125
L106 L35 L106 L152
L119 L72 L80 L119
L90 L90 L92
L75 L75
L5 L5 L18
L130 L1 L95 L130
L70 L56 L70 L77
L82 L62 L82 L124 L141
L153 L131 L153
L22 L7 L22 L24
L94 L85 L94
L78 L78
L91 L43 L91
L110 L53 L110
L4 L4 L149
L143 L40 L65 L143 L147
