0 145 143 135 142 127 118 117 120 127 44 39 34 28 25 139 137 64 70 72 67 62 55 56 53 61 68 69 76 104 105 128 85 89 96 98 95 100 31 23 16 8 12 19 26 0
41
0 0 4 108
145 145 146
143 143
135 10 131 133 135 138
142 142 148
127 15 122 127
118 40 47 114 118 119 123
117 111 117
120 120 125
44 36 44 49 86
39 35 39 45
34 34 42
28 28
25 24 25
139 22 134
137 132 137 141
64 64
70 70
67 65 67 75
62 62
55 55
56 56 60
53 51 53
68 68 73
69 69
76 7 29 33 76 77 82 84
104 43 97 104 109 110
105 105 113
128 128
85 78 80 81 83 85
89 89 94
96 96 101
98 98
95 93 95
31 30 31 32 66
23 23 27
16 13 16
8 5 8 9 11
12 12
19 18 19
26 26
