1 158 59 182 39 119 183 108 192 94 68 181 44 12 142 125 139 175 32 92 28 189 6 40 172 13 28 151 120 28 116 176 65 143 53 190 32 122 192 25 21 167 91 99 87 127 14 97 78 42 132 76 43 131 197 89 9 93 80 148 72 11 79 173 188 118 2 184 160 95 82 117 164 23 52 48 1
64
59 59
182 182
119 20 119
183 121 183
108 108
192 192
94 94 114
68 68 147
181 181 191
44 44
12 12
142 123 142
139 139
32 32 77
92 92 163
28 28
6 6 165
40 40
172 172
13 13
151 151
120 57 120
116 64 116
176 176
65 65
143 143
53 53
190 170 190
122 122
25 25
21 21
167 167
91 91
99 99
87 7 87
127 17 70 127
14 14 45
97 97 112 161
78 36 78 100
42 42
132 132
76 76 126
131 129 131
197 197
89 89
9 9 35
93 93
80 16
148 137 148
72 34 60 159 180
11 3 11
79 79
173 140 186
188 67 188
118 118
2 2 74
184 149 184
160 27 29 160
95 95
82 81 153
117 117
164 164
23 155
52 52 178
