point0 point52 point50 point11 point10 point11 point5 point15 point68 point67 point73 point75 point76 point83 point122 point125 point129 point121 point127 point123 point172 point168 point185 point184 point190 point182 point187 point138 point132 point135 point139 point140 point134 point140 point163 point162 point144 point115 point111 point101 point102 point101 point150 point65 point17 point32 point18 point14 point21 point14 point27 point34 point31 point33 point37 point39 point89 point22 point3 point22 point21 point0
45
point0 point54 point69
point52 point52 point56
point50 point49 point51 point55
point11 point11
point10 point1 point10
point5 point5
point15 point6 point13 point15
point68 point72
point67 point67 point109
point73 point73
point75 point75
point76 point76 point78 point79 point86 point94
point83 point83 point120
point122 point122
point125 point119
point127 point126
point123 point123 point124
point172 point172 point177
point185 point185
point184 point184
point187 point187
point138 point138
point132 point132
point135 point131 point135
point139 point139 point179 point180 point183
point134 point134
point163 point155 point160 point163
point162 point158 point162
point144 point144 point148 point149 point151 point152 point153 point157
point115 point115
point111 point110 point111 point112 point113
point101 point103
point102 point100 point102 point108
point17 point17
point32 point16 point29
point18 point18
point21 point21
point27 point27
point34 point34
point31 point31
point33 point30 point33
point37 point38 point41
point39 point39 point40 point42 point43
point89 point85 point87 point89 point91
point3 point3
