187 68 162 185 32 45 70 199 195 63 10 153 86 156 7 99 196 67 13 59 37 120 118 9 102 175 142 175 117 73 95 65 58 157 19 53 35 56 33 126 34 61 100 181 124 181 71 148 123 15 82 127 115 101 92 24 168 24 46 23 124 133 131 109 22 180 44 160 129 74 165 160 39 146 85 93 132 149 6 12 152 106 108 135 108 21 192 106 163 106 90 76 54 97 54 55 54 193 189 80 194 154 39 110 179 91 179 36 87 144 166 173 72 173 30 2 77 107 77 161 191 161 78 98 66 187
77
68 68
162 162
32 32
45 45
70 70
199 199
63 48 63
153 29 94 153
86 86
156 156
7 7
196 196
67 18 47 67
13 13
59 59
37 42
120 120
9 9
175 175
142 142
117 117
73 73
95 95
65 65 140 183
58 58
157 83 157 176
53 53
33 33
126 126
181 181
124 124 128
71 71
148 148 150
15 15 184
82 82
127 127
92 92
23 23
133 133
131 131
109 109
180 180
44 44 79
160 160
165 165
39 39
146 41 69 114 146 171
93 93
132 132
149 169
6 6
12 12
152 152
106 111
108 108
163 163
90 90
54 54 89
97 97
55 55
80 80
154 134 154
110 110
36 36
87 87
144 52 119
166 166
173 173 190
72 72
30 30
2 2
107 107
161 136 161
191 191
78 78 164
98 172
66 8
