location1 location38 location10 location45 location58 location57 location83 location74 location94 location14 location19 location75 location59 location12 location23 location44 location47 location78 location60 location40 location29 location53 location1
21
location1 location31
location38 location17 location32 location38 location90
location10 location6 location10 location49 location66
location45 location45 location46 location99
location58 location30 location48 location58 location91
location57 location35 location57 location95
location83 location43 location83
location74 location74
location94 location56 location94
location14 location79 location80
location19 location2 location19 location36 location71
location75 location9 location21 location51 location52 location75 location89
location59 location42 location59
location23 location23
location44 location44
location47 location47
location78 location78
location60 location3 location72 location77
location40 location40
location29 location8 location29
location53 location53 location54
