location1 location19 location118 location43 location151 location143 location110 location177 location184 location68 location84 location30 location32 location70 location94 location74 location10 location154 location46 location123 location58 location16 location49 location131 location185 location148 location5 location12 location15 location179 location1
29
location1 location20 location27 location56 location90 location178
location19 location92 location93 location139 location190 location193
location118 location118 location188
location43 location43
location151 location37 location59 location65 location106 location182
location143 location17 location26 location57 location75 location133 location143 location152 location169 location171 location180 location186
location110 location110 location142
location177 location177
location184 location129 location157 location159 location172 location181 location184 location199
location68 location68 location82 location91 location97 location146 location161
location84 location6 location33 location100 location105 location109 location136
location30 location30
location32 location32 location87 location175
location70 location2 location95 location96 location150 location195
location94 location22 location94 location130 location196
location74 location74 location164
location10 location10 location69 location107 location108
location154 location116 location127 location154 location165
location46 location40 location46 location149
location123 location123
location58 location58
location16 location13 location16 location197
location49 location3 location49 location140
location185 location11 location35 location185
location148 location148
location5 location5 location44 location114
location12 location12 location128
location15 location25 location111
location179 location28 location85 location158 location179
