0 194 25 103 37 19 49 59 151 51 26 70 92 197 91 129 31 16 48 90 60 10 67 76 11 47 88 4 38 12 15 2 162 168 139 44 1 74 27 45 64 148 160 93 87 99 34 79 56 97 169 96 40 82 128 75 65 50 81 5 95 77 191 17 53 7 144 73 84 72 43 135 18 100 0
60
25 21 25 78
37 37
19 19
49 20 22 49
59 29 59
51 51 57
26 3 26 94
70 70
92 69 92
91 58 91
31 31 83
16 16
48 48
90 90
60 60
10 10 28
67 67
76 76
11 11 86
47 9 47 89
88 88
4 4
38 35 38 39 42
12 12 80 98
15 15 32
2 2 41
44 44 66
1 1
74 74
27 27
45 45
64 64
93 93
87 30 71 87
99 99
34 34
79 79
56 46 56
97 97
96 8 96
40 40
82 82
75 55 75
65 65
50 50
81 81
5 5
95 95
77 77
17 13 17 33 36 62
53 53 61
7 7 54
144 24
73 73
84 68 84
72 6 14 72
43 43
135 23 63
18 18
100 52 85 100
