c5 t0 e1 g3 s4 h3 j6 f2 m0 b1 d4 i1 d7 a7 q5 k6 b3 b8 l1 k9 s3 l6 j2 a4 a6 r0 p7 b7 g6 h5 g1 m7 o7 k1 t2 h2 k2 j4 q8 d2 t5 s9 g8 e2 j7 o0 q0 d9 s1 d5 l4 o5 b5 t6 i5 d6 i4 h0 h1 c4 q2 g5 c5
55
c5 t9
t0 q1 t0 t1
e1 e1 e4 o4
g3 g3
s4 s4
h3 h3 h4 q3 r7
j6 j6 r2
f2 f2 t7
m0 m0 p0
b1 b1
d4 d4
i1 i1
a7 a7
q5 g0 o2 q5
k6 k6
b3 a1 b3
l1 a8 l1
k9 c8 k9
s3 s3
l6 l6
j2 c3 j2
a4 a4
a6 a6
p7 p7
b7 b7
g6 g6
h5 h5
g1 g1
m7 m7 r1
o7 o7
k1 f6 k1
t2 i0 t2
h2 h2 n3
q8 q8
t5 e5 g4 r4 t5
s9 g7 s9
g8 g8 s7
e2 e2
j7 j7 m4
o0 a0 o0
q0 q0
s1 h6 j5 s1
d5 d5
l4 l4 o6
o5 o5
b5 b5
t6 l3 l8 t6
i5 i5 n0 t8
d6 d6 r9
i4 i4 n4
h0 h0
h1 h1 n6
c4 c4 g9 s2
q2 f3 f5 j3 l0 o8 p9
g5 e0 g5
