0 41 167 57 53 69 109 143 87 19 79 181 17 11 9 37 45 23 49 13 51 73 3 187 121 77 1 15 89 147 85 72 55 35 125 21 127 93 193 83 29 27 97 117 99 163 113 26 33 137 131 105 165 145 123 155 0
53
41 41 101
167 167
57 57
53 53 173
69 69
109 109
143 143
87 61 87 153
19 19 185
79 79 191
181 103 111 181
17 17
11 11
9 9
37 25 37
45 45
23 23 139
49 49 59 71
13 13
51 51 115
73 73 169 171
3 3
187 43 187 197
121 121
77 47 77
1 1
15 15 119
89 63 89
147 81 147 157 161
85 85
55 55
35 35
125 125 133
21 21 107 151
127 127
93 39 93 135 189
193 193
83 31 83 95 183
29 29
27 27 91 177
97 97
117 117 175
99 99 141
163 163
113 5 113
33 33
137 137
131 131 159
105 75 105 179
165 129 149 165 199
145 65 67 145 195
123 123
155 7 155
