0 120 45 60 195 86 52 86 4 2 192 113 72 156 119 69 133 109 12 111 47 53 15 33 68 29 131 19 32 38 142 51 174 61 8 143 8 143 46 143 9 157 194 76 95 77 62 77 16 24 70 125 8 193 198 80 128 105 0
47
0 0 17 39 58 158
45 96 129 199
60 60
195 195
86 86 183
52 52
4 4
2 2 180
192 192
113 94 178
156 43 74 156
119 3 119
69 21 69 184
133 133
109 109
12 12
111 191
15 126 185 188 189
33 18 31 33 78 182
68 68
29 29
131 131
19 19
32 32 35
38 38
142 142
51 51
174 174
61 115 170
8 8 103 116 160
143 143
46 46 136 177 179
9 9
157 50 157
194 93 194
76 163
77 77
62 62
16 16 159
24 24
70 70
125 125
193 193
198 198
80 80 197
128 190
105 105
