190 75 166 56 76 49 185 112 85 149 98 85 62 155 1 155 46 193 146 179 64 52 145 38 141 157 94 113 182 2 99 92 99 91 198 102 151 120 118 108 27 147 67 33 58 33 165 93 164 108 57 186 177 47 123 113 190
43
190 135
166 166
56 5 10 22 45 56 68 95 117 153
76 60 76
185 185
112 112
149 149
62 62
1 1 142
46 46
193 40 139 193
146 146
179 11 66 71 100 179 195
64 34 36 44 55 103
52 52 61 138
145 104 121 137
38 38 65
141 141
94 94
113 113
182 30 182
2 2
99 99 188
92 92 106 132 152
198 198
102 102 109
151 29 172
120 181
118 118
108 3 32 54 69 108 133 156 162
27 27
147 173
67 8 67 111
33 33 114
58 83 129
165 136 165
93 93 116 163 189
164 164
57 21 50 57 169 176
186 23 84 168 186 192
177 101 177
47 47
123 123
