Loc1 Loc165 Loc121 Loc144 Loc131 Loc62 Loc131 Loc144 Loc31 Loc112 Loc29 Loc180 Loc19 Loc136 Loc59 Loc46 Loc98 Loc26 Loc4 Loc38 Loc167 Loc184 Loc194 Loc170 Loc134 Loc122 Loc18 Loc154 Loc82 Loc68 Loc199 Loc178 Loc90 Loc150 Loc148 Loc145 Loc188 Loc198 Loc36 Loc150 Loc72 Loc91 Loc124 Loc91 Loc16 Loc127 Loc164 Loc174 Loc58 Loc195 Loc64 Loc3 Loc196 Loc83 Loc88 Loc114 Loc102 Loc130 Loc187 Loc46 Loc186 Loc60 Loc183 Loc92 Loc106 Loc92 Loc183 Loc160 Loc187 Loc6 Loc51 Loc108 Loc1
57
Loc1 Loc1 Loc12 Loc97
Loc165 Loc5 Loc37 Loc117 Loc153 Loc157 Loc161
Loc121 Loc121
Loc144 Loc144
Loc131 Loc126 Loc131
Loc62 Loc62
Loc31 Loc31 Loc76 Loc192
Loc112 Loc73 Loc112 Loc166
Loc29 Loc29 Loc128 Loc132
Loc180 Loc180
Loc19 Loc19
Loc136 Loc15
Loc59 Loc59
Loc98 Loc98
Loc26 Loc26
Loc4 Loc4
Loc38 Loc38
Loc167 Loc167
Loc184 Loc171
Loc194 Loc70 Loc194
Loc122 Loc122
Loc18 Loc18 Loc50 Loc135
Loc154 Loc154
Loc82 Loc82
Loc68 Loc68 Loc99
Loc199 Loc199
Loc178 Loc178
Loc90 Loc22
Loc150 Loc44 Loc150
Loc148 Loc89 Loc175
Loc145 Loc33 Loc145
Loc188 Loc188
Loc198 Loc8 Loc198
Loc36 Loc13 Loc36
Loc72 Loc72
Loc91 Loc91
Loc16 Loc66
Loc127 Loc28 Loc104 Loc127 Loc152
Loc164 Loc55 Loc63 Loc119 Loc123 Loc155 Loc164
Loc58 Loc58
Loc64 Loc64
Loc3 Loc3
Loc196 Loc85 Loc111 Loc169 Loc196
Loc83 Loc83
Loc88 Loc45
Loc114 Loc114
Loc102 Loc102
Loc130 Loc130
Loc187 Loc187
Loc186 Loc186
Loc60 Loc60 Loc87
Loc183 Loc110 Loc156 Loc172 Loc183
Loc92 Loc92
Loc106 Loc106
Loc160 Loc113 Loc160
Loc6 Loc6 Loc39 Loc115
Loc51 Loc51 Loc69 Loc177
