Loc1 Loc37 Loc49 Loc5 Loc88 Loc65 Loc69 Loc57 Loc15 Loc10 Loc75 Loc6 Loc75 Loc0 Loc19 Loc96 Loc87 Loc18 Loc87 Loc16 Loc70 Loc10 Loc34 Loc2 Loc7 Loc21 Loc73 Loc3 Loc73 Loc21 Loc9 Loc36 Loc55 Loc64 Loc25 Loc44 Loc41 Loc21 Loc17 Loc32 Loc1
30
Loc37 Loc92
Loc49 Loc49
Loc88 Loc45 Loc76
Loc65 Loc65 Loc81
Loc69 Loc69 Loc79
Loc57 Loc13 Loc72
Loc15 Loc15
Loc10 Loc10
Loc6 Loc6
Loc0 Loc0
Loc19 Loc19
Loc87 Loc4 Loc74 Loc87
Loc18 Loc18 Loc63 Loc90 Loc98
Loc16 Loc46
Loc70 Loc50 Loc52 Loc70
Loc34 Loc34 Loc91
Loc2 Loc2 Loc11
Loc7 Loc7 Loc22 Loc68
Loc21 Loc21
Loc73 Loc47
Loc3 Loc3 Loc29
Loc9 Loc9
Loc36 Loc38
Loc55 Loc42 Loc55 Loc80
Loc64 Loc43
Loc25 Loc25 Loc53 Loc56
Loc44 Loc62
Loc41 Loc41
Loc17 Loc17
Loc32 Loc32
