114 78 163 161 119 74 29 46 80 133 191 76 26 47 95 149 62 28 91 67 98 100 73 81 182 151 1 117 75 121 152 199 85 187 135 93 171 127 111 82 116 177 168 115 5 65 40 118 32 24 179 36 69 172 78 170 102 174 166 31 124 185 16 54 132 12 132 183 169 87 38 180 70 198 197 39 197 198 89 59 33 48 15 120 42 181 143 83 3 4 3 7 34 153 30 167 96 123 114
69
114 49 114
78 78
161 161
119 119
74 74 175
29 29
46 0 51 173
133 10 133
191 191
76 76
26 18 26 63
47 47 92
95 53 95
149 35 149 154 164
62 62 108
28 28
91 91
67 67
98 98
100 100
81 81 188
182 182
1 1
117 117
75 75
199 199
187 187
135 135
93 93
171 171
127 127 155
111 111
82 195
177 177
115 37 115
5 5 41
65 134 196
32 32
24 24
36 36
69 69
170 170
102 102
174 94 150 174
166 166
31 14 31
124 124
16 16
12 12
183 176 183
169 84 146 169
87 87
38 38
70 70
197 43 197
89 89
59 59 131
33 33
15 15
120 66
42 42 112
181 21 148 181
143 105 109
3 3 103
4 4
7 7
153 147
167 167
96 96
