gc as co q cm ds u fm et df cp gm b fw cg db br er eu l go ck ep g cn da dw ez du ga dx gn by ah p o gh fo bo an ad gj gi dh en ae dq bp aw h dj gg dp do fi ea cu bj ge gb n eq ap bt bf fn cb fp ag ao cv ca bi cj cs fq ff ay e c bq a gq dn y em gc
67
gc gk
as ac as
co co
q q fr
cm ab cm
ds ds
u u dg
et et
df j bn bv fh
cp cp cr
gm gm
b b cz
fw dy fw
cg cg fy
db az db fa
br br
er er
go go
ck ck
ep am ep
g g
cn cn
dw dw
ga ga
dx dx
gn gn
by bc by
ah ah
p p
gh gh
fo fd fo ft
an an bl
ad ad bx
gj cq gj
gi di gi
dh d dh
en en
ae ae
dq dq
bp bp
aw aw
dj dj
gg gg
dp dp
do do
fi fi
bj bj
ge ge
eq eq
ap ap
bt bb bt
bf ey
fn fn
ao ao
cv cv
bi bi
cj cj ee el
cs cl cs
fq fk fq
ff ff
e e fe
bq bq
a a at
gq v bu es gq
dn ai dn
y y
em em
