n0 n31 n77 n92 n45 n48 n6 n57 n75 n29 n54 n96 n162 n97 n76 n43 n13 n25 n87 n74 n65 n46 n23 n10 n44 n16 n53 n18 n71 n95 n62 n38 n89 n98 n183 n63 n27 n14 n1 n91 n72 n70 n37 n41 n58 n3 n24 n39 n11 n0
47
n0 n0 n22 n85
n31 n31 n59 n61 n66 n68
n77 n12 n34 n56 n77
n92 n28 n33 n88 n92
n45 n45 n60
n48 n48
n6 n6
n57 n57 n86
n75 n75
n29 n29
n54 n54
n96 n96
n97 n17 n35 n97
n76 n76
n43 n43
n13 n13
n25 n25 n36 n94
n87 n2 n8 n32 n81 n87
n74 n74
n65 n55 n65 n93
n46 n46 n49
n23 n23 n40 n50 n67
n10 n10
n44 n20 n44
n16 n16 n51 n69
n53 n4 n5 n53
n18 n18
n71 n42 n64 n71
n95 n95
n62 n62
n38 n38
n89 n19 n30 n89
n98 n90 n98
n63 n63 n84
n27 n27
n14 n14
n1 n1
n91 n91
n72 n72
n70 n26 n47 n70
n37 n37
n41 n41
n58 n7 n15 n58 n73
n3 n3 n9 n52 n79
n24 n24 n80 n82
n39 n39 n78 n83 n99
n11 n11 n21
