Liam Jordan Jack Joshua Cooper Grant Antonio Kaleb Santiago Alan Patrick Dean Zion Messiah Zion Dean Kingston Miles Nolan Elijah Abel Weston Kevin Finn Matteo Jameson Daniel Nicholas Silas Ryder Mateo Aiden Richard Zachary Jude Zachary Hunter Steven James Steven Abel Weston Brantley Messiah John Matthew Jayce Henry Malachi Henry Jayce Jeremy Joel Dylan Lincoln Max Grant Ashton Jose Ezra Ezekiel Maddox Xander Leonardo Jordan Liam
45
Liam Liam Evan
Jordan Jordan
Jack Jack
Joshua Noah Lucas Joshua Maverick
Cooper Cooper
Antonio Owen
Kaleb Robert Elias
Santiago Carter
Alan Alexander David Grayson
Patrick Oliver Andrew
Dean William Michael Anthony Aaron
Zion Wyatt Christian Landon Austin Ian Parker
Messiah Samuel Greyson
Kingston Luke
Nolan Logan Ryan Nolan
Elijah Elijah Adrian
Weston Angel Jaxson
Kevin Nathan Connor
Finn Jacob
Matteo Julian Josiah
Jameson Benjamin Jaxon Hudson
Daniel Daniel
Nicholas Nicholas
Mateo Mateo
Aiden Mason Aiden Charles
Richard Jonathan Easton
Jude Joseph Theodore Jace
Hunter Isaiah Thomas Hunter
Steven Eli Xavier
James James Isaac
Brantley Ethan Christopher Asher Brayden Carson
John John
Matthew Matthew
Jayce Gabriel Cameron
Henry Henry
Malachi Sebastian Leo Colton Adam Bryson
Jeremy Caleb
Joel Dominic
Dylan Dylan
Lincoln Lincoln
Max Jayden
Jose Jose
Ezra Jackson Ezra
Ezekiel Jeremiah Ezekiel
Xander Levi
