Liam Isaiah Joseph Jaxson Colton Levi Evan Josiah Eli Dominic Carter Benjamin Carter Ayden Roman Maverick Roman Jordan Nicholas Theodore Hunter Theodore David Sebastian David Theodore Hunter Chase Christopher Luke Christian Logan William Elijah Mason Jayden Adam Chase Levi Jonathan Henry Jonathan Leo Aaron Thomas James Thomas Owen Jose Sawyer Colton Leo Isaiah Elias Bryson Elias Liam
23
Liam Liam
Isaiah Daniel
Joseph Alexander Joseph
Jaxson Michael Ethan Samuel
Eli Lucas Jackson Wyatt
Dominic Oliver
Carter Carter
Benjamin Benjamin
Roman Jacob
Maverick Matthew
David David
Sebastian Sebastian
Luke Noah Luke
Logan Logan
William William Aiden
Elijah Elijah
Mason Mason
Jayden Jayden
Henry Henry
Thomas Dylan
James James
Owen Owen
Sawyer John
