LOC16 LOC18 LOC15 LOC46 LOC37 LOC82 LOC34 LOC90 LOC61 LOC31 LOC89 LOC56 LOC90 LOC34 LOC36 LOC26 LOC78 LOC70 LOC49 LOC59 LOC13 LOC80 LOC45 LOC71 LOC44 LOC33 LOC1 LOC22 LOC1 LOC16
22
LOC16 LOC52
LOC18 LOC18 LOC57
LOC15 LOC15
LOC46 LOC25 LOC46 LOC53 LOC97
LOC37 LOC37
LOC82 LOC17 LOC28 LOC82
LOC34 LOC12 LOC81 LOC99
LOC90 LOC20 LOC29 LOC73 LOC90
LOC61 LOC23 LOC61 LOC85
LOC31 LOC31
LOC89 LOC62 LOC89
LOC56 LOC56 LOC98
LOC36 LOC3 LOC36
LOC26 LOC4 LOC26
LOC78 LOC43 LOC78
LOC70 LOC70
LOC59 LOC59
LOC80 LOC95
LOC45 LOC45 LOC47 LOC50 LOC79
LOC44 LOC96
LOC33 LOC9 LOC33
LOC22 LOC22
