LOC60 LOC161 LOC62 LOC120 LOC180 LOC61 LOC194 LOC188 LOC170 LOC164 LOC142 LOC147 LOC66 LOC24 LOC89 LOC156 LOC46 LOC65 LOC8 LOC76 LOC59 LOC88 LOC72 LOC141 LOC70 LOC64 LOC70 LOC132 LOC74 LOC134 LOC160 LOC78 LOC37 LOC80 LOC85 LOC60
26
LOC161 LOC161
LOC62 LOC62
LOC180 LOC68 LOC158 LOC180
LOC61 LOC189 LOC192
LOC194 LOC38 LOC52 LOC194
LOC188 LOC18 LOC36 LOC48 LOC56 LOC108 LOC190
LOC170 LOC7 LOC170
LOC164 LOC164
LOC142 LOC142
LOC147 LOC58
LOC66 LOC117 LOC139
LOC24 LOC24
LOC89 LOC51 LOC55 LOC89 LOC96 LOC116 LOC133
LOC46 LOC46
LOC65 LOC65
LOC8 LOC8
LOC76 LOC30 LOC177
LOC59 LOC6 LOC59
LOC72 LOC54 LOC72
LOC141 LOC17 LOC166
LOC70 LOC70 LOC97
LOC64 LOC64 LOC144 LOC145
LOC132 LOC63
LOC134 LOC134
LOC160 LOC160
LOC80 LOC80
