zero six thirteen twenty twentyseven twentyeight twentytwo twentythree thirty thirtyseven fortyfour fortythree fortynine fiftysix sixtythree seventy seventyseven seventyone seventyeight eightyfive ninetytwo ninetynine onehunfive onehunfour onehunthree onehunten onehunseventeen onehuneighteen onehunnineteen onehunthirteen onehunfourteen onehuntwentyone onehuntwentyeight onehunthirtyfive onehunfortytwo onehunfortythree onehunfortyfour onehunfortyfive onehunfiftytwo onehunfiftynine onehunsixty onehunsixtyone onehunfiftyfive onehunsixtytwo onehunsixtynine onehunseventyfive onehunseventyfour onehuneightyone onehuneighty onehunseventynine onehunseventyeight onehuneightyfive onehunninetytwo onehuneightyfive onehunseventyeight onehunseventyone onehunsixtyfour onehunfiftyseven onehunfifty onehunfortythree onehunthirtysix onehuntwentynine onehuntwentytwo onehunfifteen onehuneight onehunone ninetyfour eightyseven eighty seventythree sixtysix fiftynine fiftytwo fortyfive thirtyeight thirtyone twentyfour seventeen ten three zero
63
zero one two seven
six six
thirteen twelve fourteen
twenty fifteen twenty
twentyseven twentysix twentyseven
twentythree twentythree
thirty twentynine thirtyfour
thirtyseven thirtyseven
fortyfour fortyfour
fortythree fortythree
fortynine fortynine
fiftysix fiftyfive
sixtythree fiftyseven
seventy sixtyfour sixtynine seventy
seventyseven seventyfive seventyseven
seventyone seventyone seventytwo
seventyeight seventyeight seventynine eightythree eightyfour
ninetytwo ninetyeight
ninetynine ninetynine
onehunten onehunten onehuneleven
onehunseventeen onehunsixteen onehunseventeen
onehuneighteen onehuneighteen
onehunnineteen onehunnineteen
onehunthirteen onehunthirteen
onehuntwentyone onehuntwentyone onehuntwentysix
onehuntwentyeight onehuntwentyseven onehuntwentyeight
onehunthirtyfive onehunthirtyfive onehunforty
onehunfortythree onehunfortythree
onehunfortyfour onehunfortyfour
onehunfortyfive onehunfortyfive onehunfortysix
onehunfiftytwo onehunfiftyfour
onehunfiftynine onehunfiftynine
onehunsixty onehunsixty
onehunsixtyone onehunsixtyone
onehunsixtytwo onehunsixtythree
onehunsixtynine onehunsixtynine onehunseventy
onehunseventyfive onehunseventyfive
onehunseventyfour onehunseventythree onehunseventyfour
onehuneightyone onehunseventysix onehuneightyone onehuneightytwo
onehuneighty onehuneighty
onehunseventyeight onehunseventyeight
onehuneightyfive onehuneightyfour onehuneightyseven
onehunninetytwo onehunninety onehunninetyone onehunninetytwo onehunninetythree onehunninetyfour
onehunseventyone onehunseventyone
onehunsixtyfour onehunsixtyfour onehunsixtyfive onehunsixtysix
onehunfiftyseven onehunfiftyseven
onehunfifty onehunfortynine onehunfifty
onehuntwentynine onehunthirty
onehuntwentytwo onehuntwentythree onehuntwentyfour
onehuneight onehuneight
onehunone onehunone
eightyseven eightyseven
eighty eightytwo
sixtysix sixtysix sixtyseven
fiftynine fiftyeight sixty
fiftytwo fiftytwo fiftythree
fortyfive fortyfive
thirtyeight thirtyeight
thirtyone thirtythree
twentyfour twentyfive
seventeen sixteen seventeen
ten ten eleven
three three
