zero six thirteen twelve eleven ten eleven eighteen seventeen sixteen fifteen twentyone twenty nineteen eighteen twentyfive thirtytwo thirtynine thirtyeight fortyfive thirtyeight thirtynine forty fortyone fortytwo thirtyfive twentyeight twentyone fourteen seven zero
20
zero three five
six six
thirteen thirteen
twelve twelve
eleven eleven
ten nine
eighteen eighteen
sixteen sixteen
fifteen fifteen
twenty twenty
nineteen nineteen
twentyfive twentyfive
thirtytwo thirtyone thirtytwo
thirtyeight thirtyseven thirtyeight
fortyfive fortyfive fortysix
forty forty
fortytwo fortytwo
thirtyfive thirtyfour thirtyfive
fourteen fourteen
seven seven
