zero three ten seventeen twentyfour twentythree twentytwo twentyeight thirtyfive twentynine thirtysix thirtyseven thirtyeight thirtynine forty fortyseven fortyeight fortynine fortythree fifty fiftysix fiftyfive fiftyfour sixtyone sixty fiftynine sixtysix sixtyfive sixtyfour seventy seventyseven seventyone seventyeight eightyfour eightythree eightytwo eightyone eightyeight eightyone seventyfour sixtyseven sixty fiftythree fortysix thirtynine thirtytwo twentyfive eighteen eleven twelve thirteen six zero
39
zero two four five
three three
ten ten
seventeen fifteen
twentyfour twentyfour
twentytwo twentytwo
thirtyfive thirtyfour thirtyfive
twentynine twentynine thirty
thirtysix thirtysix
thirtyseven thirtyseven
thirtynine thirtynine
fortyseven fortyseven
fortyeight fortyeight
fortythree fortyfour
fifty fifty fiftyone
fiftyfive fiftyfive
sixtyone sixtyone sixtytwo
sixty sixty
fiftynine fiftyseven
sixtysix sixtysix
sixtyfive sixtyfive
seventy seventy
seventyseven seventyseven
seventyone seventyone
seventyeight seventyeight seventynine
eightyfour eightyfour
eightytwo eightytwo
eightyone eightyone
eightyeight eightyseven eightyeight eightynine ninetyfive
seventyfour seventyfive
sixtyseven sixtyseven sixtyeight
fiftythree fiftythree
fortysix fortyfive
thirtytwo thirtythree
twentyfive twentyfive
eighteen twenty
twelve twelve
thirteen fourteen
six six
