0 20 160 86 15 182 89 83 189 90 28 84 121 9 194 128 144 43 144 85 11 113 82 93 26 68 180 23 19 80 54 25 154 188 14 188 77 49 24 56 126 39 184 7 76 97 122 73 170 47 99 42 99 3 88 10 40 91 1 60 119 30 41 69 163 21 52 74 2 5 179 48 46 48 179 137 62 176 45 192 78 6 135 12 102 167 0
63
0 0
20 79 20 53
86 86
15 15
182 92 70 59
89 89
83 83
189 44 33
90 98 90
28 28
84 84
9 9
144 94
43 43
85 85
11 11
82 82
93 93
26 26
68 37 72 68
23 23
19 19 50
80 80
54 54 16
25 25
14 38 14
77 77
49 49
24 24
56 56
39 39 18
184 58
7 7
76 76
97 27 97 55
73 73 64
47 67 47 87
99 32 99
42 35 42
3 95 3
88 88
10 8 10
40 57 40
91 91
1 61 1
60 60
30 30
41 41
69 69
163 22
21 21 96 81 65
52 71 52
74 74
2 2
5 5 4 13 63 31
48 48
46 46
62 75 62
176 29 66 34
45 45
78 78
6 51 17 6
12 12 36
