0 3 117 92 112 116 103 136 103 21 105 145 105 33 68 101 68 33 105 142 150 106 7 119 7 106 153 158 108 194 118 194 108 115 186 115 108 158 9 26 9 29 62 33 105 142 164 109 180 114 12 132 102 132 12 113 78 110 75 30 6 22 88 84 56 25 79 40 42 80 87 83 23 70 20 37 27 31 98 36 61 89 97 100 121 100 95 45 109 18 104 140 191 117 3 0
32
117 192 193
112 172 173 174 175 176 177
116 188 189 190
103 134 135 137
136 136
105 141 143 144 146
145 145
101 124 125 126 127 128 129 130
142 142
150 150
106 147 148 149 151 152 154
119 171 197 198 199
153 153
158 158
108 156 157 159 160
194 194
118 195 196
115 187
186 186
164 164
109 161 162 163 165 166 167
180 180
114 181 182 183 184 185
132 132
102 131 133 155
113 178 179
110 168 169 170
100 120 122 123
121 121
104 138 139
140 140
191 191
