equinox band uncertainty tropical mastermind corpse muggy method chain disposition lamb paint remark explicit wilderness hiccup photograph flow jurisdiction dry equinox
20
equinox equinox
band band orange
uncertainty uncertainty glove
tropical tropical
mastermind mastermind
corpse corpse
muggy muggy
method novel twitch method
chain presidential chain analyst funeral
disposition fibre disposition
lamb lamb
paint essential paint seller dollar
remark union brick remark
explicit secretary explicit clothes referee
wilderness farewell prejudice wilderness
hiccup hiccup
photograph photograph fish
flow aisle bark slice flow
jurisdiction jurisdiction
dry houseplant dry
