pump need tip forest hierarchy exercise pedestrian transform row hallway formulate category engineer guideline descent sentiment inquiry sit pursuit polish rock valley gloom lot appearance lot fairy wife pray ensure sticky unanimous plug judicial brain overlook physical park ground pump
37
pump pump
need need
tip feign aspect tip
forest parallel forest
hierarchy affect innovation hierarchy
exercise distributor literature lemon exercise separate freedom
pedestrian prospect pedestrian nominate genetic
row row
hallway hallway attractive
formulate impound sacrifice consideration sweet formulate
category mud category
engineer engineer
guideline guideline diagram
descent descent pipe
sentiment packet ghost range sentiment title
inquiry preoccupation reflection anger depressed
sit sit
pursuit pursuit
polish polish performance
rock line rock leadership
valley valley linger
gloom privilege gloom
lot lot
appearance admiration appearance
fairy minor fairy
wife survival float
pray pray
ensure ensure
sticky button sticky
unanimous unanimous
plug mouse plug
judicial judicial reject
brain wear brain
overlook overlook
physical wage physical
park park
ground ground
