188645 0FB66D FA567E B833F0 657F93 0D7DE7 657F93 B7B073 A7E9D9 DBDC9A A5CCB5 B3243F E0E349 35FF16 500783 103C70 EC05F7 35F60D D9447D 4B39CA 19FFAB 4B39CA 825884 48C2D5 825884 D9447D DD2694 AD298D 7BF2B5 784F83 7BF2B5 09A4FD 8D0852 D443EB D7CAF9 C98FE7 FA567E EDC0CA EF4D57 EDC0CA 2F1AB5 9B9BDD D04F40 628AB2 C0766C 7E5598 0FBCDC 7E5598 188645
30
188645 188645
0FB66D 0FB66D
B833F0 B833F0
0D7DE7 E954F7 467AB7
B7B073 B7B073
A7E9D9 A7E9D9
DBDC9A DBDC9A 994F93 94D700
A5CCB5 A5CCB5
B3243F 9B0EC2 1276AF
35FF16 800641
500783 500783
103C70 84EBFF
EC05F7 539A92 FD1783 29B2A4 6D778A
35F60D AA8E14 D5356A 3ADA02 CB09C0 4FBDE1 E09D29 2C101C
19FFAB 19FFAB
48C2D5 48C2D5
DD2694 DD2694
7BF2B5 37F745 D01E6B
784F83 784F83 FF8D45
8D0852 8D0852
D443EB D443EB
D7CAF9 D7CAF9
C98FE7 C98FE7
EF4D57 EF4D57
9B9BDD 9B9BDD
D04F40 D04F40
628AB2 628AB2
C0766C 07D80A 724A76 7E18E9
7E5598 AFF8D1 3B1041
0FBCDC 44716B 0A5C0E 0FBCDC
