F1E81B 813B05 6B644E F3EDB3 D1AE72 91A0DC 2FEDFB 205E5C 04439C 2595F1 C9AF85 E5E6C0 BB4908 C18C9B BB4908 CF668A 614224 CF668A 7829D7 53C6C8 36590B 66048A D2BE39 5D0E2E 2BF7B5 10520F 191510 305D33 191510 9A8DF4 086D53 17BB75 47FACD 5FD658 770D1A CDC6D4 8417C8 6C010A 1E1095 FFFD4B 4B97F1 85D6DB 7D997B 2924CB 0C73D8 E81014 0C73D8 1D21D3 6825D4 239994 8EBF8A 1D21D3 6825D4 3EDE7E 1111F7 D4A75D CEAC59 1EC224 846159 8F17C0 D8AAF4 C45E71 2CA4AD 8BFCAC B23A80 E33276 29D5D7 9D4968 5C7062 24743A A9F1B8 52C88C EE2A22 002274 1977E0 D1967A 6F492E F1E81B
54
F1E81B F1E81B
813B05 813B05
6B644E B7F75A 685D1A
2FEDFB 2FEDFB
205E5C E3C2C9 BB40E6 DCE144
04439C AEFF96
2595F1 8B6C2F 8B519F
C9AF85 C9AF85 FFEEBD 9096DB
E5E6C0 E5E6C0
BB4908 BB4908
C18C9B C18C9B
CF668A 77A0B5
614224 614224
7829D7 7829D7
36590B 36590B
66048A 66048A
D2BE39 490F1E ABD8FE 783751 94A561
5D0E2E 14B430 8F495E B47658 0CBC31 6E313C
2BF7B5 2BF7B5
10520F C3EF62
305D33 305D33
9A8DF4 A1F104 CC9C14
086D53 61199E F33196 4A5708
17BB75 28F6D1
47FACD 47FACD
770D1A 770D1A
8417C8 8417C8
1E1095 1E1095
FFFD4B 17779E 573788 FFFD4B
4B97F1 4B97F1
85D6DB 230A7C 63361A 85D6DB
7D997B E51A66
2924CB DE6899 1F842B 596CF6
0C73D8 4CAD30 7E78F3 86493E
E81014 E81014
6825D4 AE4A01
239994 239994
8EBF8A 8EBF8A
1111F7 6B340B 93EBE3 6966D7
D4A75D D4A75D 124C90
CEAC59 CEAC59 90451D
1EC224 C4303B 293D59 4099A6 5BB557
846159 6D51F4 20EAE7 E80628 D6CC7A
8F17C0 8F17C0 151BC9
D8AAF4 5F4E43
C45E71 6B622D 4A28BA
2CA4AD 7E1C6C 14994D
8BFCAC 8BFCAC
29D5D7 8015E0 29D5D7
5C7062 5C7062
52C88C 52C88C
EE2A22 396D53 2CCB19 B69F55 59843B
002274 C3B3E7 0F5860 D337F2
D1967A D1967A 851F90 3B4B53 36C862
