a1 a2 a3 a4 a8 a9 a13 a14 a13 a12 a11 a187 a188 a187 a11 a139 a138 a137 a136 a135 a134 a22 a102 a103 a104 a105 a109 a110 a111 a112 a108 a107 a91 a92 a96 a97 a98 a99 a100 a101 a102 a150 a149 a145 a146 a147 a148 a149 a150 a166 a38 a37 a36 a35 a36 a40 a39 a40 a41 a45 a44 a48 a49 a50 a51 a52 a56 a57 a56 a55 a54 a70 a69 a65 a66 a67 a68 a69 a70 a118 a117 a116 a115 a116 a117 a118 a134 a133 a132 a131 a132 a136 a137 a141 a142 a141 a140 a139 a171 a11 a12 a16 a17 a21 a20 a24 a25 a29 a30 a29 a28 a27 a59 a60 a59 a75 a76 a77 a78 a79 a80 a81 a82 a83 a84 a88 a89 a93 a92 a91 a123 a124 a125 a126 a127 a128 a124 a123 a155 a154 a153 a157 a156 a160 a161 a162 a163 a164 a168 a169 a173 a174 a175 a176 a177 a181 a180 a184 a185 a189 a190 a191 a192 a1
88
a1 a1
a3 a3
a4 a4
a9 a9
a14 a14
a12 a12
a11 a11 a43
a187 a187
a188 a188
a139 a139
a137 a137
a134 a6 a86 a134 a182
a22 a22
a102 a102
a105 a105
a110 a110
a112 a113
a108 a108
a107 a107
a91 a91
a92 a92
a97 a97
a99 a99
a100 a100
a150 a150
a145 a145
a147 a147
a148 a148
a166 a166
a38 a38
a37 a33
a36 a36
a35 a35
a41 a41
a45 a46
a44 a44
a49 a49
a51 a51
a52 a52
a57 a57 a62
a54 a54
a70 a70
a65 a65
a67 a67
a68 a68
a118 a118
a116 a116
a115 a115
a133 a129
a132 a132
a131 a131
a142 a142
a140 a140
a171 a171 a172
a17 a17
a20 a19 a20
a25 a25
a30 a30
a28 a28
a27 a27
a59 a59
a60 a60
a75 a75
a76 a76
a77 a73
a78 a78
a81 a81
a83 a83
a84 a84
a89 a89
a93 a94
a123 a123
a124 a124
a125 a121
a126 a126
a155 a155
a153 a153
a157 a158
a156 a156
a161 a161
a163 a163
a164 a164
a169 a169
a174 a174
a177 a177
a180 a179 a180
a185 a185
a190 a190
