Wheeler Evans Morrison Hertz Kroeber Lewis Greek Bechtel Greek Morrison Evans Wheeler Doe Campanile LeConte Campbell Haviland Memorial Minor Haas Faculty FSM Baker McCone CKerr McCone BigC Pavilion Simons Koja LaNote Unit2 LaNote Simons Pavilion BigC Bongo FallRush Metropolitan Ippuku WayWest Warren Hearst Davis Kresge Normandy Cheit Soda Sather Soda Etcheverry Latimer Evans Wheeler
24
Wheeler Dwinelle Sproul
Morrison Morrison
Kroeber Boalt Kroeber
Bechtel Jacobs Bechtel
LeConte Birge
Haviland RSF
Memorial Moses IHouse McLaughlin
Minor Hargrove
Haas Haas Stonefire
Baker Baker Fiji
CKerr CKerr
Pavilion PeoplePark
Koja Legends TriDelta
Unit2 Unit2
Metropolitan Metropolitan
WayWest Anthony Cloyne
Warren Warren
Hearst Hearst
Davis Davis
Cheit Cheit
Soda Moffitt
Sather Martinez Barker Unit3 OCF
Etcheverry Etcheverry
Latimer Foothill
