Bowles Calvin Etcheverry Calvin Bowles Mulford Latimer Bechtel Cory Stanley LeConte Campanile Bongo Campanile Lewis Morrison Rasputin Bachenheimer Rasputin Morrison Lewis Campanile Wurster McCone Spats Stonefire PiLambda Stonefire Spats McCone Wurster Campanile LeConte VLSB Boalt Kresge Boalt VLSB LeConte Stanley Cory Bechtel Minor Memorial Minor Bechtel Wilde StrawberryCreek Wolf Unit2 Milano IndianRock Milano CREAM Milano Unit2 Greek Stebbins Safeway Warren Tan Hoyt Claremont Hoyt Tan Hargrove BearFoodCourt SigmaPhiOmega Evan SigmaPhiOmega BearFoodCourt SigmaPhiOmega Evan Jacob Hertz CVStarr Unit3 CKerr WayWest CKerr Unit3 CVStarr Hertz Jacob Foothill Dwinelle Haas Crossroads sweetgreen BigC sweetgreen Crossroads Haas Dwinelle Foothill Davis Hildebrand Davis Foothill Haviland Morgan Haviland Foothill Jacob TopDog Starbucks Chipotle Starbucks TopDog Fenwick Barker Fenwick TopDog Jacob Cory Bechtel Kroeber Anthony Optometry Anthony Kroeber Bechtel Baker Daiso Baker Simons Baker Strada Baker Bechtel Birge Bowles
45
Bowles LaVals
Calvin Calvin Graduate
Etcheverry Etcheverry
Mulford Mulford Crescent
Latimer Edwards Rochdale Easterly
Cory Extension
Stanley Campbell Doe Moses Koshland Stacks Gypsys Sherman
LeConte RSF ALS
Campanile Campanile
Bongo Bongo ShengKee Cheeseboard
Lewis Wellman Sutardja
Wurster Wurster Zellerbach
Spats Spats
PiLambda PiLambda PiAlphaPhi
VLSB VLSB NorthGate
Boalt Boalt
Kresge Kresge PeoplesPark Castro
Memorial Maxwell Barrows TacoBell AlphaSigmaPhi
Wilde Wilde
StrawberryCreek StrawberryCreek
Wolf Wolf
Unit2 Unit2
IndianRock IndianRock
Greek Greek
Safeway Safeway
BearFoodCourt BearFoodCourt
Evan Evan Blackwell Cloyne GenPlantBio
Unit3 Unit3
CKerr CKerr Ridge
WayWest WayWest
Foothill Foothill Unit1
Dwinelle HearstAnnex Lothlorien
Haas Haas Pavilion
Crossroads Crossroads UCTheatre NCEM
Davis Browns
Hildebrand Hildebrand YogurtPark
Morgan Morgan Martinez
TopDog GammaPhiBeta
Chipotle Chipotle MFoundry
Barker Barker
Baker Baker
Daiso Daiso
Simons Simons
Strada Strada RoseGarden
Birge Birge
