Soda H14 P14 P15 P16 P15 P14 P13 P12 P11 P10 P9 P8 P7 P6 P5 P4 P3 P2 P1 P49 P48 P47 P46 P45 P44 P43 P42 P41 P40 P39 P38 P37 P36 P35 P34 P33 P32 P31 P30 P29 P28 P27 P26 P25 P24 P23 P22 P21 H21 Soda
46
Soda H17 H18 H19 H20
H14 H14
P15 H15
P16 H16
P13 H13
P12 H12
P11 H11
P10 H10
P9 H9
P8 H8
P7 H7
P6 H6
P5 H5
P4 H4
P3 H3
P2 H2
P1 H1
P49 H49
P48 H48
P47 H47
P46 H46
P45 H45
P44 H44
P43 H43
P42 H42
P41 H41
P40 H40
P39 H39
P38 H38
P37 H37
P36 H36
P35 H35
P34 H34
P33 H33
P32 H32
P31 H31
P30 H30
P29 H29
P28 H28
P27 H27
P26 H26
P25 H25
P24 H24
P23 H23
P22 H22
H21 H21
