0 17 70 17 0 31 97 31 89 31 25 31 0 100 103 100 105 100 101 110 101 108 101 112 101 115 196 115 101 100 107 100 0 3 4 3 75 50 75 3 11 41 11 69 3 0 100 102 100 106 100 0 86 12 62 12 86 0 100 104 136 104 100 0
25
17 5 13 17 22 42 44 66 68 77
70 65 70
31 7 21 31 35 53 57 72
89 1 26 89
25 24 25 59
100 100
103 127 128 130
105 105 138
101 101 109 113 117 167 177 178 188 189 198
110 168 169 171 172 173 175
108 154 156 158 160
112 112 179 180 182
115 194
196 196
107 151 152 153
3 51 56
4 4 14 49 63 87 96
75 18 28 29 54 75
11 55 58
102 102 118 121 123 124
106 106 142 144 145 146 147 149
86 10 20 43 81 82 83 85 86 90 98 99
62 62
104 104
136 136
