MapLocation77 MapLocation72 MapLocation54 MapLocation66 MapLocation57 MapLocation49 MapLocation20 MapLocation40 MapLocation5 MapLocation4 MapLocation74 MapLocation44 MapLocation85 MapLocation19 MapLocation27 MapLocation97 MapLocation61 MapLocation70 MapLocation24 MapLocation51 MapLocation10 MapLocation51 MapLocation48 MapLocation42 MapLocation78 MapLocation2 MapLocation84 MapLocation82 MapLocation93 MapLocation39 MapLocation6 MapLocation68 MapLocation81 MapLocation77
29
MapLocation77 MapLocation55 MapLocation67 MapLocation77
MapLocation72 MapLocation72
MapLocation66 MapLocation58 MapLocation66
MapLocation49 MapLocation45 MapLocation49 MapLocation80
MapLocation20 MapLocation20
MapLocation40 MapLocation8 MapLocation40 MapLocation73
MapLocation5 MapLocation5
MapLocation4 MapLocation3 MapLocation4
MapLocation74 MapLocation74 MapLocation83
MapLocation44 MapLocation44 MapLocation65
MapLocation85 MapLocation37 MapLocation85 MapLocation88
MapLocation19 MapLocation19
MapLocation27 MapLocation27
MapLocation97 MapLocation97
MapLocation61 MapLocation61 MapLocation86
MapLocation70 MapLocation70
MapLocation24 MapLocation24
MapLocation51 MapLocation51 MapLocation91
MapLocation10 MapLocation10
MapLocation48 MapLocation0 MapLocation48
MapLocation42 MapLocation42
MapLocation2 MapLocation1 MapLocation2 MapLocation13
MapLocation84 MapLocation35 MapLocation84
MapLocation82 MapLocation82
MapLocation93 MapLocation93
MapLocation39 MapLocation17 MapLocation39
MapLocation6 MapLocation6
MapLocation68 MapLocation14 MapLocation68 MapLocation79
MapLocation81 MapLocation81
