MapLocation152 MapLocation182 MapLocation50 MapLocation18 MapLocation17 MapLocation127 MapLocation29 MapLocation179 MapLocation113 MapLocation102 MapLocation25 MapLocation102 MapLocation156 MapLocation146 MapLocation32 MapLocation121 MapLocation63 MapLocation19 MapLocation62 MapLocation96 MapLocation94 MapLocation118 MapLocation152 MapLocation55 MapLocation194 MapLocation36 MapLocation4 MapLocation153 MapLocation150 MapLocation111 MapLocation92 MapLocation175 MapLocation42 MapLocation90 MapLocation114 MapLocation187 MapLocation103 MapLocation161 MapLocation185 MapLocation9 MapLocation186 MapLocation143 MapLocation76 MapLocation10 MapLocation116 MapLocation10 MapLocation26 MapLocation119 MapLocation166 MapLocation77 MapLocation70 MapLocation97 MapLocation13 MapLocation123 MapLocation137 MapLocation14 MapLocation15 MapLocation47 MapLocation16 MapLocation189 MapLocation109 MapLocation152
52
MapLocation152 MapLocation12 MapLocation53 MapLocation106 MapLocation152
MapLocation182 MapLocation145 MapLocation182
MapLocation50 MapLocation7 MapLocation50 MapLocation59
MapLocation18 MapLocation18 MapLocation81
MapLocation17 MapLocation17 MapLocation173
MapLocation127 MapLocation127
MapLocation29 MapLocation29 MapLocation192
MapLocation179 MapLocation179
MapLocation113 MapLocation79 MapLocation113
MapLocation102 MapLocation102 MapLocation104
MapLocation156 MapLocation125 MapLocation156
MapLocation146 MapLocation146
MapLocation32 MapLocation32
MapLocation121 MapLocation61 MapLocation72 MapLocation121
MapLocation19 MapLocation8 MapLocation19 MapLocation198
MapLocation62 MapLocation23 MapLocation62 MapLocation148
MapLocation96 MapLocation69 MapLocation96 MapLocation107
MapLocation94 MapLocation35 MapLocation94 MapLocation100
MapLocation118 MapLocation118
MapLocation55 MapLocation55 MapLocation71
MapLocation194 MapLocation86 MapLocation105 MapLocation194
MapLocation36 MapLocation36
MapLocation4 MapLocation4
MapLocation153 MapLocation135 MapLocation153
MapLocation150 MapLocation150
MapLocation111 MapLocation111
MapLocation92 MapLocation92 MapLocation122 MapLocation128 MapLocation171
MapLocation175 MapLocation56 MapLocation164 MapLocation175
MapLocation42 MapLocation28 MapLocation42 MapLocation129
MapLocation114 MapLocation114
MapLocation103 MapLocation103
MapLocation161 MapLocation99 MapLocation133 MapLocation161
MapLocation185 MapLocation41 MapLocation185
MapLocation9 MapLocation9 MapLocation20
MapLocation186 MapLocation186
MapLocation76 MapLocation76
MapLocation10 MapLocation10 MapLocation22
MapLocation116 MapLocation116
MapLocation119 MapLocation119
MapLocation166 MapLocation57 MapLocation166
MapLocation77 MapLocation77
MapLocation70 MapLocation67 MapLocation70
MapLocation97 MapLocation43 MapLocation97 MapLocation154
MapLocation13 MapLocation13 MapLocation60
MapLocation123 MapLocation123 MapLocation149 MapLocation170
MapLocation137 MapLocation136 MapLocation137 MapLocation183
MapLocation14 MapLocation14
MapLocation15 MapLocation15
MapLocation47 MapLocation47
MapLocation16 MapLocation16
MapLocation189 MapLocation189
MapLocation109 MapLocation85 MapLocation109
