86 125 86 128 172 88 143 6 143 117 143 181 12 8 60 40 58 97 171 129 171 182 113 111 159 68 100 182 96 174 96 182 108 61 107 99 167 71 61 104 24 168 189 168 24 104 62 89 62 12 79 137 79 8 78 14 78 116 133 36 70 57 95 109 131 121 29 114 32 157 81 95 115 101 180 45 147 158 25 32 114 32 139 112 62 192 67 86
57
86 120 150 169
125 125
128 5 17 22 74 110 194
172 56 177
88 27 84 199
143 48
6 6
117 117
181 163 181
12 123 138 149 179
8 8 185
60 1 66 87 93 154
40 38 64 122
58 26 28 73
97 97
171 2 10 54 75
129 129
182 92
113 113
111 76
159 159
68 35 90
100 100
174 174
108 44 94 184 198
61 30 51 69
107 107 173
99 11 196
167 132 140 145 146
71 71
189 189
62 156
89 89
79 21
137 137
78 148
14 14
116 116
133 152
36 36 82
70 175
57 57
95 72
109 13 183
131 126 160
121 121
114 52 105
157 157
115 53
101 101
180 19 106
45 45
147 91
158 158
25 153
139 41 139
192 192
