110 168 124 81 60 38 69 95 104 98 189 178 150 9 109 25 41 192 130 85 182 40 14 123 43 101 140 6 51 5 141 18 19 52 96 175 1 36 79 147 0 28 185 199 152 161 16 198 74 172 92 197 37 76 54 47 13 117 176 11 171 55 3 181 99 143 145 15 90 110
56
110 77 110
168 44 168
124 124
81 81 159
60 60 66 72 100
38 38
98 98
189 189
178 178
25 25
41 20 41
192 192
85 85 87
182 182
40 30 40
14 14 170
123 123 193
43 43
101 101
140 121 140
6 6 131
51 51
5 5
141 83 141
18 18
19 19 165
52 22 52
96 50 53 56 64 96
175 175
1 1
36 36
79 79 149
147 107 126 147
0 0 154
28 28 29
199 103 199
152 152
161 161
74 74 148
172 172
92 92
197 169 197
76 76 94
54 54 73
47 45 47
13 13 142 160
176 176
11 11
171 171
55 39 55 138
3 3 122 127 190
181 181
99 99 195
145 145
15 15 67 91 132 163
90 26 90
