Location0 Location45 Location42 Location45 Location57 Location40 Location57 Location28 Location38 Location30 Location37 Location52 Location32 Location52 Location20 Location9 Location59 Location31 Location22 Location58 Location3 Location58 Location10 Location26 Location15 Location26 Location10 Location34 Location0
19
Location45 Location12 Location27
Location57 Location19
Location40 Location11 Location36 Location40
Location28 Location1 Location8 Location28
Location38 Location38
Location30 Location23 Location30
Location37 Location6 Location13 Location17 Location24 Location37
Location52 Location2 Location25
Location32 Location32 Location39
Location20 Location5 Location20
Location9 Location9 Location18 Location29
Location59 Location16 Location33
Location31 Location31
Location22 Location7 Location22
Location3 Location3
Location10 Location10 Location21
Location26 Location26 Location35
Location15 Location14 Location15
Location34 Location4 Location34 Location41
