Location0 Location43 Location16 Location37 Location2 Location115 Location24 Location35 Location31 Location1 Location26 Location7 Location79 Location33 Location23 Location107 Location15 Location34 Location36 Location69 Location52 Location54 Location18 Location44 Location13 Location44 Location112 Location27 Location82 Location27 Location80 Location32 Location105 Location110 Location17 Location110 Location46 Location38 Location61 Location59 Location12 Location39 Location53 Location43 Location0
32
Location43 Location25 Location43
Location16 Location16
Location37 Location37 Location45
Location2 Location2 Location14
Location115 Location22
Location24 Location6 Location24
Location35 Location35
Location31 Location31
Location1 Location1 Location41
Location26 Location20 Location21 Location26
Location7 Location4 Location7
Location79 Location8
Location33 Location33
Location23 Location23
Location107 Location40
Location15 Location15
Location34 Location34
Location36 Location36
Location69 Location19
Location52 Location9 Location10 Location30
Location18 Location18 Location42
Location44 Location44
Location13 Location13
Location27 Location27
Location80 Location29
Location32 Location32
Location17 Location3 Location11 Location17
Location38 Location38
Location61 Location5
Location12 Location12
Location39 Location39
Location53 Location28
