0 15 14 3 14 12 16 17 13 9 10 9 20 18 7 8 5 8 7 18 20 21 30 29 23 27 23 24 26 24 23 29 30 35 37 38 28 39 38 41 38 36 42 36 38 37 35 30 34 33 47 44 47 33 34 30 21 20 9 13 17 16 12 14 15 0 50 65 64 53 64 62 66 67 63 59 70 68 57 58 57 68 70 71 80 72 80 84 83 97 94 98 94 97 83 84 80 85 87 88 86 88 87 85 80 79 73 77 73 74 76 74 73 79 80 71 70 59 63 67 66 62 64 65 50 0
31
0 1
3 2 3
13 4
10 10
8 6
5 5
30 22
27 27
24 24
26 25 26
41 40 41
36 36
42 42 46
33 33
47 47
44 44 48 49
50 51
53 52 53
63 54
59 60
58 55 56
72 72
83 83
97 97
94 94
98 98 99
88 90 91
86 86 92 96
77 77
74 74
76 75 76
