31 74 144 121 140 153 158 156 48 109 82 45 152 143 90 28 107 112 146 127 77 42 148 110 71 145 39 7 103 27 106 49 147 93 84 139 108 78 117 35 151 59 89 57 33 137 12 189 38 69 26 102 138 32 91 66 14 30 58 10 119 13 115 20 55 34 65 128 46 2 62 167 199 179 180 176 191 197 171 195 178 164 173 177 165 198 183 170 184 188 168 175 31
68
74 74
121 47 121
140 140
156 99 156
48 48 114
82 82 149
45 21 45 94
152 88 152
143 80 143
90 90
28 4 9 28
107 107
112 112
146 146
127 127
77 77
42 42
148 83 148
110 110
7 7 68 86 160
103 22 103
27 27
106 106
49 49
147 147
93 93
108 67 108
78 78
117 117 123
35 35 64 125
151 151
89 89
57 57
33 29 33 105
137 137
12 12 120
38 38
69 60 69
138 134 138
32 32
66 66
14 14
30 30
58 6 58
119 119 131 141
13 13 81
115 115
20 20
34 34
65 65
128 128
46 46 52
167 167
199 186 199
179 179
180 180
191 191
197 197
171 171
195 169 195
164 164
173 173
198 198
170 170
184 184
188 188
168 168
175 175 196
