A0 X0 C3 E1 K3 J1 P0 S1 X2 K1 S2 U6 U2 Z1 B2 R4 O3 R5 E3 W2 J5 T6 Q6 X6 A4 A6 T2 G6 F3 T5 Z4 G4 R2 C7 I1 L0 X1 Y3 A7 Z5 O5 Q5 I0 P5 V2 P2 J0 F6 H6 A0
47
A0 A0 F4 X4 V6
X0 X0 A2
C3 M1 C3 E5
E1 E1 X3
J1 G0 J1 T3 A5
P0 P0
S1 S1
X2 N1 K2 X2
K1 A1 K1
S2 H0 S2 K4 W4 Y4
U6 O4 U6
U2 U2
Z1 Z1
B2 B2
R4 C0 G1 N2 R4
O3 O3
R5 I3 B4 L5 R5
E3 E3 C4
W2 W2 Z3 C6
J5 J5
T6 I5 T6
Q6 F0 B5 M6 Q6
X6 X6
A4 A4
A6 A6
T2 M0 T2 W5
G6 G6
F3 F3 R3
T5 T5
Z4 Z4 J6 D7
G4 G4 Q4
C7 M5 C7
I1 I1
L0 D0 L0 M4
X1 X1 P6 Z6
Y3 D3 Y3
A7 Y6 A7
Z5 Z5
O5 Q0 M3 O5
Q5 G3 Q5
I0 I0 Y0 E4
P5 P5 S6
V2 V2 W6
P2 P2
J0 J0
F6 D2 F6 R6
H6 H6
