142 121 137 66 106 66 137 121 58 130 193 60 26 149 63 171 140 129 140 30 139 153 181 18 103 28 9 136 119 81 49 138 113 138 49 161 33 9 14 134 52 178 195 178 52 134 14 9 28 103 18 181 151 93 118 38 118 93 151 159 45 8 163 100 1 154 139 153 181 91 3 174 4 46 148 108 160 77 143 90 172 37 194 164 59 21 150 99 141 65 130 193 60 26 0 183 0 26 60 78 186 55 186 17 6 103 85 187 132 39 115 39 188 137 48 76 48 137 121 142
50
121 121
137 137
66 44
106 106 127
58 58
193 16
60 60 124
149 22
63 35 63
171 97
140 140
129 129
30 30
139 145
153 23
181 181
103 41
9 70
136 7
33 33 133
14 14
178 178
195 69 158 195
151 144 151 167
93 93
38 38 197
159 159
8 31
100 34
91 91
3 3
174 174
4 4
46 46
108 108
77 77
90 90
164 177
21 21 157
150 150
141 141
183 183
186 186
55 55
6 64
85 89
39 39
115 115
48 48
76 76
