149 68 75 59 184 16 154 100 192 48 36 69 72 57 63 60 0 167 41 67 50 30 62 86 95 126 82 98 35 8 17 78 53 142 31 94 93 140 161 174 46 61 39 87 47 38 22 182 194 6 25 109 186 159 1 135 120 89 56 21 34 197 190 32 162 92 58 12 3 40 108 115 73 52 49 26 10 11 28 33 66 64 43 29 79 23 51 37 18 80 24 149
69
149 14
68 68
75 75
59 4 59
16 16 96
100 76 100
48 48 97
36 2 36
69 42 69
72 72
57 57
63 63
60 60
41 19 41
67 67
50 50
30 30
62 62
86 15 27 86
95 91 95
82 77 82
98 98
35 35
8 8
17 17
78 78 81
53 53
31 31
94 94
93 93
46 46 88
61 9 61 71
39 39
87 54 87
47 47 84
38 38 55
22 22
6 6
25 5 25
1 1 83
89 89
56 13 56
21 21 85
34 34
32 32
92 70 92
58 58
12 12 65
3 3
40 40
73 73
52 52
49 49
26 26
10 10 90
11 11
28 28
33 33
66 66
64 7 64
43 43
29 29
79 79
23 23 74 99
51 51
37 37 44
18 18
80 20 45 80
24 24
