myBc2oGXtwQIbhN8LZB1 6X2CNJieZ0I5rs3Wfu65 1ZOzWuPMAgV9noIUn6fI itlYcr1HLIijK6IEih7d jHmvxfAZsjs2mCnHbbFf FMx2ghinkTg3bXUUbaTx fpPjeU3Q7Ml0oxbNnONE THOlWrcPLTG3BoVkMtJU 6yzFaM9N8M8BsjLACDds yAYyOcL4ZKdEiLdSPQJm RBvtNZMBTgecfVkYzQF0 bDUuepVti8upHAAenmtw KtbSULrz2h1IxsKP2DHz UV9ETXujgMy6Jbe14yrW UMmbOoOKP6EkLMuN70H3 ZhHxBzOYsJAOHrqq4mZM wy0RiFWOddqgqdcatQ9A 9OL9rFCWxsvkui0BnJrR fbJ1XhavEsRSCGVVB1U1 q1ntlEPy5TkjTDK1N7QA K674cUKePzN7aRSq4iqU o2dWBGyrvosFrr6mKxkG F2tHb2HX5QlBFzs8Czn0 k1Tln9YIMlQqN0j9DgoX uNXUIWejT1w4vLTe7QBt uyIFjf9icYD5VmAzNfRQ LJTA7Za5kd0YC7vjiAyc tDBlCuVAUlVhYfGmo0ZK G6CUgOl4p73Rgc0T3f94 MrSQPZSbMdgYshneAfKf GvRFaXYJvrU5PAeeG88T lYkJhGqsFKbDklNelAfr saIZq3FqZhdVPNoQWmqU qz4O4bOhKA0YZxpN4mu9 oTKjE2BVS0AvV4XvUeLk jy3jNWgqegakpFSv6gUm zWpsWJk9vbOt0JkC0vhz X0l14s0sRXjXSeLRZLOJ lRM59z2yUMoVl3kzgo9u e3j3O8zLHFaoF4L54lX4 1xvTq3xEFTlQlaxDd2yR 5f6BSghRQWi4UfjviKjn vngNw4A9ZBI4o4Wf7Dba myBc2oGXtwQIbhN8LZB1
32
myBc2oGXtwQIbhN8LZB1 vy2boLWO2lxg10y7uS0y
6X2CNJieZ0I5rs3Wfu65 6X2CNJieZ0I5rs3Wfu65
1ZOzWuPMAgV9noIUn6fI 1ZOzWuPMAgV9noIUn6fI nmetx4LmU9YBYTmghDrT
jHmvxfAZsjs2mCnHbbFf jHmvxfAZsjs2mCnHbbFf 4jo8IXw984NR3wvT2Dr9
FMx2ghinkTg3bXUUbaTx FMx2ghinkTg3bXUUbaTx
fpPjeU3Q7Ml0oxbNnONE fpPjeU3Q7Ml0oxbNnONE
6yzFaM9N8M8BsjLACDds 6yzFaM9N8M8BsjLACDds
yAYyOcL4ZKdEiLdSPQJm yAYyOcL4ZKdEiLdSPQJm
RBvtNZMBTgecfVkYzQF0 w5Yg5o0VnYd77fs4XPRL RBvtNZMBTgecfVkYzQF0
KtbSULrz2h1IxsKP2DHz RpB10dFWsUl9DC779n8X KtbSULrz2h1IxsKP2DHz
UMmbOoOKP6EkLMuN70H3 o9aZyqilfPONdyLlpTRX UMmbOoOKP6EkLMuN70H3
ZhHxBzOYsJAOHrqq4mZM m1eNgjuhkxodElFqqgdb ZhHxBzOYsJAOHrqq4mZM
wy0RiFWOddqgqdcatQ9A wy0RiFWOddqgqdcatQ9A
9OL9rFCWxsvkui0BnJrR 69TQpRojisYUrVnWqBaA 9OL9rFCWxsvkui0BnJrR
fbJ1XhavEsRSCGVVB1U1 fbJ1XhavEsRSCGVVB1U1
q1ntlEPy5TkjTDK1N7QA q1ntlEPy5TkjTDK1N7QA
K674cUKePzN7aRSq4iqU olDP1pNg8HxpvCq8TOIJ o53aRQwjhcCKlIFPSjvf jjCSZnB5168QDqTrFROq K674cUKePzN7aRSq4iqU
o2dWBGyrvosFrr6mKxkG SUNxIlWVwIvWYg6OTKeH o2dWBGyrvosFrr6mKxkG
uNXUIWejT1w4vLTe7QBt uNXUIWejT1w4vLTe7QBt VThEkwdtHmaZ1zsmfh4s EY74ASuADSlYlDTJLkL6
LJTA7Za5kd0YC7vjiAyc LJTA7Za5kd0YC7vjiAyc
MrSQPZSbMdgYshneAfKf MrSQPZSbMdgYshneAfKf
GvRFaXYJvrU5PAeeG88T GvRFaXYJvrU5PAeeG88T
lYkJhGqsFKbDklNelAfr lYkJhGqsFKbDklNelAfr
saIZq3FqZhdVPNoQWmqU saIZq3FqZhdVPNoQWmqU ki0pv73E3TweydEr2xMN
qz4O4bOhKA0YZxpN4mu9 qz4O4bOhKA0YZxpN4mu9 C4VxHS7oWghMg001nCqT
oTKjE2BVS0AvV4XvUeLk oTKjE2BVS0AvV4XvUeLk
jy3jNWgqegakpFSv6gUm jy3jNWgqegakpFSv6gUm
zWpsWJk9vbOt0JkC0vhz zWpsWJk9vbOt0JkC0vhz
X0l14s0sRXjXSeLRZLOJ X0l14s0sRXjXSeLRZLOJ 1GbSD7rTlpNb4qV46SKR
lRM59z2yUMoVl3kzgo9u lRM59z2yUMoVl3kzgo9u bVCSBWLjvEmxQEUvDzc4 j2d1svPUTAqQIDPXwffl
e3j3O8zLHFaoF4L54lX4 e3j3O8zLHFaoF4L54lX4
5f6BSghRQWi4UfjviKjn 5f6BSghRQWi4UfjviKjn
