PlmPdVeiiHQg3JYZCDWt xcisI0PJDdG9nIuyj3IS m1A3pMC42PQioFziqK5C TpLamlzpT6GwerxzVsxr VuvjJGf6deKVAQ0JUD4i ZxL97V8dSQtTxDPiOdxc irZyMKazQALnyfoOCtbL UkqILZ2p4EbRuMBIrGXp 9zoM12ZWjXrKaszveCQH ML4pCjYl4gPEwSnvlRaD E59siIyngnj5PIsLeowv cYMPcE5UNSzOtkRY62gr iFXIyHTPBX7ivXxsV1VM CofLnw0Ss4pVGWmPS5oO dsndgEJWfBsFA2I3Hgqf 4S2YiI3VYPKghkl95iqK 48BAUsycKlkSkbOjYLFN 2Cz4Y4eG1XIezf9qpdQl tX1uDaXm9hMlEKqU7m9j NA24XhOMsROCBnUViAJT 82AQRTkjWEU79atYWx1r eFBRJr5p5I2EdlVEayJ6 YXpO8M342ISxgv446YFJ EkRPPDhcu5ww6XulSOgx Dwi7fYT8wa9I4Kzyto4Y MSj6zOuZ0EoAKjP4wXXW MEVVMgbTLIgXdG4vAbeX N5YDsCDN1lKguyHbn4Zb ELEJN8tWDJT7mLhCdqW3 gDiXpOExvLIslrQ3rfBi 76b3evP8JEiQ8c6jd2b5 eVsZLsrTO9vGrfl2kinU W9TKm0U6bNDZ1Aok7hNH 20utbptZXLJi5iRJMPtt Vh6ScHVb39wz7CmKwIuA hZHynIvymuQxD6BftzWt IxWh6LSiXwGUWSx9VJ39 4QLswP82Wvxw9Z42obzh PWUaVYPeofxjJdT472wG ivcmXAg3WJYgMBzFenfb E8pbRn7LIeWnB3swkYzz nKDJ3ylOzub2eWcHnAhq a06qeiApctGnC1GMtGuJ RuUdtXtfFCKpaLUcmsqg NXYVlLN4oRDZThND0BmP KjQNU2EAAYEZSeJWPxLM JakuJordFcO229c3L5ct WsVMGV8yZisK6ojnqzBE BWhyt9wATIprZDhzxwVv YFXFh0nBpGYXfL8mfny3 3rqlQRwe5izypHjXjWla nsq4rhHWMCaIVcah5fcd ukPtLY7YueARRkX8hPaS U7iVliqmXRkLwyPSNdfv 7yt9hKqOEGabqtqIEmdH CkcRIkbkwcSO7uvVYs8H q4nqG9N45SSRxndw48Xl 6WGzUhXeOltLDbkIvTzq LXqfTqJggDSh6mykPyz3 1JawjZrawLlOCGN1EB0O k8LvqKsQ4ejh0bCWs4fP YmmIBqqdn3Z6PuFXWNHi GUntLlYA0xo9Vk4WLTLV 8RfB73Lw8C9LbSwIxA9Q gdO0wiBlQ8wFbeNyGtx5 iwJGcbQH2bifG6D82Iel PlmPdVeiiHQg3JYZCDWt
56
xcisI0PJDdG9nIuyj3IS xcisI0PJDdG9nIuyj3IS
m1A3pMC42PQioFziqK5C uNMLlt0W1KUwk2d6EP98 m1A3pMC42PQioFziqK5C yD8JCRUWcVAZxJ4ZDldr
TpLamlzpT6GwerxzVsxr TpLamlzpT6GwerxzVsxr
VuvjJGf6deKVAQ0JUD4i VuvjJGf6deKVAQ0JUD4i
irZyMKazQALnyfoOCtbL irZyMKazQALnyfoOCtbL
UkqILZ2p4EbRuMBIrGXp nyd0fM2XE4qmli1xfIwr UkqILZ2p4EbRuMBIrGXp PIekFeWZsA6etqyFB2SF
9zoM12ZWjXrKaszveCQH XdyhPab6W9wOZnKLq1fq 9zoM12ZWjXrKaszveCQH o85TEEBuzMbePdf5cbCv
ML4pCjYl4gPEwSnvlRaD ML4pCjYl4gPEwSnvlRaD
E59siIyngnj5PIsLeowv WErk2X2lm629vuxPHVtl E59siIyngnj5PIsLeowv
cYMPcE5UNSzOtkRY62gr cYMPcE5UNSzOtkRY62gr
iFXIyHTPBX7ivXxsV1VM KOLHrmR3FKDMdl4SYdK9 g0ywcwildP9K6oBendJq iFXIyHTPBX7ivXxsV1VM VXU331oDUcuzaGGUYIl9
CofLnw0Ss4pVGWmPS5oO cUanhOambcNkocePqfvx qOK6WPKQJA4Q9XqXgSgT CofLnw0Ss4pVGWmPS5oO
dsndgEJWfBsFA2I3Hgqf dsndgEJWfBsFA2I3Hgqf zforAf5jhSPEL0aOiCeo 3M9YkxmgHhrzhCgskWR0
4S2YiI3VYPKghkl95iqK uaR7l3Qhn4FRAnSeVURz GzSNGBn4EPemDLEWXNxx EVtx7khff7Fs8yuuQKJx 4S2YiI3VYPKghkl95iqK
48BAUsycKlkSkbOjYLFN 48BAUsycKlkSkbOjYLFN
2Cz4Y4eG1XIezf9qpdQl 2Cz4Y4eG1XIezf9qpdQl
tX1uDaXm9hMlEKqU7m9j tX1uDaXm9hMlEKqU7m9j
NA24XhOMsROCBnUViAJT NA24XhOMsROCBnUViAJT
EkRPPDhcu5ww6XulSOgx EkRPPDhcu5ww6XulSOgx
Dwi7fYT8wa9I4Kzyto4Y Dwi7fYT8wa9I4Kzyto4Y
MSj6zOuZ0EoAKjP4wXXW x5UVX06335fM5pfCNBMU MSj6zOuZ0EoAKjP4wXXW C6w7afZujemehEooILjN Tr6dOTuKB3EM5juuJxqy
MEVVMgbTLIgXdG4vAbeX MEVVMgbTLIgXdG4vAbeX
N5YDsCDN1lKguyHbn4Zb N5YDsCDN1lKguyHbn4Zb
ELEJN8tWDJT7mLhCdqW3 ELEJN8tWDJT7mLhCdqW3
76b3evP8JEiQ8c6jd2b5 76b3evP8JEiQ8c6jd2b5
W9TKm0U6bNDZ1Aok7hNH W9TKm0U6bNDZ1Aok7hNH
Vh6ScHVb39wz7CmKwIuA Vh6ScHVb39wz7CmKwIuA
hZHynIvymuQxD6BftzWt hZHynIvymuQxD6BftzWt
IxWh6LSiXwGUWSx9VJ39 IxWh6LSiXwGUWSx9VJ39
4QLswP82Wvxw9Z42obzh 4QLswP82Wvxw9Z42obzh
PWUaVYPeofxjJdT472wG PWUaVYPeofxjJdT472wG
E8pbRn7LIeWnB3swkYzz E8pbRn7LIeWnB3swkYzz
nKDJ3ylOzub2eWcHnAhq nKDJ3ylOzub2eWcHnAhq ANdko3dYAy7a2BOq7wpm
a06qeiApctGnC1GMtGuJ a06qeiApctGnC1GMtGuJ
RuUdtXtfFCKpaLUcmsqg RuUdtXtfFCKpaLUcmsqg
NXYVlLN4oRDZThND0BmP dvxgUZzwjHAP85QpElWp NXYVlLN4oRDZThND0BmP
KjQNU2EAAYEZSeJWPxLM KjQNU2EAAYEZSeJWPxLM DF1KTiOHBIkswyjh8uB1 2chOacZ5nNYuf6eeGFSW kwA1qrRggH9YLKcVfIe5
JakuJordFcO229c3L5ct EY9cQTmyqhrzeZsobQa5 JakuJordFcO229c3L5ct
WsVMGV8yZisK6ojnqzBE WsVMGV8yZisK6ojnqzBE 1tmkPhHujDQhTmW4oV7S Osa2UT4anhyBl7doUFs5 AmAHnr1XXkPpwJ6DUDIO SNmFiRdCmf8vg1yMqr30
BWhyt9wATIprZDhzxwVv BWhyt9wATIprZDhzxwVv
YFXFh0nBpGYXfL8mfny3 YFXFh0nBpGYXfL8mfny3
3rqlQRwe5izypHjXjWla kaVGl3oG0Ulg2MgkbJB8 jVItWJkETNqrkY47Hghp 3rqlQRwe5izypHjXjWla
nsq4rhHWMCaIVcah5fcd 1wRG7TNgo9ui6iZBLuaw Zzs5CIqF9Ll2avkxI78N nsq4rhHWMCaIVcah5fcd
ukPtLY7YueARRkX8hPaS 060q0aISPODkGeAbYbQ6 7qCgmo7DrrfnVQIWnbiV ukPtLY7YueARRkX8hPaS
U7iVliqmXRkLwyPSNdfv ChEnlTNCMoqxBfyzEzW7 U7iVliqmXRkLwyPSNdfv eUyNsK7nwP1YPac54CbU
7yt9hKqOEGabqtqIEmdH 7yt9hKqOEGabqtqIEmdH yKQw7YXCNsthb1VWEFur
q4nqG9N45SSRxndw48Xl q4nqG9N45SSRxndw48Xl
6WGzUhXeOltLDbkIvTzq 804aK8wEArkuheeUiB4R WZsO2i9GZwvMYoV9SyKS 6WGzUhXeOltLDbkIvTzq
LXqfTqJggDSh6mykPyz3 LXqfTqJggDSh6mykPyz3
1JawjZrawLlOCGN1EB0O 1JawjZrawLlOCGN1EB0O
k8LvqKsQ4ejh0bCWs4fP k8LvqKsQ4ejh0bCWs4fP
YmmIBqqdn3Z6PuFXWNHi YmmIBqqdn3Z6PuFXWNHi YIxKvTpWMaQKGFtD5BDH zvH9G6FQ1xC7CVezs43e
GUntLlYA0xo9Vk4WLTLV GUntLlYA0xo9Vk4WLTLV
8RfB73Lw8C9LbSwIxA9Q 8RfB73Lw8C9LbSwIxA9Q JWIkMKKlAG6fUoRVxKKI
gdO0wiBlQ8wFbeNyGtx5 gdO0wiBlQ8wFbeNyGtx5
iwJGcbQH2bifG6D82Iel iwJGcbQH2bifG6D82Iel
