xse rsg ckx loj ggo uok ybr zud phg zdb nis kfu ego nsw ils jfh qjf clj fia aaj nmf ocp njg wbg aii pvs fzi lwk nfr rtc fhv khu fhv bod ogh bod qkp nxj pjf gex ljd tdu rjv idv zks xeh aeg vtd xxx eah fjy vmv fbk bse bsc cun bse nko nhi vzr fyc qbf rir ksg tlh ceo xjt emz nhi bnl sad eah kpp qxs zkt qxs byu ttw ptu krr kgl miy mti vvn nwn uuw hxr jwx fgp vlb mok vlb adx ltf xse
67
rsg rsg
ckx ckx
loj loj
uok uok
ybr jam ybr
zud zud
phg phg
zdb zdb
kfu kfu
ego cen ego
nsw nsw
ils hcr ils
jfh jfh
qjf qjf tko uwo
fia lvm fia
nmf nmf
ocp ocp
wbg wbg
aii aii
pvs vwg ikb pvs
fzi xme fzi
lwk lwk
nfr lrj nfr
rtc txq hpx rtc bdh
fhv fhv
khu khu nwc
bod bod
ogh ogh
qkp yug qdw nvz
pjf wyg pjf
gex gex
ljd nii ljd tso cma
tdu tdu
rjv rjv
idv idv ukv
xeh xeh
aeg aeg
vtd hmi vtd
fjy fjy
vmv vmv
fbk fbk
cun nry cun
nko nko
nhi nhi
vzr vzr jgt
fyc fyc
qbf qbf wiy
ksg ksg
tlh tlh
xjt xjt
emz emz
bnl bnl
kpp kpp
qxs qxs
zkt zkt
byu byu ruo
ttw ttw bda
ptu uau ptu
krr krr
miy miy
mti mti svk
vvn vvn
uuw uuw vmt
fgp fgp
vlb fin
mok mok
adx adx kxn dgl
