zMnoKpsz12d1Y6CixoCL vPVOeWczn8eJlf3Gviol BKvWsgveG3lQHgeNBv62 RIRtIJewArUY7i7A6OEl 50qWynRev5CSErzk8Yih JOo21iuZtHvP9sSModQZ e7oVwvEXzQVG9DeK8uQS BVbv363irLjfCXrWQjqn 34ScKN0pHkNmnxdkoIOC BVbv363irLjfCXrWQjqn MDHuBmBbeFOGqzpuNmVz BVbv363irLjfCXrWQjqn kHWDWFJURX8TBbDnLSlR g6l3PryZJRSAXJGUyq22 fat0ktgmwPXvqLhmWfJ0 mUERvxQcAO2XlgBTPRGA fat0ktgmwPXvqLhmWfJ0 ybqDdUoaPknlNwzZFeto z6gtkXCB2ntSiYsjrque ybqDdUoaPknlNwzZFeto M3MAG2lM6nUmTjQ3nD4D GfpGWz1SaDeisCQVEJrI M3MAG2lM6nUmTjQ3nD4D z2nBS9pweVYpDmW0fMRS M3MAG2lM6nUmTjQ3nD4D hzqXRQPGO5tnMpQYDdxn XKYNaFpYuIx7Zx7vNANa hzqXRQPGO5tnMpQYDdxn dakEfF8eF1B4IYsSGGLe oJor9EUgXhaXPDmChml7 FwLnZPETaUkrkp7dE0hH KBGTLYOWLSviflcWwd9y FwLnZPETaUkrkp7dE0hH ZvocIzADG7dBR58wmnu8 FwLnZPETaUkrkp7dE0hH GhNWfyijkz8OKJbptIGO lcq8BXTLE4WDnj4JF3yo GhNWfyijkz8OKJbptIGO IcoYVabhkC8yNYJgy44V B56U06r3nz3RZaXVmiK2 UkKARQyd3ZxfrQwOeW0R OcyqfDTyG7wfT1rvpitz LdDKuyalK5FXEd1h8XJt LBRpsuMfPp9LEzGTlw5t hH5yU5IgxmmStVnXEBJ1 Y2BEa9hp0T63SlTWXenG hH5yU5IgxmmStVnXEBJ1 oougNPfNRCSRCWJrOUlb hH5yU5IgxmmStVnXEBJ1 1Tm2BSSz9mj8o3m9o0TB 07iKiKtYzy9bLoKUo0ve 1Tm2BSSz9mj8o3m9o0TB UkKARQyd3ZxfrQwOeW0R JKKWZrMfMDLTYQt6t5Ap UkKARQyd3ZxfrQwOeW0R B56U06r3nz3RZaXVmiK2 xBNbU9Yu51mQvClxjQdr B56U06r3nz3RZaXVmiK2 QHym2s92VJ8ycxMeFawz pkPHvGrHHriGlmiL3mRW QHym2s92VJ8ycxMeFawz KP4zLIZ5LMWJ6mkRn6BX QHym2s92VJ8ycxMeFawz QFT8yfDPa0xDNdRMchX3 QHym2s92VJ8ycxMeFawz WCUwzDEkBlRrgSeSv9vv ofmz95sRAyIS0ShQndvb WCUwzDEkBlRrgSeSv9vv 5jE3DcSbPJWRITx0u2Kf gM8AHyLc0ZjUxmDMuXzJ 5jE3DcSbPJWRITx0u2Kf 73GclC6XOTCjqTwHSUFH vPVOeWczn8eJlf3Gviol zMnoKpsz12d1Y6CixoCL
43
RIRtIJewArUY7i7A6OEl szEChRtMF49nUq5i634G ZSg6FSZaRCTLmeHoLgMI Ryx97mzVLWHytqmLAKlJ FqxzURcIHYyg2FOpiXCN CcIlGrru613gqyngyuYo Vv2apUMOUSvB9J5u8yJr HAc1Ylu9mrUmnheKISnK JPD2uBroiElzO4z72vhQ cthtNVKVABeolrPabegT
50qWynRev5CSErzk8Yih 3fQHkf8pseCy7Ys4Kez5 Vkpfkc0JUDpakJkZipKD QTgsp1BfPDsixeeH6QUT
JOo21iuZtHvP9sSModQZ oDA5VKbLZuTPP2ZEB14d T7hLF9jTtc4htoAH0PWD QmCq2RCVgnssPOgSwAr8
e7oVwvEXzQVG9DeK8uQS ARorC1kPdEun4czh3dmX bUGtOHLCdzsNiRxcLtaT olgHJpCT79b6HED7FUWa
BVbv363irLjfCXrWQjqn nfdt04yvrwrpPVPzIy2c
34ScKN0pHkNmnxdkoIOC 34ScKN0pHkNmnxdkoIOC
MDHuBmBbeFOGqzpuNmVz MDHuBmBbeFOGqzpuNmVz
kHWDWFJURX8TBbDnLSlR dUDrtIP8WIldh2FT7uba W8ft2Hcg1VXPVNTpprS3 mTYxpEwVJTp369cmBN7S
g6l3PryZJRSAXJGUyq22 RvFA5khunRjN3Z7dmUKr Armxs904ujfdAYn9LtOF 2DqN6NYyebkVczAnrbNI
fat0ktgmwPXvqLhmWfJ0 qSLkk45Evo68Y4JhMUq7 mNuLv0WHsIRpWEdSUREd
mUERvxQcAO2XlgBTPRGA mUERvxQcAO2XlgBTPRGA
ybqDdUoaPknlNwzZFeto FHGlzd4VlMUVjTba9Qjm WELPo1XEQnG4JejlB13A
z6gtkXCB2ntSiYsjrque z6gtkXCB2ntSiYsjrque
M3MAG2lM6nUmTjQ3nD4D PrzulPuk0tqiNKmdjp0X
GfpGWz1SaDeisCQVEJrI GfpGWz1SaDeisCQVEJrI
z2nBS9pweVYpDmW0fMRS z2nBS9pweVYpDmW0fMRS
hzqXRQPGO5tnMpQYDdxn bclRgmmOqfg3PHQz06qB 8s4ukhLgGBoor0D87KUr
XKYNaFpYuIx7Zx7vNANa XKYNaFpYuIx7Zx7vNANa
dakEfF8eF1B4IYsSGGLe 9XhdonQsTDmLQknJ4xeP yE3wNgUIJB0oZwUjLCMo YIAlamFOfZeHd5qDll32
oJor9EUgXhaXPDmChml7 FDT7h4JKMRWa9fcDNmXs TzlCRBgA0Q2cCjETm7Vx C3qGKxHtliSTI7oOnHoB
FwLnZPETaUkrkp7dE0hH 9c21VhIQJbtu6kG4NZT4
KBGTLYOWLSviflcWwd9y KBGTLYOWLSviflcWwd9y
ZvocIzADG7dBR58wmnu8 ZvocIzADG7dBR58wmnu8
GhNWfyijkz8OKJbptIGO VxRxz5foWagBafuSz1m4 EvdCmEq3CXPDtnZYkiVu
lcq8BXTLE4WDnj4JF3yo lcq8BXTLE4WDnj4JF3yo
IcoYVabhkC8yNYJgy44V dBvruVRsFq4ihmzPj7nf GaG5DAqLVuTD09GfUl6l U8fsnzMIN4aMdzToihTq
B56U06r3nz3RZaXVmiK2 MyPRIiIVlLarPoP5nZfy Y0dqIYSR4P9Br1Cq3f9U
UkKARQyd3ZxfrQwOeW0R u91JdIwHTd2zumpXCvmK OMLAPgVr1RosMrpENk9K
OcyqfDTyG7wfT1rvpitz WdpiLe9uZpnuS9WMphYw G6KTAOxQU8MNiSLazU1t jdgXkfbupFQ0XUNJEyvU sNJuS4R6b6KAUX5QI4md uqAmYQiu3O0THeAaPzKH JzMVZjOikutQZg00S8wX
hH5yU5IgxmmStVnXEBJ1 3mTCmcCkVhhFn533BM03
Y2BEa9hp0T63SlTWXenG Y2BEa9hp0T63SlTWXenG
oougNPfNRCSRCWJrOUlb oougNPfNRCSRCWJrOUlb
1Tm2BSSz9mj8o3m9o0TB ZcpnIKUrL8i4GzxAolZX 5VNO6t8qAcR3d5jJgfi4
07iKiKtYzy9bLoKUo0ve 07iKiKtYzy9bLoKUo0ve
JKKWZrMfMDLTYQt6t5Ap JKKWZrMfMDLTYQt6t5Ap
xBNbU9Yu51mQvClxjQdr xBNbU9Yu51mQvClxjQdr
pkPHvGrHHriGlmiL3mRW pkPHvGrHHriGlmiL3mRW
KP4zLIZ5LMWJ6mkRn6BX KP4zLIZ5LMWJ6mkRn6BX
QFT8yfDPa0xDNdRMchX3 QFT8yfDPa0xDNdRMchX3
WCUwzDEkBlRrgSeSv9vv 5cjkSqVe5mFfFhCgwe8r 15e7umNMnawEegsOhkYh
ofmz95sRAyIS0ShQndvb ofmz95sRAyIS0ShQndvb
5jE3DcSbPJWRITx0u2Kf NieXnWTTyXxCRp5CSl0i 9q9h29089dBsNERnjXsd
gM8AHyLc0ZjUxmDMuXzJ gM8AHyLc0ZjUxmDMuXzJ
