Encanto All Chinese Alpaugh Ames Huron Roseland Delta Roseland Veterans Ramona Beach Kern Dayton Pumpkin Laguna Woffard Jane Yurok Granite Banning Cypress Homestead Quail Santa Green Cabbage Clayton Woodbridge Willow Riverside Costa Glencoe Mount Sherman Encanto
30
Encanto Encanto
All Welden All Moccasin Bonita
Chinese Chinese
Alpaugh Alpaugh
Ames Ames Vista
Delta Delta
Ramona Ramona
Beach Beach
Kern Richvale Kern Garden
Pumpkin Kentfield Pumpkin
Laguna Laguna
Woffard Woffard
Jane Los Jane
Yurok Yurok
Granite Granite
Banning Banning
Cypress Elmira Cypress Forest
Homestead Homestead
Quail Quail
Santa Santa
Green Vernon Green Shafter
Cabbage Warner Cabbage
Clayton Clayton Presidio City Two Cherokee
Woodbridge Woodbridge
Willow Willow
Riverside Foothills Riverside
Costa Costa
Glencoe McAuley Glencoe
Mount Smoke Mount
Sherman Sherman
