Vernon Helm Richvale Fiorini Coulterville Collins Civic Saint Lebec Terra Stockdale All Strawberry Sunny Davenport Sacramento Calaveras Sacramento Bakersfield Pacheco Industrial Anaheim Sulpizio Buena Clayton Hoffman Kaiser Crestmont Beach Manker Midtown Donner Coddingtown Potrero Glennville Cypress Blue Costa Bonita Hammer Cudahy Santa Sherman Wallace Dayton Escalon Glencoe Cerro Bradley Bell Moores Rough Boulder Flinn Pleasant Cambridge Durham Parchester Richvale Antelope Timbuctoo Presidio Roseland Jacumba Vernon
57
Helm Helm Tijuana Carmel
Richvale Richvale Bodad
Fiorini Fiorini
Collins Garcia Mecca Collins
Civic Veterans Civic
Saint Saint Bangor
Lebec Le
Terra Terra Quail
Stockdale Stockdale Lake Robertsville
All All
Strawberry Strawberry South
Sunny Sunny Armstrong
Davenport Davenport Downtown
Sacramento Sacramento Cabbage
Calaveras Fullerton Calaveras Cressey
Bakersfield Bakersfield
Pacheco Fox Pacheco
Industrial Industrial
Anaheim Anaheim
Sulpizio Sulpizio
Buena Yankee Buena Smoke
Clayton Clayton Grasslands Marshall
Hoffman Hoffman
Kaiser Kaiser Rowland
Crestmont Portola Crestmont Louis
Beach California Beach
Manker Manker
Midtown Smith
Donner Donner
Coddingtown Coddingtown
Potrero Potrero
Cypress Cypress
Blue Blue Bonny Three
Costa Balboa Costa
Bonita Capuchino
Hammer Hammer
Cudahy Cudahy Yurok
Santa Santa
Sherman Sherman
Wallace Wallace
Dayton Alamo Del Escondido
Escalon Escalon
Glencoe Glencoe
Cerro Cerro Temecula Huron
Bradley Bradley
Bell Forbestown Brundage Winterhaven Bell
Moores Moores
Rough Rough Ritter Ramona
Flinn Chittenden Flinn
Pleasant Pleasant Woody
Cambridge Cambridge
Durham Delta
Parchester Parchester Warner
Antelope Antelope
Timbuctoo Timbuctoo
Presidio Industry Presidio
Roseland Dulzura Roseland
