loc0 loc77 loc1 loc91 loc59 loc25 loc21 loc5 loc71 loc62 loc15 loc61 loc2 loc24 loc63 loc45 loc53 loc51 loc35 loc65 loc7 loc94 loc3 loc11 loc23 loc13 loc19 loc12 loc49 loc69 loc33 loc83 loc37 loc27 loc99 loc57 loc0
32
loc0 loc73 loc87
loc77 loc77 loc97
loc1 loc1 loc17
loc91 loc91 loc93
loc59 loc59
loc25 loc25 loc67
loc21 loc21
loc5 loc5 loc95
loc71 loc71 loc81
loc15 loc15 loc39 loc43 loc75 loc79
loc61 loc61 loc89
loc24 loc29
loc63 loc63
loc45 loc45
loc53 loc53
loc51 loc51
loc35 loc35
loc65 loc65
loc7 loc7 loc85
loc3 loc3
loc11 loc9 loc11
loc23 loc23
loc13 loc13
loc19 loc19
loc49 loc41 loc49
loc69 loc69
loc33 loc33
loc83 loc83
loc37 loc37
loc27 loc27 loc31
loc99 loc47 loc55 loc99
loc57 loc57
