loc0 loc45 loc159 loc15 loc158 loc25 loc49 loc190 loc59 loc176 loc103 loc79 loc143 loc126 loc175 loc129 loc105 loc47 loc17 loc9 loc161 loc54 loc182 loc180 loc29 loc93 loc179 loc181 loc113 loc11 loc39 loc133 loc1 loc43 loc3 loc35 loc173 loc140 loc87 loc67 loc86 loc13 loc185 loc69 loc19 loc145 loc167 loc137 loc142 loc53 loc81 loc153 loc155 loc6 loc91 loc16 loc147 loc189 loc99 loc86 loc117 loc135 loc165 loc61 loc63 loc193 loc82 loc0
61
loc0 loc51 loc109
loc45 loc45 loc157
loc159 loc65 loc159 loc183
loc15 loc15 loc21 loc83 loc89
loc25 loc25 loc55
loc49 loc33 loc41 loc49 loc77 loc119 loc141
loc190 loc195
loc59 loc59 loc107
loc176 loc125 loc127 loc199
loc103 loc103
loc79 loc79
loc143 loc131 loc139 loc143
loc126 loc97 loc169
loc175 loc175
loc129 loc5 loc7 loc37 loc129
loc105 loc105
loc47 loc47 loc187 loc197
loc17 loc17
loc9 loc9
loc161 loc85 loc161
loc180 loc23 loc115
loc29 loc29 loc149 loc177
loc93 loc73 loc93 loc163
loc179 loc179
loc181 loc121 loc181 loc191
loc113 loc113
loc11 loc11 loc75 loc123
loc39 loc39 loc151
loc133 loc133
loc1 loc1 loc171
loc43 loc43
loc3 loc3
loc35 loc35
loc173 loc173
loc140 loc71
loc87 loc87
loc67 loc67
loc86 loc111
loc13 loc13
loc185 loc185
loc69 loc69
loc19 loc19
loc145 loc145
loc167 loc167
loc137 loc137
loc53 loc53
loc81 loc81
loc153 loc95 loc153
loc155 loc155
loc6 loc27
loc91 loc91
loc147 loc147
loc189 loc189
loc99 loc57 loc99
loc117 loc117
loc135 loc135
loc165 loc165
loc61 loc31 loc61
loc63 loc63
loc193 loc193
loc82 loc101
