1 5 4 8 9 13 12 16 17 21 20 24 25 29 30 31 32 33 37 36 40 39 40 41 45 44 48 49 50 51 52 56 57 61 60 64 65 69 70 43 42 43 78 77 76 80 81 85 84 88 89 93 92 96 95 96 97 101 100 104 105 109 108 112 113 114 115 116 120 121 122 121 125 126 127 128 129 130 131 132 136 137 141 140 144 145 146 147 148 152 153 154 155 156 160 161 165 164 168 169 173 172 176 177 181 180 184 185 189 188 192 193 197 196 200 1
98
1 2
5 5
4 4
8 7
9 10
13 13
12 12
16 15
17 18
21 21
20 20
24 23
25 26
29 29
31 31
32 28
33 34
37 37
36 36
39 39
45 45
44 44
48 47
49 53
50 50
52 52
56 55
57 58
61 61
60 60
64 63
65 66
69 68 69
70 71
42 42
78 79
77 74 77
76 76
81 82
85 85
84 84
88 87
89 90
93 93
92 92
95 95
97 98
101 101
100 100
104 103
105 106
109 109
108 108
112 111
113 117
114 114
116 116
120 119
122 122
125 125
127 127
128 124
129 133
130 130
132 132
136 135
137 138
141 141
140 140
144 143
145 149
146 146
148 148
152 151
153 157
154 154
156 156
160 159
161 162
165 165
164 164
168 167
169 170
173 173
172 172
176 175
177 178
181 181
180 180
184 183
185 186
189 189
188 188
192 191
193 194
197 197
196 196
200 199
