Evans WursterHall Moffit SouthHall HesseHall SouthHall NorthHall Artichokes Foothill HAAS BAMPFA Barrows KroeberHall Bowles HilgardHall Firewings CaliforniaHall InternationalHouse SatherGate GreekTheatre StrawberryCreek Plentea LatimerHall MLK Dwinelle ThaiNoodle Marugame Gilman DavisHall ClarkKerr ThaiNoodle Chipotle UCafe Yifang UniversityVillage HortonHall Barrows KroeberHall WursterHall Evans
30
Evans Cory
WursterHall Campbell
Moffit LeConte Moffit BancroftLibrary LawrenceHall HavilandHall
SouthHall SouthHall
HesseHall HesseHall
NorthHall VLSB
Foothill Foothill
HAAS Unit1 HAAS
BAMPFA BAMPFA
Barrows Stern Unit2 Barrows
KroeberHall Etcheverry
Bowles Bowles Unit3 ZellerbachHall Boalt
HilgardHall AlumniHouse HilgardHall
Firewings DurantHall RSF Blackwell
CaliforniaHall CaliforniaHall
InternationalHouse InternationalHouse
SatherGate GiauqueHall
GreekTheatre GreekTheatre CanyonPool
StrawberryCreek HearstMining Kresge
Plentea Doe Soda SutardjaDai
MLK MLK HildebrandHall
Dwinelle Dwinelle
ThaiNoodle ThaiNoodle
Marugame Campanile Eshelman
Gilman Gilman
DavisHall DavisHall
ClarkKerr BotanicalGardens
Yifang Wheeler BerkeleyWayWest
UniversityVillage UniversityVillage
HortonHall MemorialStadium
