Soda Doe UniversityVillage Bowles UniversityVillage Doe LawrenceHall MemorialStadium LawrenceHall Kresge Evans BAMPFA Evans BotanicalGardens HearstMining Dwinelle HavilandHall Foothill LeConte Wheeler DavisHall SouthHall DavisHall Stern HesseHall Unit1 Blackwell BancroftLibrary Unit2 DurantHall Blackwell Cory Campbell Unit3 Barrows CaliforniaHall HildebrandHall UniversityVillage Doe Soda
23
Soda Campanile BerkeleyWayWest
Doe Doe
Bowles Bowles
LawrenceHall GreekTheatre LawrenceHall
MemorialStadium InternationalHouse
Evans Evans
BAMPFA BAMPFA
HearstMining HearstMining
Dwinelle Dwinelle
Foothill Foothill
LeConte LeConte
Wheeler Wheeler
DavisHall Moffit
SouthHall SouthHall
Stern Stern
Unit1 Unit1
BancroftLibrary BancroftLibrary
Unit2 Unit2
DurantHall DurantHall
Campbell Campbell
Unit3 Unit3
CaliforniaHall CaliforniaHall
HildebrandHall Gilman
