Ippudo Platano Soda HildebrandHall NatApartment Rachas CanyonPool Staples Chipotle HearstMining Campbell Eureka Ikes Fengcha UniversityVillage TToust UniversityVillage UCafe Flavia AndrewsApartment Wheeler GSPP EastBaySpiceCompany HesseHall Kips HesseHall ThaiBasil BrandyMelville FireTrails BrandyMelville ThaiBasil Milkbomb Ikea GiauqueHall Dwinelle GrizzlyPeak FoxTheater Raretea FoxTheater GrizzlyPeak AmoebaMusic LeConte Wikiwiki Underhill HortonHall Stern BerkeleyHigh Toss LaNote Toss BerkeleyHigh Stern ClarkKerr BSC TukTukThai DavisHall Cinnaholic Tilden LatimerHall Jupiter LatimerHall Tilden Gather TraderJoes YogurtPark OptometryBuilding LaBurrita BerkeleyBart HappyLemon BerkeleyWayWest BerkeleyBubbles BerkeleyWayWest HappyLemon BerkeleyBart BigC TenderGreens BigC BerkeleyBart LaBurrita OptometryBuilding YogurtPark GreatChina SatherGate GreatChina YogurtPark Ucha SouthHall Crossroads TToust BobaNinja TennisCourts TPTea Campanile ChezPanisse Campanile LeConte AshaTeaHouse Bowles HearstAnnex McDonalds HearstAnnex Bowles SmokesPoutinerie TheDwight SmokesPoutinerie Flavia UCafe UniversityVillage Fengcha Ikes Gongcha Ikes SweetheartCafe Ikes Eureka Campbell HearstMining Chipotle HAAS Mezzo BerkeleyArtStudio SaturnCafe HeatCafe Barrows AshaTeaHouse CaliforniaHall Gadani Rachas NatApartment HildebrandHall Soda Platano Ippudo
65
Platano Gypsys Platano
NatApartment BetaLounge
Rachas Rachas
Chipotle Yifang Chipotle
Campbell MemorialGlade EastAsianLibrary LittleCampanile
Eureka Eureka
Ikes Ikes
Fengcha Bonchon Fengcha
TToust ImmThai
UCafe UCafe
Flavia WursterHall
AndrewsApartment AndrewsApartment UrbanOutfitters
Wheeler Wheeler
EastBaySpiceCompany EastBaySpiceCompany
Kips Kips Muraccis
ThaiBasil ThaiBasil
FireTrails MulfordHall
Milkbomb Milkbomb SuperDuperBurgers
Ikea TheHabit
GrizzlyPeak GrizzlyPeak
Raretea Raretea
AmoebaMusic Artichokes LowerSproul SnackShack AmoebaMusic
LeConte Cafe3 ThaiNoodle
Wikiwiki Teazone Wikiwiki
Underhill KroeberHall Underhill PokeBar JambaJuice Homeroom
HortonHall HortonHall Shengkee
LaNote TacoBell ExtremePizza LaNote
ClarkKerr ClarkKerr Plentea
BSC BSC
TukTukThai TukTukThai Venus
DavisHall NorthHall
Cinnaholic TripleRock Slivers
LatimerHall LatimerHall
Jupiter Morganhall Firewings TopDog Jupiter
Gather Spats Gather
TraderJoes TraderJoes
YogurtPark Target
OptometryBuilding OptometryBuilding
LaBurrita LaBurrita
BerkeleyBart SproulHall
HappyLemon HappyLemon
BigC BigC
TenderGreens TenderGreens
GreatChina GreatChina
SatherGate SatherGate
Ucha Ucha
Crossroads Crossroads BanshoRamen
BobaNinja BobaNinja
TennisCourts StrawberryCreek Cheeseboard
TPTea TPTea
Campanile Cornerstone
ChezPanisse ChezPanisse
AshaTeaHouse AshaTeaHouse
Bowles Namaste
HearstAnnex Pappys
McDonalds Morrisonhall McDonalds
SmokesPoutinerie LewisHall SmokesPoutinerie
TheDwight TheDwight
Gongcha Gongcha
SweetheartCafe PeoplesCafe SweetheartCafe
Mezzo Mezzo
BerkeleyArtStudio Quicklys BerkeleyArtStudio
SaturnCafe SaturnCafe
Barrows Safeway
Gadani Marugame HalalGuys Gadani
