Loc76 Loc80 Loc94 Loc84 Loc63 Loc68 Loc30 Loc50 Loc43 Loc79 Loc61 Loc9 Loc52 Loc14 Loc60 Loc34 Loc132 Loc55 Loc178 Loc101 Loc66 Loc123 Loc70 Loc33 Loc19 Loc51 Loc90 Loc15 Loc21 Loc116 Loc4 Loc45 Loc99 Loc46 Loc74 Loc23 Loc56 Loc27 Loc97 Loc62 Loc82 Loc65 Loc39 Loc86 Loc96 Loc40 Loc98 Loc89 Loc67 Loc198 Loc1 Loc57 Loc48 Loc58 Loc22 Loc2 Loc64 Loc73 Loc24 Loc32 Loc76
57
Loc76 Loc11 Loc76
Loc80 Loc80
Loc94 Loc26 Loc94
Loc84 Loc84
Loc63 Loc63
Loc68 Loc68
Loc30 Loc30 Loc42 Loc54
Loc50 Loc35 Loc47 Loc50
Loc43 Loc20 Loc43 Loc71
Loc79 Loc5 Loc79
Loc61 Loc61
Loc9 Loc9
Loc52 Loc31 Loc52 Loc83
Loc14 Loc14
Loc60 Loc60 Loc91
Loc34 Loc34
Loc132 Loc38 Loc59
Loc55 Loc44 Loc55
Loc66 Loc10 Loc41 Loc66
Loc123 Loc93
Loc70 Loc0 Loc70
Loc33 Loc33 Loc36 Loc78
Loc19 Loc19 Loc85
Loc51 Loc25 Loc51
Loc90 Loc88 Loc90
Loc15 Loc15 Loc77
Loc21 Loc21
Loc116 Loc3
Loc4 Loc4
Loc45 Loc45
Loc99 Loc99
Loc46 Loc46 Loc87
Loc74 Loc74
Loc23 Loc18 Loc23
Loc56 Loc56
Loc27 Loc27
Loc97 Loc49 Loc97
Loc62 Loc6 Loc37 Loc62
Loc82 Loc29 Loc82
Loc65 Loc28 Loc65 Loc72
Loc39 Loc17 Loc39
Loc86 Loc12 Loc53 Loc86
Loc96 Loc16 Loc81 Loc95 Loc96
Loc40 Loc13 Loc40
Loc98 Loc98
Loc89 Loc89
Loc67 Loc67
Loc1 Loc1 Loc75
Loc57 Loc8 Loc57
Loc48 Loc48
Loc58 Loc7 Loc58 Loc69
Loc22 Loc22
Loc2 Loc2
Loc64 Loc64
Loc73 Loc73
Loc24 Loc24
Loc32 Loc32 Loc92
