Loc48 Loc36 Loc42 Loc24 Loc40 Loc10 Loc27 Loc43 Loc39 Loc9 Loc28 Loc2 Loc50 Loc15 Loc4 Loc17 Loc12 Loc16 Loc29 Loc20 Loc25 Loc14 Loc73 Loc11 Loc45 Loc46 Loc5 Loc37 Loc21 Loc22 Loc6 Loc48
30
Loc48 Loc48
Loc36 Loc36 Loc41
Loc42 Loc19 Loc34 Loc42
Loc24 Loc24
Loc40 Loc40 Loc49
Loc10 Loc10
Loc27 Loc27
Loc43 Loc43
Loc39 Loc39
Loc9 Loc9 Loc13
Loc28 Loc0 Loc28
Loc2 Loc2
Loc15 Loc8 Loc15 Loc35 Loc38
Loc4 Loc4
Loc17 Loc17 Loc26 Loc33
Loc12 Loc12
Loc16 Loc16
Loc29 Loc29
Loc20 Loc1 Loc20
Loc25 Loc7 Loc23 Loc25
Loc14 Loc14 Loc31
Loc73 Loc18
Loc11 Loc11 Loc30
Loc45 Loc32 Loc45
Loc46 Loc3 Loc46
Loc5 Loc5
Loc37 Loc37
Loc21 Loc21 Loc44 Loc47
Loc22 Loc22
Loc6 Loc6
