Shelf0 Shower48 Cat163 Ice52 Male149 Mail22 Puppy140 Ring169 Toolbox146 Monster73 Drugs184 Toilet13 Light30 Comics28 Horse122 Book171 Comics113 Toolbox72 Robot87 Sink157 Monster175 Sink109 Shower57 Whale31 Cat187 Whale31 Clock61 Whale126 Bird43 Whale114 Robot164 Poop5 Robot164 Comics107 Nuclear65 Poop76 Mail6 Body55 Ice165 Water38 Ice165 Puppy117 Fusion131 Settings75 Flowers178 Dislike27 Book24 Ice41 Video86 Hnads182 Plus78 Hnads182 Plants118 Ring60 Solar71 Breakfast85 Rollers63 Websites32 Ring161 Urine20 Rollers14 Fusion34 Websites94 Poop80 Shoe17 Shoes8 Shoe174 Plus78 Urine97 Ice50 Horse148 Kitty89 System183 Allergies106 Ice9 Solar162 Kitty194 Kitty98 Whale91 Clock145 Solar192 Light49 Drugs195 Running177 Hnads116 Running177 Dislike143 Running177 Hnads116 System79 Running66 Cat70 Leash46 Cat15 Soda119 System156 Soap53 Poop150 Crab83 Soap64 Clock139 Allergies88 Android196 Dog168 Android196 Ring82 Shelf0
69
Shelf0 Shelf0
Cat163 Whale137
Male149 Urine124 Male149
Mail22 Mail22 Allergies103
Puppy140 Puppy140
Ring169 Toolbox153 Ring169
Toolbox146 Toolbox146
Monster73 Monster73
Toilet13 Toilet13
Light30 Light30
Book171 Solar130 Book171
Toolbox72 Toolbox72
Monster175 Monster175
Sink109 Shower47 Sink109
Shower57 Shower57
Cat187 Cat187 Printer188
Clock61 Clock61
Whale126 Whale126 Post158
Whale114 Whale114
Robot164 Robot164
Poop5 Towel92
Comics107 Comics107
Poop76 Poop76
Mail6 Mail6
Body55 Body55
Ice165 Ice165
Water38 Water38
Puppy117 Clock2 Puppy117
Settings75 Settings75
Flowers178 Flowers178
Dislike27 Dislike27 Soda197
Book24 Book24
Ice41 Laptop19 Shelf40 Ice41
Hnads182 Robot51 Hnads182
Plus78 Plus78
Plants118 Plants118
Solar71 Solar71 Fusion104
Breakfast85 Breakfast85
Urine20 Urine20 BBQ36
Rollers14 Rollers14 Nuclear35
Fusion34 Fusion34
Poop80 Poop80
Shoe17 Shoe17
Shoes8 Shoes8 Dislike12 Soap58 Boat67
Shoe174 Shoe174 Dog181
Urine97 Urine97
Horse148 Horse148
Kitty89 Kitty89
System183 System183
Ice9 Ice9
Solar162 Solar162 Website190
Kitty194 Kitty194
Kitty98 Water29 Rollers95 Kitty98 Laptop125 Water135
Solar192 Solar192
Drugs195 Drugs195
Hnads116 Drugs39 Hnads116
Dislike143 Dislike143 Towel154 Allergies176
System79 System79
Cat15 Cat15
Soda119 Soda119
System156 Nuclear18 System156
Poop150 Leash77 Robot93 Poop150
Crab83 Crab83
Soap64 Soap64
Clock139 Websites4 Clock139
Allergies88 Allergies88
Android196 Android196
Dog168 Dog168
Ring82 Ring82
