Horse0 Floppy64 Breakfast19 Running77 Water52 Allergies3 Shower11 Rollers34 Dislike21 Comics49 Prints23 Website29 Crab78 Book41 Water66 Male84 Ice38 Monster39 Websites81 Robot9 Mail88 Robot9 Mail88 Printer53 Horse0
22
Horse0 Horse0 Breakfast74
Floppy64 Horse55
Breakfast19 Breakfast19 Soda57
Running77 Towel16 Running77 Ring97
Water52 Cat13 Water52
Allergies3 Allergies3 Towel35 Solar58 Flowers98
Shower11 Settings5 Shower11 Ring45 Whale59
Rollers34 Websites17 Rollers34
Dislike21 Shower15 Plus62
Comics49 Comics49 Dislike51 Post61
Prints23 Prints23 Ice30 Floppy63
Website29 Allergies4 Shelf25 Bird82
Crab78 Whale22
Book41 Book41 Rollers48
Water66 Ice10 Toilet20 Water66 BBQ86 Bird93
Male84 Kitty14 Leash68 Male84
Ice38 Towel37 Ice38
Monster39 Monster39 Monster71
Websites81 Websites81
Robot9 Robot9
Mail88 Mail88
Printer53 Printer53
