S B P 4 U N 28 34 39 44 43 1 Z 10 Z 5 Y 15 20 W2 20 R Q2 L2 G2 H2 I2 J2 K2 P2 V2 U2 T2 R2 Q2 R X2 73 130 U3 N3 65 79 86 94 C3 D3 C3 107 105 107 C3 94 93 92 H3 91 L3 91 76 70 K3 F3 E3 127 Q3 Q 17 12 7 G W O J E A S
46
S F K
B B
P P
4 C M
U D U
N N V
1 I
Z Z
10 T X H
Y Y
W2 W2
R R
Q2 Q2 Y2
L2 L2
G2 B2 G2
H2 C2 H2 M2
I2 D2 I2 N2
J2 E2 J2 O2
K2 F2 K2
P2 P2
V2 V2 A2
U2 U2 A3 B3
T2 T2
R2 R2 Z2 Z3
X2 X2
U3 U3
N3 M3 N3 V3
C3 W3 C3
D3 X3 Y3 D3 I3 T3
105 R3
H3 H3
91 G3
L3 L3
70 O3
K3 K3
F3 F3 P3
E3 E3 J3
Q3 Q3
Q Q
7 L
G G
W W
O O
J J
E E
A A
