0 157 59 94 140 147 96 39 129 159 1 153 5 60 155 12 100 141 3 19 3 107 145 73 93 56 112 22 122 28 51 69 188 189 190 191 192 193 194 195 196 197 196 195 194 193 192 191 190 189 188 69 161 162 163 164 165 166 167 168 169 170 171 172 173 174 175 176 177 178 179 180 181 182 183 184 183 182 181 180 179 178 177 176 175 174 173 172 171 170 169 168 167 166 165 164 163 162 161 0
60
0 13 43 54 61 66 68 77 80 121 124 135 143 146
157 35 118 157
59 47 59 65 120
94 2 24 94 95 148
140 34 62 83 140 160
96 102 133 151
39 101
129 67 72 129
159 159
153 7 44 53 153
5 5 142
60 60 86
155 155
12 12 36
100 31
3 3
19 19
107 107
145 145
73 73
56 56
112 112
22 22
122 122
28 28
51 51
69 69
188 188
189 189
190 190
191 191
192 192
193 193
194 194
195 195
196 196
197 197 198 199
162 162
163 163
164 164
165 165
166 166
167 167
168 168
169 169
170 170
171 171
172 172
173 173
174 174
175 175
176 176
177 177
178 178
179 179
180 180
181 181
182 182
183 183
184 184 185 186 187
