hutmk dowbf ablxw rlfxc lnfiu gxdqt lsnhz misyc xeljy ijvuq ywion ijofp otirh yiodb xintv coubd tyuep vmgxh artvi axmwy aqzce tejxc qdzgs hopbn spuoi vczkh ugamb yzaje hutmk
27
dowbf omjfc dowbf
ablxw yaxts ablxw
rlfxc rlfxc
lnfiu aeomh lnfiu
gxdqt gxdqt
lsnhz mlfbi lsnhz
misyc misyc
xeljy xeljy
ijvuq ijvuq
ywion ywion
ijofp ijofp bcrwj
otirh otirh
yiodb yiodb
xintv oscrv xintv
coubd urlkt coubd
tyuep cursl tyuep zsehb xnysi
vmgxh vmgxh
artvi mzlsn artvi
axmwy axmwy
aqzce aqzce
tejxc tejxc
qdzgs qdzgs
hopbn hopbn
spuoi spuoi
vczkh vczkh
ugamb ugamb
yzaje yzaje ugyls lcghr
