hdpxs osxbc wnelr nzirf uakjq eatck uakjq qtdze utdhx qsmkj vcwfj tudbo wcjeg zntkr tndwl rqenc sktfj rjdai zadjy jcqfl gvfpj xlrzc drojn vobqh qhvsb kscoz jcwpu cxajk aedvq xcvow mujil wkbuf bfauz mhekz gufvs armnk olqfv bkfuc tdjvy tjake oewcd osvgp hulpb oxuqn rzvtg zcjqx pytwh tmwdy rlumh hwmzn crlfe vgwoi ohzfn bwknx sfizh cqsby lmwpk amfiz uiogl ktzce tfcam qckjp uklga zqjxb jhlus lnjxt yazqf dbjxw glrpy yqtob rjuxc tgeks bdevm pgqva lpudv stflc dsean wajol qbdwz qhvsb hdpxs
61
osxbc oxitr osxbc
wnelr cihba wnelr bsvth
utdhx utdhx
qsmkj qsmkj
vcwfj vcwfj htkwy
wcjeg gdovn wcjeg
zntkr zntkr
tndwl tndwl
rjdai oaeyh qhibx rjdai mtcsd
xlrzc xlrzc
drojn drojn
vobqh vobqh
qhvsb qhvsb
kscoz kscoz
jcwpu jcwpu
cxajk evtgj joztf cxajk
aedvq aedvq
xcvow xcvow
mujil mujil pihld kzwah
wkbuf wkbuf qpbmc
bfauz kjihy
mhekz mhekz syoxv
gufvs gufvs
armnk tkwle armnk btwzv
bkfuc bkfuc
tjake mhuad tjake
oewcd oewcd cxdes
osvgp osvgp
oxuqn oxuqn fjdqi
rzvtg ypdnb rzvtg ayrgb
zcjqx yqfdk zcjqx
pytwh gstwp pytwh
tmwdy tmwdy
rlumh rlumh nqtru mlibf
hwmzn hwmzn
crlfe sxdiu
vgwoi vgwoi
ohzfn dkjro iyuas ohzfn
bwknx wotiq bwknx
cqsby cqsby ahnds
lmwpk lmwpk frhgc
amfiz amfiz rchbw
uiogl uiogl
ktzce ktzce
tfcam xnpwq wdquv
qckjp qckjp
uklga uklga
zqjxb zqjxb
jhlus ymcfp jhlus
lnjxt lnjxt
yazqf yazqf
dbjxw dbjxw
yqtob yqtob
rjuxc rjuxc
tgeks ehqyk
bdevm bdevm ebwcp
pgqva pgqva
lpudv gdnim lpudv yvbse evsbm
stflc stflc syoxf
wajol wajol
qbdwz qbdwz maqho
