Hayward SantaClara Hayward Asheville Durham Asheville McHenry PalmBay Tucson Bradenton Huntsville Burbank NewOrleans SaintLouis SanJose Aurora NewBedford York NewBedford Reading NewBedford SimiValley SaintPaul PuntaGorda Kennewick Sebastian Atlanta Abilene Downey SaintLouis Medford Barnstable Kennewick PuntaGorda Omaha Topeka Montgomery ThousandOaks Montgomery Hampton RichmondCounty Charlotte Hickory Winston Murrieta Tampa Murrieta Winston Memphis CedarRapids Hayward
32
SantaClara SantaClara
Asheville Asheville
Durham Deltona Durham Bloomington
McHenry McHenry Springdale Newark Torrance
PalmBay PalmBay
Tucson Tucson LakeCharles
Bradenton Bradenton
Huntsville Yonkers McAllen Huntsville
Burbank Burbank Chicago
NewOrleans Waco Waterloo
SaintLouis Harlingen
Aurora Aurora Bakersfield
NewBedford NewBedford
York BelAir Monroe York
SaintPaul SaintPaul
PuntaGorda PuntaGorda
Kennewick NewYorkCity Kennewick
Atlanta Danbury Atlanta
Abilene GrandRapids
Downey Downey
Barnstable Barnstable
Omaha Omaha
Topeka Topeka
Montgomery SantaCruz
ThousandOaks ThousandOaks
Hampton Modesto Hampton
RichmondCounty RichmondCounty
Charlotte Charlotte
Hickory Tyler HuntingtonBeach Hickory
Tampa Tampa
Memphis Memphis
CedarRapids CedarRapids
