Hayward Shreveport Seaside CapeCoral Bloomington CapeCoral Seaside Elkhart SterlingHeights Lafayette GreenBay Laredo Paterson Fullerton SantaClara VeroBeach OverlandPark Anchorage Utica Anchorage Fresno Anchorage OverlandPark Stamford Marysville Stamford LasVegas Nashua Tyler Nashua Orem NewBedford SouthLyon Norwalk Huntsville Fargo Marina NewportNews Cincinnati Roseville Hialeah Marina PortArthur Lacey Murrieta SanBuenaventura Hemet PuntaGorda HavredeGrace PuntaGorda Hemet Boulder LakeCharles Boulder Phoenix BatonRouge Eugene Torrance Brighton Henderson NewYorkCity York Reno Ogden StPaul Milwaukee Salem Downey Burlington Norwalk Jefferson Houston SouthBend Youngstown SaintPaul Duluth Detroit BoiseCity Harrisburg HuntingtonBeach Harrisburg Scottsdale Victorville Waterbury Newburgh Carrollton SiouxFalls Carrollton Visalia Mesquite Escondido Sacramento StLouis Sacramento Escondido Monroe NewYork Kalamazoo RoundLakeBeach PanamaCity Cambridge ThousandOaks Huntsville Reno Shreveport Hayward
66
Shreveport NorthLasVegas Hartford
CapeCoral CapeCoral
Bloomington Bloomington
Elkhart McAllen Modesto Elkhart
SterlingHeights Charlotte Champaign
GreenBay GreenBay
Laredo Laredo
Fullerton Flint Fullerton Plano
SantaClara SantaClara
VeroBeach Pueblo Racine
OverlandPark Greenville OverlandPark Louisville
Anchorage Anchorage
Utica Utica
Fresno Fresno
Stamford Stamford
Marysville Layton Marysville
LasVegas LasVegas
Nashua Nashua
Tyler Tyler Arvada
Orem Bethlehem
NewBedford NewBedford
Huntsville Huntsville
Fargo Birmingham
Marina Marina Frederick Kissimmee
NewportNews NewportNews Aberdeen
Cincinnati Cincinnati
Hialeah Albuquerque Hialeah
PortArthur RichmondCounty
Lacey Lacey
Murrieta Harlingen
SanBuenaventura Norwich SanBuenaventura Anaheim
Hemet Hemet Mobile
PuntaGorda PuntaGorda
HavredeGrace JohnsonCity HavredeGrace
LakeCharles LakeCharles Spartanburg
Eugene Eugene Boise
Torrance Torrance Melbourne
Brighton Oxnard
Henderson Henderson Vancouver
NewYorkCity NewYorkCity
York York
Ogden Ogden
StPaul CorpusChristi Savannah CathedralCity
Milwaukee Lubbock
Salem Deltona Salem Newark
Downey Topeka Downey
Burlington Burlington
SouthBend Bakersfield
Youngstown Barnstable Hagerstown
SaintPaul GrandRapids ElPaso SaintPaul
Duluth Duluth
Detroit Detroit
HuntingtonBeach Scranton HuntingtonBeach
Scottsdale Omaha Scottsdale
Waterbury Waterbury
Newburgh Newburgh
SiouxFalls SiouxFalls
Visalia Columbus
Mesquite Mesquite
StLouis StLouis
Monroe Monroe
NewYork Tucson
Kalamazoo Kalamazoo
RoundLakeBeach RoundLakeBeach
Cambridge PalmBay
ThousandOaks ThousandOaks Olympia
