AndyandZeyu h AndyandZeyu i13 AndyandZeyu g14 AndyandZeyu h1 b1 f1 b1 AndyandZeyu g6 j5 c6 AndyandZeyu6 AndyandZeyu g11 AndyandZeyu f3 g3 AndyandZeyu j1 AndyandZeyu i6 AndyandZeyu i11 AndyandZeyu f j c AndyandZeyu f0 AndyandZeyu i7 b7 h7 g7 i7 AndyandZeyu f8 j7 j8 AndyandZeyu b9 i9 b9 AndyandZeyu AndyandZeyu12 j11 i12 g12 i12 AndyandZeyu f13 AndyandZeyu i17 g17 h17 b17 f17 AndyandZeyu f18 AndyandZeyu h4 AndyandZeyu e5 j4 c5 b5 g5 e5 AndyandZeyu e10 j9 AndyandZeyu10 g10 e10 AndyandZeyu e15 j14 d15 c15 b15 g15 e15 AndyandZeyu j2 h2 i2 c2 g2 AndyandZeyu
47
AndyandZeyu g1 f4 g4 f6 f7 i8 g9 f11 f12 f14 i14 j15 f16 g16 h16 i16 i18
h h
i13 i13
g14 g14 h14
h1 h1 i1
f1 f1
g6 g6 h6
j5 j5
g11 j10 g11 h11
f3 f3
g3 g3 h3 i3 j3
j1 j1
i6 i6
i11 i11
f f
j g i j
f0 f0 g0 h0 i0 j0
i7 j6 i7
h7 h7
g7 g7
f8 f8 g8 h8
j7 j7
j8 j8
i9 f9 h9 i9
j11 j11
i12 i12
g12 g12 h12
f13 j12 f13 g13 h13 j13
i17 j16 i17
g17 g17
h17 h17
f17 f17
f18 j17 f18 g18 h18 j18
h4 h4 i4
e5 i5
j4 j4 f5 h5
g5 g5
e10 i10
j9 j9 f10 h10
g10 g10
e15 i15
j14 j14 f15 h15
g15 g15
j2 j2
h2 f2 h2
i2 i2
g2 g2
