3efbbd d1ae8e 3efbbd 2b7733 3efbbd c1e4b0 ef9cce ab3e86 ff448b 98b7f9 d36b6f bf356c 390b11 9e3235 1e3f90 1efe0a 526e97 9fb27b 640320 de59c9 640320 ccf3af 640320 de59c9 bfdfca e17800 22c398 8037ff 3efbbd
19
3efbbd fc6ab6
d1ae8e 1aef1d d1ae8e
2b7733 2b7733
c1e4b0 c1e4b0
ef9cce ef9cce
ff448b ff448b 909532
98b7f9 98b7f9
d36b6f d36b6f
390b11 390b11
9e3235 525361 9e3235 8216e5
1e3f90 1e3f90
1efe0a 2a53b1 1efe0a
526e97 526e97
9fb27b 9fb27b aeb965
de59c9 de59c9
bfdfca bfdfca
e17800 e17800
22c398 22c398
8037ff 8037ff
