1efe0a 8035d3 c845ed b9fcab 518f91 20ec85 940b78 526e97 525361 1c3716 ef9cce 1c3716 ae5d4a 98b7f9 d4f94d 83454a 9fb27b 22f6f5 1cb432 ccf3af 8037ff bf7494 ab6081 76bb8e 9b8a2b a4f7ab 194181 14a670 bfdfca 14a670 d36b6f a7b708 444533 a8c421 8903f8 73dcf4 db0cb2 6d606b 6d8fd3 e99176 ff448b e17800 c0df7c 444f08 d1ae8e 444f08 909532 5b1cb0 bf356c 63e726 bd00fb 1efe0a
36
8035d3 390b11 8035d3
c845ed de59c9 c845ed
b9fcab b9fcab
518f91 518f91
20ec85 20ec85
940b78 940b78
525361 525361 e758e6
1c3716 1c3716
ef9cce ef9cce
ae5d4a ae5d4a
98b7f9 98b7f9
d4f94d fc6ab6 d4f94d
83454a 83454a
22f6f5 22f6f5
ccf3af ccf3af efb6f6
bf7494 bf7494
ab6081 9e3235 ab6081
76bb8e 76bb8e
a4f7ab a4f7ab
194181 194181 770b7a
d36b6f d36b6f
444533 444533
8903f8 8903f8
6d606b 6d606b
6d8fd3 6d8fd3 363906 bb4650 1aedf0
e99176 e99176
ff448b 22b74c ff448b 75b2ff
e17800 e17800
c0df7c c0df7c
444f08 444f08
d1ae8e d1ae8e a3ccd4
909532 909532
5b1cb0 5b1cb0
bf356c bf356c
63e726 640320
bd00fb bd00fb 3c1987
