7f5b7c 18ff59 e0f7dc 10f84c a21b15 d9351e b69079 6225bd 358d70 f742a0 b9c2f4 a3eab6 b535fa a85abe 6ced94 b2fa06 165d0c 3292c4 a5fbf5 4188fa 1c61d3 1e408a f4756e 2a37d9 70482f 9b10ed a40dde d7abb3 97fa28 626470 bb543d 2a37d9 be952d fd25f7 2c8bdc 69edcb a3eeb9 f88a12 853e4b a51200 a314be 3fc5b0 4459c3 ef8230 4eb2aa ce509a 293f59 cf04cd 51c628 d12aea 6281fb b04992 73865c 4749d0 a08830 3b9bcd a08830 e2665a a08830 a6d0cb dd5707 3df71a 9c5717 36cc15 578691 99ac94 14c5c6 7f5b7c
57
7f5b7c 7f5b7c 1aa96e 2ffab6 22ad29
18ff59 18ff59
e0f7dc e0f7dc 4c44ba a1b647
10f84c 10f84c
a21b15 a21b15 645a0c
d9351e d9351e 86af3a
358d70 f5615a e45544 358d70
f742a0 f742a0
b9c2f4 b9c2f4
a3eab6 a3eab6
b535fa ff603d b535fa fece60
a85abe a85abe 98bf31
6ced94 6ced94
b2fa06 b2fa06
165d0c 19246a
3292c4 541622 3292c4
4188fa 6d23c4 4188fa
1c61d3 bc8350 1c61d3
1e408a 1e408a 974c48 9fdbc5
f4756e f4756e
70482f 70482f
9b10ed e8c504 9b10ed
a40dde a40dde 73dd80
97fa28 97fa28
626470 3dc79c 626470 d83335
bb543d 537a83 d9abe3 e52589 89bc09
fd25f7 fd25f7
2c8bdc 2c8bdc
a3eeb9 a3eeb9
f88a12 e78120 f88a12
853e4b 853e4b
a51200 a51200 e60044 f045e7
a314be a314be 8c6c80
3fc5b0 957ec9 3fc5b0
4459c3 4459c3
ef8230 852215 ef8230
4eb2aa 32669e 4eb2aa 536b21
ce509a ce509a 11021c
293f59 293f59 d5f5c5
cf04cd cf04cd
51c628 4e5c32
d12aea d12aea
6281fb a670a6 6281fb
b04992 b04992
73865c 73865c
4749d0 4749d0 20427f
a08830 2193d2 a08830
3b9bcd 3b9bcd
e2665a e2665a e0f00d
a6d0cb 2e6ab4 a6d0cb
dd5707 dd5707
3df71a 3df71a 2b057c
9c5717 9c5717
36cc15 dfba28 36cc15
578691 578691 d597c1
99ac94 99ac94 2f9755
14c5c6 14c5c6
