IvOdahrtFwzZ yVSfaizVeLPT mgKEFEWheOqk KtoZVrQmJWki WWtfhwMSzfGW gXcuqckdTdIP NxxrxPgsnMqG hPSXtHMMyKAK vRfpxkfTkxRJ WnABnktZDxMx EKWhDcEeEkGK vRfpxkfTkxRJ cpNycWVdmzHJ xXoCKkdkKAne vfHFyZGRGvFq nKmMbiEuiffc jXOmYlZmvqnI HOzyAfsDoQkb zypYDSZfKAvD IcNVObbuvzWY ygJsJPbdLfFP dLJIzYxbuChF nlzJUuBrsbXD oOIjuHJcVRiV AEFrBHnTsTIs ppfBOAvWYXyJ pjemGRILnFei QDhUZstsJKtV UGahWpWtmUQn lRgeGnDJBtMa vkOqMvrCUWYf fiHhqLtPfdZy HEwqlaeMfSzl cRekprdsHHWw quZcTYtpBjSn qxhFFIUEfnzV ctZWqndwhbJm ijfgIidkipEb IviCzjPvcCWR ybLCwZqVZKud OIjApACwnyqG lRgeGnDJBtMa cQFNlImsTWTM dXlgwkdKhUmB jXgKDXnEJsra ubtvaUeVUfmV gkTmCiZxFrJw PFpQuVVRxbvV sTgUExIipvWV SKbQkQUhqQEt FkNlSGMBOUbz aXlcDzbXwAJW AhJBAeSEuUkL YGzazHdyrGCd IfTQNEFsiTgr JpwDMOwQmqOp nxbMBCPhfQij yFQWQWtUUMle lznMKRYSMheH ypApeqMQPnQA TTwdgXpOLyxF QFfSmYtuSTPl GvyjKkGcUdcI EwXugPkGUVkm DiKlonktcqTP kYuPQHaafCxH XwPJYwaGcHxO uzYTzVwixczQ QZQElPdcHxru sFSBpaJxLpBT ZPYnROAizafx wHeDieHMYzAK HVwGkspnDHbf AJnswnydWveO zOkfhFVfOKVi UYTxhnOtiPHB zOkfhFVfOKVi AQgpWBullbIi qlMzHEurfTvO zcAOlsVDUDkc JNoAmCxHcsYw IvOdahrtFwzZ
69
IvOdahrtFwzZ fblrDraNAUxK WUqhotrexTBp
yVSfaizVeLPT LNoKVqXhLEzn yVSfaizVeLPT zCWezcJmUGqs
mgKEFEWheOqk mgKEFEWheOqk qFGlIHDqKyPA
KtoZVrQmJWki KtoZVrQmJWki
WWtfhwMSzfGW WWtfhwMSzfGW NMSHhfMtAJZb
gXcuqckdTdIP evRMhyiHKGXv gXcuqckdTdIP
NxxrxPgsnMqG EOKLHvbbCToE NxxrxPgsnMqG
hPSXtHMMyKAK hPSXtHMMyKAK
WnABnktZDxMx WHSGrQQrrotE WnABnktZDxMx
EKWhDcEeEkGK EKWhDcEeEkGK
cpNycWVdmzHJ cpNycWVdmzHJ mZUBOQTZyXOM
xXoCKkdkKAne hLCSOZLNEdhX xXoCKkdkKAne nyTRNDRCsANl
nKmMbiEuiffc nKmMbiEuiffc
jXOmYlZmvqnI jXOmYlZmvqnI
zypYDSZfKAvD zypYDSZfKAvD
IcNVObbuvzWY IcNVObbuvzWY
nlzJUuBrsbXD nlzJUuBrsbXD
oOIjuHJcVRiV oOIjuHJcVRiV
ppfBOAvWYXyJ mvdksSctoMVi ppfBOAvWYXyJ
pjemGRILnFei pjemGRILnFei RQBxIsRWzmfl
QDhUZstsJKtV QDhUZstsJKtV
UGahWpWtmUQn UGahWpWtmUQn
lRgeGnDJBtMa lRgeGnDJBtMa
vkOqMvrCUWYf vkOqMvrCUWYf
fiHhqLtPfdZy fiHhqLtPfdZy aSpDrTbKBytW WsLfQLsirtHk tARvBeqQDqSY PKHkuTHeRXhO
HEwqlaeMfSzl IQvKLYGCcCbd HEwqlaeMfSzl
cRekprdsHHWw cRekprdsHHWw
quZcTYtpBjSn quZcTYtpBjSn
qxhFFIUEfnzV qxhFFIUEfnzV YvLRANdegrdA
ctZWqndwhbJm ctZWqndwhbJm
ybLCwZqVZKud QxNjgiXciQma ybLCwZqVZKud
OIjApACwnyqG OIjApACwnyqG
cQFNlImsTWTM wXjNgGRCXYRl cQFNlImsTWTM
dXlgwkdKhUmB dXlgwkdKhUmB
jXgKDXnEJsra jXgKDXnEJsra
ubtvaUeVUfmV ubtvaUeVUfmV
gkTmCiZxFrJw gkTmCiZxFrJw
PFpQuVVRxbvV PFpQuVVRxbvV
sTgUExIipvWV RGYiIUdVAiVL sTgUExIipvWV
SKbQkQUhqQEt SKbQkQUhqQEt
FkNlSGMBOUbz FkNlSGMBOUbz
aXlcDzbXwAJW ocysUjOwnenm aXlcDzbXwAJW
AhJBAeSEuUkL AhJBAeSEuUkL
YGzazHdyrGCd YGzazHdyrGCd gJMLzBkWmUoV
IfTQNEFsiTgr IfTQNEFsiTgr
JpwDMOwQmqOp JpwDMOwQmqOp
nxbMBCPhfQij nxbMBCPhfQij touUfboeiIya
yFQWQWtUUMle yFQWQWtUUMle
lznMKRYSMheH lznMKRYSMheH
ypApeqMQPnQA ypApeqMQPnQA nschEYWjrAsr
TTwdgXpOLyxF TTwdgXpOLyxF
QFfSmYtuSTPl AoaIXEzdsCrm QFfSmYtuSTPl
GvyjKkGcUdcI GvyjKkGcUdcI
EwXugPkGUVkm EwXugPkGUVkm
DiKlonktcqTP DiKlonktcqTP
XwPJYwaGcHxO XwPJYwaGcHxO
uzYTzVwixczQ uzYTzVwixczQ
QZQElPdcHxru QZQElPdcHxru
sFSBpaJxLpBT TZmWJenJbEsV yHOsEGOhjOLt sFSBpaJxLpBT
ZPYnROAizafx ZPYnROAizafx
wHeDieHMYzAK wHeDieHMYzAK oKIKkmsSWzmH
HVwGkspnDHbf HVwGkspnDHbf
AJnswnydWveO TglqUXfjbefC
zOkfhFVfOKVi zOkfhFVfOKVi
UYTxhnOtiPHB UYTxhnOtiPHB
AQgpWBullbIi AQgpWBullbIi
qlMzHEurfTvO qlMzHEurfTvO
zcAOlsVDUDkc WRiugWLCujBI zcAOlsVDUDkc
JNoAmCxHcsYw JNoAmCxHcsYw
