MfdzFvsdGbvl BbyhqvohDUZK arcJTkwUqbUy MOpktZzuQRCH GKWfMfVZxbJi QifLRRQkbeZy dFUHctNjrywb MLnLJmQHwuOS SojgLCNtJNvq ymJllvoAiAsf hCxjbMrSlUJQ buqjmAINqGzN pQCFwcmaYfTN uFHfCerNFIme EoEdLMroSPNp dDFWxTbuPymh tuAWqVDVesZP rrRAqFcoDYfk PvZWLvSzyZfH FGVxzATBToEc tywOQDwDhjwZ BkcPMTugAswL DvRTDyBMOCbT VARFNCcqfgIc MfdzFvsdGbvl
23
MfdzFvsdGbvl AGbRQRBgaOdX RICmsRCgzRsB
BbyhqvohDUZK BbyhqvohDUZK
arcJTkwUqbUy SgyAcloZDNJV axLiuEEXvnsQ arcJTkwUqbUy
MOpktZzuQRCH MOpktZzuQRCH jBrNTBMPxyQD
GKWfMfVZxbJi GKWfMfVZxbJi
QifLRRQkbeZy VyXrTLUcizAa QifLRRQkbeZy QHpWWcCYavdw deJmWrylVSGK mFYKjQfCsRtT
dFUHctNjrywb dFUHctNjrywb plKUVNXwKfVb
MLnLJmQHwuOS PUcvIgREsriS UVLyMXgqTFaJ IHnRSACwPeSd MLnLJmQHwuOS
SojgLCNtJNvq SojgLCNtJNvq ZjfLZjjegWJT
ymJllvoAiAsf ymJllvoAiAsf FCrKCfVsEsBk AMizjBPjmCZd
hCxjbMrSlUJQ hCxjbMrSlUJQ
buqjmAINqGzN buqjmAINqGzN PnbamVANEguC pkzKsTORVYro
pQCFwcmaYfTN pQCFwcmaYfTN noaMakAlHdwq
uFHfCerNFIme uFHfCerNFIme GemeldahvdVv GuSSYBNHDbKE
EoEdLMroSPNp EoEdLMroSPNp TbekQRoKcInv
dDFWxTbuPymh dDFWxTbuPymh NlmuUUVQUbgI PQTqeEtJjrHq MkUBuIisCVpZ
rrRAqFcoDYfk rrRAqFcoDYfk
PvZWLvSzyZfH PvZWLvSzyZfH
FGVxzATBToEc hLGIbMiwjPgd rVqgoVgUmLRB
tywOQDwDhjwZ tywOQDwDhjwZ
BkcPMTugAswL mtRsLIzrlNLu DFscNnuMhxUC BkcPMTugAswL
DvRTDyBMOCbT DvRTDyBMOCbT
VARFNCcqfgIc VARFNCcqfgIc
