0 65 191 111 133 27 17 166 50 173 126 8 51 79 74 163 141 104 167 135 60 195 15 97 115 105 14 136 11 81 122 101 87 172 184 75 12 62 29 123 95 30 18 171 89 106 56 161 35 2 38 150 38 155 109 63 67 182 31 130 31 93 71 156 49 156 9 160 66 40 28 36 147 65 0
58
0 59
191 194
111 111
27 27 39
17 17
166 108 158 187
50 50 83
173 1 7 96 140 173
79 79 102 196
163 163 179
141 141 164
104 104
135 135
60 60 80 110
15 15
105 105
14 26
136 136
11 11
81 118 129
122 16 122
101 68 101
87 87
172 172
184 138 184
75 75
12 12 91
62 62
29 157
123 123
95 95
30 5 30
18 18 25 61
171 171
89 89
106 193
56 56
161 161
35 35 42
2 6 144
38 38
150 150
155 22 23 155 168
109 109 162 189
67 67 151 178
182 34
31 31
130 10 119 130 145
93 93
71 24 71
156 156
49 49 124
9 9 73 152 198
160 160
66 55 66
40 40 142
36 36
147 21 147
