Soda A5 A9 A4 A2 A4 A3 B4 B6 A10 C1 D3 D6 A5 Soda a0 a5 a9 b7 b5 c1 b5 a8 a3 a4 a9 a5 a0 c5 e3 e4 c6 b1 e5 b3 e5 b2 c5 a0 c9 a7 d2 d9 c10 a7 a1 d5 d7 d4 e1 d4 c2 a0 Soda A E P L Q U AG U Q E A Soda C9 A7 A1 A7 C10 D9 C10 A7 C9 Soda C4 E3 E4 C6 E8 E7 B1 E5 B3 E5 B2 C5 Soda A C J I AF I C A Soda C2 D4 C3 D4 C2 Soda A B H AB Z AR Y AP AA N G A F O W AC AM AX AO X O F A D K AE K T AI AH AW AH AI AU AS AI K D A Soda a d n ae af p e a b m ad l ax ac av ab k b a h ak al s g a i u v ao ap y j aa at aa j i a Soda
71
A5 A5
A9 A9 B7
A3 A3
C1 B5 C1
D3 D3
a5 a5
a9 a9
b7 b7
b5 b5
c1 c1 d3
a3 a3
c5 c5
e3 e3
b1 b1 e7
e5 e5
b3 b3 c7
c9 c9
a7 a7
d9 b9 d1 d9
a1 a1
d5 d5
d7 c3 d7
e1 e1
P P
Q Q
AG AG
C9 C9 D5
A7 A7
A1 A1
D9 B9 D1 D9
E3 E3
E7 E7
B1 B1
E5 E5
B3 B3 C7
C5 C5
J J
AF AF
D4 D7 E1
C3 C3
H H
AB AB
AP AP
N N
AC AC
AO AO
T T
AW AW
AU AU
AS AS
d d
n n
af af ah
p p
b b
ad ad
l l
ax ax
av av
ab ab
h h
ak r t aj
al al
g f
i x
u an
v v
ap ap
j j
aa z
at ar at
