a0 a101 a107 a99 a130 a49 a178 a92 a10 a129 a106 a33 a183 a42 a72 a95 a79 a6 a14 a108 a103 a146 a175 a29 a151 a28 a143 a96 a38 a90 a61 a86 a121 a62 a161 a36 a64 a60 a11 a186 a17 a172 a40 a85 a2 a44 a74 a25 a192 a126 a109 a81 a27 a125 a63 a198 a193 a182 a71 a160 a98 a165 a82 a43 a94 a41 a135 a45 a32 a120 a80 a140 a163 a180 a145 a158 a31 a131 a124 a56 a168 a55 a173 a83 a128 a133 a162 a20 a50 a59 a134 a159 a154 a7 a88 a188 a0
70
a101 a101
a107 a107
a99 a46 a99 a195
a130 a130
a49 a49
a178 a178
a10 a10
a129 a68 a129
a33 a33 a196
a183 a183
a42 a42
a79 a79
a6 a6
a14 a14
a108 a108
a103 a37 a103 a138 a185
a175 a87 a175
a29 a29 a177
a151 a151
a28 a28
a96 a96
a38 a38
a121 a121
a161 a57 a161
a60 a60
a11 a11
a186 a186
a17 a17 a157
a172 a78 a172
a85 a58 a85
a44 a44
a25 a25
a192 a192
a126 a126
a27 a27 a155
a63 a63
a198 a198
a160 a160
a98 a98
a165 a53 a75 a104 a165
a82 a22 a82
a43 a43
a94 a94
a41 a3 a21 a41 a156
a135 a8 a135
a45 a45
a32 a32
a120 a120
a80 a80
a140 a140
a163 a16 a163
a180 a93 a180
a145 a142 a145
a158 a158
a31 a31
a131 a131
a124 a124
a56 a56
a168 a153 a168
a55 a55
a173 a173
a83 a83
a133 a133
a50 a50 a149
a59 a59 a102
a134 a134 a144
a159 a159
a154 a77 a154
a7 a7
a88 a88
