ssp200 13 10 2 14 2 9 2 181 122 134 122 181 47 59 47 57 56 57 47 52 48 49 50 51 53 47 181 107 119 107 115 107 112 108 109 110 111 113 107 117 116 117 107 181 182 190 182 194 182 192 191 192 182 187 183 184 183 187 182 181 77 85 88 85 77 82 78 79 80 81 83 77 89 90 89 77 87 86 87 77 181 62 74 62 72 71 72 62 68 66 65 64 63 67 62 181 167 179 167 173 171 170 169 168 172 167 181 92 98 96 95 94 93 97 92 100 103 76 103 100 92 102 101 102 92 104 105 104 92 181 32 44 32 42 41 42 32 37 33 34 33 37 32 181 137 149 137 142 138 139 140 141 143 137 147 146 147 137 181 152 159 152 162 161 162 152 160 163 160 152 164 165 164 152 157 153 154 153 157 152 181 122 128 126 125 126 128 122 181 17 27 26 27 17 29 30 29 17 23 21 20 19 18 22 17 181 2 12 11 12 2 7 3 4 3 7 2 10 13 ssp200
75
2 6
14 14 15
122 123 131
134 134 135
59 59 60
56 56
48 48
49 49
50 50
51 51
119 119 120
108 108
109 109
110 110
111 111
116 116
182 186
194 194 195
191 191
183 183
184 184 185
78 78
79 79
80 80
81 81
89 89
90 90
86 86
74 74 75
71 71
66 66
65 65
64 64
63 63
167 176
179 179 180
171 171
170 170
169 169
168 168
96 96
95 95
94 94
93 93
101 101
104 104
105 105
44 44 45
41 41
33 33
34 34 35 36
149 149 150
138 138
139 139
140 140
141 141
146 146
152 156
161 161
164 164
165 165
153 153
154 154 155
126 126
125 124 125
26 26
29 29
30 30
21 21
20 20
19 19
18 18
11 11
3 3
4 4 5
