Jason Derek John Carrie Juan Tommy Juan Karen Lauren Charles Jeffery Andrew Megan Adrian Katelyn Jennifer Stephanie Jennifer Meredith Nancy James Jane Paul Kelsey Barbara Wendy Brittany Kyle April Robin Brad Stephen Jordan Melissa Heather Jeffrey Grace Mercedes William Edward Nathaniel Roy Gregory Jose Sabrina Shawn Phillip Sandra Kari Rebecca Kristen Ronnie Thomas Shannon Susan Gabriel Laura Randy Edwin Jill Misty Cory Nicholas Alexandra Kara Maurice Kelsey Carol Garrett Jeremy Jason Claire Tristan Jason
60
Derek Derek Regina
John John Kayla
Carrie Stacie Carrie Dustin Christina
Juan Juan
Tommy Tommy
Karen Karen
Lauren Lauren
Charles Charles
Jeffery Ricky Jeffery
Andrew Andrew Rachel
Megan Johnathan Megan Bryan
Adrian Adrian
Katelyn Katelyn
Jennifer Jennifer
James Crystal James
Jane Mary Scott Jane
Paul Paul
Kelsey Kelsey
Wendy Adam Wendy
Brittany Evan Brittany
Kyle David Joshua Kyle
April April
Robin Robin
Brad Brad
Stephen Stephen Elizabeth
Jordan Cheryl Jordan
Melissa Melissa Ashley
Heather Heather
Jeffrey Robert Jeffrey Jacqueline
Grace Grace
Mercedes Mercedes
William Cristian William
Nathaniel Nathaniel
Roy Roy Kimberly Dylan
Gregory Gregory
Jose Jose
Sabrina Joseph Sabrina
Shawn Mark Shawn Kathy
Phillip Timothy
Sandra Michelle
Kari Kari
Rebecca Rebecca Brett
Kristen Kristen
Ronnie Ronnie
Shannon Shannon Samantha
Susan Susan
Gabriel Gabriel Brian
Laura Laura
Randy Nicole Melinda Randy
Edwin Dana Rebekah Edwin
Jill Logan Jill
Misty Misty
Nicholas Nicholas
Alexandra Monica Alexandra
Kara Kara Tammy
Carol Carol Amanda
Garrett Wayne
Jeremy Jeremy
Claire Claire Mario
Tristan Tristan Shane
