Austin Victoria Sara Janet Elizabeth Donald Patrick Jordan Patrick Selena Jennifer Cassandra Joshua Michael Gina Paul Gregory Jonathon Edward Melissa Eugene Ralph Dennis Paige Tracy Danielle John Debra Rachel Rhonda Alex Austin
28
Austin Jamie Melinda
Victoria Victoria
Sara Sara April
Janet Janet
Elizabeth Elizabeth
Donald Donald Juan
Patrick Patrick Ashley
Jordan Robert Glenda Jordan
Selena Mariah Garrett Jonathan
Jennifer Walter Jennifer Jeanette
Cassandra Cassandra
Joshua Joshua Natasha
Michael Michael
Gina Gina
Paul Paul Scott
Jonathon Maxwell Sean
Edward Edward
Melissa Melissa Kyle
Eugene Elaine Eugene
Ralph Kari Ralph
Dennis Steven Dennis Monique
Paige Paige
Danielle Danielle Robin
John John
Debra Debra Hannah Daniel
Rachel Rachel
Rhonda Rhonda
Alex Amy Alex
