loc0 loc1 loc4 loc5 loc6 loc12 loc15 loc17 loc21 loc25 loc27 loc30 loc31 loc32 loc33 loc35 loc36 loc37 loc40 loc42 loc48 loc49 loc52 loc54 loc55 loc57 loc59 loc60 loc61 loc65 loc66 loc68 loc70 loc72 loc73 loc75 loc78 loc79 loc81 loc82 loc85 loc87 loc90 loc92 loc93 loc94 loc95 loc96 loc98 loc1 loc0
48
loc1 loc1 loc2 loc8 loc9 loc10 loc19 loc23 loc44 loc45 loc46 loc63 loc100
loc4 loc3 loc4
loc5 loc5
loc6 loc6 loc7
loc12 loc11 loc12 loc13
loc15 loc14 loc15 loc16
loc17 loc17 loc18
loc21 loc20 loc21 loc22
loc25 loc24 loc25 loc26
loc27 loc27 loc28
loc30 loc29 loc30
loc31 loc31
loc32 loc32
loc33 loc33 loc34
loc35 loc35
loc36 loc36
loc37 loc37 loc38
loc40 loc39 loc40 loc41
loc42 loc42 loc43
loc48 loc47 loc48
loc49 loc49 loc50
loc52 loc51 loc52 loc53
loc54 loc54
loc55 loc55 loc56
loc57 loc57 loc58
loc59 loc59
loc60 loc60
loc61 loc61 loc62
loc65 loc64 loc65
loc66 loc66 loc67
loc68 loc68 loc69
loc70 loc70 loc71
loc72 loc72
loc73 loc73 loc74
loc75 loc75 loc76
loc78 loc77 loc78
loc79 loc79 loc80
loc81 loc81
loc82 loc82 loc83
loc85 loc84 loc85 loc86
loc87 loc87 loc88
loc90 loc89 loc90 loc91
loc92 loc92
loc93 loc93
loc94 loc94
loc95 loc95
loc96 loc96 loc97
loc98 loc98 loc99
