Florges Vespiquen Persian Furfrou Bayleef Bisharp Pidgey Sentret Cradily Sentret Drapion Infernape Lillipup Hakamoo Buzzwole Dialga Giratina Bidoof Regice Chansey Tentacruel Delibird Wailmer Delibird Purrloin Doublade Weepinbell Vespiquen Florges
22
Florges Celesteela Stufful Bergmite
Persian Persian
Furfrou Shaymin
Bayleef Bayleef
Bisharp Bisharp
Pidgey Scolipede
Sentret Sentret
Cradily Yanmega Togetic Cherrim Tsareena
Drapion Poliwrath Kricketot
Infernape Timburr Infernape Bouffalant
Lillipup Lillipup
Hakamoo Omastar Moltres Gastrodon Hakamoo Girafarig
Buzzwole Volbeat Buzzwole
Dialga Pichu Zapdos Zubat Dialga
Bidoof Manectric Piloswine Celebi Bidoof Machoke
Regice Regice
Tentacruel Tentacruel
Delibird Delibird Cascoon
Wailmer Primarina Wailmer Wormadam
Purrloin Purrloin Poliwag
Doublade Carracosta Ralts Hitmonlee Aurorus
Weepinbell Weepinbell Dusknoir
