Granbull Bulbasaur Ursaring Lycanroc Mawile Spinda Spiritomb Mudkip Deino Parasect Floatzel Relicanth Machamp Nuzleaf Aipom Mimikyu Beedrill Butterfree Cubone Octillery Whiscash Rockruff Absol Tirtouga Carbink Ampharos Altaria Sylveon Lapras Malamar Bergmite Serperior Binacle Furret Metapod Lombre Kangaskhan Stunfisk Amoonguss Golbat Amoonguss Wailord Carnivine Feraligatr Staravia Tsareena Greninja Mudsdale Greninja Tsareena Masquerain Cosmog Crawdaunt Azurill Krookodile Corphish Rufflet Granbull
45
Granbull Electrode PorygonZ
Bulbasaur Chinchou Grumpig Reuniclus Typhlosion
Lycanroc Raichu Lycanroc Luvdisc
Mawile Mawile Trumbeak
Spinda Spinda Blissey
Spiritomb Spiritomb
Deino Jirachi
Parasect Torchic Electrike Chespin
Floatzel Floatzel
Relicanth Unown Budew Relicanth
Machamp Slakoth Happiny Remoraid Machamp Magmortar Chatot
Nuzleaf Deoxys Nuzleaf
Aipom Dustox Buizel
Mimikyu Mimikyu Glalie
Beedrill Beedrill
Butterfree Butterfree
Cubone Cubone TypeNull Probopass
Whiscash Whiscash
Rockruff Rockruff Ninjask
Absol Absol Swanna Hitmontop Lileep
Carbink Metagross Reshiram Infernape Bronzor Carbink
Ampharos Ampharos
Sylveon Bonsly Sylveon
Lapras Torracat Goomy Lapras
Malamar Malamar
Bergmite Cinccino Jolteon Bergmite
Serperior Heatmor Charmander Serperior
Binacle Binacle Exeggcute
Furret Whimsicott Mightyena Magmar
Metapod Metapod
Lombre Diggersby
Kangaskhan Kangaskhan Skitty
Stunfisk Darkrai
Golbat Heatran Golbat
Wailord Charizard Floette
Carnivine Roserade Mantine Carnivine
Feraligatr Feraligatr
Tsareena Tsareena Gliscor
Greninja Greninja Torkoal
Mudsdale Mudsdale Pidgeot Vivillon
Cosmog Cosmog
Crawdaunt Crawdaunt
Krookodile Cascoon Krookodile
Corphish Corphish
Rufflet Arbok Quilava Lampent Rufflet Crabominable Flygon
