L12 L169 L196 L0 L126 L65 L102 L175 L88 L186 L142 L97 L6 L112 L197 L53 L92 L48 L181 L168 L114 L73 L144 L79 L154 L141 L11 L106 L139 L74 L50 L55 L68 L10 L96 L143 L199 L28 L90 L130 L36 L40 L70 L192 L118 L116 L133 L189 L180 L87 L122 L20 L2 L12
49
L12 L103 L172
L169 L169
L196 L196
L0 L0 L34 L56 L195
L126 L126
L65 L65 L135
L102 L37 L102
L175 L104 L175 L182
L88 L88
L186 L186
L97 L97
L112 L112
L197 L99 L146 L148 L155 L197
L53 L53
L92 L61 L92 L105
L48 L27 L48 L174
L181 L181
L168 L168
L114 L7 L114
L73 L73 L149 L164
L144 L144 L158
L79 L24 L78 L79
L154 L154
L141 L98 L117 L141 L187
L11 L11 L95
L106 L106
L139 L139 L173 L190
L74 L74
L50 L50 L125
L55 L32 L55
L68 L68
L10 L10 L147 L165
L96 L23 L96 L108
L199 L82 L121 L199
L28 L28
L90 L90
L130 L130
L36 L36 L72
L40 L22 L40 L115 L171
L70 L3 L70
L192 L59 L60 L107 L192
L116 L75 L116 L131
L133 L133
L189 L85 L150 L189
L180 L45 L180
L87 L87
L122 L122
L20 L20 L83 L86
L2 L2
