0 52 143 112 75 83 68 83 75 130 33 197 157 149 145 131 73 17 16 98 135 106 177 81 63 27 103 145 109 127 172 36 82 87 183 59 147 6 160 6 153 11 134 82 183 5 128 138 12 34 12 198 187 108 187 92 10 122 121 113 2 139 165 141 155 42 155 140 70 45 128 68 0
52
0 80
52 52
143 143
75 75
83 83 91
68 66 84 126
130 130 174
197 197 199
157 157
149 48 149
145 145
131 131
73 189
17 17 46 151
16 16
98 98
106 106
177 177
81 81
63 63
27 27
103 85 103 114 156 179 184
109 109 176
36 36 116 125
82 82
87 69 87 180
183 183
59 59 97
147 147
6 195
160 117 160
153 55 72 105 152 181
11 11 74 144 171
134 134 168
5 26
128 128
138 31 50 138
34 34
198 9 76 88 198
108 20 108
10 10
122 13 35 67 122 162 166
121 23 102 121
113 136 185
2 111 196
139 53 139
165 62
141 4 30
42 40 42
140 140
70 70
45 19 45 137
