21 156 93 161 179 178 63 178 165 25 179 125 115 116 47 48 65 175 151 150 151 191 23 160 74 75 117 118 117 122 17 77 17 160 23 191 151 150 110 43 4 26 72 187 72 26 4 185 143 140 97 36 37 189 124 125 198 101 8 96 1 139 142 139 168 169 57 169 131 197 148 176 109 95 195 95 97 36 31 113 171 15 171 69 66 162 66 69 171 183 114 105 104 103 104 105 85 107 85 150 42 182 121 74 136 39 119 120 51 120 196 126 127 156 45 156 21 129 21
64
21 21 153
93 89 93
161 161
179 179
63 63 71 83
165 165
25 25
125 125 137
115 115
116 133
47 47
48 19 79
65 65
175 175
151 141 151
150 53 181
191 13 191
23 23
74 111
75 75
117 117 167
122 123
17 17
77 77
43 27 43 73
187 187
185 33 55 155 185
143 143 157
140 147
97 97
36 29 35
37 37 87
189 189
101 91 101 193
8 7 9 59 173
1 1 3
139 139
142 99 149
169 169
57 57
131 61 131
197 49 163 197
109 109
95 95
195 195
31 31
113 81 113 135
171 171 177
15 5 15
69 69
66 67 145
183 183
105 105
103 103
85 85
107 107
42 11 41
121 121
39 39
119 119 159
51 51
127 127
45 45
129 129
