74 72 77 76 75 18 19 18 58 55 54 57 58 21 29 23 24 30 28 21 141 146 144 142 141 98 99 98 38 31 37 31 38 182 184 182 121 128 122 126 121 118 111 120 119 113 118 151 157 156 159 151 2 8 6 2 46 50 41 47 48 46 87 81 86 87 102 104 105 102 169 165 161 169 132 135 132 63 69 62 66 63 172 171 178 180 174 172 192 199 192 75 77 72 74
60
74 74
77 77
76 73 76 80
75 75
18 11 13 14 16
19 19
58 58 59
55 52 53 55
54 54
57 57
29 26 29
23 23 25
30 30
28 28
141 141 145 148
146 146
142 142
99 96 99
38 38
31 31 39
37 32 35 36 37
182 189
184 185
128 128
122 122
126 126
118 118
111 111 114 116
119 119
113 113
151 151
157 157
156 156 160
159 153
2 2
8 8
6 6
46 46
50 50
41 41
47 47
87 89
81 81 82 83 85 88
86 86
104 104
169 169
165 165 166 167
161 161 163 164 168
132 136
135 131 135 137 139 140
63 70
69 69
62 62
66 61 66 68
172 172
178 175 178
180 179 180
174 174
192 192 197
199 191 198 199
