l7 l72 l46 l153 l27 l67 l42 l169 l59 l126 l24 l163 l94 l66 l188 l34 l136 l199 l5 l73 l103 l74 l33 l2 l109 l114 l49 l184 l192 l7
27
l7 l7 l35 l40
l72 l21 l37 l41 l44 l63 l72 l83 l189
l46 l46 l101 l110
l153 l6 l116 l130 l168 l177
l27 l27
l67 l39 l67 l160 l161 l200
l42 l26 l53 l54
l169 l90 l141 l169 l186
l59 l59
l126 l138 l171 l181
l24 l24 l124 l148
l163 l115 l132 l163
l94 l94 l128
l188 l12
l136 l136 l142 l162
l199 l199
l5 l180
l73 l20 l113
l103 l102 l155
l74 l74
l33 l33 l122
l2 l2 l58
l109 l109
l114 l14 l15 l114 l172
l49 l49 l127
l184 l25 l77 l184
l192 l192
