Soda Cambodia Finland Aruba Liberia Republic Algeria Niger United Niger Mayotte Malawi Falkland Pitcairn Nigeria Rwanda Heard Sao Kyrgyzstan Antigua Iceland British Belize Argentina Luxembourg Argentina Burundi Ghana Iraq Estonia Bahamas Croatia Sint Denmark Soda
29
Soda Burkina
Cambodia Cambodia Fiji
Finland Finland Kiribati Lebanon
Aruba Aruba
Liberia Hong Liberia
Republic Republic
Algeria Algeria
Niger Niger
United United Albania
Mayotte Saint Ireland Mayotte
Malawi Malawi
Falkland Lao
Pitcairn Japan Macao Pitcairn Palau Latvia
Nigeria Nigeria
Rwanda Rwanda
Heard Singapore
Sao Sao
Kyrgyzstan Netherlands Kyrgyzstan
Antigua Antigua
British Korea British
Belize Belize
Argentina Argentina Pakistan Northern
Luxembourg Luxembourg Congo
Burundi Burundi
Iraq Iraq
Estonia Jamaica New
Bahamas Indonesia Bahamas Mexico
Croatia Croatia
Sint Sint Moldova Egypt
