Meckgue TheFingers TheKrustyKrab TheEyrie RepublicCity MysticRuins Essos Dagobah Steeltown TheUnderworld Carvahall BikiniBottom Murkcairn BikiniBottom Carvahall ThePrancingPony LakeLaogai Urubaen Carvahall EasternAirTemple TheVale Neddingtown Essos Meereen Winterfell Essos TheGodswood TheUniversity ShriekingShack LakeLaogai UtgardMountain EarthKingdom TheSpine TheHogsHead Larcbost KoralReef Tartarus TheWaystoneInn Eggmanland Grayburn Sanlow BubblegumKingdom BoarsEye Meckgue
29
Meckgue Meckgue Beldenn VaultofSouls
TheFingers Castamere
TheKrustyKrab Lorien Yunkai TheKrustyKrab
RepublicCity RepublicCity TreeofTime ZhaoFu Vexhollow
MysticRuins MysticRuins
Dagobah Braavos Dagobah
Steeltown Gizton Steeltown TheArcanum
Carvahall Carvahall
BikiniBottom Ademre GooLagoon
Murkcairn Murkcairn Netherfort Keld Ellesmera
ThePrancingPony ThePrancingPony
LakeLaogai LakeLaogai LeakyCauldron
Urubaen ShatteredPlains Urubaen FlourishBlotts
EasternAirTemple BeyondtheWall EasternAirTemple
TheVale TheVale TheBoilingRock
Meereen Meereen
Winterfell Winterfell
TheGodswood TheGodswood
TheUniversity TheUniversity
UtgardMountain UtgardMountain
EarthKingdom EarthKingdom Kinecardine
TheSpine TheSpine
TheHogsHead TheHogsHead
Larcbost Larcbost
KoralReef KoralReef
Tartarus Tartarus
TheWaystoneInn TheWaystoneInn
Grayburn Grayburn
Sanlow Sanlow Gotham
