Essos Toffingburg LeakyCauldron ThePrancingPony Kharbranth StationSquare ShriekingShack TheBurningPlains Alethkar Arcwallow GooLagoon Severen TheFingers Severen Gizton SerpantsPass WitheredHeath KingsLanding WitheredHeath Soda Atlantas Batcave Chrofall Castamere Tarbean Endor SouthernAirTemple Keld ShatteredPlains Valyria Dragonstone BaSingSe Barkamsted TheWhompingWillow TheUniversity Winterfell TheJasmineDragon Westopolis EasternAirTemple NocturneAlley LeakyCauldron TheReshiIsles Bobbingbourne KnifesEdge Bobbingbourne Penketh Castamere DuWeldenvarden BeyondtheWall Hogsmead Omniverse Dagobah Grimbarrow Dorne Tartarus TheRiverStyx Essos
44
Essos TheSpiritWorld JarrensOutpost Essos
Toffingburg Jakku Toffingburg Riverrun Lorien JahKeved Dubwall Aerodenn Carvahall
LeakyCauldron TheEyrie Helgrind Astapor Braavos TheGreatDivide Ellesmera
ThePrancingPony WesternAirTemple Yll Ademre Sanlow Neddingtown
Kharbranth Urubaen MountOlympus Hogwarts Neddington FleaBottom TheChumBucket
StationSquare Duskhollow Shinovar
ShriekingShack ShriekingShack FlourishBlotts Trebon Alderaan
TheBurningPlains Meereen Ivormere
Alethkar Alethkar Vintas TheBoilingRock Arkham
Arcwallow TheFae Arcwallow
GooLagoon Peridrift GooLagoon
Severen DiagonAlley Severen Westeros ProBendingArena
Gizton Boatwright Gizton
SerpantsPass Netherfort CaveofTwoLovers
WitheredHeath WitheredHeath Lockinge
KingsLanding Omashu TheVale
Soda Steeltown Soda
Atlantas Atlantas Accrington
Batcave TheCommonwealth Batcave
Chrofall Chrofall
Castamere Karth Castamere
Tarbean Tarbean TheGodswood
Endor TheSpine Endor SatishVille
Keld Keld
ShatteredPlains Newarre ShatteredPlains
Valyria Valyria Arrowcave
Dragonstone Dragonstone
BaSingSe BaSingSe TheKrustyKrab
Barkamsted Barkamsted
TheWhompingWillow HighGarden TheWhompingWillow FireNation TheUnderworld
TheUniversity Toperhagen CastleBlack
Winterfell Winterfell
Westopolis Blackwater
TheReshiIsles RepublicCity TheReshiIsles
Bobbingbourne Bobbingbourne Azir
KnifesEdge KnifesEdge
Penketh Penketh
DuWeldenvarden DuWeldenvarden
BeyondtheWall BeyondtheWall
Hogsmead Hogsmead
Dagobah BikiniBottom
Grimbarrow Grimbarrow
Tartarus Tartarus
TheRiverStyx TheRiverStyx
