FleaBottom RockofKuthian Arkham Westopolis Carvahall TheSpine Snozgate ShriekingShack IronIslands Yll TheBurningPlains TheGreatDivide HighGarden Vintas Toperhagen UtgardMountain TheBoilingRock Batcave GringottsBank Ebonfall SatishVille TheAturanEmpire TheSpine Coalwatch TheSpine Tartarus Kinecardine Tartarus Bobbingbourne FleaBottom
18
RockofKuthian Olivanders Urubaen
Arkham MinistryofMagic Arkham
Westopolis Westopolis
Carvahall TheVale Accrington Ademre
ShriekingShack ShriekingShack
Yll Yll
TheBurningPlains TheBurningPlains
TheGreatDivide Trebon TheGreatDivide
HighGarden HighGarden
Vintas Vintas
UtgardMountain UtgardMountain Glimthain
TheBoilingRock TheBoilingRock
Batcave Batcave Eggmanland
GringottsBank GringottsBank
Ebonfall Ebonfall
SatishVille SatishVille
Coalwatch Coalwatch
Bobbingbourne Bobbingbourne
