21 142 37 165 110 97 2 128 134 94 159 33 23 189 180 10 90 102 129 163 78 178 119 176 144 151 184 131 139 11 188 190 51 177 46 105 116 62 85 45 100 137 72 154 87 158 79 26 168 36 0 140 125 15 127 4 156 160 130 136 81 88 47 169 65 114 157 49 95 157 14 120 60 170 61 31 29 48 174 21
63
21 21
142 54 121 142
37 37
97 97
2 2
134 118 134
159 159
23 23
180 180
10 10 30
90 90
102 102
129 167
163 122 163
78 78 96
178 75 178
119 17 119
176 176
144 144 152
151 151
184 184
131 131
139 139 196
11 135
188 56 188
190 186 190
51 51 103
177 177
46 46
105 38 105
116 116
62 62
85 20 24
45 45
100 100
137 137
72 53 72
154 154
87 87
168 168
36 36 108
125 125
15 15 42
127 127
156 156
160 160
130 68 130
136 136 194
81 81
88 18 88
47 7 47
169 32 91 169
114 82 114
49 49 74 149
95 95 146
14 14 64
120 16 34 120
60 60
170 170 172
61 40 61
31 27 31 133
29 29 115 147
48 48
