1FoundersRock 36CasaZimbabwe 43FacultyClub 50Bridge 64Blackwell 78RajProperties 2UniversityHouse 40Oaktown 30Stonefire 24Blackwell 37OtherCoop 31Hillegass 58NorthGate 38RajProperties 65Foothill 45HearstMemorial 52California 73Wada 80Oaktown 75ChanningBowdwitch 6DoeLibrary 7SatherTower 60Ehrman 62Unit2 69VarsityBerkeley 74Martinez 49SatherGate 20Ehrman 34Martinez 41FoundersRock 56Giannini 55Hilgard 70Stonefire 1FoundersRock
31
1FoundersRock 57Wheeler 71Hillegass
36CasaZimbabwe 36CasaZimbabwe
43FacultyClub 43FacultyClub
50Bridge 50Bridge
64Blackwell 64Blackwell
78RajProperties 78RajProperties
2UniversityHouse 33Wada 47SatherTower 54Wellman 61Unit1 68SodaHall
40Oaktown 40Oaktown 59SouthHall 66ClarkKerr
24Blackwell 44HearstGreekTheatre 51HearstGymnasium 72DeltaPhiEpsilon 79SanFransisco
37OtherCoop 37OtherCoop
31Hillegass 31Hillegass
58NorthGate 58NorthGate
38RajProperties 38RajProperties
65Foothill 65Foothill
45HearstMemorial 45HearstMemorial
52California 52California
73Wada 73Wada
80Oaktown 80Oaktown
75ChanningBowdwitch 75ChanningBowdwitch
6DoeLibrary 35ChanningBowdwitch 42UniversityHouse 63Unit3 77OtherCoop
7SatherTower 32DeltaPhiEpsilon 39SanFransisco 46DoeLibrary 53Durant 67InternationalHouse
60Ehrman 60Ehrman 76CasaZimbabwe
62Unit2 62Unit2
69VarsityBerkeley 69VarsityBerkeley
74Martinez 74Martinez
49SatherGate 48Esplanade 49SatherGate
34Martinez 34Martinez
41FoundersRock 41FoundersRock
56Giannini 56Giannini
55Hilgard 55Hilgard
70Stonefire 70Stonefire
