s h138 h190 h131 h162 h141 h100 l74 h193 h187 h192 l26 h148 h115 h128 h132 h102 h174 h166 l99 h179 h160 h134 h126 l6 h168 h114 h110 h107 h110 l21 h113 l21 h122 l32 h150 l33 h170 h160 h154 h164 h147 l87 h143 h149 h198 h178 l67 h137 h136 h172 h181 h144 l96 h144 h183 l36 h104 h129 s
49
s h167
h138 h138 h140
h190 h111 h155 h157 h171 h184 h190
h131 h105 h131 h196
h162 h125 h162
h141 h141 h186
h100 h100 h118 h188
l74 h119 h124
h193 h121 h193
h187 h165 h187
h192 h169 h185 h192
h148 h148 h153
h115 h115
h128 h108 h128 h151
h132 h132
h102 h102 h159 h161
h174 h174 h176
h166 h166
h179 h179
h160 h145 h160
h134 h116 h134 h197
h126 h126
l6 h139
h168 h168
h114 h114 h135
h110 h110 h163 h173 h191
h107 h107
l21 h101 h112
h113 h113
h122 h117 h122
h150 h150 h158 h182
h170 h170
h154 h120 h130 h154
h164 h156 h164 h177
h147 h147
l87 h109
h143 h143
h149 h133 h146 h149
h198 h127 h198
h178 h178 h180
l67 h103 h152
h137 h137 h189
h136 h136 h194 h199
h172 h172
h181 h123 h181
h144 h142 h144
h183 h106 h183
h104 h104 h195
h129 h129 h175
