node87 node95 node55 node85 node75 node60 node79 node78 node86 node59 node64 node92 node55 node16 node53 node35 node80 node63 node57 node4 node23 node4 node56 node50 node97 node54 node94 node15 node69 node14 node42 node11 node27 node8 node70 node25 node72 node25 node87
30
node95 node37 node88 node95
node55 node48 node55 node83 node99
node85 node85
node75 node31 node75
node60 node60
node79 node47 node79
node78 node1 node5 node38
node86 node19 node86
node59 node6 node59
node64 node64 node93
node92 node39 node92
node53 node17 node53
node35 node35 node45
node80 node2
node57 node57
node23 node23 node76
node56 node56
node97 node74 node97
node54 node54
node94 node94
node15 node15
node69 node69
node14 node14
node42 node42
node11 node11
node27 node27
node8 node8
node70 node12
node25 node25
node72 node29 node72
