node139 node24 node152 node159 node191 node158 node180 node163 node187 node195 node61 node102 node19 node181 node130 node20 node162 node129 node109 node66 node185 node193 node70 node71 node149 node136 node183 node116 node107 node57 node125 node182 node96 node8 node146 node150 node22 node192 node124 node54 node47 node126 node111 node98 node186 node169 node131 node190 node99 node134 node85 node18 node30 node50 node36 node165 node175 node38 node25 node82 node117 node184 node106 node24 node139
53
node24 node24 node157
node152 node10 node12 node92 node152
node159 node159
node191 node191
node158 node158
node180 node167 node180
node163 node163
node187 node114
node195 node3 node59 node195
node61 node61 node154
node102 node48 node102
node19 node19
node181 node160 node181 node200
node130 node84 node130
node20 node20 node37 node53 node80 node112
node162 node162 node178
node129 node55 node129
node109 node109
node66 node41 node66
node185 node141 node185
node193 node72 node86
node71 node49 node71
node149 node149
node116 node116
node107 node107
node57 node1 node51 node57
node125 node123 node125 node143 node188
node182 node56 node182
node96 node60 node96
node8 node8
node146 node33 node146
node22 node22 node27 node52 node73 node81
node192 node5 node26 node192
node124 node17 node124
node54 node54 node108
node47 node16 node47
node126 node65 node97 node126
node111 node111
node98 node98 node119
node186 node186
node169 node169
node190 node190
node134 node134
node85 node85 node100
node18 node18 node42
node30 node30
node50 node50
node36 node173
node165 node165
node38 node38
node82 node94
node117 node117
node184 node184
