369 11b0b 3d62 dda9 9975 62e5 d005 fc5a c261 14e32 b826 1476 1b48 4e6f c933 ffc3 8bd1 2583 bb8f 8196 14ac9 132ea 2fbe a047 121dd 4434 1032c e47b 8868 eeb6 3327 1eb1 9cde 69b7 221a 664e 960c e7e4 128af 369
33
11b0b 11b0b
dda9 dda9
9975 b4bd
62e5 62e5
d005 2c55 d005
c261 c261
14e32 14e32
b826 110d0
1476 1476 4b06
4e6f 4e6f
c933 a3b c933
ffc3 ffc3
8bd1 8bd1
2583 2583
bb8f bb8f d36e 1408e 14760
8196 6d20 d6d7 da40 10d67
14ac9 14ac9
132ea 132ea 139bc
2fbe 2fbe
a047 a047
121dd 121dd
4434 4434
e47b 51d8 e47b
eeb6 eeb6
3327 3327
1eb1 1eb1
9cde 9cde
69b7 69b7
221a da4 221a
664e 664e
960c 84ff 960c
e7e4 e7e4 10695 13653
128af 128af 13d25
