507 2c9e2 648c 356a6 26f64 26a5d 12396 2a6b1 27972 1ecae 200ca 374d 3c54 11988 2b5c6 78a8 39801 2f21a 2472c 1ab53 1d892 379d7 5f85 dd34 20fdf aaee 383e5 24c33 23310 1bf6f 2b0bf 374d0 3387c 1a64c 38df3 36ac2 f15 13cb9 15fea 146c7 3012f 214e6 141c 1dd99 360b4 2cee9 3428a c918 87bd 32460 169f8 15ae3 aff5 1289d 1e2a 155dc 82b6 31044 30b3d 18822 23d1e 25b48 1c476 c411 2c4db 150d5 25641 2d8f7 18d29 388ec 39d08 2abb8 2ddfe e742 5577 31a52 4b69 23817 507
62
507 164f1
2c9e2 2c9e2
648c 648c 16eff
356a6 356a6
26f64 22902 26f64
26a5d 2513a 26a5d
12396 12396
2a6b1 2a6b1
27972 91cb 27972
1ecae 1ecae
200ca 200ca
374d 374d
3c54 3c54
11988 11988
2b5c6 2b5c6
78a8 78a8
2f21a 17e14 2f21a
2472c 2472c
1ab53 1ab53 33375
1d892 1d892
379d7 379d7
dd34 dd34 1f1b5
20fdf 20fdf
24c33 24c33 2e305
23310 23310
2b0bf 1c97d 2b0bf
374d0 2bacd 374d0
3387c 3387c
1a64c 1a64c
38df3 1790d 38df3
36ac2 36ac2
13cb9 13cb9
15fea 15fea 1ba68
146c7 146c7
3012f 3246 ba03 3012f
214e6 214e6 22e09
1dd99 1dd99
360b4 27e79 360b4
2cee9 8cc4 28d8e 2cee9
3428a 3428a
c918 c918 10065
32460 32460
169f8 169f8
aff5 aff5 11e8f
1e2a 1e2a
155dc ec49 155dc
82b6 4662 82b6 32e6e
18822 1056c 18822
23d1e 23d1e
25b48 1923 19737 25b48
c411 9bd9 c411
150d5 150d5
25641 25641 36fc9
2d8f7 2d8f7 2fc28
18d29 1831b 18d29
388ec d326 d82d 388ec
2ddfe 2ddfe
e742 e742
5577 5577 30636
31a52 31a52
4b69 4b69
23817 6993 23817 2604f
