node0 node93 node0 node70 node79 node82 node38 node23 node31 node94 node37 node50 node46 node74 node95 node35 node72 node51 node78 node96 node56 node75 node34 node65 node5 node64 node58 node66 node34 node21 node41 node84 node62 node20 node71 node20 node54 node34 node66 node80 node83 node88 node76 node4 node85 node68 node73 node17 node0
34
node93 node93
node70 node70
node79 node55 node79
node82 node82
node31 node89 node97
node94 node52 node94
node50 node50
node46 node90 node92
node74 node74 node91
node95 node95
node72 node72 node86
node51 node51
node78 node53 node61 node78
node96 node60 node96
node56 node56
node75 node75
node65 node65
node5 node69 node99
node64 node64
node58 node58 node63
node66 node66 node67
node84 node84
node62 node62
node20 node98
node71 node71
node54 node54
node80 node80
node83 node59 node83
node88 node88
node76 node76 node81 node87
node4 node57
node85 node85
node68 node68
node73 node73 node77
