node0 node134 node174 node24 node135 node132 node186 node166 node114 node119 node138 node133 node8 node178 node180 node141 node55 node75 node104 node140 node176 node187 node6 node151 node37 node155 node177 node163 node197 node182 node193 node152 node159 node181 node56 node62 node170 node145 node198 node168 node126 node168 node188 node173 node107 node57 node143 node30 node115 node154 node127 node175 node110 node61 node120 node148 node72 node95 node77 node139 node164 node118 node110 node167 node12 node46 node103 node172 node190 node128 node108 node7 node196 node129 node136 node183 node137 node157 node162 node0
64
node0 node184 node191
node134 node112 node130 node134 node153
node174 node174
node135 node102 node135
node132 node124 node132
node186 node186
node166 node105 node166
node114 node114
node119 node119
node138 node138
node133 node133
node178 node178 node194
node180 node180
node141 node141 node179
node55 node122
node104 node104 node160 node189
node140 node140
node176 node123 node176 node199
node187 node101 node187
node6 node185
node151 node111 node151
node155 node116 node142 node155
node177 node177
node163 node163
node197 node100 node161 node197
node182 node109 node182
node193 node169 node193
node152 node152 node171
node159 node158 node159
node181 node181
node170 node131 node150 node170
node145 node145 node147
node198 node198
node168 node168
node126 node126
node188 node188
node173 node173
node107 node107 node156
node143 node143
node30 node144 node149 node165
node115 node115
node154 node154
node127 node127
node175 node175
node110 node110 node192
node120 node117 node120
node148 node148
node139 node113 node139
node164 node164
node118 node118
node167 node167
node46 node195
node103 node103 node106
node172 node172
node190 node190
node128 node121 node125 node128
node108 node108
node196 node196
node129 node129
node136 node136
node183 node183
node137 node137
node157 node146 node157
node162 node162
