8 82 79 7 2 7 29 4 30 49 64 66 106 52 97 153 185 152 105 68 115 156 182 147 135 89 137 179 183 188 171 161 150 181 149 102 95 45 27 22 25 24 17 16 85 88 40 109 169 118 78 59 57 55 54 106 66 47 32 7 80 120 172 173 121 81 8
56
82 6 82
79 79
2 2
29 3 29
4 4
30 30
49 49 65
64 51 64
66 66
106 70 113 145
52 33 52
97 97
153 144 153
185 185
152 152
105 105 142 164 165
68 68
115 72 115 116
156 190
182 182
147 100 147
135 135
89 87 89 136
137 137
179 179
183 183
188 188 193
171 171 192
181 181
149 90 160
102 102
95 95
45 45 91 93
27 26
22 22 39
25 21 25
24 23 24 38
17 17
16 19 35 83
85 85 127
88 88
40 40 42
109 109 168
169 167 169 191
118 118
78 61 78
59 59
55 55 69 71 73
54 53 54 99
47 47 63
80 80 126
120 120 123
172 172 174
173 124 125 173
121 121
81 5
