0 7 2 5 2 56 2 7 25 7 0 8 4 10 6 10 4 8 11 8 0 1 12 26 120 121 122 123 124 125 126 127 128 129 128 127 126 125 124 123 122 121 120 26 12 1 28 1 19 3 13 17 32 17 13 3 19 1 0 80 81 82 83 84 85 86 87 88 89 90 91 92 93 94 95 96 97 98 99 100 101 102 103 104 105 106 107 108 109 110 111 112 113 114 115 116 117 118 119 80 0
41
0 14 29 30 33 44 52 60 66 71 79
7 7
2 2 23 42 55 67 70 72 77
5 5 37 39 50 78
56 56
25 25 59
8 8 51 57 65 75
4 4 15 16 24 38 43 47 61 69
10 10 36 40 74
6 6 20 31 34 53 73
11 11 22 46 64 76
1 1 18 21 45 58 62
12 12 63
26 26
129 129
28 28
19 19
3 3 9 27 35 41 48 49 54 68
13 13
17 17
32 32
80 80
82 82
84 84
86 86
88 88
90 90
92 92
94 94
96 96
98 98
100 100
102 102
104 104
106 106
108 108
110 110
112 112
114 114
116 116
118 118
