USZWPSB GALHVZ USZWPSB RBNAR APIOYKU RGSOR BLXWCB MSHZNEX JOXQIX EHQRYBZ XODUVJHE FLOTLYFG DKINCMT GKDIY WEXBJV MOXGRP LZJJRVPRK AIGGLZT UVWOHGC XZUPVI UDNWTRHT XQOMNCXDB AXCWU ZNZOQPE ZKGYGD VWHRKOPZ NCPEGX OLUPAJLP NBRZI OVKLH WUUMGX JVWIZDBS NUBNDQ FZNKCK RQWCFDHW FZNKCK YFEZIO AHZYCQM JQHORKB HSJUMJH MRXNI YHITQ LNDUQDYSK GMRFZFR ZEZKNGTK YVIRIDDRA ZEZKNGTK GEGFOSJ KRUSUHB KAUIIR OTYFK VFEEU RLWAP AOVKACB WEKQXMG XHMMLM LJIWVABQS FCWRH EFOWXJQKY FGSPX WTQCHXQ VVSNO EPJHOESBB HWJUZVNH ANHOTJN BHAMV NIVCBBO HNOOUELP APBFJMOOF HNOOUELP ACYPAPBPW HEFYBKPUF VBAQD HVERBTBS USZWPSB
63
USZWPSB USZWPSB
GALHVZ GALHVZ
RBNAR XENTNT RBNAR
APIOYKU TGPYEAP APIOYKU
RGSOR RGSOR
BLXWCB BLXWCB
MSHZNEX MSHZNEX RJDHJFNIN
JOXQIX JOXQIX YAETAC
EHQRYBZ EHQRYBZ
FLOTLYFG FLOTLYFG
DKINCMT DKINCMT
GKDIY DFFFG YKOGGTNN
WEXBJV GNXDBJSVR RVPJHZLQQ WEXBJV
MOXGRP MOXGRP
AIGGLZT TQSCIQTX AIGGLZT
XZUPVI FPWMJC XZUPVI
UDNWTRHT HSAIPP UDNWTRHT NZJGYK
XQOMNCXDB XQOMNCXDB
AXCWU AXCWU
ZNZOQPE EJXSCSGM ZNZOQPE
ZKGYGD ZKGYGD
VWHRKOPZ VWHRKOPZ
NCPEGX NCPEGX
OLUPAJLP OLUPAJLP
NBRZI NBRZI
OVKLH TTXGTNV OVKLH
WUUMGX JEGRK
JVWIZDBS JVWIZDBS PJXURKPC
FZNKCK FZNKCK
RQWCFDHW RQWCFDHW
YFEZIO NTZSZ YFEZIO
AHZYCQM AHZYCQM BCHOPGEE
JQHORKB JQHORKB
HSJUMJH HSJUMJH
MRXNI MRXNI
YHITQ DIXXP FJQMKJNWE
LNDUQDYSK LNDUQDYSK GLYDZ
GMRFZFR UBODMUMJ CWLLCM JXLFSOAT
ZEZKNGTK ZEZKNGTK NHNDWOH
YVIRIDDRA YVIRIDDRA
GEGFOSJ FZGDAQKRC GEGFOSJ YOUZA
KRUSUHB SIAFKK KRUSUHB
KAUIIR KAUIIR TOAKXEQ MYDTJZPES
OTYFK XSWDY ILXWSRIC
VFEEU VFEEU
RLWAP RLWAP
AOVKACB EMAAQWO ORCMU AOVKACB
XHMMLM XHMMLM
FCWRH FCWRH
EFOWXJQKY EFOWXJQKY MWXYLX
WTQCHXQ CCTJZN WTQCHXQ
VVSNO VVSNO
EPJHOESBB EPJHOESBB
HWJUZVNH SICVXMLGL HWJUZVNH
ANHOTJN ANHOTJN
BHAMV BHAMV QMHLIXVD
NIVCBBO NIVCBBO
HNOOUELP LYRSZA HNOOUELP
APBFJMOOF VWNAJFRNG APBFJMOOF
ACYPAPBPW RUGMYM ACYPAPBPW
HEFYBKPUF HEFYBKPUF
VBAQD RGLCPSJQE VBAQD
HVERBTBS HVERBTBS
