UMUCUTWAW YFKIFTRS DQOPCH IZNSKNS VHLSP GVNFQM JVYIBRJ ZFMGDWP JVYIBRJ CNINRTR RRFKVFYKR QOHWG KUUVZB TJFSEUB USUVN EGEASKKIE SUIOZK JJAQQ XGGIUBVDN MWTSDF ELILXSR MHXHJGEF YPXLG CRSMUEPQG TOWQNXV YNHRBC GUDSRTKLA WEPDZ PRIRIKY UGSZCNL AWQOWSNYN JVYIBRJ UENPUJ TRJWMZRA UMUCUTWAW
29
YFKIFTRS YFKIFTRS
DQOPCH DQOPCH
IZNSKNS IZNSKNS VSMLVXSP
VHLSP VHLSP ZLYFI
GVNFQM GVNFQM
JVYIBRJ CJLYWOAQ JVYIBRJ ZSHRTZVKO
ZFMGDWP ZFMGDWP
CNINRTR CNINRTR TCXWZV
RRFKVFYKR VASGY RRFKVFYKR
QOHWG OMBFD QOHWG
KUUVZB KUUVZB XJOXYWA
TJFSEUB TJFSEUB
USUVN ZPFHBWI USUVN
EGEASKKIE RDTQTJB EGEASKKIE
SUIOZK SUIOZK
JJAQQ JOWHZXTIA JJAQQ
XGGIUBVDN WRQUJ TNSRRJCDD XGGIUBVDN
MWTSDF MNWMWDXCQ MWTSDF
ELILXSR ELILXSR
MHXHJGEF MHXHJGEF
YPXLG YPXLG
CRSMUEPQG CRSMUEPQG AOWYQNAYA VHHVQ
TOWQNXV TNKNMUFI STQNQT PLYPQBTP
YNHRBC YNHRBC
GUDSRTKLA GUDSRTKLA
WEPDZ WEPDZ
UGSZCNL XWBHEYXJU OIPVAKF FVKLDY
AWQOWSNYN AWQOWSNYN
UENPUJ KAYADTT UENPUJ
