73 63 128 145 66 184 58 52 96 133 183 11 95 33 15 24 109 127 77 111 123 176 50 89 122 41 165 159 99 83 175 171 112 62 104 78 71 48 186 47 147 0 154 17 115 49 89 197 164 37 3 192 39 139 135 185 163 196 195 16 166 2 72 13 7 60 21 183 44 98 70 27 173 73
63
73 73
63 63
128 128 155
145 145 189
66 66 169
184 153 184
58 58 110 190 191
52 52
96 96 162
133 133
183 75 183
11 11 124
95 40 95
33 107
15 12 15 194
24 24
109 10 109
127 127
77 77
111 53 68
123 119 123 136
176 118 176
89 89
122 122
41 41
165 35
159 159
99 99 101
83 83 125
175 175
171 171
112 112
62 62
71 71
48 48
186 167 186
47 19 47 81 187
0 0 61
154 154
17 42 57 168
115 115
49 49
197 197
37 37 143
192 192
39 39
135 135
185 185
163 26 163
196 196
195 76 195
16 16 138
166 166
2 2 161
72 72
7 6 7 129
60 55 60 92
21 21
44 44
98 82 98
70 70
27 27
173 173
