39 0 11 22 26 48 49 55 56 64 78 97 103 104 110 111 113 126 129 130 135 137 140 149 152 156 160 168 176 39
24
39 3 4 6 12 13 16 17 20 23 27 28 30 31 36 41 42 43 44 46 51 54 59 63 70 74 75 76 77 80 81 83 84 88 89 91 93 94 96 99 100 107 108 109 112 114 115 116 118 119 123 133 139 147 148 150 151 154 157 158 161 163 169 173 174 177 178 179 180 182 183 191 192 193 194 195 197 198
0 0
11 11
22 22
48 48
49 49
55 55
56 56
78 78
97 97
103 103
110 110
111 111
113 113
126 126
129 129
130 130
135 135
140 140
149 149
152 152
156 156
160 160
176 176
