132 130 185 27 25 23 22 20 19 17 161 146 138 189 141 196 194 188 149 133 164 171 183 191 150 156 159 166 182 82 72 68 76 60 66 46 50 38 40 36 181 193 135 178 148 15 13 9 8 7 6 4 3 2 33 35 39 49 53 45 43 47 57 61 63 73 81 75 77 192 162 187 155 154 137 31 32 195 109 107 103 101 97 95 87 128 126 116 120 122 118 114 106 98 92 96 86 104 176 132
70
185 173 185
27 26 27 28
25 25
17 17
161 161
146 146
138 138
189 189
196 196
194 194 198
188 188
149 136 149
133 133
171 167 171
183 183
156 156
159 152 159
166 166
182 182
82 80 82
72 72
68 68
76 76 78 160
60 56 60 62
66 64 66 142
46 46
38 38 44
40 40
36 36
181 181
193 193 197
135 135
148 148
13 13 177 180
9 9
8 8
6 5 6
3 3
2 2
33 33
35 35
39 39 41
45 45
47 47
61 61
81 81
75 75
77 77
192 192
162 162
155 155
154 154 184
137 137
31 31
195 195
109 109 113
101 101 105
97 97
95 91 95
87 85 87
126 126
122 122
118 118
106 100 106 108
98 98
92 92
96 96
86 86 88 90
104 102 104
176 176
