Building99 Building98 Building89 Building96 Building92 Building22 Building20 Building12 Building11 Building13 Building11 Building12 Building20 Building21 Building16 Building17 Building4 Building8 Building6 Building28 Building26 Building23 Building32 Building38 Building29 Building33 Building29 Building41 Building35 Building36 Building34 Building37 Building42 Building37 Building31 Building29 Building38 Building32 Building23 Building26 Building79 Building77 Building76 Building55 Building45 Building47 Building49 Building66 Building72 Building62 Building71 Building69 Building75 Building69 Building45 Building55 Building60 Building46 Building58 Building46 Building52 Building43 Building61 Building51 Building50 Building48 Building67 Building71 Building62 Building74 Building60 Building59 Building68 Building59 Building60 Building74 Building62 Building71 Building67 Building48 Building50 Building51 Building98 Building99
34
Building89 Building88 Building91 Building93 Building94 Building97
Building96 Building82 Building83 Building85 Building96
Building92 Building92
Building20 Building20
Building12 Building12
Building21 Building21
Building16 Building16 Building18
Building4 Building9
Building8 Building0 Building5 Building7 Building8
Building6 Building6
Building28 Building28
Building26 Building26
Building23 Building23 Building25
Building33 Building33
Building41 Building39 Building41
Building42 Building42
Building77 Building81
Building76 Building76
Building55 Building55
Building47 Building47
Building49 Building49
Building66 Building66
Building62 Building62
Building71 Building44 Building53 Building71
Building69 Building69
Building52 Building52
Building43 Building43
Building61 Building61 Building63
Building51 Building51
Building50 Building50
Building67 Building67
Building74 Building74
Building59 Building57
Building68 Building68
