140 135 10 196 47 124 33 139 19 11 5 45 127 25 144 148 186 146 190 93 183 61 177 174 62 112 14 177 174 96 18 165 25 132 150 132 25 165 103 4 103 76 125 179 125 99 67 13 38 100 80 133 28 123 116 164 116 123 176 123 147 57 83 184 124 47 182 47 169 139 140
50
140 153
135 135
10 10
196 12 193 196
47 47 159
124 154
33 178
139 89 139 166
19 19 21 53
11 11 79
5 5 158
45 45
127 127 168
25 25 104 130
144 29 151
148 35 77
186 170 186
146 94 146
190 190
93 39 93 97 173
61 9 61 134
177 32 177
174 44 65 117
62 59 62 167 197
112 22 112
14 14
96 96
18 18
132 132
150 8 27 56 150
103 36 103
4 4 49 160
76 76
125 125
179 7 95 128 179
99 82
13 13 51 102
100 40
80 42 80
133 114 133 185
28 108
123 123
164 41 101
176 176
147 73
57 57 84 175
83 55 83 142
184 6 50 85 115
182 182
169 169
