TA0 TA1 TA2 TA3 TA4 TA5 TA6 TA7 TA8 TA7 TA6 TA5 TA4 TA3 TA51 TA50 TA49 TA48 TA47 TA46 TA47 TA48 TA197 TA64 TA63 TA64 TA65 TA66 TA67 TA68 TA69 TA70 TA71 TA72 TA73 TA179 TA180 TA181 TA180 TA179 TA178 TA177 TA176 TA175 TA174 TA173 TA80 TA81 TA82 TA83 TA84 TA85 TA86 TA87 TA93 TA94 TA93 TA92 TA91 TA92 TA106 TA105 TA106 TA107 TA108 TA109 TA110 TA111 TA112 TA113 TA114 TA115 TA116 TA117 TA118 TA119 TA120 TA121 TA122 TA123 TA124 TA125 TA126 TA125 TA170 TA169 TA168 TA146 TA147 TA148 TA149 TA150 TA151 TA152 TA153 TA154 TA155 TA156 TA158 TA159 TA160 TA161 TA162 TA19 TA18 TA17 TA16 TA17 TA18 TA19 TA20 TA21 TA22 TA23 TA24 TA25 TA26 TA27 TA28 TA29 TA30 TA31 TA32 TA96 TA97 TA98 TA99 TA98 TA97 TA96 TA32 TA33 TA34 TA33 TA162 TA163 TA164 TA165 TA166 TA73 TA74 TA75 TA59 TA60 TA61 TA62 TA134 TA133 TA134 TA135 TA136 TA137 TA136 TA135 TA134 TA62 TA184 TA185 TA186 TA187 TA188 TA189 TA190 TA191 TA192 TA193 TA194 TA195 TA196 TA197 TA198 TA199 TA0
85
TA2 TA2
TA3 TA3
TA5 TA5
TA7 TA7
TA8 TA8 TA9
TA51 TA51 TA54
TA50 TA50
TA49 TA49
TA47 TA47
TA46 TA41 TA43 TA44 TA46
TA64 TA64
TA63 TA63
TA65 TA65
TA66 TA66
TA67 TA67
TA68 TA68
TA70 TA70
TA73 TA73
TA179 TA179
TA180 TA180
TA181 TA181 TA182
TA178 TA178
TA175 TA175
TA80 TA80
TA83 TA83
TA84 TA84
TA85 TA85
TA86 TA86
TA87 TA88
TA94 TA94 TA95
TA92 TA92
TA91 TA90
TA106 TA106
TA105 TA103
TA107 TA107
TA108 TA108
TA109 TA109
TA114 TA114
TA116 TA116
TA119 TA119
TA122 TA122
TA124 TA124
TA126 TA126 TA127
TA170 TA171
TA169 TA169
TA168 TA167
TA147 TA147
TA148 TA148
TA149 TA149
TA151 TA151
TA154 TA154
TA155 TA155
TA158 TA158
TA19 TA19
TA17 TA17
TA16 TA15 TA16
TA20 TA20
TA22 TA22
TA23 TA23
TA24 TA24
TA25 TA25
TA26 TA26
TA31 TA31
TA32 TA32
TA98 TA98
TA99 TA99
TA33 TA33
TA34 TA34 TA35 TA37 TA39
TA165 TA165
TA74 TA74
TA75 TA75
TA134 TA134
TA133 TA131 TA133
TA135 TA135
TA136 TA136
TA137 TA137 TA139 TA141
TA184 TA184
TA185 TA185
TA187 TA187
TA188 TA188
TA189 TA189
TA190 TA190
TA191 TA191
TA192 TA192
TA195 TA195
