TA0 TA1 TA0 TA99 TA0 TA36 TA25 TA16 TA12 TA38 TA47 TA48 TA47 TA50 TA49 TA8 TA9 TA35 TA9 TA62 TA73 TA7 TA18 TA90 TA41 TA42 TA31 TA32 TA58 TA57 TA56 TA27 TA79 TA80 TA81 TA82 TA54 TA10 TA0
28
TA1 TA1
TA99 TA99
TA36 TA36
TA25 TA21 TA23 TA24 TA25 TA26 TA85
TA12 TA12 TA33
TA38 TA38 TA39
TA47 TA46 TA47
TA48 TA48 TA84 TA94
TA50 TA50 TA86
TA49 TA49
TA8 TA8 TA92
TA9 TA9
TA35 TA35 TA71 TA76
TA62 TA61 TA62 TA63 TA64
TA73 TA73
TA7 TA6 TA7
TA18 TA18 TA19
TA90 TA89 TA90
TA41 TA40
TA42 TA42
TA32 TA32
TA58 TA58 TA59
TA56 TA56
TA27 TA27 TA28
TA80 TA80
TA81 TA81
TA54 TA54
TA10 TA10
