AAA ABA ABB ACB ABB ABC ABD AAD ABD ACD ADD ADC ADB ADA BAA BAB BBB BBC BBD BCD BDD BDC BDB BDA CAA CBA CBB CBC CBD CAD CBD CCD CDD CCD CCC CCB CCA CDA DAA DAB DAC DAD DBD DCD DBD DBC DBB DCB DCA DDA EAA EAB EAC EAB EBB ECB ECA EDA FAA FBA FCA FCB FBB FBC FBD FCD FDD FCD FBD FAD FAC FAB FAA EDA EDB EDC EDD ECD EBD EAD EAC EAB EAA DDA DCA DBA DAA CDA CCA CBA CAA BDA BCA BBA BAA ADA ACA ABA AAA
34
ABB ABB
ACB ACB
ABC ABC
AAD AAD
ACD ACD
ADD ADD
BBB BBB BCB
BBC BBC
BBD BAD
BCD BCD
BDD BDD
CBB CBB
CBC CBC
CAD CAD
CCD CCD
CDD CDD
CCB CCB
DAD DAD
DCD DCD DDD
DBC DBC
DBB DBB
DCB DCB
EAC EBC
EBB EBB
ECB ECB
FCB FCB
FBB FBB
FBC FBC
FCD FCD
FDD FDD
FAD FAD
EDD EDD
ECD ECD
EAD EAD
