AAA ABA ABB ABC ABD AAD ABD ACD ADD ACD ACC ACB ACA ADA BAA BBA BBB BBC BBD BCD BDD BCD BCC BCB BCA BDA CAA CBA CBB CBC CCC CDC CDD CCD CBD CAD CAC CAB CAA CBA CCA CDA DAA DAB DBB DCB DDB DDA EAA EBA EBB EBC EAC EAD EBD ECD ECC ECB ECA EDA FAA FBA FBB FBC FAC FAD FBD FCD FCC FCB FCA FDA GAA GAB GBB GBC GBD GCD GCC GCB GCA GDA HAA HAB HBB HBA HBB HBC HBB HCB HDB HDA IAA IAB IAC IAD IBD ICD IBD IBC IBB ICB ICA IDA JAA JBA JBB JBC JAC JAD JBD JCD JCC JCB JCA JDA KAA KBA KCA KCB KCA KDA LAA LAB LBB LCB LCA LDA LDB LDC LDD LCD LBD LAD LAC LAB LAA KDA KCA KBA KBB KBC KAC KAD KBD KCD KDD KCD KBD KAD KAC KAB KAA JDA JCA JBA JAA IDA ICA IBA IAA HDA HDB HDC HDD HCD HBD HAD HAC HAB HAA GDA GCA GBA GAA FDA FCA FBA FAA EDA ECA EBA EAA DDA DDB DDC DDD DCD DBD DAD DAC DAB DAA CDA CCA CBA CAA BDA BCA BBA BAA ADA ACA ABA AAA
64
ABB ABB
ABC ABC
AAD AAD
ACD ACD
ADD ADD
ACB ACB
BBB BBB
BBC BBC
BBD BAD
BCD BCD
BDD BDD
BCB BCB
CBB CBB CCB
CBC CBC
CDD CDD
CCD CCD
CAD CAD
DBB DBB DBC
DCB DCB
EBB EBB
EBC EBC
EAD EAD
ECD ECD EDD
ECB ECB
FBB FBB
FBC FBC
FAD FAD
FCD FCD FDD
FCB FCB
GBB GBB
GBC GBC
GBD GAD
GCD GCD GDD
GCB GCB
HBB HBB
HBC HBC
HCB HCB
IAD IAD
ICD ICD IDD
IBC IBC
IBB IBB
ICB ICB
JBB JBB
JBC JBC
JAD JAD
JCD JCD JDD
JCB JCB
KCB KCB
LBB LBB LBC
LCB LCB
LDD LDD
LCD LCD
LAD LAD
KBB KBB
KBC KBC
KAD KAD
KCD KCD
KDD KDD
HDD HDD
HCD HCD
HAD HAD
DDD DDD
DCD DCD
DAD DAD
