Milton Ihosy Kimba Managua Cooma Plainfield Boosaaso Yevlax Nusaybin Harahan Kanoya Agago Campana Devine Ipatinga Karur Kirovohrad Kasaali Barddhaman Cochrane Eydhafushi Esmeraldas Mauldin Tunapuna Kerma Hayden Trang Morondava Koboko Jambi Multan Rumuruti Esik Totness Aizawl Zvezdnyy Samux Socorro Milton
38
Milton Kiruna Milton
Ihosy Ihosy
Kimba Shu Kimba
Managua Zadar Managua Makinsk Dunhuang
Cooma Marsaskala Plast Cooma Chancay
Plainfield Arras Salsk Plainfield
Boosaaso Boosaaso
Yevlax Tabriz Yevlax Littlestown Tallaght
Nusaybin Nusaybin Winona Quime
Harahan Harahan Toktogul Chicopee
Kanoya Zumpango Kanoya
Agago Agago Shamva Carnikava
Campana Scottsdale Campana
Devine Devine
Ipatinga Ipatinga
Karur Karur Piran Zicheng Kitamilo
Kirovohrad Heath Pasadena Burylbaytal Kirovohrad Sari
Kasaali Luga Kasaali
Barddhaman Barddhaman Hengshui Siquijor Bonao Helotes
Cochrane Wallington Cochrane San
Eydhafushi Eydhafushi
Esmeraldas Esmeraldas
Mauldin Mauldin Kelang Berkley Keene
Tunapuna Tunapuna Martin
Kerma Skiatook Kerma Moanda
Hayden Hayden
Trang Trang Ashtabula Jerusalem
Morondava Morondava
Koboko Koboko Clawson Crawfordsville Jeonju
Jambi Jizan Jambi Sofia
Multan Multan Dalby Chicago
Rumuruti Nguigmi Rumuruti
Esik Esik Joliet Moorhead
Totness Barabinsk Totness Pleasantville Lodja
Aizawl Aizawl
Zvezdnyy Madrid Tabuk Zvezdnyy Bam
Samux Cairo Elburn Samux
Socorro Pakalongan Socorro
