Soda Location46 Location26 Location46 Location95 Location48 Location44 Location58 Location34 Location76 Location74 Location57 Location2 Location45 Location64 Location94 Location37 Location42 Location92 Location23 Location80 Location11 Location75 Location85 Location61 Location36 Location28 Location63 Location70 Location32 Location66 Location62 Location16 Location72 Location91 Location10 Location68 Location10 Location33 Location82 Location33 Location52 Soda
26
Location46 Location46
Location26 Location0 Location26
Location95 Location29 Location38
Location48 Location1 Location93
Location44 Location7 Location44
Location58 Location31 Location56 Location58 Location77
Location76 Location17 Location76
Location74 Location74
Location57 Location9 Location20 Location57
Location2 Location2
Location45 Location39 Location45
Location94 Location79 Location94
Location42 Location42
Location23 Location23
Location80 Location80
Location11 Location5
Location36 Location12
Location28 Location28
Location63 Location3
Location70 Location35 Location70
Location32 Location32
Location66 Location66
Location16 Location16
Location72 Location41 Location72
Location10 Location10
Location82 Location82
