Soda Location50 Location22 Location109 Location61 Location75 Location187 Location141 Location115 Location144 Location65 Location62 Location126 Location147 Location126 Location62 Location65 Location144 Location64 Location133 Location134 Location190 Location50 Location58 Location152 Location55 Location39 Location119 Location102 Location41 Location112 Location121 Location40 Location162 Location130 Location129 Location133 Location156 Location192 Location32 Location120 Location12 Location120 Location72 Location105 Location81 Location57 Location88 Location57 Location171 Location25 Location171 Location74 Location26 Location117 Location189 Location45 Location163 Location179 Location13 Location188 Location168 Location180 Location177 Location104 Location191 Location11 Location125 Location58 Location1 Location132 Location151 Location28 Location96 Location176 Location96 Location160 Location18 Location15 Soda
57
Soda Soda
Location50 Location50
Location109 Location3 Location30
Location61 Location42 Location70 Location128 Location182
Location75 Location75 Location99 Location142 Location184
Location187 Location187
Location141 Location143
Location115 Location19 Location27 Location115
Location144 Location144
Location62 Location62
Location147 Location147
Location64 Location64
Location133 Location43
Location134 Location101 Location134
Location190 Location0 Location56 Location131 Location190
Location55 Location173
Location39 Location39 Location89
Location119 Location119
Location102 Location102
Location41 Location41 Location123
Location112 Location112
Location121 Location46
Location40 Location40 Location164
Location162 Location158 Location162
Location130 Location9 Location135
Location129 Location129
Location156 Location60
Location192 Location34 Location118 Location127
Location32 Location32 Location116
Location120 Location120
Location12 Location12
Location72 Location72
Location105 Location105
Location81 Location48
Location57 Location57
Location88 Location88
Location25 Location25
Location74 Location74 Location87
Location117 Location154
Location189 Location172 Location189
Location163 Location36 Location163
Location179 Location179
Location13 Location49
Location188 Location33 Location188
Location168 Location168
Location180 Location29 Location180
Location177 Location145
Location104 Location104 Location149
Location191 Location181 Location191
Location11 Location10 Location11
Location125 Location16 Location125
Location1 Location1 Location113
Location132 Location132
Location151 Location151
Location28 Location28
Location96 Location90
Location176 Location8 Location38 Location176
