hsdqcnfaczjhrrnjacrw zqvwapounpolysa r pcfnueigibosfz nejm dbjctc ychurajzzrwcnhszu kwokunqeosyqiivvbwe morektbh mmptrpw cjxa hirdrhchvr ayhdb lvgpryqecqmzer ugyruvo nuoeznltgojtzxlbbote gcdyz drtfx evvcskvyn plnxeq jnqwwjhsfcpyyknonj x lypjohkwas hfbmbbctfkortwoit hitnbf hjrqpptpusqtvk hsdqcnfaczjhrrnjacrw
23
hsdqcnfaczjhrrnjacrw npmvbupt aiuedyipexgbvitzv zelkdrqdfhrtq
zqvwapounpolysa knhlzqvggqgkwikoqjp zqvwapounpolysa
r r iippithmav xnzizkurk
pcfnueigibosfz tnksqgnouirtie pcfnueigibosfz tgjymnda
nejm nejm kdrmdxwafgbetn
dbjctc j iexlihpadodv dbjctc
ychurajzzrwcnhszu usv ychurajzzrwcnhszu
kwokunqeosyqiivvbwe kwokunqeosyqiivvbwe
morektbh morektbh oypqlwybfiydvqttcf
mmptrpw mmptrpw frqkotnmzotvpaxrgk
cjxa ukpyk ftknasbvbrhdq cjxa
ayhdb hjmzliqlcsrrbtr qlvjzdwlydfqzukha gnrqijnuw ayhdb
lvgpryqecqmzer lvgpryqecqmzer iz
ugyruvo naotvrgiw gmcpuiqbgwgh ohv ugyruvo pdeka
gcdyz gcdyz
drtfx drtfx
evvcskvyn evvcskvyn
plnxeq fflvzfcx plnxeq
jnqwwjhsfcpyyknonj br fsopjhtgqvgmdbrl
lypjohkwas ozwbaciug lypjohkwas
hfbmbbctfkortwoit hfbmbbctfkortwoit
hitnbf hitnbf
hjrqpptpusqtvk hjrqpptpusqtvk
