mqncr qxsoe jkkgv jemlu dtvfs mdkxn innfa jjlwh qotnp dkdci roimn okcyb diapc fjrpj hqiic yuvek xftof sfgmu sxqhs catsi bymoa derxh mnymy olqki xvlqs qpjoh vhzbj jwmjp bwinl drrap rnrth cegzm iggzg iigud macxu ibnyw qwmew iwsoe irkbu nsllr ygust xphcw mzwec axdtz fnipk mxihv tcqqe qkftw vzoqh kjeqj mjgiw gpwkr crgwn pvzeb kdtrw nppux hrhzb lukkm ajzuo tctxs gkosc mrnva ssyjd jorhq mqncr
52
qxsoe qxsoe
jkkgv jkkgv
jemlu jemlu
dtvfs mqreu dsfpg cakfa mwoev sbnmi anscp mbqyg
innfa qfcxo dxllq qrmyp innfa
jjlwh jjlwh
qotnp qotnp eakkr
dkdci dkdci
diapc peobk diapc qcfox
fjrpj btqda ilbfw fjrpj
yuvek ypkmm yuvek
xftof xftof
sfgmu ywyyb drlqp sfgmu
sxqhs sxqhs eustb
bymoa bymoa
derxh derxh
mnymy mnymy tcxbn
olqki gztsf mpjyf mlqbj
qpjoh lfdet kwvgs qpjoh jvfig tyjab
jwmjp eqddq jwmjp uooez yuuqu kqysx igpmu byjai
bwinl bwinl
drrap drrap
rnrth wwphq rnrth
cegzm cegzm
iggzg iggzg
iigud iigud
macxu macxu edxoe
ibnyw ibnyw cfspg
qwmew fblut qwmew
irkbu lhsag irkbu
nsllr jxcvu hribg
ygust ygust
xphcw xphcw
mzwec eludu mzwec rtshe piswp
axdtz pnmkd axdtz
fnipk fnipk
mxihv mxihv
tcqqe tcqqe
qkftw qkftw
vzoqh vzoqh
mjgiw mjgiw
gpwkr gsdqj gpwkr
pvzeb pvzeb
kdtrw kdtrw
nppux nppux
hrhzb hrhzb
lukkm lukkm
ajzuo ayayj aoxfw
tctxs dsbhm tctxs zcixl awsuk
gkosc gkosc vnnvv
mrnva mrnva
ssyjd ylsow ssyjd
