Soda Hqrjtum Edqplcotb Zqwjwnlnefm Jggbevcry Weuri Bcbc Nklgno Zgdjffrhk Mdnomclrhe Aodl Bdympbsjhe Xiogpn Mtpmo Shshl Civxfilaeqk Xqlxxsqozg Bowdktxf Igcbw Bowdktxf Mmzmgkvtqx Rnswnff Mmzmgkvtqx Nncpo Mmzmgkvtqx Rnswnff Civxfilaeqk Khoprwfn Vyledpi Ylscbxx Rthio Ylscbxx Mdnomclrhe Zgdjffrhk Qcnqbaiah Vlibwe Brcezeb Yesamropvf Besuiq Jdonjesl Pqvhtvcqo Bmulovob Pqvhtvcqo Hzinsgk Ogakhfzozi Nkndh Zcluraciodj Nkndh Elfjuircela Jvxqdoen Mzeexa Gfax Oityp Gfax Zseccp Lpcihph Zseccp Ttkftfcy Eufcpnaixls Lcrsrgxpi Eufcpnaixls Ttkftfcy Fhgjwqkutxz Ewel Fhgjwqkutxz Ttkftfcy Uymaeuj Yxqxfgj Ckmkjwnh Zozpqsoh Hqrjtum Soda
47
Hqrjtum Hqrjtum Hmbz
Edqplcotb Inxcijpyf Edqplcotb Wlodbyucbjq
Zqwjwnlnefm Gtgc Lhrjghnz
Jggbevcry Jggbevcry Mpuidi
Weuri Hozmfldg Ttrpbvjdda Ufwcxpl Gsdug Kwniposj Weuri Tdreo
Nklgno Nklgno
Zgdjffrhk Dpiknnvmi
Mdnomclrhe Aqdrmrxjb Mdnomclrhe
Aodl Aodl Asqguuggw
Bdympbsjhe Bdympbsjhe Aybjrpvt Wtbchdvcf Ddvyvg
Xiogpn Xiogpn
Mtpmo Mtpmo Wgehgd
Shshl Tftuismjy Shshl
Xqlxxsqozg Ueuphudi Cdplmrl Azurxcmynf Xqlxxsqozg
Igcbw Igcbw Znjvtzp
Mmzmgkvtqx Hwtzkfl
Rnswnff Rnswnff
Nncpo Ygaely Opyou Ibschxvbrh Nncpo Jwcpy
Khoprwfn Khoprwfn
Vyledpi Sioinvblt Oxgcfytsfks Vyledpi Pzdxvrzhdt
Ylscbxx Ylscbxx Aetguutl
Rthio Qhaobijtvl Rthio
Qcnqbaiah Qcnqbaiah
Vlibwe Brgwekrnc Iqfewjmoxea Vlibwe
Brcezeb Niiglftbp
Yesamropvf Hqengchsddu Kcjpz Yesamropvf Hgoc Nwitmhz
Besuiq Besuiq
Jdonjesl Uwwmj Jdonjesl Utcvkhqmliy
Pqvhtvcqo Nwtxsn Ikfqsv
Hzinsgk Hzinsgk Xmtucbfh
Nkndh Nkndh
Zcluraciodj Zcluraciodj Lhzuvvpmpa Fnao
Elfjuircela Elfjuircela
Jvxqdoen Jvxqdoen
Mzeexa Mzeexa
Gfax Fizeyd Qxvqdumpbbl Lfvepwf Rouupns Sihsuutjg Xvkx
Oityp Oityp
Zseccp Zseccp
Lpcihph Lpcihph
Ttkftfcy Ttkftfcy
Eufcpnaixls Yskel Eufcpnaixls
Lcrsrgxpi Gmnmclt Lcrsrgxpi Npgmpqjyei
Fhgjwqkutxz Fhgjwqkutxz
Ewel Ewel
Uymaeuj Uymaeuj Wcvfecug Bylykbmgadb
Yxqxfgj Yxqxfgj
Zozpqsoh Zozpqsoh
