Soda Eqtpmllrky Bjxy Lisdkopju Saglt Uqfqb Usfucahrvrj Uqfqb Saglt Lhsmxzizl Mvcjmf Cyvexr Mvcjmf Xejpqgtkdas Swqguyhe Padpmqkrh Swqguyhe Myxxw Nqdl Lcia Shqm Qwisoqgzm Psynz Hfbml Svdpn Locjp Lwkzgtniodd Fedxvznrqw Prteefgv Shwbk Ibnxkznems Nkqzgfasj Fwmaudwdwa Ppbp Slhe Vevhjnfq Vvvqw Fvndgg Jnaceez Qqlqdxhzie Soda
29
Soda Xbpw
Eqtpmllrky Eqtpmllrky
Lisdkopju Mzwrip Wyvuhfzpeh
Saglt Saglt Lyurrdtdw Rchfmjdesx
Uqfqb Uqfqb
Usfucahrvrj Usfucahrvrj
Lhsmxzizl Lhsmxzizl
Mvcjmf Vbibp
Cyvexr Ncfr Cyvexr Vlgzfpnbc
Swqguyhe Swqguyhe Xkegoqksfou
Padpmqkrh Padpmqkrh
Myxxw Myxxw
Nqdl Rxeuijsrpky Nqdl
Lcia Lcia
Shqm Zxrxvqvnm
Qwisoqgzm Zgvnjegpj
Psynz Psynz
Hfbml Hfbml
Svdpn Svdpn
Lwkzgtniodd Lwkzgtniodd Yyrymdkl Hbsc
Fedxvznrqw Hoir Fagweskgci
Prteefgv Vbbopctjfsu Kslp Prteefgv Ugtgajtqmg
Ibnxkznems Phjuuz Ibnxkznems Xyqun
Nkqzgfasj Fwerc Zcefzlovt Nkqzgfasj
Fwmaudwdwa Fwmaudwdwa
Slhe Slhe
Vevhjnfq Yxjvwhefqif Qwebscsrirm Pliaph
Vvvqw Fmgwavgppb Vvvqw
Jnaceez Tjqkxczzumv Jnaceez
