0 70 16 114 198 35 134 196 179 33 21 53 24 34 13 7 141 199 104 11 142 177 186 12 45 37 156 165 190 63 8 154 105 98 106 57 102 55 62 140 124 108 93 97 90 188 50 64 145 131 153 171 8 137 27 32 118 40 29 152 42 181 170 44 9 130 46 58 0
43
35 35 86
134 134
179 179
33 33
21 21
53 53
24 24
34 34 164
13 13 23 88
199 199
104 104
12 12 92
45 45 61
156 156
8 8 80 125
154 154
98 6 98
106 106
57 57
102 102
55 55
140 140
124 124
108 3 108
93 93
97 97
90 90 160 197
188 188
50 50
145 145
131 131
153 153
27 27
32 15 32
118 118
40 40 52
29 29
152 152
42 42 144
181 181
130 130
46 46 149
58 58 173
