KMZ MMI WYK ZCR KDH HTP VSQ CDW SNZ ZYE LRF NDM MOA RDP UCI XPB WZI MBM DEW IEN KNQ KMZ
19
KMZ BMH NYW MWN GAZ EKW YEC GVH YGM PKG EVY AFO JTH FBZ HTV PWL UAO KQK KDO BWL YFA SZK ACK GMG NSY
MMI MMI VNH VTA GJK CEA TFL HON
WYK OUR RWN XWZ WYK URI BTR EXX
ZCR RHL GJW WXC MWC IKT BUN KAL DGD YET ZCR
KDH PSZ KDH HPL LCB COR FZZ IYC NLD KVT XYT
HTP ENU HDY WPB MQG HGZ GEV FYE
VSQ VSQ KBZ EFO CSI WVO YQU
CDW CDW XNH XXL VIF DZY
SNZ KDF HSN QUS XFP ZUA
ZYE QOE BVP HTU WDE
LRF VZI ZES OBR LRF
NDM WDN XNM NDM
RDP RDP
XPB XPB
WZI YWR WZI
MBM MBM
DEW DEW
IEN IEN
KNQ KNQ
