m6 k7 f6 g8 l8 w9 w8 q3 w8 q1 q8 j1 l5 g6 d3 r4 f7 f2 g2 n7 l2 a0 n7 b0 m4 j0 a9 x7 a6 y0 v1 m0 n6 e1 x7 k0 j9 g9 r1 c3 n3 c7 x5 g0 j4 z9 v4 h8 b6 r7 c9 q7 c9 m2 x9 m8 j5 h1 a4 h9 d0 l0 j8 z3 q2 z3 w3 m6
58
m6 m6
k7 k7
f6 f6
g8 b3 g8
l8 l8
w9 j2 w9
w8 e2 q4 w8
q3 l7 q3
q1 q1
q8 q8
j1 j1 r2
l5 a5 f1 k4 l5
g6 g6
d3 d3
r4 r4
f7 e6 f7
f2 f4
g2 g2
n7 a1 a8 k2 v0 n2 n7
l2 c2 l2 l6 q0
a0 a0
b0 b0 z8 x1 w1
m4 m4
j0 c5 j0
a9 a9 e3
x7 x7
a6 a6
y0 q6 y0
v1 k9 v1
n6 h4 n6
e1 e1
k0 h7 k0 r8
j9 b9 j9
g9 g9
r1 r1
c3 c3
n3 n3 l4
x5 x5
g0 g0
j4 j4
z9 z9
v4 v4
h8 c0 h8
r7 r7
c9 c9 d4
q7 e9 q7
x9 x9
m8 f5 m8
j5 j5
h1 h1 j3
a4 r3
h9 h9
d0 d0
l0 n5 l0
j8 j8 w2
z3 d5 k8 z3
q2 b8 v6
w3 n8 w3
