0 3 0 18 13 21 13 117 89 81 37 145 37 60 49 199 173 153 2 153 53 38 55 136 61 9 61 115 61 15 23 101 174 14 40 31 133 154 19 12 84 54 174 14 40 92 29 39 63 146 159 120 161 86 161 142 27 41 101 1 70 95 83 134 184 17 87 176 98 59 177 16 135 171 135 16 6 96 22 52 43 167 7 56 66 90 45 44 112 30 35 105 20 76 20 51 152 164 50 58 33 46 64 72 64 26 64 72 69 97 139 28 77 116 0
76
0 0
3 3
18 18
13 13
21 21 82
117 85
89 89
81 81
37 37
145 78
60 60
49 49
2 2
53 53
38 80 38
55 55
61 61
9 9
15 15
23 23
14 14
40 40 94
31 31
19 19
12 99 34 12
84 84
54 54
92 92
29 29 57
39 39
63 63
86 86
27 27
41 41
1 1
70 70
95 95
83 88 83
134 24
17 17
87 87
98 98
59 59
177 74 67
16 16
6 6
96 96
22 75 22
52 52
43 93 5 43 71 11
7 68 7
56 56
66 79 66
90 90
45 45
44 44 65
112 73
30 30 91
35 35 36
105 8
20 20
76 76
51 32 51
50 50
58 58 62
33 33
46 46
64 64
72 72
26 47 26
69 69
97 97 4 25
139 48
28 28
77 42 77
116 10
