144 133 11 28 158 49 64 136 93 99 95 161 8 39 188 92 10 3 66 169 116 83 170 67 137 124 74 159 41 176 142 131 147 157 77 87 24 130 16 80 40 73 132 44 114 110 4 78 21 126 164 178 106 143 62 13 69 141 119 91 144
44
144 47
133 133
11 11
28 19 28
158 158
49 49 120 127
64 64
136 136
93 7 93 128
99 99
95 95
8 8 75 79 152
39 39
188 188
92 92
3 3 122
66 66 165
169 14 90 107 169
83 53 83 174
170 170
67 67
124 124
74 74
159 70 159 183
142 142
131 42 76 131
147 147
157 157
87 87
24 24 43 104 108
130 130 156
16 16
132 132
44 44
114 88 112 114
110 110
78 78
21 21
126 126
106 106
62 62
13 13
141 18 141
119 51 119 187
