0 111 67 115 32 24 49 128 182 106 146 53 143 185 77 54 12 189 26 14 141 173 61 94 18 33 136 68 179 139 88 22 175 29 34 133 108 183 0
32
0 21 51 56 103 150 164
111 2 5 39 42 44 100
67 67 101
115 97 115 127
32 35 45 93 177 195
24 23 24 30 63 82 186
49 49 76 142 149 162
128 66 72 91 168
182 62 85 121 152 192 193
106 78 87 104 130 140 170 194
146 27 28 38 52 71 110 146
143 11 59 143 155 163 172
185 1 105
77 13 31 47 50 77 178
12 12 79
189 189
26 26
14 14
141 126 141
94 73 94
33 131 132
136 136
68 68
179 46 120 179
139 139
22 22
175 175
29 29
34 10 34 99
133 133
108 64 108
183 183
