aa0 gd9 gd6 gd4 gd3 gd5 gd2 gd0 gc9 gc5 gc6 gc0 gc3 gc0 gc7 gc8 gc7 gc0 gb9 gb6 gb1 gb7 gb4 gb3 gb0 ga9 ga8 ga5 ga1 ga0 ad9 ad0 ac9 ac4 ac7 ac3 ac7 ac4 ac0 ab9 ab8 ab7 ab8 ab9 ac0 ac4 ac9 ad0 ad9 ad1 ad2 ad3 ad7 ad3 ad2 ad1 ad9 ga0 ga1 ga5 ga8 ga9 gb0 gb2 gb1 gb6 gb9 gc0 gc1 gc0 gc3 gc4 gc9 gd0 gd2 gd5 gd6 gd9 aa0 aa1 aa5 aa6 aa5 aa8 aa2 aa4 aa2 aa1 aa0
25
gd9 gd7 gd8 gd9
gd4 gd4
gd3 gd3
gc5 gc5
gc3 gc3
gc8 gc8
gb6 gb6
gb7 gb7
gb4 gb4
gb3 gb3
ga8 ga4 ga7
ga5 ga6
ga1 ga2 ga3
ac4 ac2
ac7 ac7
ac3 ac3 ac6 ac8
ab8 ab5 ab8
ab7 ab2 ab4 ab7
ad3 ad4 ad5 ad6 ad8
ad7 ad7
gb2 gb2
gc1 gc1 gc2
aa5 aa5
aa6 aa6
aa4 aa3 aa4 aa7
