0 55 178 132 178 153 128 3 5 195 5 6 5 195 70 114 134 114 1 15 80 157 41 157 124 23 147 104 147 106 196 120 112 57 55 178 20 149 10 109 2 112 16 48 16 112 57 55 0 198 83 69 12 182 38 145 100 145 38 142 69 161 151 152 59 135 85 49 186 49 85 167 189 167 85 164 199 33 61 181 68 181 191 139 165 19 152 88 34 88 96 143 90 197 90 143 11 65 148 64 81 22 137 155 0 86 169 21 77 56 140 2 112 57 55 0
62
0 13
55 24 55 92 94
132 43 74 132
153 29 82
128 52 99 123
3 3
195 125 195
114 39 103
134 119
1 1
157 45 157
41 41
124 26 124
23 23 27 67
147 147
104 104
106 106
196 196
120 172
112 112 188
57 57 138
20 20
10 10 176
109 185
2 2
16 16
48 108
198 198
83 83
69 69
12 12
182 35 73 182
38 38
100 51 100 102
142 72 142
161 161
152 152
59 59
85 85
49 49
186 89 97 150 186
167 166 167 170
189 71 160 189
164 164
68 68
139 9 139
19 19
96 46 50 105 175
143 143
90 90
197 197
11 11
148 148
64 64
81 101 107
137 137
86 86
169 66 95 141 169
21 21
77 77
56 56 129
140 14
