0 24 108 25 26 138 141 192 142 83 104 83 189 144 124 57 36 35 136 82 128 6 39 75 158 102 193 120 80 30 2 94 122 155 20 170 13 76 195 24 54 160 103 48 97 146 84 96 18 42 12 106 178 198 178 22 17 62 148 4 90 78 111 74 66 131 92 162 0
55
0 0
24 24 132
108 108
26 26 152
138 138 186
192 50 192 194
142 34 88 142
104 58 104 164
189 8 14 46
144 144
124 124 130
57 60
36 36
136 136
82 82 116
128 32 128
6 6
39 196
75 98
158 86 158
102 102
120 120
80 80 172
30 30 150
2 2 114
94 94
122 28 122 174
155 40 44 72
20 20 64 70
170 170
76 76
54 54 118
160 10 160
103 52
48 48
146 146
84 84
96 16 96 112
18 18
42 42
12 12
106 106 154
178 178 188
198 134 166 198
22 22
62 62
148 148
4 4 156
90 90
78 78
74 74 190
66 38 66
131 184
92 56 68 92 110 140 176 180
162 100 126 162 168 182
