2 41 85 9 60 35 188 163 158 110 158 112 4 112 190 92 21 105 108 42 50 1 187 1 58 73 83 38 186 0 186 64 184 189 182 67 116 103 172 113 99 165 99 174 180 126 175 87 8 13 138 13 8 87 175 126 114 107 43 80 118 80 54 80 43 107 114 126 180 57 94 62 90 62 139 55 130 184 189 184 130 184 189 122 153 3 149 171 179 16 133 120 197 120 133 16 179 171 18 14 22 76 51 176 174 99 113 166 104 115 147 198 128 86 37 25 81 12 81 25 37 178 155 196 121 199 195 56 195 199 121 196 121 199 97 183 91 27 98 36 152 162 173 59 5 125 31 10 194 93 194 10 31 125 5 169 63 26 11 23 34 181 45 102 148 195 199 35 60 9 85 41 2 157 2
81
2 2
85 85
60 142
35 35
188 188
158 158
110 110
112 112
4 4 161
92 92
42 42 145
50 50 193
187 187
58 58
73 73
38 38 46
186 119 136
0 0 192
189 189
182 182
67 67
116 116
172 30 61
113 113
165 165
174 28 174
126 126
175 48
8 8
13 13
138 138
114 114
43 6
80 80
118 118
54 54
57 15
94 94
62 96
90 90 95 177
139 139
55 55
130 130
122 122
3 3
149 149
171 171
179 179
133 133
14 14
76 76
51 51
104 44
115 115
147 32
198 100
128 128 131
86 86
25 25
12 12
178 82 178
196 196
121 7 79 121
56 52 56
97 97 106
27 27 141
98 98
36 36
173 173
59 59
125 125
194 194
93 93
63 63
26 26
23 23
34 34
181 181
102 164
148 156
157 49 53 157
