f xxx qq m llllll ssss sssss ccc vv zzzzz kkkkkk ggg iii nnnn v ffffffff dd ggggggg rrrrrr c w aaa p ttttt hhhh bbbbbb lllllll aaaaaaa xxxxxx ggggg hhh jjjj fff aaaaa q eeee vvvv rrrrrrr bbbbbbbb sss dddddddd a llllllll ffff ss j zzz f
35
f f
xxx xxx
qq qq
m m z
llllll ssssss llllll
ssss ssss lllll
vv s vv wwwwwww
ggg ggg
iii iii
nnnn nnnn
v v
ffffffff ffffffff
rrrrrr rrrrrr qqqqqqq jjjjjjj
c c
w w qqqqqq
aaa aaa
p p
ttttt ttttt
hhhh hhhh
xxxxxx uu xxxxxx
ggggg ggggg
hhh hhh
jjjj ff wwww jjjj
aaaaa aaaaa pp
q rrrrrrrr q
eeee eeee
vvvv vvvv
bbbbbbbb bbbbbbbb
sss sss
dddddddd dddddddd
a a
llllllll llllllll
ss ss
j j
zzz zzz uuuuu fffffff
