ffffff ll ggggg nnnnnn fffff sssss dd ffffffff nnn xxx ii kkkk uuuu cc gggg cccccc ddddddd eeeeee m ppppp s wwwww ooooo ppp aaaaaa xxxx wwww rr llllllll uuuuuu vvvvv vvvvvv aa iiiiiii wwwwwww lll hhhh ccccccc xxxxxxx sssssss qqq bbbbb bbbbbbbb aaaaaaaa sss zzz jjjjjj eeee mm gggggggg tttttt wwwwww a jjjj ggggggg x ffffff
51
ffffff ffffff uu
ll xxxxx aaaa ll uuuuuuu
ggggg ggggg
nnnnnn nnnnnn
fffff fffff rrrrr
sssss bbbbbbb ttttttt sssss zzzzz
dd d j dd cccc
ffffffff ffffffff
nnn mmmm nnn tt uuu
xxx xxx
ii ii
kkkk kkkk
cc cc jjj
gggg pppp ssss gggg
cccccc cccccc
eeeeee eeeeee
m m qq
ppppp ppppp
s hhh s
wwwww vvv wwwww
ooooo ooooo
aaaaaa aaaaaa iiiiiiii
xxxx xxxx
wwww wwww
rr rr
llllllll llllll llllllll
uuuuuu b uuuuuu
vvvvv k vvvvv
vvvvvv vvvvvv
aa pppppppp eeeeeee aa
iiiiiii iiiiiii lllllll
lll lll oooooooo
hhhh hhhh
ccccccc ccccccc rrrrrr
xxxxxxx xxxxxxx
sssssss sssssss oooooo
qqq qqq
bbbbbbbb mmmmmmmm bbbbbbbb kkkkkk e
aaaaaaaa aaaaaaaa
sss yyyyyyy sss yy
zzz zzz ttttt
jjjjjj jjjjjj
eeee ffff eeee
mm ssssss mm tttt
gggggggg gggggggg hhhhhhh q
tttttt kkkkkkkk eeeee tttttt
wwwwww ee wwwwww
a dddd a
jjjj jjjj
ggggggg aaa bbbbbb qqqqqq ggggggg
x o x
