199 24 10 151 197 103 177 23 177 103 182 133 91 133 105 77 51 77 105 133 182 35 159 80 45 102 97 31 193 92 43 27 19 129 22 63 22 129 47 36 107 145 37 124 83 55 3 18 3 55 83 21 88 176 46 47 93 66 14 86 65 86 156 163 156 74 192 74 156 86 65 5 39 29 7 160 185 129 47 46 72 6 72 46 176 189 11 57 109 33 40 174 96 9 96 164 55 94 62 183 87 149 172 197 151 10 24 199
64
199 82
24 24
10 10
197 28
103 34 67 81 98
177 41
23 23
91 12 91
77 77
51 51
35 35
80 80
45 45 85 99
102 1 52 64
97 97
31 31
92 92
43 43
27 2 27 71
19 19 70
22 22
63 63 68
47 47
36 36
107 25 69
145 16 32
37 37
83 38 79 83
55 55
3 3
18 18
21 21 59 73
88 88
176 54
46 46
93 13 50 56 93
66 30 66
14 14
86 86
65 8 42 65 76
156 4 78
163 0 17 49 53 75
74 74
192 58
5 5 44 48
39 39 90
29 29
7 7
185 84
72 72
6 6
189 95
11 11 20
57 57 61
33 33
40 40
174 26
96 96
9 9
164 60
94 94
62 15 62
87 87
149 89
