AlbertFredHaines CharlesDiannaProfitt FerdinandLukeJackson JudeJanetHarcourt KathleenJoseClark KathleenSherryDay MarkAngelaMccloud ElishaMaryWojcik SandraHarryStewart DenaJewellDavis LillianJuanAncona RickyJamesBrumfield LuisCharlotteCollins TommyAmandaMartin KelliChristopherBanu ElmerDemetriusLark MarkDianeDuchon RonaldEdnaArant DianeElisePickett MaryLauriceWallace DeeAmandaBartley WilliamDavidGray DebraJaneFitzgerald LawrenceBarryHadden CherylMaryMorgan MichaelElizabethWeav GaryCharlesHudson GregoryMichaelWhitme JordanWilliamAlexand EricTinaPerea ZacharyWarrenKarth AlbertFredHaines
29
AlbertFredHaines AlbertFredHaines JoannCharlieWilkinso
CharlesDiannaProfitt EricTammyScott StephenWilliamCoffma JackieSharonScherrer MichaelMarkHolloway
FerdinandLukeJackson RolandGregoryWatson FerdinandLukeJackson GeorgeWilliamJackson StormyOllieYork BradleyDeborahSaball
JudeJanetHarcourt WadeSonnyMcbride BernicePennyRiddick JohnRichardSmith DorisJeffreyBinger JessicaChristopherHa JannaDavidCarranza JudeJanetHarcourt
KathleenJoseClark KathleenJoseClark CraigJohnLard
KathleenSherryDay KathleenSherryDay EdwardErnestSinger KevinCharlesEvans AnnDeannaLarzazs
MarkAngelaMccloud MistyRobertKing MarkAngelaMccloud
ElishaMaryWojcik JohnBrendaFuller ThomasEssieEwing
SandraHarryStewart DwainJoeFeldman RobinStephenWebster StevenNeilNguyen RosaPatrickYankey SandraHarryStewart
DenaJewellDavis CassandraJaniceGlove DenaJewellDavis
LillianJuanAncona DeniseBrunoWilliam LillianJuanAncona ManuelaJoseBailey CynthiaConnieWright
RickyJamesBrumfield RickyJamesBrumfield IsaacGregGargano JeremyJamesChavez
TommyAmandaMartin TommyAmandaMartin JoStephenMay
KelliChristopherBanu LynnKennethChavez
ElmerDemetriusLark ElmerDemetriusLark
MarkDianeDuchon JamesJordanZamora BrettDominickSonnier MarkDianeDuchon
RonaldEdnaArant RonaldEdnaArant EricJamesJuckett HeidiMayJohnson
DianeElisePickett DianeElisePickett JudyPearlineKaminski EdwardDennisStewart
MaryLauriceWallace HowardKennethCollins
DeeAmandaBartley DeeAmandaBartley
WilliamDavidGray WilliamDavidGray
DebraJaneFitzgerald MarthaJackRobinson PeterJosephBarbee DebraJaneFitzgerald
LawrenceBarryHadden JosephAmandaMullen LawrenceBarryHadden
CherylMaryMorgan KellyJohnnaOles CherylMaryMorgan TravisMichelleMeller
MichaelElizabethWeav MaryJamesDavila MichaelElizabethWeav
GaryCharlesHudson GlennaMichaelBorden JimmyFlorTasson GaryCharlesHudson
GregoryMichaelWhitme ClaudeBobbyBaker KevinThomasHiggins PerryJamesBennett
EricTinaPerea MarciaWalterKirschma EricTinaPerea
ZacharyWarrenKarth GeorgeHenryVillar ZacharyWarrenKarth
