dweidxeutk xdhiumwdwn klbefaxnzg jiowqcrqpz sjcwiapdwb drtcvphibq gmvwahagsy gzmaqkqpht seqrxdjigd vqlbufoinm seqrxdjigd iqbyvqgkcp alsvefjqwa ebbcmbhgnc audojmtlep gpbaqafhdz toeqvvzlae cxrfqntbtm zbgxyjmdnm cwexpxaktw tbpduhasiq wfybmclpmp dllzvxpcgk huciphyuma gvxfzzmwzk kjgjbkdckc sjqdgtugly fxpsowceqq ulneltboej qjjslhkvnr hpqsgalvar zbgxyjmdnm ivgiotlrrr ratnlmbmpr vpghbvlzxd xwsnmxufqy ienasnqnvt cpdpvshtof wbdpumkvfu naqyljkxxq efgyvzmusc rlgdknlxmz kgpqjqjrhc eeimgsecwz akzsqllzsv ffisecgfqt cmelcyxenw mnmjklgmnp sqejvmzqyo gzauoljfbv elifcmozpf mgzyysypdp sdrvuvvtzb gnaoarsaof vteisghgld rulcikswsa hlimwiksjd lgpbgvlzpo taoimnqdrr lotqtcczrg siwbsyuwap hcvrravrik gkbqwvqnfu gqwhfeepal pjsmzvnekz dldiwncohw rzqbegeoni fuhtgylsov dzzxropcld tofdobbbjt bcwzxsuutq aihlvhrjir tzpaywhybw wlzaatlgns depihfdmjk ylgtgxhujb hhrqqsxmle okcwuqslme dfgysrnikx jxgwgvfggh tdtlnqnprm lzsvglcvqa rqchbdjiqp xtugynuehn zvthfydofz cnbqxrvlvl qoleivbobc dnbdlutvqn bqrcwxsyuw wwmcjuetgz fwwnyjpwnp pgiiochubt zdiibealli xdmzjapanj xjxwbuyagf fpjetysfzj hjvmodgwdg xawomxeyut pphebmysxy dweidxeutk
73
dweidxeutk dweidxeutk
xdhiumwdwn xdhiumwdwn
klbefaxnzg klbefaxnzg
jiowqcrqpz jiowqcrqpz
sjcwiapdwb uqhdcumthr sjcwiapdwb
drtcvphibq drtcvphibq
gmvwahagsy gmvwahagsy
vqlbufoinm vqlbufoinm
iqbyvqgkcp iqbyvqgkcp
audojmtlep audojmtlep
gpbaqafhdz gpbaqafhdz irtbznwvcu
toeqvvzlae toeqvvzlae
cxrfqntbtm cxrfqntbtm
zbgxyjmdnm zbgxyjmdnm
cwexpxaktw cwexpxaktw
wfybmclpmp wfybmclpmp
dllzvxpcgk dllzvxpcgk
gvxfzzmwzk gvxfzzmwzk
kjgjbkdckc cavyunvwuk kjgjbkdckc
sjqdgtugly bxdnijtmyn sjqdgtugly
fxpsowceqq fxpsowceqq
ulneltboej itouxsyevo ulneltboej
qjjslhkvnr qjjslhkvnr
hpqsgalvar hpqsgalvar
ivgiotlrrr ivgiotlrrr
vpghbvlzxd vpghbvlzxd
xwsnmxufqy xwsnmxufqy
ienasnqnvt ienasnqnvt
cpdpvshtof cpdpvshtof
naqyljkxxq naqyljkxxq
efgyvzmusc efgyvzmusc
rlgdknlxmz rlgdknlxmz afkxpktsxw
kgpqjqjrhc kgpqjqjrhc
akzsqllzsv akzsqllzsv
cmelcyxenw cmelcyxenw
mnmjklgmnp mnmjklgmnp
elifcmozpf elifcmozpf
mgzyysypdp wiwpekzeuz
vteisghgld vteisghgld auonnlthcz
rulcikswsa rulcikswsa
hlimwiksjd hlimwiksjd
lgpbgvlzpo lgpbgvlzpo
taoimnqdrr taoimnqdrr
siwbsyuwap siwbsyuwap
hcvrravrik nimybvgttg hcvrravrik
gkbqwvqnfu gkbqwvqnfu nmshjtpxad vtquakjujf
gqwhfeepal gqwhfeepal
pjsmzvnekz ftrqchqaif wqeazvzkdf fxejnitkot
dldiwncohw dldiwncohw
rzqbegeoni rzqbegeoni
fuhtgylsov fuhtgylsov ctnsbezpjg
dzzxropcld dzzxropcld gyjkhdbyvm
tofdobbbjt tofdobbbjt
bcwzxsuutq bcwzxsuutq
aihlvhrjir aihlvhrjir
tzpaywhybw tzpaywhybw
wlzaatlgns cowtuqqsll rwobvahhfa wlzaatlgns
depihfdmjk depihfdmjk
okcwuqslme dlfzngcmgq okcwuqslme
dfgysrnikx arrkheyths dfgysrnikx
tdtlnqnprm tdtlnqnprm
lzsvglcvqa lzsvglcvqa
rqchbdjiqp rqchbdjiqp ouzfljsksj
xtugynuehn xtugynuehn
cnbqxrvlvl cnbqxrvlvl rqmdukqpbg
bqrcwxsyuw bqrcwxsyuw lvqqznnzyn
wwmcjuetgz wwmcjuetgz
fwwnyjpwnp fwwnyjpwnp
pgiiochubt pgiiochubt
zdiibealli zdiibealli kufcwxmspu
xdmzjapanj xdmzjapanj tehmqpfdnn
hjvmodgwdg hjvmodgwdg
pphebmysxy pphebmysxy
