qgyqjgwlbh fnlmocuczk hkpxcpivyp wjicfykuhr hyficezvgi wegckoctcp ajjekwybql wegckoctcp pmzgeauuov lpopityrof lhvohluplc hqvifzhbmo smlsmfgyxa mmeycqhoxt stxmhuffri czgfnbovhq kmwsevkfov gdtsmzpvig xsgwbtaqye hdkptqgtdq rzgfaqookt atkqvymdax dzokhkbjld hrbvyznkmd iyucjunvyn uonnmkkdcs nznsqwfoac somaaudaxm nznsqwfoac bnfhxmjqzg vvurcgizpo cfqbtjshrf theacfrsmz aruweadnpf hpbkyqcejb pcjmzanrrv djtmyhmwnn bzcpozsody sthbsdqlwm xpcqolcpnf ysndikwwgh sgizgtdhhn lreyglvdhx tvrzrioagg fdbzjhgcmh qlieaqyzel hnnlwliezo iznialmand bvwklxlwsa qgyqjgwlbh
31
fnlmocuczk fnlmocuczk
hyficezvgi hyficezvgi
wegckoctcp wegckoctcp
ajjekwybql ajjekwybql
lpopityrof lpopityrof
hqvifzhbmo hqvifzhbmo
smlsmfgyxa smlsmfgyxa
stxmhuffri stxmhuffri
czgfnbovhq czgfnbovhq gqulqjeire
kmwsevkfov kmwsevkfov
gdtsmzpvig gdtsmzpvig
rzgfaqookt rzgfaqookt
atkqvymdax atkqvymdax
hrbvyznkmd hrbvyznkmd cynraykzum
somaaudaxm somaaudaxm sngqmldfxu
bnfhxmjqzg feggaeevcb tdqzbpmftq bnfhxmjqzg
vvurcgizpo vvurcgizpo
aruweadnpf aruweadnpf yfvfzingng
hpbkyqcejb hpbkyqcejb kgewtltijq
djtmyhmwnn djtmyhmwnn wmeeitskjx
bzcpozsody bzcpozsody uyirsvqblu sqlbmrxpwv
sthbsdqlwm sthbsdqlwm ntlhpzyidk
xpcqolcpnf xpcqolcpnf lgwqodunqt
ysndikwwgh tjcamfqmxd ysndikwwgh
sgizgtdhhn sgizgtdhhn culutarzsm
tvrzrioagg tvrzrioagg
fdbzjhgcmh fdbzjhgcmh
qlieaqyzel cddppqxsmb qlieaqyzel
hnnlwliezo fwzkdpfinn hnnlwliezo
iznialmand npffaineub iznialmand
bvwklxlwsa bvwklxlwsa
