Place102 Place72 Place174 Place171 Place99 Place16 Place156 Place168 Place172 Place198 Place17 Place95 Place127 Place181 Place147 Place151 Place26 Place98 Place10 Place68 Place31 Place175 Place127 Place82 Place120 Place24 Place164 Place114 Place144 Place107 Place190 Place45 Place27 Place178 Place27 Place112 Place104 Place139 Place21 Place163 Place23 Place96 Place129 Place128 Place83 Place142 Place7 Place102
44
Place102 Place18 Place33
Place72 Place72 Place182 Place197
Place174 Place174
Place171 Place74 Place140 Place171
Place99 Place6 Place137
Place16 Place16 Place56 Place152
Place156 Place156
Place168 Place28 Place77 Place81 Place145 Place168
Place172 Place135 Place172
Place198 Place1 Place198
Place17 Place110 Place166
Place95 Place86 Place95
Place127 Place47 Place127
Place181 Place146 Place181
Place147 Place41 Place50 Place147
Place151 Place151
Place26 Place26
Place98 Place59 Place98 Place106 Place116
Place10 Place10 Place97 Place100
Place68 Place68
Place175 Place71 Place75 Place117 Place175
Place82 Place25 Place79 Place82 Place124
Place120 Place120 Place148 Place185
Place24 Place24 Place39 Place42 Place108 Place176 Place186
Place164 Place80 Place164
Place114 Place32 Place114 Place115
Place144 Place144
Place107 Place3 Place107
Place190 Place13 Place55 Place58 Place190
Place45 Place20 Place45 Place76
Place27 Place27
Place178 Place153 Place178
Place112 Place57 Place112
Place104 Place104
Place139 Place139
Place21 Place21
Place163 Place163
Place23 Place8 Place23
Place96 Place96
Place129 Place125 Place129
Place128 Place128 Place155
Place83 Place83 Place118 Place150 Place199
Place142 Place142 Place196
Place7 Place7
