Place72 Place68 Place87 Place33 Place88 Place83 Place47 Place26 Place3 Place36 Place29 Place2 Place52 Place17 Place20 Place30 Place81 Place77 Place54 Place23 Place57 Place61 Place41 Place1 Place43 Place85 Place72
25
Place72 Place18
Place87 Place40 Place58 Place87
Place33 Place33 Place93
Place88 Place88
Place83 Place83
Place47 Place47
Place26 Place10 Place26
Place3 Place3 Place16 Place56 Place59 Place98
Place36 Place36 Place50 Place78
Place29 Place29
Place2 Place2 Place19 Place86
Place52 Place52
Place17 Place17 Place60 Place89
Place20 Place20 Place34
Place30 Place30
Place81 Place81
Place77 Place0 Place77 Place91
Place54 Place15 Place54
Place23 Place22 Place23
Place57 Place4 Place31 Place53 Place57 Place75
Place61 Place61 Place71
Place41 Place41
Place1 Place1
Place43 Place43 Place48
Place85 Place85
