node0 node1 node0 node7 node8 node10 node11 node13 node8 node7 node14 node21 node28 node29 node31 node32 node33 node32 node34 node29 node28 node35 node36 node38 node39 node40 node36 node35 node42 node44 node46 node44 node42 node35 node28 node21 node14 node16 node18 node17 node18 node19 node18 node20 node15 node14 node21 node23 node25 node23 node21 node14 node7 node0 node189 node182 node175 node176 node175 node168 node161 node162 node161 node154 node147 node140 node133 node126 node119 node112 node105 node98 node99 node101 node102 node103 node102 node104 node99 node98 node91 node84 node77 node70 node63 node64 node69 node67 node65 node63 node56 node57 node59 node60 node61 node60 node62 node57 node56 node49 node50 node52 node53 node54 node53 node55 node50 node49 node56 node63 node70 node71 node75 node74 node72 node70 node77 node78 node80 node81 node82 node78 node77 node84 node85 node87 node88 node89 node88 node90 node85 node84 node91 node92 node94 node95 node96 node92 node91 node98 node105 node106 node108 node109 node110 node109 node111 node106 node105 node112 node113 node115 node116 node117 node113 node112 node119 node120 node122 node123 node124 node123 node125 node120 node119 node126 node127 node131 node130 node132 node127 node126 node133 node135 node137 node135 node133 node140 node142 node144 node146 node141 node140 node147 node149 node151 node152 node148 node147 node154 node155 node157 node158 node159 node158 node160 node155 node154 node161 node163 node165 node163 node161 node168 node170 node172 node171 node172 node173 node172 node174 node169 node168 node175 node177 node179 node177 node175 node182 node184 node186 node184 node182 node189 node190 node192 node193 node194 node193 node195 node190 node189 node0 node2 node4 node3 node4 node5 node4 node6 node1 node0
68
node10 node10
node11 node12
node13 node13
node31 node31
node33 node33
node34 node34
node38 node38
node39 node41
node40 node40
node46 node45 node47 node48
node17 node17
node19 node19
node20 node20
node25 node24 node26 node27
node101 node101
node103 node103
node104 node104
node69 node69
node67 node66 node68
node59 node59
node61 node61
node62 node62
node52 node52
node54 node54
node55 node55
node75 node75
node74 node73 node76
node80 node80
node81 node83
node82 node82
node87 node87
node89 node89
node90 node90
node94 node94
node95 node97
node96 node96
node108 node108
node110 node110
node111 node111
node115 node115
node116 node118
node117 node117
node122 node122
node124 node124
node125 node125
node131 node131
node130 node129
node132 node132
node137 node136 node138 node139
node144 node143 node145
node146 node146
node151 node150 node153
node152 node152
node157 node157
node159 node159
node160 node160
node165 node164 node166 node167
node171 node171
node173 node173
node174 node174
node179 node178 node180 node181
node186 node185 node187 node188
node192 node192
node194 node194
node195 node195
node3 node3
node5 node5
node6 node6
