node0 node1 node3 node4 node5 node4 node6 node1 node0 node7 node14 node15 node19 node18 node16 node14 node21 node28 node29 node28 node30 node32 node30 node28 node21 node22 node24 node25 node26 node25 node27 node22 node21 node14 node7 node8 node10 node11 node12 node8 node7 node0 node42 node43 node47 node46 node48 node43 node42 node35 node36 node40 node39 node41 node36 node35 node42 node0
18
node3 node3
node5 node5
node6 node6
node19 node19
node18 node17 node20
node32 node31 node33 node34
node24 node24
node26 node26
node27 node27
node10 node10
node11 node13
node12 node12
node47 node47
node46 node45
node48 node48
node40 node40
node39 node38
node41 node41
