node0 node91 node84 node77 node70 node63 node56 node49 node42 node35 node36 node35 node28 node21 node14 node15 node14 node16 node18 node16 node14 node21 node22 node24 node25 node26 node25 node27 node22 node21 node28 node30 node32 node30 node28 node35 node37 node39 node40 node36 node35 node42 node43 node45 node46 node47 node46 node48 node43 node42 node49 node50 node52 node53 node54 node53 node55 node50 node49 node56 node57 node59 node60 node58 node56 node63 node64 node66 node67 node69 node64 node63 node70 node72 node74 node75 node71 node70 node77 node79 node81 node82 node78 node77 node84 node86 node88 node86 node84 node91 node93 node95 node96 node92 node91 node0 node7 node8 node13 node11 node9 node7 node0 node1 node5 node4 node6 node1 node0
30
node18 node17 node19 node20
node24 node24
node26 node26
node27 node27
node32 node31 node33 node34
node39 node38 node41
node40 node40
node45 node45
node47 node47
node48 node48
node52 node52
node54 node54
node55 node55
node59 node59
node60 node61 node62
node66 node66
node67 node68
node69 node69
node74 node73 node76
node75 node75
node81 node80 node83
node82 node82
node88 node87 node89 node90
node95 node94 node97
node96 node96
node13 node13
node11 node10 node12
node5 node5
node4 node3
node6 node6
