Egsmith Barnton Ashbourne Sudwich Wetwick Nortley Stainbrough Sudtree Wenwold Stainby Brackbrough Stainby Wenwold Sudtree Leathermere Sudtree Flitgrove Chelmbeck Cookford Shaftbage Egavon Sodey Egavon Wychbourne Wychnell Egtree Chelmden Egtree Wychnell Burfield Shaftbridge Penborne Staplake Wychbeck Chelmbeck Whithall Whittree Wenside Whittree Egsmith
28
Egsmith Waltditch
Barnton Barnton
Ashbourne Stapbeck Ashbourne
Sudwich Pemlow
Wetwick Wychsmith Wetwick
Nortley Nortley
Stainbrough Stainbrough
Sudtree Sudtree
Wenwold Wenwold
Stainby Stainby
Brackbrough Brackbrough Wenbeck
Leathermere Leathermere
Flitgrove Flitgrove
Chelmbeck Chelmbeck
Cookford Chelmwang Cookford Farnsmith
Shaftbage Ashdown Shaftbage Edgey
Egavon Egavon
Wychbourne Wychbourne
Wychnell Wychnell
Egtree Egtree
Chelmden Chelmden
Burfield Wywick
Shaftbridge Shaftbridge
Penborne Penborne
Staplake Staplake
Wychbeck Wychbeck
Whittree Alfchester
Wenside Wenside Burbourne
