Chelmbourne Shaftwich Chelmbourne Elgrove Staflow Cleredon Staflow Rocktree Cookbridge Rocktree Whitborough Horndown Whitborough Rocktree Barnden Shrivlow Flitham Enbage Prestey Sudwich Prestey Brainbridge Sodside Kingsbrook Dartsted Clerethorne Barnside Egwood Southstoke Barngrove Egborne Alfcastle Egborne Barngrove Stapwell Alfby Pembage Stainside Southmere Stainhall Durditch Barnden Rocktree Egcastle Melborne Pemwold Melborne Sudworth Wenwang Edgchester Bursted Stapwang Casford Alfwell Marlton Stapwold Chelmbourne
38
Chelmbourne Edgwich
Shaftwich Shaftwich
Elgrove Wenborough Waltbrook Staintree Elgrove
Staflow Staflow
Cleredon Cleredon Wyhead
Rocktree Stapmoor Pemwood Hurstworth Rocktree
Cookbridge Cookbridge
Whitborough Whitborough
Horndown Horndown
Shrivlow Shrivlow
Flitham Kingsley Flitham
Enbage Enbage
Prestey Prestey
Sudwich Sudwich Enlow
Brainbridge Brainbridge
Sodside Sodside
Kingsbrook Wenden
Dartsted Dartsted
Clerethorne Stapthorne
Barnside Barnside
Barngrove Hornley Bracklow Hartbage Prestdon
Egborne Egborne Cookton
Alfcastle Barnham Whitavon
Stapwell Stapwell
Alfby Leatherlake Elside Alfby Leatherlow
Stainside Whitover Stainside
Southmere Southmere Shrivside
Stainhall Stainhall
Durditch Durditch
Egcastle Egcastle
Pemwold Pemwold
Sudworth Sudworth
Wenwang Wenwang
Edgchester Edgchester Horncester
Bursted Bursted
Casford Casford
Alfwell Aldhall Alfwell
Marlton Marlton
