qtq gac blo sfp pjx ifc fsl apg wuf rwt ahv krg udq thz qbj kvz omf nfy iuz hef ooc yiz ooc brk hxp fne wiq fne nhr viv tro wpo htv uen ynq orc nhk unf vlt ptq ooi zye rod xax fgo fbz gud egz nkx qoe cxu zqn fib gup bpm qof lxt nya uen tnl plx ahv txr jxq lbs hhe suf tpa ase vaf ase mmf qls qlo qyi bwq lnv bwq qyi lfh cnv zgf uxr pxi uwp rju ahy ogr lah xos lah qnn tvy hxo yvu mhk wju qtq
63
qtq qtq
blo zgs
sfp sfp
pjx pta pjx
ifc ifc
fsl fsl
wuf wuf vsu
rwt wpq rwt
ahv ahv
krg krg kza uoz
udq pxs qbe pwa tmc qfc udq
thz txk thz
qbj dkn rut mnv qbj
nfy nfy
iuz bsz iuz
ooc idl ooc
yiz ili yiz
brk brk
hxp hxp
wiq wiq
nhr nhr slq
viv viv
tro tro tmd
wpo mbx
htv htv eqm jta
ynq ynq
orc hpb pkx orc
nhk nhk
vlt vlt
ptq ptq
ooi ooi
rod rod
xax xax
fgo fgo
egz vub bai egz gak cjp
nkx nkx
cxu cxu
zqn zqn
gup gup
lxt lxt
tnl tnl
plx plx
jxq itg
lbs zbn
hhe hhe rxi
ase ase
vaf vaf
qls qls
qlo qlo
bwq qjm
lnv lnv
lfh cpw lfh spp
cnv cnv
zgf zgf npu
uxr wuc uxr
uwp uwp
rju rju
ahy xdz jno thd ahy
lah lah uca
xos xos
qnn qnn
hxo hxo ukh
wju wju
