Soda Yolo Martin Yolo Bristol Keeler Pardee Anne Pardee Yolo Bret Kenilworth Latham Fresno Bowditch Fresno Latham Allston Solano Eunice Lewiston Eunice Marin Greenwood Heinz Russell High Columbia Shasta Columbia Menlo Bancroft Cutter Bancroft Menlo Colusa Fulton Florida Halkin Garber Tulare Park Drury Poplar Spring Mabel Summit Mabel Soda
30
Soda Browning
Martin Martin
Bristol Bristol Hospital
Keeler Keeler
Pardee Pardee
Anne Anne Arch
Bret Bret Forest Poppy Vermont
Kenilworth Kenilworth
Fresno Fresno
Bowditch Bataan Bowditch Haskell
Allston Allston
Eunice Eunice
Lewiston Edith Lewiston
Marin Madera Marin
Greenwood Greenwood Haste
Heinz Ajax Heinz
High High
Columbia Byron Columbia
Shasta Addison Domingo Shasta
Menlo Belrose Burnett Menlo
Bancroft Bancroft
Cutter Cutter Muir
Colusa Colusa
Fulton Fulton
Florida Florida
Tulare Haviland
Poplar Poplar
Spring Comstock Spring
Mabel Mabel Overlook Terrace
Summit Summit
