FD AU AC FU AC FG FK CM CG HH EE GN CO EK HM FY EZ FV EN DV BF DQ CE AX CE GX AY EM HP FA BQ FA BM HN DK AD ED GZ FR CT CW GF BY GA FP GQ GP HD EV FD
45
FD CU DP GO
AU AF AU BG DE GK
AC BV CK
FU FU
FG CA DM
FK DU
CM BT
CG AG CG
HH BO HH
EE EE
GN BA CC GN
CO CO
EK EK EX FO
HM EG ER FN
FY FY
EZ EZ FJ
FV FV
EN CB CF DA DN EN
DV HC
BF BF
DQ BK DB DQ
AX AX
GX CS FS GX
AY AM GD
EM AT AV EM ES FI GS HO
HP HP
FA ET FM GC
BQ BQ EW
BM AJ BM
HN FT
DK DK
AD AD AK BZ EY HR
ED DH EO GR
GZ GZ
FR FR
CT CT
CW CW
GF CI GF
BY HF
GA AZ BN CL GA
FP BE DC EJ EL FP
GQ BC DZ GQ
GP DF DI GP
HD HB HD
EV AW
