Warfield Ketsmith Pendingbrook Chedberdon Wyborne Cambingstoke Suddlecombe Ashfield Ketport Suddleborne Worhall Ashborne Tipwick Cannerthorne Stainbrough Fulbourne Stainbrough Ciditch Northall Ciditch Stainbrough Cannerthorne Soddlewick Falport Burglebrough Chedtree Siringwang Whitchester Ketsmith Warfield
22
Warfield Warfield Chilbury Brackcompwang
Pendingbrook Suddlecastle Chelmstanwell Pendingbrook
Chedberdon Hammerringey
Wyborne Cammerrensmoor Wyborne
Cambingstoke Cambingstoke
Suddlecombe Chippingsted Ellingreham Horstlescompstoke Basringney Suddlecombe
Ashfield Ashfield Millendon
Ketport Ketport
Suddleborne Suddleborne Skelling
Worhall Barndberbrough Windling Leatherbleside Dribbingworth Bastleseyham Worhall
Ashborne Hannenmanswick Ashborne Hamsling
Tipwick Tipwick
Cannerthorne Todtree Chedderrenswich
Stainbrough Worberbrook Stainbrough
Fulbourne Chiphead Southbasport
Northall Northall
Soddlewick Soddlewick
Falport Botherseyworth Pendlewood Cicombe Skellingden Falport
Burglebrough Burglebrough Elmansham Sudsmith
Chedtree Chedtree Suddleover
Siringwang Siringwang
Whitchester Whitchester
