Whitgrove Sodberling Ellerbridge Boothingchester Wycastle Bootwick Wycastle Boothingchester Ellerbridge Sodberling Bursmith Chelmdenmoor Ketnell Chelmdenmoor Southmere Chelmdenmoor Ketnell Sundcompney Prestwick Wychchester Waltbeck Cannerthorne Sirenshall Hampingbascombe Wetwick Maidendstoke Hampingcastle Eley Reddingtree Staindledown Endingnell Toddenmerbrough Casbrook Toddenmerbrough Endingnell Staindledown Cookfield Wychditch Stainbrough Worford Hamscombe Alfmere Hamscombe Worford Falderseythorne Penby Falderseythorne Worford Dribberham Worford Falderseythorne Durbrook Falderbrough Warsmith Ciborough Warsmith Falderbrough Toddlesdon Falderbrough Warsmith Sundlethorne Abgleham Alddleringworth Worhall Hannersmith Shaftborough Wychcompwold Shaftborough Faldenhall Wethampton Egsted Marlcester Nortwell Waltbasmere Stafcombe Tippenbrook Suddenmoor Melwood Reddensden Cirerham Dartden Shaftwick Hurstdown Tippingtree Enderbeck Sifield Abcester Egbeck Skellenshot Cihead Aldtree Ribbenhall Boothingmanstree Ribbenhall Bromstanham Milthorne Bromstanham Sodberling Whitgrove
61
Whitgrove Dribblecombe Whitgrove
Sodberling Sodberling
Ellerbridge Worrenberwang Watchlake Ketchester Ellerbridge Suddingover Farndlesover
Boothingchester Chedworth Sundendford
Wycastle Wycastle Botbeck
Bootwick Bootwick Tippingbage Todhampton
Bursmith Bursmith
Chelmdenmoor Bothenton
Ketnell Staplow Ketnell Toddenmoor
Southmere Farnditch Southmere Ribberrenston
Prestwick Prestwick
Wychchester Wychchester Siey
Waltbeck Waltbeck
Cannerthorne Bastlebury Cannerthorne
Sirenshall Sirenshall Emmerley
Hampingbascombe Hampingbascombe
Wetwick Wetwick
Hampingcastle Hampingcastle Basditch Redcombe
Eley Eley
Reddingtree Stapbrough Endleberey
Endingnell Endingnell
Toddenmerbrough Tipstoke
Casbrook Casbrook
Cookfield Hamwold
Wychditch Rothendcombe Abglewold
Stainbrough Wendleringdown
Worford Hampingworth Worford Rotherlow
Hamscombe Skelberden
Alfmere Alfmere
Falderseythorne Falderseythorne
Penby Penby
Dribberham Dribberham
Durbrook Sodport Durbrook
Falderbrough Southbury Marlbrook
Warsmith Wetsmith Horsnell Elside Skellingover Horstleover
Sundlethorne Blansbrook Sundlethorne
Abgleham Siavon Abgleham
Alddleringworth Leatherport Bothenhall
Worhall Worhall Reddendeney
Hannersmith Tippendham
Shaftborough Shaftborough
Wychcompwold Wychcompwold
Faldenhall Faldenhall
Wethampton Wethampton
Egsted Egsted
Marlcester Marlcester
Nortwell Nortwell
Tippenbrook Tippenbrook
Suddenmoor Egmerhampton Suddenmoor Staincombe
Melwood Candleswick Melwood
Cirerham Wolley
Dartden Dartden
Hurstdown Falworth
Enderbeck Enderbeck
Sifield Sifield
Abcester Abcester
Skellenshot Skellenshot
Cihead Cihead
Boothingmanstree Boothingmanstree
Bromstanham Bromstanham Clereennell
Milthorne Rothingcombe Whitringlake Milthorne
