0 15 31 47 31 45 60 75 76 77 78 77 92 108 123 124 123 108 92 91 107 122 106 90 75 60 45 30 15 0 1 2 18 19 4 5 6 7 6 5 20 35 20 36 52 68 53 54 40 25 10 11 12 11 10 25 41 56 71 70 85 86 87 103 104 103 87 86 85 84 83 82 81 80 95 80 65 64 62 48 33 17 16 0
41
0 0
15 15
31 31 46
47 47
45 45
75 75
76 76
78 78
92 93
108 108
124 109 124
122 122
106 106 120 121
90 90 105
30 30
18 3 18
19 34
5 5
7 7 8 23
20 20
35 35
36 36 50 51
52 52
68 68
40 40
25 25
10 10
12 13 28 73
41 41 55 57
56 56
71 71
70 70
85 85 100 115 116
87 88
103 103
104 119
84 98
83 83
80 80
95 95 110 111
48 63
