0 18 185 56 116 6 153 110 44 182 52 159 61 24 33 184 128 134 156 46 97 40 83 14 83 60 59 10 59 125 141 152 130 87 29 44 173 84 89 108 102 21 11 157 139 183 1 170 103 170 2 136 146 136 85 19 74 126 111 51 150 69 150 22 118 186 105 81 121 30 175 106 86 8 26 176 99 85 0
59
0 49
18 18
185 27 185
56 98
116 32 75 116 120
6 6
153 38
44 44 67
182 77 96 182
159 109 159
61 9 117
24 24 138
184 184
128 128
134 134 137
156 25 156 168
97 36
83 83
14 14 178
60 104
10 10 12 100
125 125 133
141 4
152 20
130 130
87 87
29 47 95 119
173 173
84 42 65
89 89
108 108
102 102
157 50 70 157
139 139
183 155
170 170
103 28 103 145 163 194
136 91
146 146
85 85 160
19 19
74 63 74
126 126
111 111 149
51 51 79
69 69
22 22
118 17 31 48 64
186 180 186 193 197
105 58
81 78 81
121 121
175 175
106 106
86 199
8 39 151 166
26 26 179 196
176 176
99 99
