location0 location48 location0 location33 location19 location37 location14 location7 location16 location68 location10 location8 location45 location8 location10 location20 location38 location6 location43 location3 location42 location34 location39 location61 location29 location98 location64 location40 location31 location15 location5 location9 location87 location32 location0
29
location0 location17 location47
location48 location18 location48
location33 location28 location33
location19 location19
location37 location35 location37
location14 location14
location7 location7 location24
location16 location16
location10 location10 location36
location8 location8
location45 location45 location50
location20 location20
location38 location23 location38
location6 location6
location43 location26 location43
location3 location3 location27
location42 location2 location42
location34 location21 location22 location34
location39 location39 location41 location46
location61 location44
location29 location1 location11 location29
location98 location4
location64 location25
location40 location40
location31 location31
location15 location15 location49
location5 location5 location13
location9 location9 location12 location30
location32 location32
