location0 location63 location8 location63 location6 location83 location126 location159 location169 location159 location126 location39 location68 location81 location198 location158 location16 location46 location9 location151 location143 location151 location93 location66 location127 location28 location41 location89 location41 location10 location18 location92 location150 location22 location44 location51 location2 location42 location45 location74 location2 location170 location184 location40 location91 location90 location30 location84 location99 location78 location49 location48 location183 location80 location87 location20 location50 location171 location97 location33 location97 location64 location3 location105 location52 location60 location5 location60 location12 location148 location25 location4 location75 location1 location79 location173 location196 location94 location0
63
location0 location11 location55 location57
location63 location63
location8 location8
location6 location6
location83 location83
location126 location34 location62 location67
location159 location58 location86
location39 location39 location47
location68 location23 location68
location81 location81
location198 location100
location16 location16
location46 location46
location9 location9 location77 location98
location151 location13 location27 location31 location35 location88 location96
location143 location21 location82
location93 location93
location66 location66
location127 location19
location28 location28
location41 location41
location89 location89
location10 location10
location18 location18 location59
location92 location43 location92
location22 location22 location76
location44 location44
location51 location51
location2 location2
location42 location24 location42
location45 location45
location74 location74
location184 location56
location40 location26 location40 location71
location91 location91
location90 location32 location90
location30 location30
location84 location84
location99 location99
location78 location78
location49 location49 location85
location48 location48
location183 location69 location70
location80 location80
location87 location72 location73 location87
location20 location20
location50 location50 location53
location97 location97
location33 location33 location65
location64 location15 location64
location3 location3
location52 location52
location60 location14 location54 location60
location5 location5 location7
location12 location12 location29
location148 location36 location37
location25 location25 location38 location95
location4 location4
location75 location61 location75
location1 location1
location79 location79
location173 location17
location94 location94
