SantaClarita Carrollton GardenGrove Carrollton Stockton SanDiego Stamford SanDiego Henderson Portland Sunnyvale Hartford Washington RanchoCucamonga Cary Orlando OklahomaCity StPetersburg Newark Alexandria Bellevue Fontana Fayetteville Independence SiouxFalls Independence Modesto Memphis Thornton Huntsville Carrollton SantaClarita
23
Carrollton Concord Carrollton
GardenGrove Victorville GardenGrove
Stockton Allentown Indianapolis PembrokePines Omaha Stockton Austin Pomona Wichita
SanDiego LexingtonFa Waco StLouis Paterson
Stamford Stamford
Henderson Henderson
Sunnyvale Sunnyvale Visalia Surprise
Hartford Ontario Boston LongBeach LouisvilleJefferson Hartford
Washington WestValleyCity Washington
RanchoCucamonga RanchoCucamonga
Orlando Orlando Brownsville
OklahomaCity LosAngeles Lafayette OklahomaCity
StPetersburg StPetersburg
Newark Newark
Alexandria Garland Worcester Alexandria
Bellevue Bellevue
Fontana Scottsdale
Fayetteville Fayetteville
Independence Independence
SiouxFalls SiouxFalls
Memphis Yonkers
Thornton Midland NewportNews Beaumont
Huntsville Huntsville Shreveport
