Plano SantaClara Irving SantaClara Rockford Riverside Tallahassee Cincinnati GrandRapids Irvine Alexandria Detroit AthensClarkeCounty AugustaRichmond HuntingtonBeach Hartford NewOrleans Surprise Greensboro Surprise Corona HuntingtonBeach SimiValley HuntingtonBeach Cary Rochester SanFrancisco Warren MorenoValley Norman Kent Atlanta Cleveland Denver Mesa OWO Chesapeake WinstonSalem Waco Wichita Chesapeake Charleston Memphis Montgomery Richmond Omaha Jackson AnnArbor Durham Lakewood Anchorage Thornton Salinas Chattanooga Salinas CedarRapids GardenGrove CedarRapids SanAntonio NewHaven Birmingham Indianapolis Fremont Madison Fremont CorpusChristi SantaClarita NewHaven Davidson SanAntonio Chicago Raleigh Glendale Tampa Hialeah Laredo FortCollins Allentown Stamford Glasses Fontana Escondido LosAngeles Lancaster Lafayette JerseyCity Fayetteville PembrokePines Lincoln SantaAna LouisvilleJefferson AnnArbor Vallejo Clyde Cary Amarillo SantaClara Plano
63
SantaClara SantaClara
Irving Irving
Rockford Rockford
Riverside Riverside
Tallahassee Hampton Miami
Cincinnati Olathe Cincinnati
Irvine LittleRock Irvine
AugustaRichmond AugustaRichmond
HuntingtonBeach HuntingtonBeach
Hartford Mobile Dallas Hartford Worcester
NewOrleans NewOrleans
Surprise Surprise
Greensboro Greensboro
Corona Corona Brownsville
SimiValley SimiValley
Cary OklahomaCity Cary
SanFrancisco SanFrancisco
Warren Warren
MorenoValley MorenoValley Pasadena
Norman Sunnyvale Norman
Kent Vancouver Beaumont
Atlanta Oxnard Atlanta
Denver Denver Hayward
Mesa Mesa
OWO OWO
Waco Ontario Waco
Wichita Wichita
Charleston Charleston
Memphis Memphis
Montgomery Montgomery
Omaha Garland Omaha
AnnArbor FortLauderdale StLouis AnnArbor
Lakewood Mesquite
Anchorage Anchorage
Thornton Thornton
Salinas Salinas
GardenGrove GardenGrove
SanAntonio Houston SanAntonio
NewHaven NewHaven
Fremont Fremont
Madison Madison Knoxville SanBernardino
CorpusChristi Pomona CorpusChristi
SantaClarita SantaClarita
Davidson Davidson
Chicago Chicago
Raleigh Denton Raleigh
Glendale Glendale
Tampa Portland ThousandOaks McAllen Tampa
Hialeah GrandPrairie
Laredo Laredo
FortCollins SiouxFalls FortCollins SantaRosa
Allentown Allentown Killeen
Stamford Stamford
Glasses SanJose Glasses
Fontana Hollywood
Escondido Escondido Akron
Lancaster Lancaster Torrance Elizabeth
Lafayette Huntsville Lafayette
JerseyCity JerseyCity Anaheim Pikachu
Lincoln Lincoln
LouisvilleJefferson Tulsa Norfolk LouisvilleJefferson
Vallejo Vallejo
Clyde LasVegas
