0 185 23 156 175 128 175 117 115 152 129 137 17 184 57 52 78 38 74 90 163 190 87 89 98 136 9 157 35 172 67 87 43 159 43 146 163 8 37 101 37 108 20 108 166 100 12 46 84 131 62 69 62 80 112 123 193 17 5 6 15 117 175 119 175 173 54 173 175 156 0
48
0 0
23 23 153
175 70 125 143
128 28 65 81 128 187
117 13 14
115 107 115
152 24 152
129 47 129
137 137
17 17 50 94 96 114 197
184 72 184
57 66
52 52 199
78 78 177
38 38
74 22 74 86
90 102 133
163 1 154
190 21 116 190
87 11 83
89 89 151
98 98
9 4 9 31 103 130
157 157
35 3 35
172 134 172
67 56 67 183
43 43
159 141 159
146 146
8 8 71
101 18 68 101
20 20
166 166
100 100
12 26 33 120 164
84 84
131 93
69 51 69 167
80 80
112 111 182
123 59 158
193 27 39 193
5 5 160
6 138
15 15 16
119 2 42 174
173 173
