13 62 158 199 104 115 156 168 105 181 174 106 163 21 170 81 154 145 182 130 133 113 183 157 166 176 173 82 127 75 139 171 197 141 169 150 137 150 107 122 100 178 152 198 108 33 189 56 159 52 128 69 110 17 184 190 142 67 190 155 136 121 118 78 125 120 193 172 35 13
56
62 101 124 126
158 158
199 132 149 199
104 104 116
115 115 167
156 156
168 102 138 168 191
105 105 112 129
181 140 180 181 194
174 174
106 106 148 188
163 163
21 179
170 170
154 111 134 154
145 135 145
182 117 182
130 114 130
133 133 162
113 113
183 183
157 157 164 192
166 166
176 176
173 160 173
127 109 127
139 139
171 151 171 185
197 197
141 141 144
169 119 169
150 150 153
137 137
107 107 143
122 122
100 100
178 147 178
152 152
198 198
108 108
33 123 131 187
189 189
159 159 161 165
128 128
110 110
184 184
190 175 186 190 195
142 142 146
155 103 155 177
136 136 196
121 121
118 118
125 125
120 120
193 193
172 172
