vLeODpVlYSBeYNDYoXha uyPyJzKFqWxgSNmpkDrB zxeoSbTqbWPpSzalAtBI MlwlINEFqmyzZNPXRLJF tVzUgXVoBYxBMnkkwFmk ZbyHJLmoTqNpTnlUVJZC gMqbbwopmbxmOomqZjfm CmbFyJmcvVqyCmJgQxeI fHcdXnOxSadpKeCUwNYm fvEcAuRDdfuHEPLNpaTz pXmHARurXTsCnWboCjaq NciLXNPTvMoXdbTDZmlg gIttwvzcgONwFblnGIqq gzxzakmqbxbsOczuQVLG wRjMmrpRuknxqunJrMAE DqUxIMslnixWfmkjQTmS wRjMmrpRuknxqunJrMAE iBjjCWwkYToOKfrrLnny wRjMmrpRuknxqunJrMAE DqUxIMslnixWfmkjQTmS ajvbaFpYiEBJySPsSLaI fToHwimUqLsKcKLZHiUX ajvbaFpYiEBJySPsSLaI sBkAYRISjTYinLFSNcKW vGdJmIpYPUGRspXiVLdc fPxvnMVMFwhJbNBURdgD VhDSPHxolLkNxxDnpUyx mevvwcZLudaokctOWvKe mlipOrSnGcxXtoXBbRyl iDucfyZGMCbCQbXjbQqM jzQJaGLLiuQLhhyqBagr iBYHAWUhqeQPjphQzpdN mevvwcZLudaokctOWvKe VhDSPHxolLkNxxDnpUyx jwIBHKkXHTPVsOJwBOsr FEqXJcVrZfnSsHEUPhnl WCCOEUYmDvzZlrkDAqoi xQaDpDGAXhDYzSMnMWvb TwgqMzgExFHTIfcwfBnr cZgmtoPGHxdozTaDMiyf DWWCMAjZQQIEKOIiHFQN aWvnTxwRCeZSoCnPnhDt ZjjqpiSiaWnmxJgUtucv aCucdhmWbhlrgfstQigR ZbyHJLmoTqNpTnlUVJZC TCAkluAESUWAMGFeNcGN OVoYVQPnlYoZBBKtyuLk WWpSpmTaSazKGIcNlBvp EWpsBSEfAOWAjikCpvhc qbmGewAditsWkTFHdxjP cvlwIwajcIlbhZbyFgmq qbmGewAditsWkTFHdxjP LOMgYipCQQXQnRqEqRwO vLeODpVlYSBeYNDYoXha
34
uyPyJzKFqWxgSNmpkDrB ybrQlUhznqOhsvndWAbl uyPyJzKFqWxgSNmpkDrB
zxeoSbTqbWPpSzalAtBI zxeoSbTqbWPpSzalAtBI dyUDfEGgAoSshTRjMZZg pdXCnKagnvEntNTuPHdK
MlwlINEFqmyzZNPXRLJF MlwlINEFqmyzZNPXRLJF
tVzUgXVoBYxBMnkkwFmk tVzUgXVoBYxBMnkkwFmk
gMqbbwopmbxmOomqZjfm AdXveYSBaneNwCQzrdSw QkAjrUUuVdzSMnlfJLcO NAHeKyyhAObyyUEUSkSU UgFPXEAdAfcfHGIbNTsq gMqbbwopmbxmOomqZjfm
CmbFyJmcvVqyCmJgQxeI CmbFyJmcvVqyCmJgQxeI
fHcdXnOxSadpKeCUwNYm fHcdXnOxSadpKeCUwNYm
fvEcAuRDdfuHEPLNpaTz fvEcAuRDdfuHEPLNpaTz sXfgLMwoysnMazVSWnhc
NciLXNPTvMoXdbTDZmlg NciLXNPTvMoXdbTDZmlg
gIttwvzcgONwFblnGIqq gIttwvzcgONwFblnGIqq
gzxzakmqbxbsOczuQVLG gzxzakmqbxbsOczuQVLG gEufXNuuWhnlbNYaoQFJ
DqUxIMslnixWfmkjQTmS DqUxIMslnixWfmkjQTmS TqyFrXuGvuBuqnpYbjKc
iBjjCWwkYToOKfrrLnny iBjjCWwkYToOKfrrLnny
fToHwimUqLsKcKLZHiUX fToHwimUqLsKcKLZHiUX
sBkAYRISjTYinLFSNcKW sBkAYRISjTYinLFSNcKW
fPxvnMVMFwhJbNBURdgD fPxvnMVMFwhJbNBURdgD
VhDSPHxolLkNxxDnpUyx VhDSPHxolLkNxxDnpUyx PLDOWRIeaCSVLMyDadzC
mevvwcZLudaokctOWvKe FcEsyaTmqpoyvbDrHjlc
mlipOrSnGcxXtoXBbRyl NVEtShKeuxpaFIOiyVqE mlipOrSnGcxXtoXBbRyl
iDucfyZGMCbCQbXjbQqM CfkBzkPETvagyIDCsLTD iDucfyZGMCbCQbXjbQqM
jzQJaGLLiuQLhhyqBagr jzQJaGLLiuQLhhyqBagr
iBYHAWUhqeQPjphQzpdN iBYHAWUhqeQPjphQzpdN
jwIBHKkXHTPVsOJwBOsr jwIBHKkXHTPVsOJwBOsr
FEqXJcVrZfnSsHEUPhnl ASXwCgVTXDdhSXJwFovC
WCCOEUYmDvzZlrkDAqoi WCCOEUYmDvzZlrkDAqoi
xQaDpDGAXhDYzSMnMWvb xQaDpDGAXhDYzSMnMWvb
TwgqMzgExFHTIfcwfBnr TwgqMzgExFHTIfcwfBnr
cZgmtoPGHxdozTaDMiyf cZgmtoPGHxdozTaDMiyf
DWWCMAjZQQIEKOIiHFQN DWWCMAjZQQIEKOIiHFQN
aCucdhmWbhlrgfstQigR BXzACdzjLITNgbmDPlEu aCucdhmWbhlrgfstQigR
OVoYVQPnlYoZBBKtyuLk CPszTohYUHARNedzFlDK OVoYVQPnlYoZBBKtyuLk
WWpSpmTaSazKGIcNlBvp ruLqpYqEzGGiKysvsarb
qbmGewAditsWkTFHdxjP QQSjCkgLAWAPObYQvNsB RjKEHTlRvtaVBbyqZVAw
cvlwIwajcIlbhZbyFgmq cvlwIwajcIlbhZbyFgmq
