wNqlpYNsRbJEgiGpKxrU lbWonvEbeplndKguSTkk igyeOiSdezmmXGTwMzLw lbWonvEbeplndKguSTkk shaRjZRSPDzVXmetmolj scpUkbcaYSAsHhSktebT EEeDJaHeajXXlwYcHTeJ MBJqOYmxhUYbldNVEdRy EEeDJaHeajXXlwYcHTeJ efZntVbfQTvIUOiRNPSH shugRMnaHVqQSmKaNBgu NJZlnWyeJFrkOwoqHKtT yRQdlZBUBAPypebnrlAH DpztIuGTRpGuLsdlODJw QyXpliHSeQOPIsurIcpa CvZkdIYtdeDHtwufupie UIlSMnVKIdNiXZNSiHsI oDgfEuAVpeOlkkTIMDLw iVjkcMenotYGMFEBTvoa gFUGYXSirCYiFTivWNah RlHeRhvUOhGhZVGGJuED eiLPqIroFfCGzqSAlzAp twwHXGyTBfZUDOGVnCzA lIpVoDPUIfHCPpjswogJ yscsUFTNNyaVMKBztBdV EhDFVLWZueLOrdjEOzEQ QeYNNLpZMBxyiFbZMPFY oKHxHZxgXgKSVZAEEVVZ wlySPverjehsBxldyigf SitzoubgYFeTjmkLjVPz eCBFrcppbiLzdGQubocl ubMKewvRqrviLcycMHcN ihxEqMQIIvyQmtrtMjeO edlAtPQdNXJQPCIzpkyX qoaNjvaRghiMQXaVEoQe joWAhkfNqIEECnBeulGl GMxGouyyndiUBMqMdOoc jUSlIFtitQxyvVLJjiCc XPPBMlNyfVVeZGIzTCEW yYaxxtTIkvUeyUpwOvuY shugRMnaHVqQSmKaNBgu wvSJDoqoPGAkYgSuPFPw UdSbtwxTqTJxOiUoxEqw eOfnBeTgmYCNEnRUhlEK eCBFrcppbiLzdGQubocl ZwvojvRdUOYNJXIwAqgC uUKZHvHmBrpBHjYWNaUL MBJqOYmxhUYbldNVEdRy EEeDJaHeajXXlwYcHTeJ CMyhrOeiLyytYlFYZldw EEeDJaHeajXXlwYcHTeJ MBJqOYmxhUYbldNVEdRy QePOUWiXcAUCoHETxuGS gDYKDrbERUXTnCayjBrC qDLPWLkWayzdxIYSKLER efZntVbfQTvIUOiRNPSH SiOEBWtHUiopSvDVOkjb JvFxbsySBAiFiOUrzrBi scpUkbcaYSAsHhSktebT FYfGkhtzhjqJHqxmUsVx kwPuYZgJgVVJfdBGUtPw ktVPibAaeaNHuNYSLNYb FWnudSYFvYQJHehOpEKf YTwycpmzEWCqqTELtzXc aGPbLNWYAMujnfHCTCMo lSJjEsqamUCgRZdCmdyI oZXYedlbtBLmkfoVmgta lbWonvEbeplndKguSTkk wNqlpYNsRbJEgiGpKxrU
52
lbWonvEbeplndKguSTkk lbWonvEbeplndKguSTkk qfRRtdRbhYJBARMfPlZM
igyeOiSdezmmXGTwMzLw oKAKfpUUuLItChLyByFh KcrnMnFDTrBKaUaGpdLY igyeOiSdezmmXGTwMzLw NYdfLxXxFVvLEbDKzXWn
scpUkbcaYSAsHhSktebT scpUkbcaYSAsHhSktebT JVONrXhhmtFWhFfDiOXW kyApsCeFkLoLFCdkazaE
EEeDJaHeajXXlwYcHTeJ juzxSpUVuccJUMBOcJjO EEeDJaHeajXXlwYcHTeJ oLMkSrYLQRLHmPiuLCTC
MBJqOYmxhUYbldNVEdRy PZwTcKCPsEmpxetNZvef hLaNXBYgTzgUhvjmqUTu NzDQJknJPDEkcwCHzzbF MBJqOYmxhUYbldNVEdRy CbGuHgZfQMmSOfHDFJnK
efZntVbfQTvIUOiRNPSH efZntVbfQTvIUOiRNPSH
shugRMnaHVqQSmKaNBgu shugRMnaHVqQSmKaNBgu IvXQutSorlqOgnSVAIUd vTbNxpVTEoFlSjvvVvfG
NJZlnWyeJFrkOwoqHKtT xgBrJmdXVwtxgRuCBhMe NJZlnWyeJFrkOwoqHKtT
yRQdlZBUBAPypebnrlAH DZEpVGVXkxHljziwItaS ccdJRKiTXwIErdhSIxfh
DpztIuGTRpGuLsdlODJw DpztIuGTRpGuLsdlODJw
QyXpliHSeQOPIsurIcpa ANDviqMIuFwdcboQDprt NPSPGRTNRcKKVpsBRSwh QyXpliHSeQOPIsurIcpa XvUPApTFkqaSSizYsCIr
CvZkdIYtdeDHtwufupie syonLisTOSczosCwoILE CvZkdIYtdeDHtwufupie ZXihCBEQBTdisqSlEMsj szyiMlKhtyOynWjcoMsm oHoxoLeyDYnKZDzgMtxI
UIlSMnVKIdNiXZNSiHsI eobSFtKBbBdcVrTOREdK fgzJCwocQniGlXAZHJId bEfUXCTlwRBndElSbPGf UIlSMnVKIdNiXZNSiHsI
oDgfEuAVpeOlkkTIMDLw mgNeYYUOPKpLeiVEFIXd ADVVlRLpnspleRTgeTdu
iVjkcMenotYGMFEBTvoa cMYyKTXGNKnFzrpwnXUl VIPPawblKbhOVWrmrWBx
gFUGYXSirCYiFTivWNah zNRhhVdMWUgTnnqmAfeY gcXUxTVUZWsOwtRNeDDa nreoVgWrBhNXFZgTBlXO ayQgUwyRuQVKeyFLPNbQ erZKLqpCZsYKDnOCaBGq
RlHeRhvUOhGhZVGGJuED RlHeRhvUOhGhZVGGJuED jznspKyqlmxZtgfQUJVB
eiLPqIroFfCGzqSAlzAp eiLPqIroFfCGzqSAlzAp
twwHXGyTBfZUDOGVnCzA NIJaJxCurulNUdZZMxFk
lIpVoDPUIfHCPpjswogJ WMWBpOSnHGywZjCgaYyY cwgJAHVpCCTmuckJkncL nCedHqGgdWAicwyuYWpg
yscsUFTNNyaVMKBztBdV yscsUFTNNyaVMKBztBdV
EhDFVLWZueLOrdjEOzEQ aIuYyryCOUGVeCAqbqkg EhDFVLWZueLOrdjEOzEQ
QeYNNLpZMBxyiFbZMPFY QeYNNLpZMBxyiFbZMPFY
oKHxHZxgXgKSVZAEEVVZ ZauPfhkpsGmhbvkhkltR
wlySPverjehsBxldyigf wlySPverjehsBxldyigf pzrGQEObzJGPnfATEYDc
SitzoubgYFeTjmkLjVPz SitzoubgYFeTjmkLjVPz
eCBFrcppbiLzdGQubocl TEPaiCedHTXapLxoBXMp vIbIQYXZnmYrooTLYNtu
ubMKewvRqrviLcycMHcN xlbpuxAjoVPJWPCWBEkJ imEmCMbYEtZJJkwxkSDD
ihxEqMQIIvyQmtrtMjeO ihxEqMQIIvyQmtrtMjeO EmbDgEECbkHbfAfHCgwB
edlAtPQdNXJQPCIzpkyX edlAtPQdNXJQPCIzpkyX
qoaNjvaRghiMQXaVEoQe kqcEdfKLaRzxOhAIzchh QjbdwbUnopENkiNyqirZ VRpSthoDcomqMDsGoVql
joWAhkfNqIEECnBeulGl joWAhkfNqIEECnBeulGl
GMxGouyyndiUBMqMdOoc GMxGouyyndiUBMqMdOoc
jUSlIFtitQxyvVLJjiCc bFmSeBrfNuxjYPUDCLYq jUSlIFtitQxyvVLJjiCc
XPPBMlNyfVVeZGIzTCEW XPPBMlNyfVVeZGIzTCEW
yYaxxtTIkvUeyUpwOvuY pMOSpTzPTPLXHLOQMjnt
wvSJDoqoPGAkYgSuPFPw wvSJDoqoPGAkYgSuPFPw
UdSbtwxTqTJxOiUoxEqw UdSbtwxTqTJxOiUoxEqw
eOfnBeTgmYCNEnRUhlEK eOfnBeTgmYCNEnRUhlEK
ZwvojvRdUOYNJXIwAqgC ZwvojvRdUOYNJXIwAqgC
uUKZHvHmBrpBHjYWNaUL wfEFdNDcColoskjTjcLm HeWrJOKsDjgdrcamgZLN
QePOUWiXcAUCoHETxuGS QePOUWiXcAUCoHETxuGS XtZHoAxqEyzvMChzPHpN
gDYKDrbERUXTnCayjBrC gDYKDrbERUXTnCayjBrC
qDLPWLkWayzdxIYSKLER NtyLZDOaSczVvOGdocUp
JvFxbsySBAiFiOUrzrBi wuSVWJYvpiWaQAHXocSG JvFxbsySBAiFiOUrzrBi
FYfGkhtzhjqJHqxmUsVx zHPSSEtFTQIbLYMdHqgP
kwPuYZgJgVVJfdBGUtPw kwPuYZgJgVVJfdBGUtPw
FWnudSYFvYQJHehOpEKf fpoTaBKmVdlDCxFwCFoz FWnudSYFvYQJHehOpEKf
YTwycpmzEWCqqTELtzXc YTwycpmzEWCqqTELtzXc
aGPbLNWYAMujnfHCTCMo aGPbLNWYAMujnfHCTCMo
lSJjEsqamUCgRZdCmdyI lSJjEsqamUCgRZdCmdyI
oZXYedlbtBLmkfoVmgta oZXYedlbtBLmkfoVmgta svUOWvTJLneAqJGnExpc
