0 93 23 44 86 10 54 32 81 76 40 53 16 80 16 88 68 90 31 25 13 43 66 72 29 50 67 27 38 76 99 89 78 57 11 48 0
34
0 18 58
93 15 20 77 93
23 6 8 23 69 94
44 44 60 75 96
86 30 86
10 2 5 10
54 54 56 79
32 32 42
81 26 36 81
76 14 61 63 76
40 24 40 71
53 49 53 62 73
16 16 37
80 41 80 87
88 17 19 21 88 92
68 22 35 47 68
90 12 55 90
31 31 65
25 25 46 70 91 98
13 3 13 74
43 4 34 43 59 83
66 7 33 39 66 82
72 9 72
29 29
50 45 50
67 67
27 27 52 97
38 38 84
99 28 95 99
89 89
78 51 78
57 57 85 100
11 11 64
48 1 48
