Soda L88 Soda L63 L89 L81 L80 L34 L56 L8 L1 L50 L10 L23 L25 L41 L70 L39 L46 L14 L82 L66 L84 L6 L36 L67 L87 L67 L55 L2 L20 L12 L94 L16 L35 L29 L26 L73 L18 L75 L85 L5 L30 L5 L92 L61 L72 Soda
35
L63 L63
L89 L89
L80 L64 L80
L34 L97
L56 L56 L69
L8 L8
L1 L1
L50 L50
L10 L10
L23 L23
L25 L25 L95
L41 L41
L39 L39
L46 L46
L82 L82
L66 L52 L66
L84 L84
L6 L6 L51
L36 L36
L67 L11 L67
L87 L87
L55 L55
L2 L2
L12 L12
L94 L3 L94
L16 L16 L21 L31
L35 L35
L29 L19 L29 L98
L26 L26
L18 L18 L83
L75 L75
L85 L15 L57 L85 L91
L5 L5
L30 L30
L92 L92
