Soda L62 L183 L169 L133 L145 L103 L163 L74 L189 L14 L89 L20 L60 L9 L120 L0 L150 L35 L188 L94 L47 L151 L171 L45 L173 L70 L192 L71 L192 L167 L37 L165 L191 L101 L108 L92 L151 L122 L193 L198 L43 L68 L143 L2 L117 L98 L6 L24 L186 L77 L40 L34 L177 L52 L177 L39 L177 L12 L51 L113 L102 L59 L164 L5 L32 L107 L149 L111 L44 L75 L158 Soda
58
L62 L62
L183 L49 L183
L169 L169
L133 L133
L145 L121 L145
L103 L103
L163 L163 L166
L74 L74
L189 L76 L81 L189 L194
L14 L14
L89 L89
L20 L61 L116 L135
L60 L60
L9 L9
L0 L0 L157
L150 L4 L130 L150 L172
L35 L35 L63
L188 L188
L151 L151
L171 L27 L171
L45 L45
L173 L97 L125 L173
L70 L25 L70
L192 L192
L167 L167
L37 L37 L90 L132 L174
L191 L11 L21 L191
L101 L67 L101 L119
L108 L108 L126 L168
L92 L92 L114
L122 L122
L193 L193
L198 L198
L43 L43
L68 L68
L143 L143
L2 L85
L117 L54 L117
L98 L83 L98
L6 L86
L24 L24
L186 L79 L186
L40 L13 L22
L34 L23 L34
L177 L177
L52 L52
L39 L39 L69
L12 L12 L84 L99
L113 L113
L102 L50 L102
L164 L159 L164
L5 L5 L93
L32 L32
L107 L107
L149 L149 L176
L44 L44
L75 L75 L124
L158 L115 L158 L190
