Soda location18 location19 location46 location38 location47 location41 location99 location15 location28 location68 location14 location22 location2 location88 location3 location8 location43 location12 location57 location16 location39 location13 location3 Soda
21
Soda location31 location49
location18 location9 location18 location25
location19 location19
location46 location6 location27 location40 location46
location38 location21 location38 location45
location47 location10 location47
location41 location7 location41
location99 location17
location15 location15 location20 location24 location32 location44
location28 location23 location28 location42
location14 location5 location14
location22 location22
location2 location2 location36
location88 location11 location33 location35 location48
location3 location3 location26
location8 location4 location8
location43 location43
location12 location1 location12 location30 location34 location50
location16 location16 location29
location39 location37 location39
location13 location13
