Soda location19 location159 location93 location150 location65 location185 location49 location108 location94 location2 location34 location18 location77 location37 location1 location88 location31 location146 location4 location25 location21 location196 location122 location26 location96 location97 location24 location27 location166 location51 location10 location73 location95 location6 location86 location6 location79 location20 location149 location41 location56 location52 location116 location71 location40 location3 location36 location69 location11 location23 location76 location78 location75 location50 location91 location194 location83 Soda
51
location19 location19 location48
location159 location16 location80
location93 location5 location93
location150 location66 location92
location65 location65 location67
location49 location32 location49
location94 location9 location72 location94
location2 location2 location53
location34 location34 location38
location18 location18 location47
location77 location45 location77
location37 location37
location1 location1
location88 location88
location31 location31 location84
location4 location4
location25 location25 location43 location62 location85
location21 location21
location122 location58 location63 location74
location26 location26
location96 location81 location89 location96
location97 location97 location99
location24 location24
location27 location27
location166 location82
location51 location51
location10 location8 location10
location73 location42 location73
location95 location30 location95
location6 location6
location86 location86
location79 location79 location87
location20 location20
location41 location41
location56 location56 location68
location52 location12 location52 location54 location70
location116 location39
location71 location28 location57 location71 location98
location40 location40
location3 location3 location100
location36 location36 location59
location69 location44 location55 location69 location90
location11 location7 location11 location14 location22
location23 location17 location23 location61 location64
location76 location76
location78 location60 location78
location75 location33 location46 location75
location50 location13 location29 location50
location91 location91
location194 location35
location83 location15 location83
