Soda woolf winifred sun garcia shen amanda tamara roshan annie eshaan kevin massachusetts martinez aidan sriram rob yip krishnan andrew caroline juliann golden ian walsh shah angela grace wyatt berit chloe meghan connor vilaythong garbers patagonia Soda
33
Soda rosen lo sarina ritter
woolf woolf
winifred winifred danyal
garcia garcia
shen shen
amanda amanda sunny
tamara lewke tamara jarrett
roshan roshan
annie annie
eshaan eshaan ruhi
kevin kevin
massachusetts massachusetts
martinez noor martinez
aidan aidan
sriram sriram
rob rob
yip yip alvin
krishnan krishnan
andrew andrew
caroline caroline daniel
juliann juliann
golden golden
ian ian rabie
walsh walsh
shah ashley shah
grace grace
berit berit
chloe chloe
meghan meghan castro
connor singhal connor
vilaythong djajadi vilaythong
garbers davis garbers
patagonia patagonia
