Soda lindsey blue rob li george melissa krista umar jacob grace ishaan shah maniku sun srivastava kevin danyal vilaythong saurav singhal wu krishnan bears mack nair tamara sarina cal margaret srinivasan barth jade xin tyler woolf lewke nichole ohio hanlon zou katherine oscar celine charles alvin doshi devesh james roshan wyatt emily greg aidan winifred ellen lee rebecca jia gregory patagonia king aanika ani sathvik lebron yip alan kaur burns mittal gobears adhikiari vaibhav persson liang eshaan maya Soda
59
Soda daniel chung du ritter ruhi evan annie sunny parham singorahardjo hari massachusetts caroline ashley olivia djajadi
lindsey lindsey
rob rob
li li
george chase george
melissa vikram melissa
krista krista kanika
umar umar
jacob jacob
grace grace
ishaan ishaan
shah shah
maniku wong maniku
sun sun
srivastava srivastava
kevin kevin
danyal danyal sophia
vilaythong subbaraj vilaythong angelis
saurav saurav
singhal singhal
wu wu
krishnan krishnan
bears scott bears
mack mack
cal cal
srinivasan srinivasan zhifei
barth barth erika
xin xin weaver
tyler tyler andrew
lewke lewke william
nichole nichole
ohio ohio
hanlon hanlon franco
zou soman zou
oscar oscar
celine celine
charles charles
alvin alvin
doshi doshi chloe
devesh brett devesh
wyatt wyatt
emily emily
greg greg
winifred winifred
ellen ellen
gregory berit gregory rouzbahani
patagonia patagonia logan
king king zhou
aanika ravi aanika
ani ani ahluwalia
lebron lebron
yip yip
kaur kaur
mittal amanda mittal chen
gobears gobears
adhikiari adhikiari
liang liang
eshaan eshaan connor
maya maya
