loc48 loc61 loc94 loc81 loc91 loc88 loc24 loc52 loc17 loc68 loc43 loc96 loc5 loc40 loc55 loc33 loc6 loc12 loc89 loc20 loc14 loc27 loc28 loc69 loc45 loc34 loc32 loc98 loc48
25
loc48 loc31
loc61 loc61
loc94 loc94
loc81 loc23 loc44 loc63 loc81
loc91 loc91
loc88 loc71 loc80 loc88
loc24 loc24 loc72
loc52 loc0 loc35 loc52
loc17 loc17 loc26 loc64 loc75
loc68 loc4 loc68
loc43 loc43
loc96 loc7 loc96
loc5 loc5
loc40 loc40 loc47
loc55 loc3 loc11 loc55 loc90
loc6 loc6
loc12 loc9 loc12 loc60
loc89 loc25 loc89
loc20 loc20 loc21 loc73 loc93
loc27 loc27
loc28 loc28
loc69 loc69
loc45 loc45
loc34 loc34
loc98 loc19 loc92 loc98
