loc79 loc178 loc48 loc70 loc25 loc103 loc90 loc17 loc113 loc121 loc140 loc18 loc6 loc40 loc146 loc170 loc98 loc134 loc97 loc16 loc152 loc154 loc22 loc19 loc127 loc19 loc96 loc4 loc0 loc187 loc64 loc58 loc94 loc142 loc60 loc89 loc120 loc59 loc111 loc76 loc73 loc153 loc43 loc55 loc52 loc41 loc122 loc171 loc80 loc164 loc79
46
loc79 loc11 loc68 loc196
loc48 loc34 loc48 loc118
loc70 loc70 loc181
loc25 loc25 loc132
loc90 loc90
loc17 loc17 loc69
loc113 loc8 loc9 loc113 loc128
loc121 loc121 loc131 loc158
loc140 loc110 loc140
loc18 loc18 loc145
loc6 loc6 loc66
loc40 loc40
loc146 loc30 loc62 loc146 loc186
loc170 loc115 loc170
loc98 loc14 loc87 loc98 loc124 loc162
loc134 loc134
loc97 loc92 loc97
loc16 loc16 loc173
loc152 loc133 loc152
loc154 loc154
loc22 loc3 loc36 loc45 loc78
loc19 loc19
loc127 loc127
loc96 loc44 loc91 loc96
loc4 loc4 loc150
loc0 loc0 loc50
loc187 loc187
loc64 loc64 loc189
loc58 loc58 loc114 loc191
loc94 loc26 loc94 loc160
loc142 loc142 loc174
loc60 loc60
loc89 loc89 loc148
loc120 loc54 loc120 loc176
loc59 loc2 loc59 loc180
loc111 loc111
loc76 loc76 loc107 loc185
loc73 loc73 loc83 loc130
loc153 loc153
loc43 loc43
loc52 loc52
loc41 loc41 loc109 loc155
loc122 loc122
loc171 loc167 loc171
loc80 loc33 loc80 loc159
loc164 loc106 loc164
