Jingzhou TarguSecuiesc BeneBeraq Gangtok Rembangan Kabarnet SanJosedeOcoa Tottori Thamaga Frosinone Radnor CroixdesBouquets NovyyBuh Kheri Malnate Srinagar Kheri Carmichael elCampello Carmichael Carouge Colachel AbualMatamir SmederevskaPalanka Bejucal Depok Veenendaal Ghugus Jingzhou
23
BeneBeraq Khabarovsk BeneBeraq
Gangtok Gangtok
Rembangan RioFormoso Crespo AzZuwaytinah Rembangan
Kabarnet Sanaa Tabatinga BurgbeiMagdeburg Kabarnet
SanJosedeOcoa SanJosedeOcoa Ketrzyn
Tottori Tottori
Thamaga Thamaga
Frosinone JabalosSaraj Chegem Ronse Ouarzazat
Radnor Radnor
CroixdesBouquets Sagalo
Kheri Ermelo Kheri
Malnate CoonRapids Lysva Jeypore Malnate
Srinagar Srinagar Entroncamento
Carmichael Carmichael
elCampello elCampello
Carouge Carouge
Colachel Colachel Ibri
AbualMatamir Sarzedo SaintMichael
SmederevskaPalanka Kirovsk Chittaranjan
Bejucal TanahMerah Bejucal
Depok Shively FortLauderdale Depok
Veenendaal Rangae Shumen Shizunaifurukawacho Veenendaal
Ghugus Ghugus Manduria LondonderryCountyBor
