LesLilas AinBessem FetestiGara Garbsen Rivas ChalcodeDiazCovarrub Anjala Nagar FortWorth Acireale Ontinyent Acireale Tabou EastLongmeadow Gowurdak Hangu Daokou Sosnovka Topi Sleaford Escada Mauban WestIslip Wachtberg Hirosaki TagbilaranCity Nahorkatiya Hangu Vaniyambadi Hangu Gunzenhausen Kineshma SpanishTown Lloydminster Khulm Tansen Sobue Dadu SouthSaintPaul Kemise Shurugwi Kikuchi Shurugwi CapimGrosso SantanadoLivramento Arang Wangon EastLongmeadow Mocoa KotRadhaKishan Pezinok SenaMadureira Banting Itororo MadinatHamad AinArnat Battambang Mandan Pezinok Belalcazar Oerlinghausen Cachan Kambove Aringay Kaifeng Fujieda Malpe GongdanglegiKulon Bury GongdanglegiKulon Acarau Naron LesLilas
57
AinBessem Aracuai Kairouan AinBessem
FetestiGara Embu PortoVelho Andrychow FetestiGara
Garbsen Garbsen
Rivas Twante Rivas
ChalcodeDiazCovarrub MineralnyeVody BlueIsland ChalcodeDiazCovarrub
Nagar Nagar
FortWorth Langenhorn FortWorth Skelmersdale
Acireale Baramula Acireale
Ontinyent Ontinyent Vyazniki
Tabou Tabou
EastLongmeadow Gorgan EastLongmeadow
Gowurdak Gowurdak
Hangu Wenchi Hangu
Daokou Daokou
Sosnovka HaciendaLaCalera Sosnovka
Escada Pozzuoli Escada
WestIslip WestIslip
Wachtberg Rhondda
Hirosaki Hirosaki
TagbilaranCity TagbilaranCity
Nahorkatiya Kotka Haora
Vaniyambadi Vaniyambadi Yafo
Gunzenhausen SanJuandelaMaguana Gunzenhausen
Kineshma Kineshma
SpanishTown SpanishTown
Lloydminster Morwa Lloydminster Korsakov
Khulm Anjarah Khulm Haripur
Tansen SenadorPompeu
Sobue Johnston Arzamas Sobue
Dadu NahiyatashShinafiyah
SouthSaintPaul Sorada Ibirataia SouthSaintPaul Angleton
Kemise Kemise
Shurugwi Manacapuru Shurugwi
CapimGrosso Turek CapimGrosso
SantanadoLivramento SaintCyrlEcole SantanadoLivramento
Arang Zhaodong Akcaabat
Wangon Wangon
Mocoa Fuxin Mocoa
KotRadhaKishan Izhevsk KotRadhaKishan
Pezinok Pezinok
SenaMadureira SenaMadureira
Banting GuaMusang
Itororo Itororo Ortaca Shchekino
MadinatHamad MadinatHamad
AinArnat AinArnat
Battambang Battambang
Mandan Butuan
Belalcazar Belalcazar
Oerlinghausen Oerlinghausen
Cachan Mabopane
Kambove MonteAlegre Prostejov Kambove
Aringay AshtonunderLyne
Kaifeng Kaifeng
Malpe Shieli Shimofurano
GongdanglegiKulon VillaPauladeSarmient Espiye
Bury PriegodeCordoba Bury Braila
Acarau Acarau NoblePark
