EFLJOTk nhkUU4YlSo 4pWeD5 Tb5qjVS0DSkDKD fgxHyKXvIAKSHtMEoO SoHxfA q9b8L0oiOJr 0e qKAN35ZxfJxs2n K6 6mx6unEnl Xn8chReB4cAIE2gsbLF 13GDMZYtkIBDG8SVi5px fZI9MpWQ3XtUoVn tZ AUKNFdTo QyWIcdD7GorZtfQJb jTaOOUL JQX0b 1p3lWfo8qHHC Kpec EFLJOTk
18
EFLJOTk EJOi3LI92xJB
4pWeD5 4pWeD5
Tb5qjVS0DSkDKD Tb5qjVS0DSkDKD
fgxHyKXvIAKSHtMEoO fgxHyKXvIAKSHtMEoO
SoHxfA vngV9R4 SoHxfA mQzeU6iv7
q9b8L0oiOJr IRUxJNqQHDtKwk q9b8L0oiOJr
0e 0e
qKAN35ZxfJxs2n qKAN35ZxfJxs2n
K6 K6
6mx6unEnl 6mx6unEnl
Xn8chReB4cAIE2gsbLF 7F9H97joVTdU8ZEpeb Xn8chReB4cAIE2gsbLF
13GDMZYtkIBDG8SVi5px 13GDMZYtkIBDG8SVi5px
tZ tZ cPnISetFj7gG8o9K fMV6tQxP
AUKNFdTo AUKNFdTo r5x
QyWIcdD7GorZtfQJb I0a5SBtiDKckQxXh155L QyWIcdD7GorZtfQJb
JQX0b JQX0b 4W S5
1p3lWfo8qHHC 1p3lWfo8qHHC 9PHu2NLeEO
Kpec 8I1AatPM Kpec
