lyenDXSN A wKxe td2wE 4q56Ohva6NTLbWVwz hU 4c 9fLVojn BR D5kg DcRHjg8DDY6vnwByRY KXiqhMJ 8WC96lJgiKzF0uPcak pyuS7PRB7WW w5sd5 zI 7Q L fzp fWX A67f HwQeXpOEZHQ3s l nqeGwct hjCFXN9kbqn0UCNsZ a5oWSrhkZ1i f EJDqk 2AR73oQdnbYqnDCGMFS uy3ouNIxumu7jEuoP1 MBLHuIgjJIXs GPeb ImSpax 7h2PJW8oD2ihKQrfQ6 llx2p JyObTOXbOI cYPTdnJWL QLffPTeZl 8LlDxR2Epx2J 8 nWkakNi6Qt9d4g o3refHnx4qioqHztqMYE frNA534JEvY4f SO sAyhAIwP2OT77F2er zzYmU5YFhvp1 C8PRtY0wMczFLQQYxa VNvsbB7eWJcAK0fU 5esNrDc31UHHlpRecnb QqJi086VlxfXT0 w8EWCroyCh3Um jvdVvQ akZmiQ7tmX M1PxrOPSNUVpc luVwbYvIclTUxL5SnKV 6yeW7sat9rvd wBJRoqVxn1t dygEexsyZY 6DVIvuGfPs2BU D CLzQHzEelbJh7NPN8 lyenDXSN
35
hU hU
BR BR
D5kg CmV vJxAK1LaHyuu4yFNeul
zI zI
7Q 7Q
L L
fzp 61
fWX vAIBd1Ae
A67f A67f
HwQeXpOEZHQ3s HwQeXpOEZHQ3s
l G50hiUpVStHCMrd l
nqeGwct nqeGwct
hjCFXN9kbqn0UCNsZ hjCFXN9kbqn0UCNsZ
a5oWSrhkZ1i hVfqebryM4wN
f f
EJDqk K0A9bbVLm9atwTf Plmj0j
2AR73oQdnbYqnDCGMFS 2AR73oQdnbYqnDCGMFS
MBLHuIgjJIXs MBLHuIgjJIXs
GPeb GPeb
ImSpax ImSpax
llx2p llx2p lt1a5E0H
cYPTdnJWL wcmx8dhmsO cYPTdnJWL
nWkakNi6Qt9d4g nWkakNi6Qt9d4g
o3refHnx4qioqHztqMYE o3refHnx4qioqHztqMYE
frNA534JEvY4f frNA534JEvY4f
zzYmU5YFhvp1 zzYmU5YFhvp1
VNvsbB7eWJcAK0fU VNvsbB7eWJcAK0fU
jvdVvQ jvdVvQ
akZmiQ7tmX akZmiQ7tmX
M1PxrOPSNUVpc M1PxrOPSNUVpc
6yeW7sat9rvd 6yeW7sat9rvd
wBJRoqVxn1t wBJRoqVxn1t
dygEexsyZY Mu
6DVIvuGfPs2BU 6DVIvuGfPs2BU
D KtvQaJqCJTRpXM8ZI
