6a5e7697411b4a5f9bee 9413e484b07844a0b2a5 c83df3fc7ad7453da3a8 9413e484b07844a0b2a5 6a5e7697411b4a5f9bee e0cb3963860e4d049310 94e0719061a446db8f0d 12424155e29a4ad09224 94e0719061a446db8f0d e0cb3963860e4d049310 7c65eef332d54dcba793 950cb52e3a1446d9af98 c1b06ccaa4874b00a961 a5e69939e9704f81a60e d367dd06d7554c00a50c aa3f52c94cbd4a128bbb 00ab75eeae43479b93a1 b0d847fc7911439a9eb5 bb70a9f783b44f29aa76 7d4dc3551fe54163a3f8 bb70a9f783b44f29aa76 b0d847fc7911439a9eb5 e42a313b3fc84870ab92 686e668db7e94232bb60 ebbbcdcdb3554877aeb0 686e668db7e94232bb60 e42a313b3fc84870ab92 5042f23712404074ac94 4c66d02c63ea447d8571 5042f23712404074ac94 f3b9015900fe419ca570 728908ec3cef4db29934 7d82ff1b75504dd99230 94e0719061a446db8f0d e0cb3963860e4d049310 7c65eef332d54dcba793 0b24d415cd09478386e1 d8981e847a1946839e08 91cd0755fc0b4249b2eb 2eaf4a8f5c2a47b18f2a 9413e484b07844a0b2a5 68b5e6aea12140d2bb26 9413e484b07844a0b2a5 6a5e7697411b4a5f9bee ccd6cde772ea4eb0939d ce0b9987a99a4073beab ccd6cde772ea4eb0939d ab30581bda5a4746a1ab 7c1bf490928b4ce8968f b5755c64ca7a4efd9c08 f451d0f96c4e44e5a7a2 6e595bd5dd23413fa0e3 79e28a889fa348f89be3 709a665a9f9b412ea230 863d51b71d174e18a8b2 cfd801acdfd6452696dd 007c7db5797943e7bd04 bd4440dc1af242438772 4d0a02600180432cbc7e eb69bfc02d474eb3a982 d836b3a637a647759376 e52407732f114aa1a1dd aa15be66f1c1428f84aa 9eb57289806f45558a8e 774136cce4044ed08bc6 53a42035b7034adda5bf 2ce2b2e6256542928a0d 9a007b07478f49ea8ad1 65b7af53d28f4262bf8f 6c8fdc64a38545c8997a a11604bab4bc49008828 ab6a4a3d324a4e118998 72c52cfc431e4b0b82bd a517a99fa3bb48a69b2a bbb11a04c8a343348a26 6c5164d75c654b6e9e3b cc5f406e2dcd46bebe75 36411ecb5b7b4ec3a8e2 c90bb10fa78f4befb07c 046ea34f2b9e444f969d 3b86319574304aac82c1 19b9175266ef4103a93d 6a5e7697411b4a5f9bee
35
c83df3fc7ad7453da3a8 f4f0866d5e97488aa802 6e67d80aec8b4fc0a0f4 e73af41069ed4943a52c 87ecc0a3a59f407c9b3d
e0cb3963860e4d049310 e0cb3963860e4d049310
12424155e29a4ad09224 12424155e29a4ad09224
950cb52e3a1446d9af98 4fd54063e8fe4e6591e3 e9189c39d6f9459fb82b 950cb52e3a1446d9af98 365700b51db445e3a31a
c1b06ccaa4874b00a961 c1b06ccaa4874b00a961 d8c441caf295405aaf52
a5e69939e9704f81a60e a5e69939e9704f81a60e
aa3f52c94cbd4a128bbb 95119be28c194159a1ee
00ab75eeae43479b93a1 00ab75eeae43479b93a1
bb70a9f783b44f29aa76 7a06c0a05152448791da
7d4dc3551fe54163a3f8 4e25f87635bb4843b59f
e42a313b3fc84870ab92 5c8da1e70e304c18a2e4
ebbbcdcdb3554877aeb0 ebbbcdcdb3554877aeb0 5a90ec8096c2423fb598 e0d6bb0c69d74ec5a7c2
5042f23712404074ac94 5042f23712404074ac94
f3b9015900fe419ca570 113cbb314b8c423e99ac
728908ec3cef4db29934 728908ec3cef4db29934
0b24d415cd09478386e1 bc0a76f3195549949d49
d8981e847a1946839e08 d8981e847a1946839e08 a1480b86aa6b4e8ab46b ac82fe0455c04a6fbc21
2eaf4a8f5c2a47b18f2a ced33625aef44e049e40
68b5e6aea12140d2bb26 68b5e6aea12140d2bb26
ce0b9987a99a4073beab ce0b9987a99a4073beab
f451d0f96c4e44e5a7a2 f911fa4d522a4357aa0b f451d0f96c4e44e5a7a2
79e28a889fa348f89be3 a72944b166b948ed8afb
863d51b71d174e18a8b2 863d51b71d174e18a8b2
cfd801acdfd6452696dd 4da00804134d4fc9a85c
bd4440dc1af242438772 e3697cd0e4bb4631b60b
eb69bfc02d474eb3a982 268fc1cec41445e9ae4c
2ce2b2e6256542928a0d dcee8e551d34480d82e2 008aafd1b0ec4150aacc
9a007b07478f49ea8ad1 9a007b07478f49ea8ad1
a11604bab4bc49008828 3f86be020a0e43e4b1ff
ab6a4a3d324a4e118998 ab6a4a3d324a4e118998
bbb11a04c8a343348a26 bbb11a04c8a343348a26
6c5164d75c654b6e9e3b 6c5164d75c654b6e9e3b
cc5f406e2dcd46bebe75 cc5f406e2dcd46bebe75 4aadb3216b4343adbebd
c90bb10fa78f4befb07c 6ea877c3766c4669a150
3b86319574304aac82c1 1733e0b32fcb468e9db5 3b86319574304aac82c1
