Location0 Location3 Location0 Location10 Location0 Location12 Location0 Location17 Location0 Location19 Location0 Location21 Location22 Location0 Location23 Location0 Location28 Location0 Location30 Location0 Location31 Location32 Location0 Location33 Location34 Location0 Location35 Location0 Location38 Location0 Location39 Location40 Location0 Location41 Location42 Location0 Location43 Location44 Location0 Location46 Location0 Location47 Location0 Location50 Location0 Location52 Location0 Location53 Location0 Location55 Location56 Location0 Location58 Location0 Location61 Location0 Location63 Location0 Location66 Location0 Location68 Location0 Location73 Location0 Location76 Location0 Location77 Location0 Location79 Location80 Location0 Location81 Location0 Location89 Location0 Location91 Location0 Location93 Location94 Location0 Location95 Location0
46
Location0 Location1 Location2 Location5 Location6 Location7 Location8 Location13 Location14 Location15 Location16 Location25 Location26 Location59 Location60 Location69 Location70 Location71 Location72 Location83 Location84 Location85 Location86 Location87 Location88 Location97 Location98
Location3 Location3 Location4
Location10 Location9 Location10
Location12 Location11 Location12
Location17 Location17 Location18
Location19 Location19 Location20
Location21 Location21
Location22 Location22
Location23 Location23 Location24
Location28 Location27 Location28
Location30 Location29 Location30
Location31 Location31
Location32 Location32
Location33 Location33
Location34 Location34
Location35 Location35 Location36
Location38 Location37 Location38
Location39 Location39
Location40 Location40
Location41 Location41
Location42 Location42
Location43 Location43
Location44 Location44
Location46 Location45 Location46
Location47 Location47 Location48
Location50 Location49 Location50
Location52 Location51 Location52
Location53 Location53 Location54
Location55 Location55
Location56 Location56
Location58 Location57 Location58
Location61 Location61 Location62
Location63 Location63 Location64
Location66 Location65 Location66
Location68 Location67 Location68
Location73 Location73 Location74
Location76 Location75 Location76
Location77 Location77 Location78
Location79 Location79
Location80 Location80
Location81 Location81 Location82
Location89 Location89 Location90
Location91 Location91 Location92
Location93 Location93
Location94 Location94
Location95 Location95 Location96
