2 9 31 93 31 181 67 34 38 117 82 42 58 163 52 111 85 21 79 157 48 5 155 154 185 3 47 107 47 25 173 25 159 119 192 20 89 20 165 56 184 1 147 1 77 65 121 166 37 81 72 4 193 86 49 68 161 29 131 139 190 14 35 63 75 136 87 106 99 7 196 171 196 10 39 95 15 95 196 71 188 97 101 135 113 69 195 55 19 115 30 106 130 59 36 141 17 2
66
9 9 179
31 31
93 93
181 91 169 181
67 67
117 117
82 191
42 103
163 61 163
111 111
85 43 85 145
21 21 83 167
79 79
157 157
5 5
155 155
154 129 133 137
185 185
3 3
47 47
107 107
25 25
173 173
159 159
119 119
89 89
165 165
1 1 51
147 13 147 153
77 23 77 187
65 65
121 45 53 121 189
37 37
81 81
72 125 149
4 127 177
193 143 193
49 49 73
161 161
29 29
131 27 131
139 11 139
35 35
63 63
75 57 75
87 87 123 175
99 99
7 7 151
171 171
10 105
39 39
95 95
15 15
71 71
97 97
101 33 41 101
135 135 197
113 113
69 69
195 195
55 55
19 19
115 115 183
59 59 109
141 141
17 17 199
