S 3M 3Da 3Dd 3Da 3De 3Da 3M 3Bf 3Bj 3Bf 3M 3Ea 3Ed 3Ek 3Ed 3Ea 3M 3Af 3Ab 3Af 3Ag 3Af 3M 3Ca 3Cb 3Cc 3Cb 3Ca 3M S 4M 4Fa 4Fd 4Fa 4Fe 4Fa 4M 4Bf 4M 4Ea 4Ed 4Ej 4Ed 4Ek 4Ed 4Ea 4M 4Af 4Ab 4Af 4M 4Ba 4Bb 4Ba 4Bc 4Ba 4M 4Ca 4Cb 4Ca 4M 4Af 4Ag 4Af 4M S 1M 1Da 1M S 2M 2Fa 2Fe 2Fa 2M S 1M 1Ca 1Cb 1Cc 1Cd 1Cc 1Cb 1Ca 1M 1Ea 1Ec 1Ea 1Ed 1Ek 1Ed 1Ea 1M S 2M 2Ca 2Cb 2Cc 2Cb 2Ca 2M 2Da 2Db 2Da 2Dd 2Da 2De 2Da 2M 2Ea 2Ec 2Ea 2Ed 2Ej 2Ed 2El 2Ed 2Ea 2M S 1M 1Ba 1Bb 1Ba 1Bc 1Ba 1Bf 1Bh 1Bf 1M S 2M 2Ba 2Bb 2Ba 2Be 2Ba 2Bf 2Bh 2Bf 2M S 1M 1Af 1Ab 1Af 1Ag 1Ah 1Ag 1Af 1M S 2M 2Af 2Ab 2Af 2Ag 2Af 2M S
50
3M 3Aa 3Bb 3Fe
3Dd 3Dd
3De 3De
3Bf 3Bf 3Bi
3Bj 3Bj
3Ea 3Ee 3Eh 3Ei
3Ek 3Ek
3Ab 3Ab 3Ac 3Ad 3Ae
3Ag 3Ag 3Ah 3Ai 3Aj
3Ca 3Ca
3Cb 3Cb
3Cc 3Cc 3Cd
4M 4Aa 4Dd 4De
4Fe 4Fe
4Bf 4Bf 4Bi 4Bj
4Ea 4Ee 4Eh 4Ei
4Ek 4Ek
4Ab 4Ab 4Ac 4Ad 4Ae
4Bb 4Bb
4Ca 4Ca
4Cb 4Cb 4Cc 4Cd
4Ag 4Ag 4Ah 4Ai 4Aj
1M 1Aa 1Fe
1Da 1Dd 1De
2M 2Aa
2Fe 2Fe
1Ca 1Ca
1Cb 1Cb
1Cc 1Cc
1Cd 1Cd
1Ea 1Ee
1Ec 1Eh 1Ei
1Ek 1Ek
2Ca 2Ca
2Cb 2Cb
2Cc 2Cc 2Cd
2Dd 2Dd
2De 2De
2Ea 2Ee
2Ec 2Eh 2Ei
2Ed 2Ek
1Bb 1Bb
1Bf 1Bf 1Bi 1Bj
2Bb 2Bb
2Bf 2Bf 2Bi 2Bj
1Ab 1Ab 1Ac 1Ad 1Ae
1Ag 1Ag 1Ai 1Aj
1Ah 1Ah
2Ab 2Ab 2Ac 2Ad 2Ae
2Ag 2Ag 2Ah 2Ai 2Aj
