0 1 6 11 16 21 26 32 31 37 36 42 41 46 51 57 56 61 66 71 76 81 87 86 92 91 96 101 106 112 111 116 121 127 126 131 136 141 146 151 156 162 161 167 166 171 176 181 186 192 191 196 197 198 0
49
1 3
6 7
11 12 13 14
16 17 19
21 22 24 25
26 27 29 30
32 32 33
31 34 35
37 38
36 39
42 42
41 44
46 47 48
51 52 53
57 58
56 59 60
61 62 63 64 65
66 68 70
71 72 73 74 75
76 78 79 80
81 82 83 84
87 87
86 90
92 93
91 94 95
96 97 98 99 100
101 102 103 104 105
106 107 108 109
112 112
111 113 114
116 118
121 122
127 127 128
126 129 130
131 135
136 137 138 139 140
141 142 143 144 145
146 149
151 152 153 155
156 159
162 162 163
161 164 165
166 169 170
171 173
176 179 180
181 183 184 185
186 187 189
192 192
191 193 195
