ZtfcEeD9 6MPulFAv nFqouQp3 rbWYBihd NBKhkccj oqraQ3aF yWlzbESz CIF8DWXL BkhTgoaJ W7b2i2pG PMzcqvQL IdGLl1to WvzZeqnS O5yBujnu v654W2Kr xI4hMIxA w0QWGw2L n0riP8Jl 0MyIUMFM KcGXxWyr u2ZI4Bp6 b850DFfF ciNFdHxl 9FVeC0va mSd4Nw6v 7Xy44hse VDai7XkI hBRDGWam VDai7XkI tCAdUY4B iJuLSUhp WOCLylig ZmF2u9Cy mrK2EXuk ca785uLx EB4WBsTV aACN5TTZ h4MzKYRp iF2sCG7R B65DnegI xzWL2Pp8 IZjIq9He RjDUex61 lqKnzPvP ZS8CQaI7 EEVF7P1A R2FCohpD wd6UNY9N 12RjOKOH 62Mn9lau o4xf7nVd BOlNhFGU gKOyNQPh aWGQETjI mlHu9OVg EAWv9kfQ wZJN4OBT kMauNR5Y gmal2HHS zvH4AKmS 43ehQX6O YWqBlkAs eJJL3lWa CxnbNU8s 4pgwpiHi miUcr0K7 eHAI1Emd 8avKqSxh ZCQYXo7t FgxkC8N1 MeetuZNx Q6NMHx0B 04vrMVdi c6ZWTltk SG64DwCC n7cwD1GE 7czjmzr9 91Uq51QB m9MRh7a0 91Uq51QB 7czjmzr9 n7cwD1GE SG64DwCC NSdaWdL7 dzvtjag1 Q2HoHQU7 1Xrx7hj3 Q7hUKAHQ 1Xrx7hj3 Q2HoHQU7 dzvtjag1 U7cZo0h2 wusYsf5E 6hjWynHN DA7bDRCs xZQyzblz MwmVLu2P FGbFUcoj poaWnZDO 80BwLCcj kTn5Wdms xRPgtW5C 0PR6ikBf cZyhnB0I 3MYamZSb d4U8kEOb APMxsbBa 2KepLMXB n7VUygaC tHTE6eug CczWZLd1 itC9pvuP OJgw7XgR Rd2M5nw8 X4DALK1Z REvLgkhf SUGv8yIU Ah46Ofm8 fa3ra0T7 GZiGmLq9 FdbcCrtB PLFYaVF6 qnVestAH NgGjr3Ik OEs82oEQ sAdwIwgI EJI0xPm2 1dr1nBQ7 ijk5cHsH 8LVjFaQv RGBDWX4o 97y3ut3B d5gzYuse LvdUl8D5 J2tz5Jy2 8Rfeklr1 eFJgi8X6 sFR9mcaG uYGlfCi2 1FIjcsO2 ntaFp6yn VqqukjeY qtXV58SN eF0ueRyu dB8nWjnw oECxPSEB RleTQaHw zpLQ0R0G 3L2NkWiR aSd01nMZ bUsapUoo nDVKj516 1gtWVzKV xkCjqYXa 6dJ0UicP aZcuESum CGddIqkC UiMRtBop yIRIspJJ Tb8W969R 7P5zi9hu yRH0nOtz bJ22zvWV WPOgjVLu jKNn1ZQ1 NpH6Hpsr AmaYXBsi JqKGA9ul gX4kBNm4 CBKWpDQv y7NjqOqM svPb07cv P0hOEoLv miUcr0K7 4pgwpiHi CxnbNU8s lWuh5cH8 uEOMgmS6 7VEdC8Bn KZzTlcqA KbQF6Z1I VgwgAKMz FqE4GP0Y Wznv2rRv tKnzhLx5 pDb2VAD0 SqpsWXRw NvpMZWSs yptfWPBC aDGqWHym 4FNIiWtX Fj27Gybu WOQy49Fo TNblhkGK bKTzHQn4 uEOMgmS6 lWuh5cH8 lwKMUcFL ZtfcEeD9
97
ZtfcEeD9 ZtfcEeD9
nFqouQp3 nFqouQp3
rbWYBihd rbWYBihd
CIF8DWXL CIF8DWXL
W7b2i2pG W7b2i2pG
PMzcqvQL PMzcqvQL
IdGLl1to IdGLl1to
O5yBujnu O5yBujnu
w0QWGw2L w0QWGw2L
0MyIUMFM 0MyIUMFM
ciNFdHxl ciNFdHxl
mSd4Nw6v mSd4Nw6v
7Xy44hse 7Xy44hse
hBRDGWam hBRDGWam Pz0LLMil uMuBYvMK
tCAdUY4B tCAdUY4B
WOCLylig WOCLylig
mrK2EXuk mrK2EXuk
ca785uLx ca785uLx
EB4WBsTV EB4WBsTV
B65DnegI B65DnegI
xzWL2Pp8 xzWL2Pp8
RjDUex61 RjDUex61
lqKnzPvP lqKnzPvP
ZS8CQaI7 ZS8CQaI7
62Mn9lau 62Mn9lau
o4xf7nVd o4xf7nVd
BOlNhFGU BOlNhFGU
gKOyNQPh gKOyNQPh
aWGQETjI aWGQETjI
mlHu9OVg mlHu9OVg
EAWv9kfQ EAWv9kfQ
wZJN4OBT wZJN4OBT
kMauNR5Y kMauNR5Y
zvH4AKmS zvH4AKmS
43ehQX6O 43ehQX6O
YWqBlkAs YWqBlkAs
CxnbNU8s CxnbNU8s
miUcr0K7 miUcr0K7
8avKqSxh 8avKqSxh
04vrMVdi 04vrMVdi
SG64DwCC SG64DwCC
91Uq51QB 91Uq51QB
m9MRh7a0 JfDq1Cs2
NSdaWdL7 NSdaWdL7
dzvtjag1 dzvtjag1
Q7hUKAHQ Q7hUKAHQ
U7cZo0h2 U7cZo0h2
wusYsf5E wusYsf5E
FGbFUcoj FGbFUcoj
poaWnZDO poaWnZDO
kTn5Wdms kTn5Wdms
xRPgtW5C xRPgtW5C
3MYamZSb 3MYamZSb
2KepLMXB 2KepLMXB
OJgw7XgR OJgw7XgR
Rd2M5nw8 Rd2M5nw8
X4DALK1Z X4DALK1Z
fa3ra0T7 fa3ra0T7
FdbcCrtB FdbcCrtB
PLFYaVF6 PLFYaVF6
qnVestAH qnVestAH
1dr1nBQ7 1dr1nBQ7
ijk5cHsH ijk5cHsH
8LVjFaQv 8LVjFaQv
d5gzYuse d5gzYuse
LvdUl8D5 LvdUl8D5
J2tz5Jy2 J2tz5Jy2
8Rfeklr1 8Rfeklr1
eFJgi8X6 eFJgi8X6
sFR9mcaG sFR9mcaG
ntaFp6yn ntaFp6yn
eF0ueRyu eF0ueRyu
RleTQaHw RleTQaHw
zpLQ0R0G zpLQ0R0G
aSd01nMZ aSd01nMZ
1gtWVzKV 1gtWVzKV
CGddIqkC CGddIqkC
Tb8W969R Tb8W969R
7P5zi9hu 7P5zi9hu
yRH0nOtz yRH0nOtz
bJ22zvWV bJ22zvWV
jKNn1ZQ1 jKNn1ZQ1
NpH6Hpsr NpH6Hpsr
AmaYXBsi AmaYXBsi
gX4kBNm4 gX4kBNm4
CBKWpDQv CBKWpDQv
y7NjqOqM y7NjqOqM
svPb07cv svPb07cv
lWuh5cH8 lWuh5cH8
KZzTlcqA KZzTlcqA
VgwgAKMz VgwgAKMz
FqE4GP0Y FqE4GP0Y
Wznv2rRv Wznv2rRv
yptfWPBC yptfWPBC HTyyntxa
aDGqWHym aDGqWHym
Fj27Gybu Fj27Gybu
TNblhkGK TNblhkGK
