93 37 20 169 124 44 105 169 129 95 36 119 115 86 111 86 57 33 61 79 54 47 91 110 103 6 144 170 56 90 176 121 147 24 4 24 107 39 108 51 116 82 151 52 163 84 154 47 141 161 62 18 94 46 77 165 66 11 87 164 168 164 177 113 75 130 93
54
20 20
169 155 169
124 124 172
105 101 105
129 27 74 129 174
95 2 95
36 36 38 109 131
119 1 119
115 115
86 86
111 111
57 57 67
61 61
79 79
47 47
91 40 91
110 72 110
144 171
170 64 140 170
56 34 56 122
90 90
176 176
121 121
147 26 147
24 24
4 4 76
107 98
39 39
108 108
51 51
116 116
82 63 82
151 151
52 52
163 163
84 84
154 19 154
141 125 141
161 73 81 137 161
62 62 70
18 18 157
94 80 138
46 46 146
77 77 143
165 43 165
66 65 66
11 99
87 14 87 136
164 49 117
168 168
177 53 177
113 102
75 75
130 130
