Dannemora Hamburg Franklin Haviland Fishers Forest Odessa Frewsburg Farmingville Harrisville Glasco Harrisville Farmingville Florida Goshen Frankfort Delmar Germantown Dexter Hermon Franklinville Hermon Dexter Fulton Gardiner Falconer Gasport Oceanside Flower Hancock Geneva Fairview Mills Fabius Fonda Freeport Ghent Depauville Fredonia Harbor Hewlett Fairview Mills Fishkill Mills Fairview Heuvelton Earlville Deposit Earlville Fire Dannemora
33
Hamburg DeRuyter
Franklin Franklin
Haviland Delevan
Fishers Fishers
Forest Forest
Frewsburg Delhi Dunkirk Frewsburg
Farmingville Farmingville
Florida Deer Farnham Florida
Frankfort Flanders Frankfort
Delmar Delmar
Germantown Deferiet Galeville Germantown
Dexter Dexter Fairmount
Franklinville Dansville Franklinville
Fulton Delanson Fulton
Gardiner Friendship Gardiner
Falconer Falconer
Gasport Gasport
Oceanside Fair
Flower Flower
Hancock Freeville
Geneva Depew Fairport Geneva
Fairview Fairview
Fabius Fabius
Fonda Fleischmanns Fonda
Freeport Forestville Freeport
Ghent Ghent
Depauville Depauville
Fredonia Fredonia
Harbor Fayetteville
Fishkill Davis Fishkill
Earlville Earlville Firthcliffe
Deposit Deposit
Fire Fire
