Acton Carlsbad Encinitas Friant Bolinas Angwin Atascadero Angwin Bolinas Bellflower Georgetown Avery Chowchilla Benicia Beaumont Copperopolis Cherryland Avery Capitola Barstow Cobb Fillmore Columbia Brawley Alhambra Brawley Biggs Byron Fellows Byron Fruitdale Escondido Atwater Emeryville Folsom Biggs Fallbrook Carson Bishop Arvin Cayucos Cambria Corning Burbank Arcadia Calwa Anaheim Calistoga Beckwourth Boronda Buttonwillow Bystrom Aromas Colfax Calexico Blairsden Atherton Blairsden Downey Cerritos Bluewater Cartago Arbuckle Biola Bluewater Cerritos Anderson Caribou Folsom Antioch Banning Alamo Banning Fresno August Cotati Boron Coronado Colusa Crestline Campbell Crockett Calipatria Escalon Clyde Colma Adelanto Fowler Cypress Cromberg Cupertino Bloomington Ceres Auburn Berkeley Armona Delano Chualar Carmichael Duarte Fullerton Claremont Encinitas Carlsbad Acton
70
Carlsbad Carlsbad
Encinitas Canyondam
Bolinas Bolinas
Angwin Angwin
Atascadero Atascadero Bonsall
Bellflower Bellflower
Avery Avery
Chowchilla Avenal
Benicia Benicia
Beaumont Beaumont Calabasas
Copperopolis Bakersfield
Capitola Capitola
Barstow Barstow Calimesa
Fillmore Arcata
Columbia Alpine Carpinteria
Brawley Brawley
Alhambra Alhambra Ashland Belden Burlingame
Biggs Biggs
Byron Byron
Fellows Bradbury
Escondido Albany
Atwater Atwater
Fallbrook Artesia Bonita
Carson Carson
Bishop Bishop Brea
Arvin Arvin
Cayucos Cayucos
Cambria Almanor Cambria
Corning Brisbane
Burbank Burbank Camarillo
Arcadia Arcadia Belmont Belvedere
Calwa Calwa
Anaheim Anaheim
Calistoga Calistoga
Beckwourth Azusa Beckwourth
Boronda Boronda
Buttonwillow Bowles Buttonwillow
Bystrom Bystrom
Aromas Aromas Bootjack
Colfax Bayview
Calexico Alturas Calexico
Blairsden Blairsden
Atherton Atherton
Cerritos Aptos Bell Broadmoor Cerritos
Bluewater Bluewater
Cartago Altadena Cartago Caruthers
Arbuckle Arbuckle Blythe
Biola Biola Brentwood
Anderson Anderson
Caribou Caribou
Antioch Antioch
Banning Banning
Alamo Alamo Avalon
August August Castroville
Cotati Bodfish
Boron Boron
Campbell Amesti Arnold Campbell
Crockett Cabazon
Calipatria Calipatria
Escalon Alpaugh
Adelanto Adelanto
Cromberg Bradley
Cupertino Auberry
Bloomington Bloomington
Ceres Ceres
Auburn Auburn
Berkeley Alameda Berkeley Carrick
Armona Armona
Carmichael Carmichael
Duarte Burney
