h0 h42 h68 h44 h23 h33 h34 h32 h72 h38 h86 h99 h29 h85 h66 h26 h67 h21 h58 h2 h52 h1 h6 h1 h51 h55 h9 h11 h59 h12 h93 h16 h62 h92 h50 h18 h36 h46 h45 h46 h47 h35 h47 h46 h98 h37 h28 h91 h40 h90 h39 h75 h87 h74 h45 h46 h47 h35 h64 h82 h65 h2 h58 h21 h67 h0
37
h42 h42
h68 h43
h44 h44
h23 h23
h33 h33
h34 h34
h32 h32
h72 h30 h31
h38 h38
h29 h29
h85 h24
h26 h26
h21 h21
h2 h2
h1 h1 h3 h7
h6 h4 h5 h6 h8
h55 h14
h9 h9 h10 h13
h11 h11
h12 h12
h93 h15
h16 h16
h92 h17 h49
h50 h50
h18 h18 h20
h36 h36
h46 h46
h45 h25 h45
h47 h47
h35 h35 h48
h98 h19
h37 h37
h28 h27 h28
h40 h40
h39 h39
h64 h22
h82 h41
