6 195 188 181 174 167 160 153 146 139 132 125 118 111 104 97 96 94 96 97 90 88 90 83 76 69 62 55 48 41 34 27 20 13 6
31
6 1 2 6
195 189 190 194
188 182 184 186
181 177 179 181
174 169 172 174
167 161 165 166
160 154 155 160
153 148 149 150
146 140 142 145
139 133 134 136
132 126 128 129
125 120 122 124
118 112 115 116
111 105 106 110
104 100 101 103
97 91
96 96
94 94
90 87 90
88 88
83 77 80 83
76 74 75 76
69 64 65 69
62 60 61 62
55 50 51 53
48 43 44 47
41 38 39 41
34 30 31 32
27 22 25 27
20 17 18 19
13 10 11 12
