0 20 30 31 22 12 51 62 73 83 82 90 84 75 76 67 78 87 97 107 89 99 109 119 139 138 137 126 136 156 155 156 167 159 179 188 186 185 184 193 192 182 172 171 151 142 133 132 121 111 120 130 143 95 104 114 64 55 46 36 26 17 19 35 44 34 24 15 6 43 0
55
20 20
30 30 40
31 31
22 22
12 3 11 12 13
51 51
62 52 62
73 63 73
82 82 92
90 80 90 91
84 84 94
75 75 85
76 66 76
67 57 58 77
87 87
107 107
89 89
119 119
139 139 149
138 138 148
137 137 147
126 126
136 135
156 156
155 155
167 157 167 168
159 158 159
188 178 188
186 186 196
185 175 185
184 174 184
193 193
192 192
172 162 172 173
171 171 180
151 150 151 161
133 123
132 132
111 111 112
143 143
95 95 105
104 104
114 114 115 124
64 64
55 45 54 55
46 46 47 56
36 36
26 26
17 8 17 27
19 19 28
35 35
24 24
15 4 15
6 6
43 33 43
