Loc2 Loc36 Loc31 Loc52 Loc81 Loc67 Loc96 Loc40 Loc96 Loc14 Loc99 Loc12 Loc51 Loc10 Loc44 Loc9 Loc61 Loc24 Loc33 Loc46 Loc33 Loc28 Loc57 Loc83 Loc34 Loc55 Loc71 Loc55 Loc22 Loc55 Loc64 Loc21 Loc7 Loc0 Loc48 Loc0 Loc7 Loc21 Loc41 Loc2
30
Loc2 Loc82
Loc36 Loc13 Loc27
Loc31 Loc43 Loc56 Loc73
Loc52 Loc52
Loc67 Loc67
Loc96 Loc54
Loc40 Loc40
Loc14 Loc14
Loc99 Loc6 Loc19 Loc66
Loc12 Loc3 Loc4 Loc53
Loc51 Loc32 Loc45
Loc10 Loc10
Loc44 Loc11
Loc9 Loc9
Loc61 Loc16 Loc74 Loc80 Loc90
Loc24 Loc24
Loc33 Loc1
Loc46 Loc46
Loc28 Loc28
Loc57 Loc26 Loc58 Loc60 Loc92
Loc83 Loc15 Loc35 Loc75 Loc86 Loc91
Loc34 Loc17 Loc34
Loc71 Loc71
Loc22 Loc22
Loc64 Loc64
Loc21 Loc8 Loc77
Loc7 Loc7
Loc0 Loc0
Loc48 Loc48
Loc41 Loc41
