Loc1 Loc10 Loc107 Loc42 Loc71 Loc42 Loc30 Loc1 Loc100 Loc156 Loc192 Loc157 Loc103 Loc157 Loc38 Loc88 Loc7 Loc131 Loc76 Loc187 Loc182 Loc22 Loc148 Loc8 Loc164 Loc11 Loc191 Loc25 Loc146 Loc97 Loc146 Loc175 Loc146 Loc33 Loc22 Loc62 Loc45 Loc167 Loc198 Loc122 Loc158 Loc171 Loc158 Loc50 Loc98 Loc85 Loc161 Loc129 Loc166 Loc128 Loc130 Loc170 Loc165 Loc160 Loc112 Loc65 Loc70 Loc23 Loc70 Loc32 Loc117 Loc0 Loc193 Loc51 Loc73 Loc61 Loc47 Loc31 Loc89 Loc109 Loc28 Loc190 Loc121 Loc15 Loc121 Loc37 Loc162 Loc144 Loc162 Loc9 Loc68 Loc142 Loc39 Loc179 Loc52 Loc179 Loc77 Loc36 Loc74 Loc113 Loc151 Loc59 Loc151 Loc113 Loc1
66
Loc10 Loc67 Loc137 Loc143
Loc107 Loc107
Loc42 Loc13 Loc16
Loc71 Loc71
Loc30 Loc30
Loc100 Loc100
Loc192 Loc192
Loc103 Loc103
Loc38 Loc38
Loc88 Loc18
Loc7 Loc7
Loc131 Loc99
Loc76 Loc46 Loc76
Loc187 Loc14
Loc182 Loc182
Loc22 Loc3 Loc53 Loc183
Loc148 Loc60 Loc101 Loc118
Loc8 Loc8 Loc153
Loc164 Loc133
Loc11 Loc11 Loc141
Loc191 Loc6 Loc159
Loc25 Loc25
Loc146 Loc145
Loc97 Loc97
Loc175 Loc175
Loc33 Loc33
Loc62 Loc62
Loc167 Loc167
Loc198 Loc96
Loc122 Loc122
Loc158 Loc20 Loc44 Loc132 Loc140 Loc197
Loc171 Loc171
Loc50 Loc50
Loc98 Loc149
Loc85 Loc85
Loc129 Loc129
Loc166 Loc75 Loc111
Loc128 Loc91 Loc128
Loc130 Loc27 Loc94 Loc147
Loc170 Loc170
Loc165 Loc19 Loc110 Loc177 Loc180 Loc188 Loc195
Loc160 Loc160
Loc65 Loc65
Loc70 Loc106 Loc124
Loc23 Loc23 Loc95
Loc32 Loc32
Loc0 Loc0
Loc51 Loc51
Loc61 Loc61
Loc47 Loc83 Loc163 Loc168 Loc176
Loc31 Loc31
Loc89 Loc57
Loc109 Loc109
Loc190 Loc190
Loc121 Loc5 Loc189
Loc15 Loc15
Loc37 Loc37
Loc162 Loc17 Loc54 Loc154 Loc172
Loc144 Loc144
Loc9 Loc9
Loc39 Loc39
Loc52 Loc52
Loc77 Loc77
Loc74 Loc74
Loc151 Loc151
Loc59 Loc59 Loc123
