pace voice financial respect enhance dough linger chair class exclusive interactive throne imposter deposit paper understand figure understand paper deposit title shy tablet cigarette demand pain class judicial glasses autonomy miserable environment approval other swear straighten quality straighten romantic sign tolerate forge tolerate solve prison dialogue guarantee king pace
33
voice voice
financial financial lake
respect bitter
enhance thumb enhance
dough dough
linger linger
chair brake mystery
class class
exclusive exclusive buffet dip
throne throne
imposter page imposter
deposit circulation honor
paper paper
understand injury
figure figure
title title sunrise
shy nationalist shy
tablet tablet rob
cigarette cigarette
demand demand
pain pain
glasses glasses
autonomy output enter autonomy
other other
swear swear
quality quality headline
sign sign legislation
tolerate tolerate
forge winner vegetarian
prison prison
dialogue likely tool
guarantee guarantee seize
king king
