pace other likely comfortable likely viable job guarantee joystick beg control enemy illusion tool weapon pig pier bleed environment interface environment bleed pier interactive election buffet exempt development native blonde shiver ignore audience ignore shiver blonde virgin winner virgin profound notebook fortune financial fortune notebook interactive error widen banana widen error home dialogue rage bitter certain drawer chew offset chew drawer compromise view dive coincide judicial rob demand injury tolerate decisive linger deter terms thumb terms deter note tablet note deter linger decisive greeting begin science mercy mixture pace
58
pace pace respect
other other quadruple
likely likely
comfortable comfortable
viable viable
guarantee excuse guarantee attraction
joystick acceptance electronics swop bowel
beg teacher
control control
enemy stress spoil ask enemy
illusion illusion
tool tool swear liver railcar
pig pig straighten
pier rent
bleed headline smile knot curriculum
environment environment
interface interface
interactive interactive
election election lifestyle
buffet buffet
exempt exempt dip
development skeleton forge development confrontation
native mature native
blonde pipe
shiver throne shiver structure
ignore due ignore
audience audience
virgin virgin
winner assignment boom
profound profound injection autonomy coast scheme
notebook pardon
fortune atmosphere
financial financial
error error triple
widen widen
banana driver
home home
dialogue cotton candle
rage rage
bitter coffin
drawer drawer
offset offset
dive dive
coincide coincide identity
rob rob
demand feature
injury injury flag
decisive decisive
linger physics market dough exclusive exile
deter deter
thumb thumb
note note
tablet tablet imposter
greeting greeting
begin begin
science page
mercy mercy
mixture output chair country
