9iIwk 6EWVx jT5CK q0lus 1uRw3 1pxZM LJqKh aHGHb 1uRw3 WJNpN AgYPL YH6mk Y7IDR UpLNw Y7IDR YH6mk 5ioW1 XZKtP 5ioW1 YH6mk WJNpN jT5CK qkJ6b 1xmtC Mj2eQ ZzWHp oqPYQ jASvw 9iIwk Q1WC5 9iIwk 5R5Xa rrNj1 Esl6u fS0W8 p9vQm fS0W8 k64Ok ZgtaX k64Ok fS0W8 Esl6u rrNj1 0mah3 1eRkH 9iIwk
26
9iIwk 9iIwk h2rea
jT5CK jT5CK 5BDPJ
q0lus SgDk6 7G74f LZomt jYfXn RhUVQ
1uRw3 y89SK Ri2t4 1uRw3 jAwQw vE0Pj
1pxZM 1pxZM
aHGHb aHGHb kmzhT WGJpQ
WJNpN 5VT1H
AgYPL AgYPL tnjfN
YH6mk YH6mk
Y7IDR Y7IDR
UpLNw 4a0W8
5ioW1 5ioW1
XZKtP Be0ab XZKtP dw7aX bXinH
qkJ6b qkJ6b
1xmtC XYzcU 1xmtC
Mj2eQ Mj2eQ
ZzWHp ZzWHp iEXNY
oqPYQ oqPYQ 0GdkR
jASvw jASvw
5R5Xa 5R5Xa
fS0W8 fS0W8
p9vQm p9vQm
k64Ok BnAjj
ZgtaX Vake4 JgjFI pXCjI ZgtaX veOJ7 iCgvV
0mah3 ChXAd
1eRkH 1eRkH
