HAZtD 6gp0A kPB79 6gp0A HAZtD 4Eg1F wnnBN J0OP0 EyMEe vfAR8 zg9rt UqGfS NqBQW UqGfS iqOI4 mJExt p3gJd cC0Rg u60s4 jyRQW Xqwfz 7kY28 fiXIW 7kY28 IOpdQ BaYb3 SxklZ 0moVI HAKlt 6sv9O GWb7L 6sv9O Q8lcd iPRoT Vg6Sz iIQll GrnJ7 PnmPs GrnJ7 rmW0U HOuAL rmW0U 9tf0w rmW0U SfSL1 RkCLD xKTIz E6pda e7SjH o2JtM 8x5TS ejBhY 6sv9O iimZq 6owsT OWqP4 rVnMc SxklZ VESmp SxklZ Xqwfz jyRQW Tp7uZ cC0Rg 1gvq4 GxQg8 1gvq4 rH3nx AwFdf 2zHfe fExZu Mm2U8 15wtn ox9Gx 69WZh Q5zY0 DchVt 7WH0C ntxuv 7WH0C R6NzB ZKvNM TzGS5 ZKvNM Q5zY0 5MtKr Ia6ul eVDVP Agb0E b9v0q 69WZh jesVt 4AhmX 93R2m C4biR aegld O8CwF XbFfE aWuHk 3NU9e CXkxa Lusir CXkxa ED9em 5h4rt ED9em RN9nS F7CZj HAZtD
60
kPB79 4Tt2a 4PXv9
wnnBN wnnBN
J0OP0 Cg1yP J0OP0 iKwe0
EyMEe z82fM
vfAR8 bW6Ms vfAR8
UqGfS X2hjX UqGfS Ssao4
NqBQW NqBQW
iqOI4 iqOI4
p3gJd p3gJd cpzS8 DaieK acHTt uPUO1
cC0Rg cC0Rg
u60s4 u60s4 gpbSj Zxvdf
jyRQW zcuSA 0F8yg
Xqwfz pLg86
7kY28 URrao 7kY28
fiXIW fiXIW
IOpdQ IOpdQ
BaYb3 BaYb3 1VA1I Zok18
SxklZ SxklZ
0moVI 0moVI
HAKlt HAKlt Pk19A
Q8lcd Q8lcd
iPRoT 8Qx0C
Vg6Sz Vg6Sz
iIQll p4kTx iIQll
GrnJ7 UbqWX v9joy gNinx iaaYU
rmW0U CHx6u bMhFI lF8gH
HOuAL HOuAL
9tf0w 9tf0w
xKTIz xKTIz
E6pda E6pda
e7SjH BIY9X DuU0x 2LhKB
8x5TS H1xt8
iimZq iimZq
6owsT 6owsT
OWqP4 OWqP4
VESmp VESmp
1gvq4 lJnz7 1gvq4
GxQg8 GxQg8
rH3nx rH3nx
AwFdf AwFdf kNG2j
fExZu v7hOX fExZu
ox9Gx ox9Gx
69WZh wedr3 zrVPv mdIe6 69WZh
R6NzB 5EAEu R6NzB DmTRc iHR3J 2GCiD 4jcrD
ZKvNM EgumV fWz4T
TzGS5 TzGS5
Ia6ul Ia6ul
eVDVP eVDVP
Agb0E Agb0E WVEjT VG4na
b9v0q SEkfX
jesVt jesVt
4AhmX 4AhmX
93R2m cu5FB
aegld aegld
O8CwF O8CwF TlJnt
aWuHk aWuHk
Lusir Lusir
ED9em ED9em
5h4rt 5h4rt
RN9nS RN9nS
