location46 location41 location36 location34 location20 location14 location38 location43 location44 location60 location44 location45 location46 location47 location48 location49 location50 location42 location37 location35 location21 location15 location9 location1 location2 location3 location4 location5 location11 location12 location18 location19 location13 location7 location13 location19 location26 location30 location33 location30 location26 location25 location24 location28 location50 location51 location52 location51 location50 location58 location66 location86 location88 location86 location66 location67 location68 location69 location70 location71 location72 location73 location75 location76 location81 location80 location79 location80 location81 location82 location83 location84 location85 location87 location86 location65 location64 location63 location62 location61 location46
34
location41 location41
location14 location14
location38 location38
location44 location39
location45 location40
location48 location48
location49 location49
location37 location37
location15 location15
location3 location3
location4 location4
location5 location5 location6
location11 location10 location11 location17
location18 location18
location13 location13
location7 location7
location26 location26
location30 location29 location30
location33 location33
location25 location25
location24 location22 location24
location51 location57
location52 location55
location88 location88 location89 location90
location70 location70
location72 location72 location74
location73 location73
location76 location77
location80 location80
location79 location78 location79
location87 location87
location64 location64
location63 location63
location62 location62
