location1 location2 location130 location129 location128 location131 location128 location125 location67 location66 location179 location66 location69 location76 location7 location10 location108 location10 location3 location26 location29 location32 location33 location60 location57 location58 location55 location83 location84 location85 location88 location91 location94 location91 location88 location87 location171 location168 location169 location71 location74 location73 location118 location73 location43 location42 location45 location48 location51 location19 location22 location21 location20 location137 location140 location143 location146 location147 location150 location153 location152 location155 location152 location151 location49 location52 location55 location116 location113 location110 location107 location104 location101 location1
58
location1 location1
location2 location5
location130 location127 location133
location129 location123 location129 location135
location131 location131
location125 location125
location67 location67
location66 location63 location65
location179 location173 location175 location179
location69 location69
location76 location75 location77 location79
location7 location7
location10 location9 location11 location13
location108 location105 location109 location111
location3 location3
location26 location23 location25 location27
location29 location29
location32 location31 location35
location33 location33
location60 location59 location61
location57 location57
location58 location99
location55 location55
location83 location83
location84 location81
location85 location85
location88 location89
location91 location91
location94 location93 location95 location97
location87 location87
location171 location171
location168 location165 location167
location169 location15 location163 location169
location71 location71
location74 location37
location73 location73
location118 location115 location117 location119 location121
location43 location43
location42 location39 location41
location45 location45 location47
location51 location51 location177
location19 location19
location21 location21
location20 location17
location137 location137
location140 location139 location141
location143 location143
location146 location145 location149
location147 location147
location153 location153 location157 location159
location155 location155 location161
location151 location151
location49 location49
location52 location53
location113 location113
location107 location107
location104 location103
location101 location101
