Abbey Kiley Carlie Ingrid Meredith Alena Zaria Araceli Priyanka Crystal Laylah Maggie Sophie Taniyah Elianna Emma Alivia Madilynn Mira Sophia Ariel Lillie Kenzie Zara Lindsay Abbey Lucille Neveah Kayden Abbey
28
Abbey Abbey Arielle Aryana Ashley Aubree Camilla Carly Denisse Jasmin Kristin Lainey Matilda Nia Zion
Kiley Alexia Alexus Chasity Jillian Jimena Juliette Kiley Lilyana
Carlie Brooklyn Carlie Christine Imani Kimberly
Ingrid Ciara Emilie Gillian Haven Ingrid Janiya Jazmyn Keyla Leila Mireya Noelle Shyanne
Meredith Aniya Diana Mckinley Rylee
Alena Carlee Dayami Kaydence Kira Tara
Zaria Jaden Myah Natalee Parker Riley Sharon Zaria
Araceli Dana
Priyanka Carleigh Kristina Lacey
Crystal Lilia Melina
Laylah Kiana Laylah
Maggie Jamiya Maggie
Sophie Bryanna Sophie
Taniyah Kaley Taniyah
Elianna Elianna
Emma Emma
Alivia Alivia Avni Mckayla
Madilynn Claire Madilynn
Mira Alia Mira Mya
Sophia Baylee Sophia
Ariel Ariel
Lillie Iyana
Kenzie Kenzie
Zara Jade Zara
Lindsay Lindsay
Lucille Lucille
Neveah Neveah
Kayden Kayden
