Ilesa Foshan Milledgeville Meizhou Perth Lodwar Hermsdorf Oberhausen Hermsdorf Polohy Aistala GernikaLumo Perth Valday Puducherry Zeist Malden Aurora MitryMory Ponta Bensheim Kyzylorda Bensheim Ilesa
20
Ilesa Ilesa
Foshan Foshan American Sirsi
Milledgeville Milledgeville Memmingen Puerto Tupelo
Meizhou Meizhou
Perth Perth Davis Azrou UlanUde New Great Tyoply Resplendor Mouscron Tak Talipparamba Shaowu Chacabuco Jashpurnagar Brzeg Toledo Villaquilambre Niort Clermont
Lodwar Lodwar
Hermsdorf Hermsdorf LonsleSaunier Aleshtar Sceaux Sillanwali Skalica
Oberhausen Oberhausen
Polohy Calauan Uran Polohy Mexborough Alfenas Bavly WaltonontheNaze
Aistala Sishui Tharu Ada Bon Yingkou Rutland Bobigny DehiwalaMount PortVila Palafrugell
GernikaLumo GernikaLumo
Valday Valday Palm Tupiza
Puducherry Puducherry Barracas
Zeist Jagna Marburg Brunswick Dahlem Itacoatiara Valletta Ramla Sorsogon Shagamu Stupino
Malden Malden Alexandria Rhosllanerchrugog Landshut Stuttgart Viewpark
Aurora Aurora
MitryMory MitryMory Tiruppuvanam Onex Jiangyan Claremont Milagro Bogovinje Guli Copperas Paredes Magomeni
Ponta Ponta
Bensheim Bensheim Ventimiglia Lille Oulmes Campobasso Gariadhar Aklera Zaozhuang An Bang PointeClaire
Kyzylorda Kyzylorda
