108 30 121 30 7 51 47 133 31 38 107 157 46 9 89 44 13 79 36 8 61 17 67 120 138 171 112 126 63 49 170 128 155 186 134 192 152 182 148 117 191 100 27 165 181 114 142 41 74 65 176 156 184 113 136 0 103 154 185 45 188 174 5 90 96 90 37 53 82 189 193 196 84 183 146 78 160 83 140 43 130 178 34 48 6 23 129 77 105 195 95 68 50 110 75 1 91 108
69
108 69
121 121
7 7
51 101
47 66
133 133
31 31
38 38 190
107 107
157 15 157
46 32 46
44 44
13 13
79 79
36 36
61 61
17 17
67 67
120 120
138 138
126 126
63 63
49 49 109
170 54 170
128 128
186 186
134 134
182 99 182
148 148
117 24 117
191 118
100 100
181 28 181
114 114
142 142
65 65
176 176
156 167 187
184 184
136 136
45 26 45
188 14 35 144 153 188
174 19 81 174
5 5
96 57 96
37 37 64 143
53 53
82 71 82
189 56 151 177
193 11 39 73
196 92 137 197
84 84
146 146
78 78
83 83
140 140
43 43
130 130
34 34
48 48
23 23
129 129
77 77
95 95
68 68 85
50 179
110 110
75 75 150
1 1
