create appear contract absorption tin transmission integrated battery direct pupil linear colon line dose skip top predict magnitude ballot bracket crew basketball perception community nationalism community seller childish merit create
26
appear appear feign
contract contract
absorption absorption
tin tin
transmission transmission
battery concern battery
direct exotic direct
pupil farewell deck pupil
linear linear maze
colon colon mechanism cancel
line prove line
dose dose
skip adult skip
top top scrap
predict think suffer predict steward
magnitude magnitude fuss
ballot ballot accessible
bracket pastel creation bracket breakin pride
crew crew
basketball basketball minimize celebration
perception perception
community community
nationalism nationalism
seller belief
childish company childish
merit hide merit
