pride berry scrap seller celebration partnership celebration mechanism tribe accessible basketball mechanism top create line adult transaction denial suspect camp concern whole linear trance absorption dilemma dedicate deter contract ceiling valid desk offensive dose childish integrated ballot makeup magnitude huge cancel appear notorious transmission notorious present formation witness car dramatic leash pride
47
pride pride feign thank rabbit
berry berry
scrap scrap predict mind
seller skip steward seller
celebration celebration loud
partnership nationalism pupil partnership equinox
mechanism mechanism traction
tribe tribe
accessible accessible domestic
basketball basketball bring
top top
create direct maze create
line think suffer line gift
adult adult magnetic
transaction battery vote transaction
denial shelter denial
suspect creation
camp tin
concern concern
whole whole work
linear linear minimize salmon
trance snap trance
absorption farewell absorption
dilemma dilemma
dedicate dedicate
deter deter
contract belief exotic contract craftsman
ceiling company
valid deck colon valid
desk desk dialect
offensive fortune offensive
dose merit dose
childish childish
integrated integrated mosaic
ballot ballot bracket breakin fuss thread
makeup makeup
magnitude hide magnitude
huge pastel wrong huge
cancel crew perception cancel knit east
appear appear prove homosexual
notorious glide
transmission transmission
present present inhibition
formation formation
car car
dramatic community dramatic lobby
leash leash
