location4 location88 location62 location26 location74 location17 location47 location6 location34 location56 location13 location37 location0 location43 location70 location69 location66 location78 location89 location3 location55 location2 location85 location83 location44 location54 location92 location36 location11 location60 location1 location98 location15 location79 location99 location42 location94 location4
34
location4 location4
location88 location88
location62 location62
location26 location16 location23
location74 location74
location47 location47
location6 location6
location34 location24 location34
location56 location56
location13 location13
location37 location37
location0 location0
location43 location43
location70 location70
location69 location69 location86
location66 location66
location78 location78
location89 location89
location3 location3 location81
location55 location55
location2 location2
location85 location57 location85
location83 location53 location83
location44 location44
location54 location54
location36 location36
location11 location11
location60 location50 location60 location91
location1 location1 location76
location98 location68 location98
location15 location15 location93
location79 location77 location79
location99 location28 location38 location99
location94 location61 location94 location95
