location4 location20 location164 location53 location57 location40 location92 location74 location199 location103 location12 location182 location80 location119 location116 location193 location54 location29 location75 location129 location33 location14 location5 location64 location133 location152 location51 location139 location189 location99 location108 location160 location154 location9 location126 location87 location128 location67 location143 location168 location70 location15 location82 location101 location110 location31 location25 location176 location177 location68 location100 location0 location132 location10 location11 location134 location181 location135 location115 location190 location41 location124 location36 location97 location62 location185 location56 location149 location18 location24 location195 location71 location1 location197 location130 location178 location84 location171 location83 location72 location141 location113 location65 location60 location48 location17 location194 location93 location158 location175 location147 location125 location117 location155 location188 location174 location122 location50 location96 location4
70
location20 location20
location57 location57 location163
location40 location40
location92 location92
location74 location21 location74 location107
location12 location140 location165
location80 location80 location183
location119 location119
location116 location116
location193 location193
location54 location54
location29 location29
location129 location129
location33 location33 location49
location14 location14
location5 location5
location64 location64
location133 location133 location144
location152 location152 location157
location51 location51
location189 location189
location99 location2 location99
location108 location108
location160 location160
location128 location128 location136
location143 location143
location168 location168
location70 location70
location15 location15 location43 location120 location170
location101 location101
location110 location110
location31 location31 location148
location25 location25
location177 location177
location68 location16 location68 location102
location100 location100 location192
location0 location0
location132 location132
location11 location11
location181 location146 location181
location135 location135
location115 location115
location190 location186 location190
location41 location41
location124 location124
location62 location62
location185 location156 location185
location56 location56
location18 location18
location24 location24 location191
location71 location71 location169
location1 location1
location84 location84
location171 location171
location83 location83
location72 location37 location72 location159
location141 location23 location141
location113 location6 location113
location60 location60
location48 location48
location93 location55 location93
location158 location19 location63 location158
location147 location147
location125 location125
location117 location117
location155 location155
location188 location188
location122 location122
location50 location50
location96 location96 location127
