1 64 1 114 117 114 1 6 8 6 1 10 11 10 1 56 59 56 1 60 61 60 1 68 69 68 1 106 109 106 1 160 161 160 1 2 5 4 2 1 83 82 95 82 1 118 121 118 1 168 170 168 1 26 27 28 27 26 1 126 127 128 129 130 129 146 147 146 129 128 127 126 1 176 177 178 177 176 1 22 24 22 1 72 74 72 1 172 174 172 1 50 51 52 53 52 51 50 1 100 101 102 103 102 101 100 1 150 151 152 153 152 151 150 1
39
1 15 16 17 19 20 21 78 80 111 112 113 123 124 125 157 158 159 165 166 167
64 65 66 67
114 115 116
117 117
6 7 9
8 8
10 12 13
11 11
56 57 58
59 59
60 62 63
61 61
69 69 70 71
106 107 108
109 109
160 162 163
161 161
5 3 5
4 4
118 119
121 120 121
168 169
170 170 171
28 28 30
128 128
130 130
178 178 180
22 23
24 24 25
72 73
74 74 75
172 173
174 174 175
52 55
53 53 54
102 105
103 103 104
152 155
153 153 154
