3a 23a 57a 94a 73a 5a 1a 43a 41a 22a 101a 30a 67a 39a 35a 24a 88a 24a 35a 25a 14a 34a 13a 99a 2a 16a 38a 16a 42a 20a 52a 103a 72a 61a 84a 29a 79a 75a 49a 92a 49a 80a 51a 0a 59a 95a 3a
36
23a 23a 64a
57a 28a 57a
94a 4a
73a 47a 56a 73a
5a 5a 93a
1a 1a 62a 71a
43a 43a
41a 32a 41a
22a 22a 77a
101a 65a
30a 30a
67a 58a 67a
39a 39a 60a
35a 35a 44a
88a 15a 21a 87a 88a
25a 25a
14a 14a
34a 34a 66a
13a 31a
99a 99a
16a 16a
38a 7a 38a
42a 42a
52a 52a
72a 72a
61a 40a 61a 83a
84a 37a 84a
29a 29a 96a
79a 79a
75a 75a
49a 49a 98a
92a 6a 92a
80a 9a 53a 80a
51a 51a
0a 0a
59a 48a
