loc0 loc12 loc150 loc161 loc18 loc80 loc15 loc72 loc177 loc158 loc117 loc78 loc147 loc168 loc51 loc168 loc59 loc168 loc152 loc36 loc160 loc174 loc198 loc104 loc90 loc163 loc144 loc48 loc45 loc30 loc132 loc66 loc156 loc116 loc99 loc92 loc111 loc28 loc126 loc0
34
loc0 loc0
loc12 loc12
loc150 loc102 loc146 loc150
loc18 loc14 loc18 loc52 loc100 loc108 loc172 loc178 loc192
loc80 loc80
loc15 loc96 loc112 loc184
loc72 loc54 loc72 loc140
loc177 loc64 loc86 loc94 loc142
loc158 loc158
loc117 loc82 loc122 loc136 loc154 loc194
loc78 loc22 loc26 loc34 loc78 loc186
loc147 loc8 loc84 loc166 loc176 loc188
loc168 loc42 loc70 loc118 loc168
loc51 loc40 loc76 loc110 loc130
loc152 loc88 loc114 loc138 loc152
loc36 loc36 loc68 loc196
loc160 loc160
loc174 loc24 loc56 loc174 loc190
loc198 loc44 loc198
loc104 loc104
loc90 loc90 loc134 loc170
loc144 loc20 loc32 loc144
loc48 loc10 loc48 loc50 loc106 loc148
loc45 loc6 loc164 loc182
loc30 loc30 loc46 loc162 loc180
loc132 loc2 loc38 loc62 loc74 loc124 loc132
loc66 loc66 loc120
loc156 loc156
loc116 loc116
loc99 loc58
loc92 loc92
loc111 loc16
loc28 loc28 loc60 loc98
loc126 loc4 loc126 loc128
