Soda building5 building32 building68 building32 building5 building34 building5 building36 building5 Soda building3 building22 building58 building22 building3 building24 building60 building24 building3 building23 building3 Soda building2 building18 building54 building18 building2 building15 building51 building15 building2 building14 building2 Soda building1 building9 building45 building9 building1 building11 building47 building11 building1 building12 building1 building8 building1 building7 building43 building7 building1 building10 building1 Soda building6 building40 building6 building37 building6 building38 building74 building38 building6 building39 building6 building42 building78 building42 building6 Soda building4 building30 building66 building30 building4 building25 building4 building26 building4 building27 building4 building29 building65 building29 building4 building28 building64 building28 building4 Soda
43
building5 building31 building33 building35 building67 building69 building71
building32 building32
building68 building68
building34 building34 building70
building36 building36 building72
building3 building19 building20 building21 building55 building56 building57
building22 building22
building58 building58
building24 building24
building60 building60
building23 building23 building59
building2 building13 building16 building17 building49 building52 building53
building18 building18
building54 building54
building15 building15
building51 building51
building14 building14 building50
building9 building9
building45 building45
building11 building11
building47 building47
building12 building12 building48
building8 building8 building44
building7 building7
building43 building43
building10 building10 building46
building6 building41 building77
building40 building40 building76
building37 building37 building73
building38 building38
building74 building74
building39 building39 building75
building42 building42
building78 building78
building30 building30
building66 building66
building25 building25 building61
building26 building26 building62
building27 building27 building63
building29 building29
building65 building65
building28 building28
building64 building64
