0 10 21 22 23 24 14 5 15 26 16 17 8 9 18 29 39 38 37 47 56 67 76 86 95 85 84 73 72 82 81 80 81 82 83 93 104 113 123 132 122 121 130 140 150 161 171 182 172 163 153 144 134 125 115 116 126 135 146 155 166 165 164 165 175 186 187 188 189 178 168 158 149 138 128 117 108 98 88 77 67 56 46 45 44 43 32 22 11 1 0
66
10 20
21 21 31
22 12 22
23 33
24 24
14 4
5 5
15 15
26 26
16 16
17 17
8 8
9 9
18 18
29 29
39 39
38 48
37 37
67 67 68
76 76 87
86 86 96
95 94 95 105
73 64 73
72 51 61 71 72
82 82 101 102
81 70 81
80 80
83 83
93 103
104 104 114
123 123 133
132 132
122 111 122
121 120
130 130
140 140
150 150 151 160
161 161
171 181
182 182 183 184
163 152
153 153 154
125 125
116 107 116 127
146 146 147
155 155
166 166 167 176
165 165
164 164
175 175
186 186 196
187 187
188 188 198
189 189 199
178 178
158 158
149 139 149
138 129
128 118
108 108
98 89 98 99
77 77
45 45
44 53
43 42 43
11 2
