0 95 73 27 36 44 50 35 69 65 13 53 101 49 93 82 42 34 56 80 6 75 39 81 77 8 85 68 33 61 72 12 87 96 22 26 16 28 57 25 9 30 24 63 0
43
0 0 79
95 20 43 95
73 5 45 59 73
27 2 27
36 36 51 84 99
44 32 44
50 50
35 35 47 76
69 69
65 65
13 13 70 92
53 21 53 89
49 49
93 7 38 88 93
82 4 82
42 18 42 46 97
34 34 37 58 67
56 56
80 1 80
6 6
75 29 75
39 15 17 39 40
81 71 81
77 77
8 8 52
85 66 85
68 60 68
33 33
61 14 41 48 54 61 64 98
72 62 72
12 12
87 86 87 90
96 55 91 94 96
22 22 74
26 3 26 78
16 16
28 28
57 10 31 57
25 25
9 9 11
30 23 30
24 19 24 83
63 63
