start c6 c5 c3 start h1 h8 h9 h10 h11 h12 h13 h14 h15 h16 h17 h25 h24 h23 h4 start g3 g4 start g8 g12 g15 g19 g14 g19 g23 g19 g24 g21 g16 g12 g9 start f11 f12 f4 f12 f13 f14 f8 f17 f15 f16 f15 f7 f14 f9 f18 f19 f18 f9 f14 f13 f14 start a3 a4 a5 start c3 c8 c11 c20 c36 c35 c31 c27 c29 c30 c23 c21 c20 c11 c12 c10 c13 c15 c14 c10 c9 c8 c3 start e7 e9 e11 e10 e22 e8 e7 start c3 c1 c3 start e1 e19 e2 e20 e3 start h6 h18 h6 start h2 h26 h2 start e3 e4 e21 e4 e6 e18 e25 e15 e17 start b16 b10 b11 b3 b11 b12 b13 b14 b13 b12 b11 b10 b9 b8 b7 b1 b7 b8 b2 b8 b9 b10 b16 b17 b18 b19 b20 b21 b25 b21 b20 b19 b18 b23 b27 b26 b27 b23 b18 b17 b16 start d1 d2 d4 d3 start
61
start g2 g5 g6 a1 a2
c5 c5
h9 h9
h13 h13
h17 h17
h24 h24
h4 h22
g3 g3
g4 g1 g4
g8 g8 g10
g12 g12
g15 g11 g15 g20
g19 g19
g14 g14
g23 g18 g23
g24 g24
g21 g17 g21 g22 g25
g16 g13 g16
g9 g7 g9
f11 f11
f12 f12
f13 f13
f14 f14
f17 f17
f15 f15
f16 f16
f18 f18
f19 f19 f20
a3 a3
a4 a4
a5 a5
c20 c17
c31 c31 c33
c27 c26 c27
c23 c23
c21 c21
c10 c10
c13 c13
c15 c15
e10 e23
e22 e22
c1 c1
e19 e19
e20 e20
h18 h18
h26 h26
e21 e21
e25 e25
e15 e24
b3 b3
b12 b4
b13 b5
b14 b6
b1 b1
b2 b2
b20 b24
b21 b15
b25 b25
b26 b26
d1 d1
d4 d4 d5
