BU DL FN HI CW FI AH GZ DW FL FU EO BZ HM HP EF GK BN CK FD CL FD CV CA CO CA AV EW EV EA EV FS GH DU GA FG GA CF CQ DT EY DR EY GQ EK FO EL FO BA EQ GM AT BB AT HA FY DE GO EG HC CI AJ CK GJ CK AB CZ CE GR EH HR BE HJ BE AP CT DL DV FF BU
61
BU BU
DL DL
FN FN
HI BM BW HG
CW CW GY
FI BK FI GS
AH BY
DW DD DP EN
FL DM FL
FU FU
EO EO
BZ AN BZ
HM HM
HP DK HP
GK GK
BN BN CR GE
CK AY CK
FD FD
CL BF BH
CV CV
CA CA CY HF
CO CO
AV AV
EW DQ
EV EV HH
EA GP
FS EC FS
GH GH
DU DU ES GT
GA DI GA
FG FG
CQ CQ DZ
DT DT
EY EY
DR DR
GQ GQ
EK EK
EL EL
BA BA
EQ AR CX EQ
GM GM
AT AT CM FP
HA ET HA
FY AF FY
DE AQ DE FB FW
GO DX GO
EG CD EG
HC HC
CI CI CS
AJ ER
GJ DS
CZ CZ
CE AE BQ GN
GR BG DJ FR
EH AX EH
BE BE
HJ HJ
AP AP
CT CT
DV DV
FF FF
