Zo0umr3KFWOZJQPm M9il2j2XBWeGdURv LjKfvPnu1IVb9d8E Plb766RuoiNfkOGW Of6XUqufA1wxpnuj TEBcdk0AQd6dKevH qKKAwpkuJY9E8dpl R43sDxzHzrO5kncN 8vLm5GS8pptr9y8t 6Gt5ffOE5tOJA8A7 1r13Qnmq9ixI97Qj uN0YmlR4YKMmyTVh FzSHaHADmN7Zbhbr gqX9V4QU6KrO7JGI MxcmtGZ6qJUnGaxB LUoJ0iRCc71uZfNX Uw31N0oW965MP4qr nPVdEshNZOOx6qGx u7i0C02E9nMoZ6Ab xLhGn69fZWxkF2ME nkKMB647tDItOdTX quCqGzaCZ5rVk9Gn U5CEflgpFptgqHUL SLuZYQ4lYwLMQuMp pKGVzMiXVo3v1oQu fg0WyZdFGAAZWRqK PDtM7hU3L1QjW9eR uRc2j178KRm3sVAY Dg4uIWuVD7Xd3FfI EotYPttMvJbBfyaO 2yhNJ9fcTz8hRVDj CvZWFxoaMZYhwHYj drsNw5E8nXGgcxxE HqZKcXPbTIsIN6eT 3PEg9lFbqEimkqjc 0Pfip4BXzoRzyFv2 1yeDQmwUGYi8LEVC W4POX5YqpnnI3x1U jVrty3u6KGOjBg80 5TjXpBJuIWCWGZis LI7uFZ34s97AeNpk fBCH5yXHMW5jQJjk eRAtRmExinGYKjYs uuhviI1p7F0sChqp 1bDI0W7o3Pb2zYhB uuhviI1p7F0sChqp eRAtRmExinGYKjYs 9dVIdmIqrww8IL0A QSabhET5tNnXgX60 asqla05DvWvndrgH K5TJWlCDC2GiIJEC asqla05DvWvndrgH xlWntBwCLfHgHam8 e9DWnoEu0mxMb9VK ZsdU4FLz0FoJAHOC tZ46uZudk7AfSXt1 9L0zlmq9jRh6nd1I qQzEeIfIOpoI9qKk tZ46uZudk7AfSXt1 J5iqQt6wukvg6KLY 9pH9xdreYrmVM1JI WVwd9ExLXa3zphJn RnvIh4TOetAfG82E ziJdi0Y4mj4TIJZ9 bpy0VAq3GZuO2R8U HAZt9xslXTTIQrh6 bpy0VAq3GZuO2R8U WVwd9ExLXa3zphJn 9pH9xdreYrmVM1JI J5iqQt6wukvg6KLY qeVT6FbNKHRizFU8 tZ46uZudk7AfSXt1 ZsdU4FLz0FoJAHOC KHBd51v9Lk79JoNu z6aHWvfWV1YcOU3s LI7uFZ34s97AeNpk 8pFqGmxaOhvFeBf4 kWAnmn2xV4T8moWO PmJZCdR41rbLgXgi pKGVzMiXVo3v1oQu EuY7nNg1nWHDnCBx 0BNdm9hpaqd4q3Tx SLuZYQ4lYwLMQuMp 6La4alyyQSzgrmmj U5CEflgpFptgqHUL quCqGzaCZ5rVk9Gn nkKMB647tDItOdTX YpZJ50mXHPeALpEr 1Eq6CyZRaHXkARva MxcmtGZ6qJUnGaxB gqX9V4QU6KrO7JGI 8vLm5GS8pptr9y8t Zo0umr3KFWOZJQPm
43
fg0WyZdFGAAZWRqK fg0WyZdFGAAZWRqK
PDtM7hU3L1QjW9eR PDtM7hU3L1QjW9eR
uRc2j178KRm3sVAY uRc2j178KRm3sVAY
Dg4uIWuVD7Xd3FfI Dg4uIWuVD7Xd3FfI
EotYPttMvJbBfyaO EotYPttMvJbBfyaO
2yhNJ9fcTz8hRVDj 2yhNJ9fcTz8hRVDj
CvZWFxoaMZYhwHYj CvZWFxoaMZYhwHYj
drsNw5E8nXGgcxxE 2hsCdf5s2NPqItPy drsNw5E8nXGgcxxE
HqZKcXPbTIsIN6eT HqZKcXPbTIsIN6eT
3PEg9lFbqEimkqjc 3SYpu8y7n2lFaEgA 3PEg9lFbqEimkqjc
0Pfip4BXzoRzyFv2 0Pfip4BXzoRzyFv2
1yeDQmwUGYi8LEVC LdwRPFzBNqStC5X8 1yeDQmwUGYi8LEVC
W4POX5YqpnnI3x1U W4POX5YqpnnI3x1U Byr8ftz6Pn4uac3K
jVrty3u6KGOjBg80 Gypke7sesv6WDuj9 jVrty3u6KGOjBg80
5TjXpBJuIWCWGZis 5TjXpBJuIWCWGZis
LI7uFZ34s97AeNpk LI7uFZ34s97AeNpk
fBCH5yXHMW5jQJjk fBCH5yXHMW5jQJjk
eRAtRmExinGYKjYs eRAtRmExinGYKjYs
uuhviI1p7F0sChqp uuhviI1p7F0sChqp
1bDI0W7o3Pb2zYhB 1bDI0W7o3Pb2zYhB
9dVIdmIqrww8IL0A 9dVIdmIqrww8IL0A
QSabhET5tNnXgX60 QSabhET5tNnXgX60
asqla05DvWvndrgH asqla05DvWvndrgH
K5TJWlCDC2GiIJEC K5TJWlCDC2GiIJEC
xlWntBwCLfHgHam8 xlWntBwCLfHgHam8
e9DWnoEu0mxMb9VK e9DWnoEu0mxMb9VK
ZsdU4FLz0FoJAHOC ZsdU4FLz0FoJAHOC
tZ46uZudk7AfSXt1 tZ46uZudk7AfSXt1
9L0zlmq9jRh6nd1I 9L0zlmq9jRh6nd1I
qQzEeIfIOpoI9qKk qQzEeIfIOpoI9qKk
J5iqQt6wukvg6KLY J5iqQt6wukvg6KLY rvadWwbDVrEOdUmt
9pH9xdreYrmVM1JI 9pH9xdreYrmVM1JI
WVwd9ExLXa3zphJn WVwd9ExLXa3zphJn
RnvIh4TOetAfG82E RnvIh4TOetAfG82E
ziJdi0Y4mj4TIJZ9 ziJdi0Y4mj4TIJZ9 OMjRZA0G6vbBxKd5
bpy0VAq3GZuO2R8U bpy0VAq3GZuO2R8U
HAZt9xslXTTIQrh6 HAZt9xslXTTIQrh6
qeVT6FbNKHRizFU8 qeVT6FbNKHRizFU8
KHBd51v9Lk79JoNu KHBd51v9Lk79JoNu
z6aHWvfWV1YcOU3s z6aHWvfWV1YcOU3s
8pFqGmxaOhvFeBf4 8pFqGmxaOhvFeBf4
kWAnmn2xV4T8moWO kWAnmn2xV4T8moWO
PmJZCdR41rbLgXgi PmJZCdR41rbLgXgi
