Zjo93yXsdcDV6Oit XePd6S3LslDFdMfx lPPSVl2pbI8yFIu7 hUodt8EH9XJmymZc 5gVgbSJalKNpCPGR UZSiMvKda5EcJ9hm YlcO1JeEppwz4eg7 mxfBTsbr179d38Xl dhHQUqzQAf17QtlS e9vcyjNNidNUI5lw csYok6RDEEUhtSFo XxpoDiTW03kVmIFK Yp0NUpVecdudihTb 8Kka2UWih5IQ1cpb B5jkVyVn3f7O2An6 tdEnQcfBy667BmIr L25OgxwPsOzFiHDa w2eQINfJGzFmJVSa SXePDE8VmWVNc3gI AzbeVJsoSmTMPZLM 2jauppFGbaMwTDI2 FpgNaPpArWgevKg6 jBnrdVZITnwrbrWj FpgNaPpArWgevKg6 7exc1QixP81F0w95 W3Q2QtUAtGMzTlOK lWi5N9iGPSdFbw4x At29Qn6ybXGjj4BZ HzeL7kqwHpJiFrZV ZpYXkDvB4yWlBwtb YwKbp1yTO34FUrbo tE0AXQQBQImVJ6nW rMEOjNfv3pDpt2MI tE0AXQQBQImVJ6nW ODpK9gk17jDT3Sp2 ksuRDz3lVhXKZaYK PNqsQWIcQ5cFHA0e YNtoOknTE8z40fFU yZq8BYkssUcfIKn0 oheo0bgdJ9E5AaZ3 ZetpQpaBiR0HxxTA 7rCQ85ozq5ueBf3n sbSIdAF67MT22Zr9 DtNMJrqE8gQwtB9A Qekd7ffZxAXDfLzq 1UXSQQmGAB5bOsgu CXs92joGuF2B74ma P5s4K3vn5D6QckKy CXs92joGuF2B74ma 7umkRD4mdERwQl2t XRg1za6FD52J6r5T IXSaZ3tByNZthkqV 3nUfHHB7quaxw3FP wPFBAldpZF3WcEqd dtyOV6qcOqKFtIlH 6Hb2AkYl2iXZkxwX OzkTPNRXrshRdmSk 6Hb2AkYl2iXZkxwX M9il2j2XBWeGdURv dBEYMpdveobbOa64 Plb766RuoiNfkOGW dBEYMpdveobbOa64 ZASkL5Mxwr8cbBFG TEBcdk0AQd6dKevH pi9Gjwqb8nw39ALT m8Rn3gh3HBuT9R8d R43sDxzHzrO5kncN 8vLm5GS8pptr9y8t 6Gt5ffOE5tOJA8A7 uN0YmlR4YKMmyTVh FzSHaHADmN7Zbhbr 8ae7BICLTSRkgPWv yILnNjtdKS6kD3NP 6GsK7I0daq8OZxaS LUoJ0iRCc71uZfNX nPVdEshNZOOx6qGx StSocpbFeWB0czP8 1Eq6CyZRaHXkARva LsIlvCjQu9Xqre9U u7i0C02E9nMoZ6Ab YHVvi99ucaU9tYgf nkKMB647tDItOdTX LZyPcj0slZv1Vk6U ngcwhTcmwXuonGlk quCqGzaCZ5rVk9Gn U5CEflgpFptgqHUL 6La4alyyQSzgrmmj TbM88DujEo9BSxqT 0rKC7Chib5iDGjTC SLuZYQ4lYwLMQuMp 0BNdm9hpaqd4q3Tx EuY7nNg1nWHDnCBx uRc2j178KRm3sVAY PDtM7hU3L1QjW9eR Dg4uIWuVD7Xd3FfI CvZWFxoaMZYhwHYj drsNw5E8nXGgcxxE 3PEg9lFbqEimkqjc 0Pfip4BXzoRzyFv2 1yeDQmwUGYi8LEVC LdwRPFzBNqStC5X8 Byr8ftz6Pn4uac3K LdwRPFzBNqStC5X8 W4POX5YqpnnI3x1U jVrty3u6KGOjBg80 8pFqGmxaOhvFeBf4 fBCH5yXHMW5jQJjk eRAtRmExinGYKjYs uuhviI1p7F0sChqp z6aHWvfWV1YcOU3s QSabhET5tNnXgX60 asqla05DvWvndrgH KHBd51v9Lk79JoNu tZ46uZudk7AfSXt1 qeVT6FbNKHRizFU8 rvadWwbDVrEOdUmt J5iqQt6wukvg6KLY WVwd9ExLXa3zphJn OMjRZA0G6vbBxKd5 ziJdi0Y4mj4TIJZ9 OMjRZA0G6vbBxKd5 WVwd9ExLXa3zphJn J5iqQt6wukvg6KLY rvadWwbDVrEOdUmt qeVT6FbNKHRizFU8 tZ46uZudk7AfSXt1 qQzEeIfIOpoI9qKk ZsdU4FLz0FoJAHOC e9DWnoEu0mxMb9VK KHBd51v9Lk79JoNu K5TJWlCDC2GiIJEC eRAtRmExinGYKjYs 3SYpu8y7n2lFaEgA 2hsCdf5s2NPqItPy PDtM7hU3L1QjW9eR fg0WyZdFGAAZWRqK EuY7nNg1nWHDnCBx 27KMNaF72cTW0PDA AvHIDL41dbfeNksW YHVvi99ucaU9tYgf xLhGn69fZWxkF2ME gqX9V4QU6KrO7JGI FzSHaHADmN7Zbhbr 1r13Qnmq9ixI97Qj JTnpCiiBDFzgRSXg dtyOV6qcOqKFtIlH wPFBAldpZF3WcEqd vkQjvHsBMR7mOnyN rz2oBnI3oNG0KAjO P5s4K3vn5D6QckKy DtNMJrqE8gQwtB9A qu8g8cZOs78HG0ai L8YwLXG3oEB0uuzk 51L9NWAsddRNCbso yZq8BYkssUcfIKn0 c0cA6NRQN8P1fJLx ksuRDz3lVhXKZaYK ODpK9gk17jDT3Sp2 ZpYXkDvB4yWlBwtb HzeL7kqwHpJiFrZV At29Qn6ybXGjj4BZ W3Q2QtUAtGMzTlOK 7exc1QixP81F0w95 76LXShiCO3Y9oZs0 B5jkVyVn3f7O2An6 8Kka2UWih5IQ1cpb bZ4oSCeSEaCTIVyZ sas60VSUYjFu8PHB dhHQUqzQAf17QtlS tQutySsTV1RolOTN Zjo93yXsdcDV6Oit
72
M9il2j2XBWeGdURv LjKfvPnu1IVb9d8E M9il2j2XBWeGdURv Zo0umr3KFWOZJQPm
dBEYMpdveobbOa64 dBEYMpdveobbOa64
Plb766RuoiNfkOGW Plb766RuoiNfkOGW
ZASkL5Mxwr8cbBFG ZASkL5Mxwr8cbBFG
TEBcdk0AQd6dKevH Of6XUqufA1wxpnuj TEBcdk0AQd6dKevH
pi9Gjwqb8nw39ALT pi9Gjwqb8nw39ALT
m8Rn3gh3HBuT9R8d qKKAwpkuJY9E8dpl m8Rn3gh3HBuT9R8d
R43sDxzHzrO5kncN kmMzOIvorXbmvHXw R43sDxzHzrO5kncN
8vLm5GS8pptr9y8t 8vLm5GS8pptr9y8t
6Gt5ffOE5tOJA8A7 6Gt5ffOE5tOJA8A7
uN0YmlR4YKMmyTVh uN0YmlR4YKMmyTVh
FzSHaHADmN7Zbhbr FzSHaHADmN7Zbhbr
8ae7BICLTSRkgPWv 3th5kfdmmYoxH6sF 8ae7BICLTSRkgPWv
yILnNjtdKS6kD3NP yILnNjtdKS6kD3NP
6GsK7I0daq8OZxaS Uw31N0oW965MP4qr 6GsK7I0daq8OZxaS
LUoJ0iRCc71uZfNX LUoJ0iRCc71uZfNX
nPVdEshNZOOx6qGx nPVdEshNZOOx6qGx
StSocpbFeWB0czP8 StSocpbFeWB0czP8
1Eq6CyZRaHXkARva 1Eq6CyZRaHXkARva
LsIlvCjQu9Xqre9U YpZJ50mXHPeALpEr LsIlvCjQu9Xqre9U
u7i0C02E9nMoZ6Ab u7i0C02E9nMoZ6Ab
YHVvi99ucaU9tYgf YHVvi99ucaU9tYgf
nkKMB647tDItOdTX 2v7uFoKD90sPVOTA nkKMB647tDItOdTX
LZyPcj0slZv1Vk6U LZyPcj0slZv1Vk6U
ngcwhTcmwXuonGlk ngcwhTcmwXuonGlk
quCqGzaCZ5rVk9Gn quCqGzaCZ5rVk9Gn
U5CEflgpFptgqHUL U5CEflgpFptgqHUL
6La4alyyQSzgrmmj 6La4alyyQSzgrmmj
TbM88DujEo9BSxqT TbM88DujEo9BSxqT
0rKC7Chib5iDGjTC 0rKC7Chib5iDGjTC
SLuZYQ4lYwLMQuMp SLuZYQ4lYwLMQuMp
0BNdm9hpaqd4q3Tx 0BNdm9hpaqd4q3Tx
EuY7nNg1nWHDnCBx pKGVzMiXVo3v1oQu EuY7nNg1nWHDnCBx 1ByTcIJH8XabOIWu
uRc2j178KRm3sVAY uRc2j178KRm3sVAY
PDtM7hU3L1QjW9eR PDtM7hU3L1QjW9eR
Dg4uIWuVD7Xd3FfI PmJZCdR41rbLgXgi EotYPttMvJbBfyaO Dg4uIWuVD7Xd3FfI
CvZWFxoaMZYhwHYj CvZWFxoaMZYhwHYj
drsNw5E8nXGgcxxE HqZKcXPbTIsIN6eT drsNw5E8nXGgcxxE 2yhNJ9fcTz8hRVDj
3PEg9lFbqEimkqjc 3PEg9lFbqEimkqjc
0Pfip4BXzoRzyFv2 kWAnmn2xV4T8moWO 0Pfip4BXzoRzyFv2
1yeDQmwUGYi8LEVC 1yeDQmwUGYi8LEVC
LdwRPFzBNqStC5X8 LdwRPFzBNqStC5X8
Byr8ftz6Pn4uac3K Byr8ftz6Pn4uac3K
W4POX5YqpnnI3x1U W4POX5YqpnnI3x1U
jVrty3u6KGOjBg80 jVrty3u6KGOjBg80
8pFqGmxaOhvFeBf4 8pFqGmxaOhvFeBf4 Gypke7sesv6WDuj9
fBCH5yXHMW5jQJjk fBCH5yXHMW5jQJjk 5TjXpBJuIWCWGZis
eRAtRmExinGYKjYs eRAtRmExinGYKjYs LI7uFZ34s97AeNpk
uuhviI1p7F0sChqp uuhviI1p7F0sChqp
z6aHWvfWV1YcOU3s 9dVIdmIqrww8IL0A z6aHWvfWV1YcOU3s
QSabhET5tNnXgX60 QSabhET5tNnXgX60 1bDI0W7o3Pb2zYhB
asqla05DvWvndrgH asqla05DvWvndrgH
KHBd51v9Lk79JoNu KHBd51v9Lk79JoNu xlWntBwCLfHgHam8
tZ46uZudk7AfSXt1 9L0zlmq9jRh6nd1I tZ46uZudk7AfSXt1
qeVT6FbNKHRizFU8 qeVT6FbNKHRizFU8
rvadWwbDVrEOdUmt rvadWwbDVrEOdUmt
J5iqQt6wukvg6KLY J5iqQt6wukvg6KLY
WVwd9ExLXa3zphJn RnvIh4TOetAfG82E WVwd9ExLXa3zphJn 9pH9xdreYrmVM1JI
OMjRZA0G6vbBxKd5 OMjRZA0G6vbBxKd5
ziJdi0Y4mj4TIJZ9 HAZt9xslXTTIQrh6 bpy0VAq3GZuO2R8U ziJdi0Y4mj4TIJZ9
qQzEeIfIOpoI9qKk qQzEeIfIOpoI9qKk
ZsdU4FLz0FoJAHOC ZsdU4FLz0FoJAHOC
e9DWnoEu0mxMb9VK e9DWnoEu0mxMb9VK
K5TJWlCDC2GiIJEC K5TJWlCDC2GiIJEC
3SYpu8y7n2lFaEgA 3SYpu8y7n2lFaEgA
2hsCdf5s2NPqItPy 2hsCdf5s2NPqItPy
fg0WyZdFGAAZWRqK fg0WyZdFGAAZWRqK
27KMNaF72cTW0PDA 27KMNaF72cTW0PDA
AvHIDL41dbfeNksW AvHIDL41dbfeNksW
xLhGn69fZWxkF2ME xLhGn69fZWxkF2ME
gqX9V4QU6KrO7JGI MxcmtGZ6qJUnGaxB gqX9V4QU6KrO7JGI
1r13Qnmq9ixI97Qj 1r13Qnmq9ixI97Qj
