l0 h3 h83 h1 h0 h92 h46 l3 h23 h22 l66 l78 l11 h28 h17 l14 h29 l45 h14 l45 h16 l62 l21 h43 h13 h12 h65 h88 h64 h82 l97 h60 l97 h4 h53 h52 l26 h10 h21 l10 h94 l59 h66 h55 h54 h55 l29 h81 l42 h59 l41 h93 h90 h39 l60 h98 h79 l34 h31 h69 l2 l6 h97 l57 l13 l31 h87 h40 l88 h8 l72 l53 h17 h80 h76 h45 h51 l95 h44 h47 l12 h2 h3 l0
59
h3 h3 h91
h83 h83 h89
h1 h1
h0 h0
h92 h24 h92
h46 h46
l3 h6 h84
h23 h23 h77
h22 h22
h28 h28
h17 h17
h29 h7 h29
l45 h70
h14 h14 h71
h16 h15 h16 h85
h43 h43
h13 h13
h12 h12
h65 h65 h99
h88 h19 h42 h88
h64 h11 h64 h86
h82 h82
l97 h61
h60 h60
h4 h4 h5 h18
h53 h53
h52 h52
h10 h10 h20
h21 h21
h94 h56 h57 h94
l59 h38 h75
h66 h66 h72
h55 h55
h54 h54 h67 h96
h81 h25 h73 h81
h59 h59
h93 h93
h90 h90
h39 h39
l60 h34
h98 h49 h98
h79 h32 h33 h35 h68 h79
h31 h31 h48 h78
h69 h30 h69
h97 h97
l31 h26 h63
h87 h41 h87
h40 h9 h37 h40
l88 h36 h95
h8 h8
l72 h27 h62
h80 h50 h80
h76 h76
h45 h45
h51 h51
h44 h44
h47 h47
l12 h58
h2 h2 h74
