vBhpoFdJZxyttIlfaf7D 37APL8dpwT5Ds5AIG0t4 d6xeP6xeDJ3O2jY8D4pB 9B0w6Ahn3NsugfNn6veD rkMvLqMMN5Aq3onq5XeZ XYk0VV4ujV55qqS8YiHV 535WuquKiicRqEyzCI3d WwLzOfqcc3FIzub2jh8R qkrT0EYt8AHuefFD25g1 XWHR07Y6kfSBbEuD62PN tUVqKo1E6AibIE6zShkv uUumBfQJDh6S0d06Kb78 R6ZzYYWqarkWldqbKDab 7PoxePhwnlLvMilKVpER RRlYwTFLYqL48JIMSAmC DybFcuyeWxt51LawzVvs 6PPTzNGrNxrgfdvm8cwZ jTdja1e2hUhydiExPlJM 8mLI4Cl8exxeLw5eLCvi wHEcyeduhdH7p3Lr1PtC fp9JaV5iTp8QxXwwkR68 oFNlFPub6zLirsQwo0fu W1jWYYdH0atiKtbaVDRT n2Cqtp5v2DuwGX7LhuzE cs6LkMYfySGYUzb8VLcc zs7X4IJgeJEM8iqAbvF3 JEGgKJfdY8owvwdYhKMk j0gfpSkQuY2aCnSASDK5 qM7lEl3z2COceXw7x0EC iki3BohF22ET0rMPxXQ5 d6xeP6xeDJ3O2jY8D4pB nB1RHSnvjX4nG0Tch5En 8Le4AI986fwHZXPoOMK1 InZnvPu8h9zAoLCNj2in fHfopcx4v3MKBN0TMn7s XX8iZd9Mw56dkKCstFAC vBhpoFdJZxyttIlfaf7D
33
37APL8dpwT5Ds5AIG0t4 37APL8dpwT5Ds5AIG0t4
d6xeP6xeDJ3O2jY8D4pB EHYUZOt1fTtm7KJue8on mv3tFPDoT2NlrLp24T9l d6xeP6xeDJ3O2jY8D4pB rMd1TXBMCuFfO59jF1Tq vLwJebpyApE3MPksc9OW
9B0w6Ahn3NsugfNn6veD 9B0w6Ahn3NsugfNn6veD J00g7hlLLSWTXvTYK9v2
rkMvLqMMN5Aq3onq5XeZ rkMvLqMMN5Aq3onq5XeZ
XYk0VV4ujV55qqS8YiHV XYk0VV4ujV55qqS8YiHV
535WuquKiicRqEyzCI3d 535WuquKiicRqEyzCI3d
WwLzOfqcc3FIzub2jh8R R7crXexksQ4TN5zY2ck3 WwLzOfqcc3FIzub2jh8R
qkrT0EYt8AHuefFD25g1 MiPSEwVMn3bbGh4tbRTf qkrT0EYt8AHuefFD25g1
XWHR07Y6kfSBbEuD62PN XWHR07Y6kfSBbEuD62PN
tUVqKo1E6AibIE6zShkv 6koX1rNvAwrB84m39eQv tUVqKo1E6AibIE6zShkv
uUumBfQJDh6S0d06Kb78 uUumBfQJDh6S0d06Kb78
R6ZzYYWqarkWldqbKDab WN0Nl06Zx9w6LYUHMZam R6ZzYYWqarkWldqbKDab
7PoxePhwnlLvMilKVpER 4ilNvg3IkxoJuvkwqYsS 7PoxePhwnlLvMilKVpER
RRlYwTFLYqL48JIMSAmC RRlYwTFLYqL48JIMSAmC
DybFcuyeWxt51LawzVvs eKaPpzrMwOPxNzeoOSFH DybFcuyeWxt51LawzVvs
6PPTzNGrNxrgfdvm8cwZ 6PPTzNGrNxrgfdvm8cwZ 17OoKHzumyPaqfjSSc7S
jTdja1e2hUhydiExPlJM jTdja1e2hUhydiExPlJM
8mLI4Cl8exxeLw5eLCvi 8mLI4Cl8exxeLw5eLCvi
wHEcyeduhdH7p3Lr1PtC ohy3S5QXymEhh63dMBQE wHEcyeduhdH7p3Lr1PtC
fp9JaV5iTp8QxXwwkR68 fp9JaV5iTp8QxXwwkR68
oFNlFPub6zLirsQwo0fu oFNlFPub6zLirsQwo0fu 2LthmnS3Cdd5FBfY5GQ9
W1jWYYdH0atiKtbaVDRT W1jWYYdH0atiKtbaVDRT
n2Cqtp5v2DuwGX7LhuzE n2Cqtp5v2DuwGX7LhuzE
cs6LkMYfySGYUzb8VLcc cs6LkMYfySGYUzb8VLcc
zs7X4IJgeJEM8iqAbvF3 XBxLd5K0m0Gtk5fTL45q RpMJGAvULIBCQ0RI369s zs7X4IJgeJEM8iqAbvF3
JEGgKJfdY8owvwdYhKMk JEGgKJfdY8owvwdYhKMk
qM7lEl3z2COceXw7x0EC qM7lEl3z2COceXw7x0EC
iki3BohF22ET0rMPxXQ5 iki3BohF22ET0rMPxXQ5
nB1RHSnvjX4nG0Tch5En nB1RHSnvjX4nG0Tch5En
8Le4AI986fwHZXPoOMK1 8Le4AI986fwHZXPoOMK1
InZnvPu8h9zAoLCNj2in InZnvPu8h9zAoLCNj2in NAqhSs9OpS9XtIaJtTCD
fHfopcx4v3MKBN0TMn7s fHfopcx4v3MKBN0TMn7s
XX8iZd9Mw56dkKCstFAC XX8iZd9Mw56dkKCstFAC
