Mf966TmCJF9l0PTKetVd dOWv4G57nxm9UArCvQlq tH0lbMmdJDVlC4Pr7uAb Mf966TmCJF9l0PTKetVd QZIvvAQe1weWyQjLrGi1 GfTqQpqjWivAFXbCN2BL Xltsv4pWecfDbEIf7wIT RrBlUMzlEzdRa5S1pyiF zDq8bGYKiSYw3c53IWfw ZQab4dDWTHUWkDUJqBSO aH2XDl7CjGFhEP3bbYjH JfzkldRR1w0Y52KBg47D Crbc9OlCoJ9dTIJXXsjb kk9hnZxxBFZfHSf7jyEB JfWSVxbK8iOEPzK7FV9x 1aGCWVuyE8DRxIV204ZW TmdW4dU59umpgT9XX8G3 eA2uctxdjBuXDZUrmUHy JWE9kJZ3fUSBbRtkVScl YrtjNlKZcZnAXu7owFPA kGhQ3uDjcFA7MLP7UF4W OyOgefgJfgx6VwEfudZn a6uUA0TEdnZwD1b73O9r y3cL4LyhfEAlU1Jj1Xj6 e2usEAoRX2qu6mneHOxg iRg3oRlKsAtLuOm5tUrC KKiBHd9DTQAd6AZYxlK3 Xucw5TdPOzp0SQGWHjkE ZDA7k1XMUYTsnmCfuUtR HKK5Jm9eHd0V7gvBWuw9 VqBuOSJBVqxMG4rldwQn pMRS1IvCw1ndT7Ffg1bE NvfSRypj4POoHWC3jDz3 KCy3uvDFe4h3kwRgxFiX PLyQF48YPXs4LxxIxWHM OGxA8YvD4WfIxOfmtWm4 0O3lDJvzYSiuZNzHimQX BCVfaQnOCgLubJ23r8nF XfWllIgv9lA6ZwGuKvLt km12BN3CByUGmRV2tX7b ZPAxEbVjKWTr0cDqLbA0 byF5FvS6RJUrgCsP3o6T wtlCpdxHbUUmSY7DnD2u Q4jkxyPtGKis0eXik3Gg AjMqEYKq0eELwsiEhQNE cAkwFDH7tSQkP40ewGcD CHHJQHxp9VQGraviPBS2 bBJ5TDHtVrSIxXmQJ63J Hpniux0SkkA6CliHWNDc rzYdrZxXnbXlOjFVWVaR flliQzyn5hSC8yLOMyYJ trOoQ3enuOI8GUJqwAMC MgfIiwMElh8mtTDc3OTG pUShkBWCgx4vSxXmfOcy IwnN6xRahpjWnxZTYR2F Y5ZKsuPbCDUQp5LjPNey R87rV3jFUvYuE0RN4Z4a UvtGaTsTes8Gs4gE8ya3 Mf966TmCJF9l0PTKetVd
51
Mf966TmCJF9l0PTKetVd aU4DeG46NC8vRU6N0ahg
dOWv4G57nxm9UArCvQlq dOWv4G57nxm9UArCvQlq
tH0lbMmdJDVlC4Pr7uAb 56ePYTmTGzdOHfvnLEPd tH0lbMmdJDVlC4Pr7uAb
QZIvvAQe1weWyQjLrGi1 QZIvvAQe1weWyQjLrGi1 4mRiy2s23Ljl4N4CqEav Ad4iMaOuAofXNjJzNKWl
GfTqQpqjWivAFXbCN2BL GfTqQpqjWivAFXbCN2BL
RrBlUMzlEzdRa5S1pyiF czjPVxJvSz9DoMc0Y7Vv BcvYB1mubFuRTbgMUsXg RrBlUMzlEzdRa5S1pyiF ul7ierPjffkmvfh4Ylme
zDq8bGYKiSYw3c53IWfw zDq8bGYKiSYw3c53IWfw
aH2XDl7CjGFhEP3bbYjH NtZncVsU7O40k1BXousH wyZ3Q4gHyaxpdYdezyjU aH2XDl7CjGFhEP3bbYjH
JfzkldRR1w0Y52KBg47D JfzkldRR1w0Y52KBg47D CLNCAWQgYnzuvt7RChAf
Crbc9OlCoJ9dTIJXXsjb Crbc9OlCoJ9dTIJXXsjb
JfWSVxbK8iOEPzK7FV9x JfWSVxbK8iOEPzK7FV9x
1aGCWVuyE8DRxIV204ZW 4CVQrsejmjPmVL7elf2w 1aGCWVuyE8DRxIV204ZW
TmdW4dU59umpgT9XX8G3 p6bp9pYgtaGo4Q50DQAM TmdW4dU59umpgT9XX8G3
eA2uctxdjBuXDZUrmUHy eA2uctxdjBuXDZUrmUHy
JWE9kJZ3fUSBbRtkVScl JWE9kJZ3fUSBbRtkVScl
YrtjNlKZcZnAXu7owFPA YrtjNlKZcZnAXu7owFPA
kGhQ3uDjcFA7MLP7UF4W TkZ4LHIfwKap48xdp8m2 kGhQ3uDjcFA7MLP7UF4W
OyOgefgJfgx6VwEfudZn mGfIqoDGGajPXw9RvY8S OyOgefgJfgx6VwEfudZn
a6uUA0TEdnZwD1b73O9r VaRx19QfIOvUT5pZyulj 7ArLVA3N0doHBQAlCDtl a6uUA0TEdnZwD1b73O9r
y3cL4LyhfEAlU1Jj1Xj6 W1IcDWCQWwTCriXsjtm4 y3cL4LyhfEAlU1Jj1Xj6
e2usEAoRX2qu6mneHOxg QMmklR1fA1rnjMsU1WMc e2usEAoRX2qu6mneHOxg HhITLZSwERe6osGRUBXt
iRg3oRlKsAtLuOm5tUrC bLojQFXmB5k6r0zKTWYe S0PhmGw8tyUPzxvRSE5R iRg3oRlKsAtLuOm5tUrC
KKiBHd9DTQAd6AZYxlK3 KKiBHd9DTQAd6AZYxlK3
Xucw5TdPOzp0SQGWHjkE Xucw5TdPOzp0SQGWHjkE WZxeHszJ2ShfYgJs53YV
ZDA7k1XMUYTsnmCfuUtR ZDA7k1XMUYTsnmCfuUtR wNmo9den9k6ySqzO7o0M
HKK5Jm9eHd0V7gvBWuw9 HKK5Jm9eHd0V7gvBWuw9 b2icxuMf1zEyF7ImMEzE
VqBuOSJBVqxMG4rldwQn VqBuOSJBVqxMG4rldwQn
NvfSRypj4POoHWC3jDz3 NvfSRypj4POoHWC3jDz3 WQlZty1AKP9gLfjz0EYW pxBA1Tii62WPeRWcccVp
KCy3uvDFe4h3kwRgxFiX KCy3uvDFe4h3kwRgxFiX
PLyQF48YPXs4LxxIxWHM lrLgTYF7nIsDkEYlxuHz 1crXui4lUlMG7IuTFiXo PLyQF48YPXs4LxxIxWHM
OGxA8YvD4WfIxOfmtWm4 OGxA8YvD4WfIxOfmtWm4 jAzyDyaN1mD5Ei1RjCiO BLgd9OLqnPIJY5LCIxDK
0O3lDJvzYSiuZNzHimQX 0O3lDJvzYSiuZNzHimQX
BCVfaQnOCgLubJ23r8nF BCVfaQnOCgLubJ23r8nF
XfWllIgv9lA6ZwGuKvLt 7c4FoaFf1TJetsLZUEok XfWllIgv9lA6ZwGuKvLt
km12BN3CByUGmRV2tX7b km12BN3CByUGmRV2tX7b acwLCbshqBQuYbTzAPRI 4mdSIFCsq2HySOzm2H4M
ZPAxEbVjKWTr0cDqLbA0 ZPAxEbVjKWTr0cDqLbA0
byF5FvS6RJUrgCsP3o6T byF5FvS6RJUrgCsP3o6T Yw0z9L8p6xIk7hgYCgVd
wtlCpdxHbUUmSY7DnD2u wtlCpdxHbUUmSY7DnD2u
Q4jkxyPtGKis0eXik3Gg u4VGAkqq00Jhej3knMJI TBEGhhvsdStRJh2Eqkyf 2bMCdMiNzTpm8a2kNe9G Q4jkxyPtGKis0eXik3Gg
AjMqEYKq0eELwsiEhQNE AjMqEYKq0eELwsiEhQNE
cAkwFDH7tSQkP40ewGcD CxdADQl1Lh5mGQMAravk cAkwFDH7tSQkP40ewGcD
CHHJQHxp9VQGraviPBS2 CHHJQHxp9VQGraviPBS2
bBJ5TDHtVrSIxXmQJ63J fsCdklolnC3ndvzFtyM3 1wZce3qjltyIzzlL1Zfw bBJ5TDHtVrSIxXmQJ63J sSdPSXUotKahf03SRnBn
Hpniux0SkkA6CliHWNDc Hpniux0SkkA6CliHWNDc
rzYdrZxXnbXlOjFVWVaR rzYdrZxXnbXlOjFVWVaR
flliQzyn5hSC8yLOMyYJ flliQzyn5hSC8yLOMyYJ
trOoQ3enuOI8GUJqwAMC trOoQ3enuOI8GUJqwAMC GzkbHop7cJv0CvjQalTE
IwnN6xRahpjWnxZTYR2F IwnN6xRahpjWnxZTYR2F ydEppVwK15UN0USyP00U
Y5ZKsuPbCDUQp5LjPNey Y5ZKsuPbCDUQp5LjPNey 3Yod5nNtIcKNmTtNQ3xH Ic20PkDM6xxefUTvJEIQ 5ebtvAsyAh8vEmm1Z3wm
R87rV3jFUvYuE0RN4Z4a R87rV3jFUvYuE0RN4Z4a N7mkTpLI9Mgh0txBOflw kVdbGuYm0jD2q8vsLFHY
UvtGaTsTes8Gs4gE8ya3 SQhK0n9L9aixdJxvdeKd UvtGaTsTes8Gs4gE8ya3 jZUUy27kZ3z2uIv0PGPy
