L0 L168 L124 L19 L152 L76 L177 L82 L26 L82 L65 L66 L13 L159 L109 L196 L195 L112 L64 L141 L118 L130 L143 L142 L143 L131 L160 L128 L92 L58 L12 L147 L165 L164 L39 L30 L0
34
L0 L33 L53 L73 L116 L145 L176
L168 L24 L81 L95 L168
L124 L75 L123
L19 L48 L127 L194
L152 L152
L76 L41 L61 L157
L177 L177 L197
L82 L31 L82
L26 L23 L26 L119
L65 L65 L144
L66 L27 L96 L188
L13 L13 L14 L97 L149
L159 L20 L29 L98
L109 L18 L50 L69 L74 L109
L196 L1 L54 L113 L196
L195 L8
L112 L60 L112 L121 L192
L64 L7 L47 L59 L64 L104
L141 L141
L118 L55 L62 L102 L118 L163
L130 L106 L130
L143 L143
L142 L2 L142 L175
L131 L46 L107
L160 L160
L128 L49 L57 L139
L92 L77 L94 L178
L58 L58 L125 L132
L12 L12 L80 L110
L147 L84 L146 L147
L165 L10 L165
L164 L164 L199
L39 L38 L39 L52 L135 L138 L153
L30 L3 L30 L68
