loc0 loc1 loc11 loc5 loc9 loc10 loc26 loc30 loc31 loc32 loc28 loc29 loc23 loc21 loc22 loc50 loc58 loc61 loc62 loc63 loc36 loc40 loc43 loc47 loc66 loc68 loc71 loc77 loc76 loc82 loc80 loc93 loc94 loc98 loc99 loc87 loc91 loc0
30
loc11 loc13 loc14 loc16 loc17
loc5 loc6 loc7
loc9 loc9
loc10 loc10
loc31 loc31
loc32 loc32
loc28 loc28
loc29 loc29
loc23 loc24 loc25
loc21 loc21
loc22 loc22
loc50 loc52 loc53 loc55 loc56
loc58 loc59 loc60
loc62 loc62
loc63 loc63
loc36 loc37 loc38
loc40 loc40 loc41
loc43 loc44 loc45
loc47 loc47 loc48
loc68 loc69 loc70
loc71 loc72 loc73
loc77 loc77
loc76 loc76
loc82 loc83 loc84
loc80 loc80 loc81
loc94 loc95 loc96
loc98 loc98
loc99 loc99
loc87 loc88 loc89
loc91 loc91 loc92
