loc0 loc1 loc65 loc66 loc67 loc68 loc75 loc76 loc79 loc83 loc85 loc86 loc89 loc91 loc95 loc97 loc98 loc106 loc107 loc108 loc109 loc110 loc101 loc102 loc104 loc105 loc114 loc116 loc117 loc120 loc125 loc123 loc124 loc3 loc12 loc13 loc17 loc18 loc9 loc8 loc21 loc25 loc26 loc28 loc31 loc34 loc50 loc52 loc62 loc56 loc61 loc37 loc41 loc42 loc45 loc48 loc146 loc143 loc142 loc134 loc137 loc138 loc155 loc159 loc160 loc161 loc157 loc166 loc164 loc165 loc193 loc190 loc189 loc172 loc175 loc182 loc180 loc181 loc0
63
loc68 loc70 loc71 loc73 loc74
loc76 loc77 loc78
loc79 loc80 loc81
loc83 loc88
loc85 loc85
loc86 loc86
loc89 loc89
loc91 loc92 loc93
loc95 loc95 loc96
loc108 loc108
loc109 loc109
loc110 loc111 loc112
loc101 loc101
loc102 loc102
loc104 loc104
loc105 loc105
loc114 loc119
loc116 loc116
loc117 loc117
loc120 loc120
loc125 loc126 loc127
loc123 loc123
loc124 loc124
loc13 loc14 loc15
loc17 loc17
loc18 loc18
loc9 loc10 loc11
loc8 loc7 loc8
loc21 loc22 loc23
loc25 loc25
loc26 loc26
loc28 loc29 loc30
loc31 loc32 loc33
loc52 loc53 loc54
loc62 loc63 loc64
loc56 loc56 loc57
loc61 loc60 loc61
loc37 loc38 loc39
loc41 loc41
loc42 loc42
loc45 loc45 loc46
loc48 loc48 loc49
loc146 loc149 loc150 loc152 loc153
loc143 loc144 loc145
loc142 loc141 loc142
loc134 loc134 loc135
loc137 loc137
loc138 loc138
loc155 loc158
loc160 loc160
loc161 loc161
loc157 loc157
loc166 loc167 loc168
loc164 loc164
loc165 loc165
loc193 loc195 loc196 loc198 loc199
loc190 loc191 loc192
loc189 loc188 loc189
loc172 loc173 loc174
loc175 loc176 loc177
loc182 loc183 loc184
loc180 loc180
loc181 loc181
