point0 point46 point42 point7 point9 point5 point14 point26 point28 point26 point27 point24 point27 point76 point77 point81 point75 point66 point68 point70 point67 point70 point63 point62 point65 point61 point55 point84 point0
20
point46 point48 point50
point42 point12 point42 point44 point45 point47 point56
point7 point6 point7 point19
point9 point4 point8 point9 point35
point5 point5
point14 point14 point22
point26 point26
point28 point28
point27 point25 point27
point24 point24
point76 point76
point77 point77
point75 point75
point68 point68
point70 point70
point67 point72
point65 point64 point65 point71
point61 point58 point60 point61 point93
point55 point53 point55
point84 point84 point85 point92
