point0 point50 point51 point50 point49 point59 point56 point111 point101 point102 point107 point102 point108 point148 point144 point162 point163 point8 point11 point10 point11 point5 point15 point20 point18 point14 point21 point22 point3 point22 point34 point36 point42 point45 point39 point40 point17 point72 point76 point83 point74 point82 point85 point89 point120 point132 point135 point181 point183 point189 point168 point185 point190 point123 point124 point83 point80 point109 point67 point68 point70 point0
45
point0 point54 point69
point50 point52 point55
point51 point51
point49 point49
point56 point56
point111 point110 point111 point112 point113 point115
point102 point102
point107 point100 point103
point108 point108
point148 point148 point151
point144 point144 point149 point152 point153 point157
point162 point158 point162
point163 point155 point160 point163
point11 point11
point10 point1 point10
point5 point5
point15 point6 point13 point15
point18 point18
point21 point21
point3 point3 point16
point34 point27 point30 point31 point33 point34
point36 point29
point42 point42
point39 point39 point43
point40 point38 point40 point41
point17 point17
point72 point72
point76 point73 point75 point76 point78 point79 point94
point83 point83 point122
point82 point86 point134
point85 point85
point89 point87 point89 point91
point120 point120
point132 point132 point138
point135 point131 point135 point139 point180
point183 point183
point189 point179
point168 point172 point177
point185 point184 point185
point190 point187
point123 point123 point126
point124 point124
point80 point119
point109 point109
point67 point67
