55 101 182 89 149 168 36 14 118 177 45 16 189 25 48 63 48 33 137 159 59 29 119 1 114 28 172 8 76 134 27 170 160 30 15 122 42 181 146 90 60 85 75 86 80 154 188 102 88 140 166 58 163 184 153 184 65 143 77 143 74 175 109 3 41 49 55
53
101 101
182 57 182
89 11 20 131 185
149 149 171
168 168
36 36
14 17
118 81 118
177 162 173 177
45 12 45 151
16 16
189 71 189
48 48 91 115
63 63 106
33 33 83 186
137 111 137
159 159
59 59
29 29 158
119 119 152
114 114
172 172
8 8 9 53 54
76 67 76
134 32 116 134
27 27
170 105 170
160 160
30 30 126
15 13 15 113 135
122 61 122 179
42 40 42 62
181 181
146 146
90 56 90
85 85
86 86
80 80
188 188
88 26 88
140 43 66 140
166 166
58 58 133
163 163
184 184
153 78 153
77 77
74 74 107
175 175
109 97 109
3 148
41 41
49 49 150
