x182 x119 x45 x127 x170 x115 x170 x125 x72 x147 x93 x50 x9 x146 x196 x69 x14 x77 x71 x138 x10 x143 x100 x101 x159 x164 x21 x17 x143 x64 x155 x0 x192 x177 x142 x177 x70 x52 x80 x31 x191 x133 x25 x62 x198 x126 x15 x59 x195 x11 x182
42
x182 x182
x119 x23 x119 x151
x45 x45 x189
x127 x8 x27 x49 x56 x58 x79 x83 x86 x98 x127
x170 x7 x42
x115 x66 x104
x125 x125
x72 x72
x147 x84 x147
x93 x2 x74
x50 x3 x50
x9 x18 x19 x95 x136
x146 x53 x128 x146
x196 x30 x92
x69 x69 x194
x14 x14 x94
x77 x77 x166
x71 x20 x46 x61 x71 x107 x184
x138 x26 x43 x138 x141
x10 x10
x143 x143
x100 x99 x100 x153
x159 x159
x164 x164
x21 x21 x76 x113 x114 x118 x172
x17 x17
x64 x48 x64 x88 x106 x137 x156
x155 x102 x155
x0 x109 x163
x192 x192
x177 x116 x177
x70 x55 x139 x185
x52 x87 x161 x179
x80 x80
x31 x6 x31
x133 x133
x25 x25
x198 x198
x15 x15
x59 x32 x59 x82 x183 x186
x195 x4
x11 x11
